0 verbose cli C:\Program Files\nodejs\node.exe C:\Users\HP\AppData\Roaming\npm\node_modules\npm\bin\npm-cli.js
1 info using npm@10.8.2
2 info using node@v21.6.1
3 silly config load:file:C:\Users\HP\AppData\Roaming\npm\node_modules\npm\npmrc
4 silly config load:file:c:\Users\HP\Desktop\port\codewonders\.npmrc
5 silly config load:file:C:\Users\HP\.npmrc
6 silly config load:file:C:\Users\HP\AppData\Roaming\npm\etc\npmrc
7 verbose title npm view eslint-plugin-react-hooks description dist-tags.latest homepage version time
8 verbose argv "view" "--json" "--" "eslint-plugin-react-hooks" "description" "dist-tags.latest" "homepage" "version" "time"
9 verbose logfile logs-max:10 dir:c:\Users\HP\Desktop\port\codewonders\clean\_logs\2024-08-27T19_29_36_063Z-
10 verbose logfile c:\Users\HP\Desktop\port\codewonders\clean\_logs\2024-08-27T19_29_36_063Z-debug-0.log
11 silly logfile start cleaning logs, removing 3 files
12 silly logfile done cleaning log files
13 http fetch GET 200 https://registry.npmjs.org/eslint-plugin-react-hooks 14791ms (cache miss)
14 verbose cwd c:\Users\HP\Desktop\port\codewonders
15 verbose os Windows_NT 10.0.19045
16 verbose node v21.6.1
17 verbose npm  v10.8.2
18 verbose exit 0
19 info ok
