0 verbose cli C:\Program Files\nodejs\node.exe C:\Program Files\nodejs\node_modules\npm\bin\npm-cli.js
1 info using npm@10.2.4
2 info using node@v21.6.1
3 timing npm:load:whichnode Completed in 21ms
4 timing config:load:defaults Completed in 14ms
5 timing config:load:file:C:\Program Files\nodejs\node_modules\npm\npmrc Completed in 35ms
6 timing config:load:builtin Completed in 36ms
7 timing config:load:cli Completed in 16ms
8 timing config:load:env Completed in 2ms
9 timing config:load:project Completed in 10ms
10 timing config:load:file:C:\Users\HP\.npmrc Completed in 3ms
11 timing config:load:user Completed in 3ms
12 timing config:load:file:C:\Users\HP\AppData\Roaming\npm\etc\npmrc Completed in 1ms
13 timing config:load:global Completed in 3ms
14 timing config:load:setEnvs Completed in 18ms
15 timing config:load Completed in 103ms
16 timing npm:load:configload Completed in 104ms
17 timing config:load:flatten Completed in 30ms
18 timing npm:load:mkdirpcache Completed in 1ms
19 timing npm:load:mkdirplogs Completed in 0ms
20 verbose title npm prefix
21 verbose argv "prefix" "--global"
22 timing npm:load:setTitle Completed in 2ms
23 timing npm:load:display Completed in 8ms
24 verbose logfile logs-max:10 dir:c:\Users\HP\Desktop\port\codewonders\clean\_logs\2024-08-27T19_29_34_778Z-
25 verbose logfile c:\Users\HP\Desktop\port\codewonders\clean\_logs\2024-08-27T19_29_34_778Z-debug-0.log
26 timing npm:load:logFile Completed in 72ms
27 timing npm:load:timers Completed in 1ms
28 timing npm:load:configScope Completed in 0ms
29 timing npm:load Completed in 440ms
30 timing command:prefix Completed in 16ms
31 verbose exit 0
32 timing npm Completed in 971ms
33 info ok
