0 verbose cli C:\Program Files\nodejs\node.exe C:\Users\HP\AppData\Roaming\npm\node_modules\npm\bin\npm-cli.js
1 info using npm@10.8.2
2 info using node@v21.6.1
3 silly config load:file:C:\Users\HP\AppData\Roaming\npm\node_modules\npm\npmrc
4 silly config load:file:C:\Users\HP\Desktop\norah\.npmrc
5 silly config load:file:C:\Users\HP\.npmrc
6 silly config load:file:C:\Users\HP\AppData\Roaming\npm\etc\npmrc
7 verbose title npm install emailjs-com
8 verbose argv "install" "emailjs-com"
9 verbose logfile logs-max:10 dir:C:\Users\HP\Desktop\norah\clean\_logs\2024-10-07T18_27_39_804Z-
10 verbose logfile C:\Users\HP\Desktop\norah\clean\_logs\2024-10-07T18_27_39_804Z-debug-0.log
11 silly packumentCache heap:2197815296 maxSize:549453824 maxEntrySize:274726912
12 silly logfile start cleaning logs, removing 2 files
13 silly logfile done cleaning log files
14 silly idealTree buildDeps
15 silly fetch manifest emailjs-com@*
16 silly packumentCache full:https://registry.npmjs.org/emailjs-com cache-miss
17 http fetch GET 200 https://registry.npmjs.org/emailjs-com 2136ms (cache miss)
18 silly packumentCache full:https://registry.npmjs.org/emailjs-com set size:undefined disposed:false
19 silly placeDep ROOT emailjs-com@3.2.0 OK for: codewonders@1.5.0 want: *
20 silly fetch manifest ajv@>=8
21 silly packumentCache full:https://registry.npmjs.org/ajv cache-miss
22 http fetch GET 200 https://registry.npmjs.org/ajv 262ms (cache revalidated)
23 silly packumentCache full:https://registry.npmjs.org/ajv set size:1126072 disposed:false
24 silly placeDep ROOT ajv@8.17.1 REPLACE for: @apideck/better-ajv-errors@0.3.6 want: >=8
25 silly fetch manifest fast-uri@^3.0.1
26 silly packumentCache full:https://registry.npmjs.org/fast-uri cache-miss
27 silly fetch manifest json-schema-traverse@^1.0.0
28 silly packumentCache full:https://registry.npmjs.org/json-schema-traverse cache-miss
29 http fetch GET 200 https://registry.npmjs.org/json-schema-traverse 199ms (cache revalidated)
30 silly packumentCache full:https://registry.npmjs.org/json-schema-traverse set size:23537 disposed:false
31 http fetch GET 200 https://registry.npmjs.org/fast-uri 1761ms (cache updated)
32 silly packumentCache full:https://registry.npmjs.org/fast-uri set size:undefined disposed:false
33 silly placeDep ROOT fast-uri@3.0.2 OK for: ajv@8.17.1 want: ^3.0.1
34 silly placeDep ROOT json-schema-traverse@1.0.0 OK for: ajv@8.17.1 want: ^1.0.0
35 silly fetch manifest webpack@>=2
36 silly packumentCache full:https://registry.npmjs.org/webpack cache-miss
37 http fetch GET 200 https://registry.npmjs.org/webpack 951ms (cache updated)
38 silly packumentCache full:https://registry.npmjs.org/webpack set size:undefined disposed:false
39 silly placeDep ROOT webpack@5.95.0 OK for: babel-loader@8.3.0 want: >=2
40 silly fetch manifest @types/estree@^1.0.5
41 silly packumentCache full:https://registry.npmjs.org/@types%2festree cache-miss
42 silly fetch manifest @webassemblyjs/ast@^1.12.1
43 silly packumentCache full:https://registry.npmjs.org/@webassemblyjs%2fast cache-miss
44 silly fetch manifest @webassemblyjs/wasm-edit@^1.12.1
45 silly packumentCache full:https://registry.npmjs.org/@webassemblyjs%2fwasm-edit cache-miss
46 http fetch GET 200 https://registry.npmjs.org/@webassemblyjs%2fwasm-edit 551ms (cache revalidated)
47 silly packumentCache full:https://registry.npmjs.org/@webassemblyjs%2fwasm-edit set size:197148 disposed:false
48 silly fetch manifest @webassemblyjs/wasm-parser@^1.12.1
49 silly packumentCache full:https://registry.npmjs.org/@webassemblyjs%2fwasm-parser cache-miss
50 http fetch GET 200 https://registry.npmjs.org/@webassemblyjs%2fast 739ms (cache revalidated)
51 silly packumentCache full:https://registry.npmjs.org/@webassemblyjs%2fast set size:193812 disposed:false
52 silly fetch manifest acorn@^8.7.1
53 silly packumentCache full:https://registry.npmjs.org/acorn cache-miss
54 http fetch GET 200 https://registry.npmjs.org/acorn 334ms (cache revalidated)
55 silly packumentCache full:https://registry.npmjs.org/acorn set size:402415 disposed:false
56 silly fetch manifest acorn-import-attributes@^1.9.5
57 silly packumentCache full:https://registry.npmjs.org/acorn-import-attributes cache-miss
58 http fetch GET 200 https://registry.npmjs.org/@webassemblyjs%2fwasm-parser 905ms (cache revalidated)
59 silly packumentCache full:https://registry.npmjs.org/@webassemblyjs%2fwasm-parser set size:208108 disposed:false
60 silly fetch manifest browserslist@^4.21.10
61 silly packumentCache full:https://registry.npmjs.org/browserslist cache-miss
62 http fetch GET 200 https://registry.npmjs.org/acorn-import-attributes 1039ms (cache revalidated)
63 silly packumentCache full:https://registry.npmjs.org/acorn-import-attributes set size:16911 disposed:false
64 silly fetch manifest chrome-trace-event@^1.0.2
65 silly packumentCache full:https://registry.npmjs.org/chrome-trace-event cache-miss
66 http fetch GET 200 https://registry.npmjs.org/chrome-trace-event 278ms (cache revalidated)
67 silly packumentCache full:https://registry.npmjs.org/chrome-trace-event set size:20859 disposed:false
68 silly fetch manifest enhanced-resolve@^5.17.1
69 silly packumentCache full:https://registry.npmjs.org/enhanced-resolve cache-miss
70 http fetch GET 200 https://registry.npmjs.org/browserslist 1063ms (cache updated)
71 silly packumentCache full:https://registry.npmjs.org/browserslist set size:undefined disposed:false
72 silly fetch manifest es-module-lexer@^1.2.1
73 silly packumentCache full:https://registry.npmjs.org/es-module-lexer cache-miss
74 http fetch GET 200 https://registry.npmjs.org/enhanced-resolve 322ms (cache revalidated)
75 silly packumentCache full:https://registry.npmjs.org/enhanced-resolve set size:325934 disposed:false
76 silly fetch manifest events@^3.2.0
77 silly packumentCache full:https://registry.npmjs.org/events cache-miss
78 http fetch GET 200 https://registry.npmjs.org/es-module-lexer 213ms (cache revalidated)
79 silly packumentCache full:https://registry.npmjs.org/es-module-lexer set size:195704 disposed:false
80 silly fetch manifest glob-to-regexp@^0.4.1
81 silly packumentCache full:https://registry.npmjs.org/glob-to-regexp cache-miss
82 http fetch GET 200 https://registry.npmjs.org/glob-to-regexp 245ms (cache revalidated)
83 silly packumentCache full:https://registry.npmjs.org/glob-to-regexp set size:15844 disposed:false
84 silly fetch manifest loader-runner@^4.2.0
85 silly packumentCache full:https://registry.npmjs.org/loader-runner cache-miss
86 http fetch GET 200 https://registry.npmjs.org/events 287ms (cache revalidated)
87 silly packumentCache full:https://registry.npmjs.org/events set size:35240 disposed:false
88 silly fetch manifest mime-types@^2.1.27
89 silly packumentCache full:https://registry.npmjs.org/mime-types cache-miss
90 http fetch GET 200 https://registry.npmjs.org/loader-runner 210ms (cache revalidated)
91 silly packumentCache full:https://registry.npmjs.org/loader-runner set size:37134 disposed:false
92 silly fetch manifest neo-async@^2.6.2
93 silly packumentCache full:https://registry.npmjs.org/neo-async cache-miss
94 http fetch GET 200 https://registry.npmjs.org/mime-types 262ms (cache updated)
95 silly packumentCache full:https://registry.npmjs.org/mime-types set size:undefined disposed:false
96 silly fetch manifest schema-utils@^3.2.0
97 silly packumentCache full:https://registry.npmjs.org/schema-utils cache-miss
98 http fetch GET 200 https://registry.npmjs.org/neo-async 222ms (cache revalidated)
99 silly packumentCache full:https://registry.npmjs.org/neo-async set size:155670 disposed:false
100 silly fetch manifest tapable@^2.1.1
101 silly packumentCache full:https://registry.npmjs.org/tapable cache-miss
102 http fetch GET 200 https://registry.npmjs.org/schema-utils 258ms (cache revalidated)
103 silly packumentCache full:https://registry.npmjs.org/schema-utils set size:165155 disposed:false
104 silly fetch manifest terser-webpack-plugin@^5.3.10
105 silly packumentCache full:https://registry.npmjs.org/terser-webpack-plugin cache-miss
106 http fetch GET 200 https://registry.npmjs.org/tapable 213ms (cache revalidated)
107 silly packumentCache full:https://registry.npmjs.org/tapable set size:195640 disposed:false
108 silly fetch manifest watchpack@^2.4.1
109 silly packumentCache full:https://registry.npmjs.org/watchpack cache-miss
110 http fetch GET 200 https://registry.npmjs.org/terser-webpack-plugin 806ms (cache revalidated)
111 silly packumentCache full:https://registry.npmjs.org/terser-webpack-plugin set size:339698 disposed:false
112 silly fetch manifest webpack-sources@^3.2.3
113 silly packumentCache full:https://registry.npmjs.org/webpack-sources cache-miss
114 http fetch GET 200 https://registry.npmjs.org/watchpack 743ms (cache updated)
115 silly packumentCache full:https://registry.npmjs.org/watchpack set size:undefined disposed:false
116 http fetch GET 200 https://registry.npmjs.org/@types%2festree 4621ms (cache updated)
117 silly packumentCache full:https://registry.npmjs.org/@types%2festree set size:undefined disposed:false
118 http fetch GET 200 https://registry.npmjs.org/webpack-sources 225ms (cache revalidated)
119 silly packumentCache full:https://registry.npmjs.org/webpack-sources set size:212090 disposed:false
120 silly fetch manifest ajv@^6.10.0
121 silly packumentCache full:https://registry.npmjs.org/ajv cache-miss
122 http fetch GET 200 https://registry.npmjs.org/ajv 25ms (cache hit)
123 silly packumentCache full:https://registry.npmjs.org/ajv set size:1126072 disposed:false
124 silly placeDep node_modules/eslint ajv@6.12.6 OK for: eslint@6.8.0 want: ^6.10.0
125 silly fetch manifest uri-js@^4.2.2
126 silly packumentCache full:https://registry.npmjs.org/uri-js cache-miss
127 silly fetch manifest json-schema-traverse@^0.4.1
128 silly packumentCache full:https://registry.npmjs.org/json-schema-traverse cache-hit
129 http fetch GET 200 https://registry.npmjs.org/uri-js 1822ms (cache revalidated)
130 silly packumentCache full:https://registry.npmjs.org/uri-js set size:42559 disposed:false
131 silly fetch manifest react@^15.6.2 || ^16.0
132 silly packumentCache full:https://registry.npmjs.org/react cache-miss
133 http fetch GET 200 https://registry.npmjs.org/react 1749ms (cache updated)
134 silly packumentCache full:https://registry.npmjs.org/react set size:undefined disposed:false
135 verbose stack Error: could not resolve
135 verbose stack     at PlaceDep.failPeerConflict (C:\Users\HP\AppData\Roaming\npm\node_modules\npm\node_modules\@npmcli\arborist\lib\place-dep.js:503:25)
135 verbose stack     at new PlaceDep (C:\Users\HP\AppData\Roaming\npm\node_modules\npm\node_modules\@npmcli\arborist\lib\place-dep.js:157:21)
135 verbose stack     at #buildDepStep (C:\Users\HP\AppData\Roaming\npm\node_modules\npm\node_modules\@npmcli\arborist\lib\arborist\build-ideal-tree.js:917:18)
135 verbose stack     at async Arborist.buildIdealTree (C:\Users\HP\AppData\Roaming\npm\node_modules\npm\node_modules\@npmcli\arborist\lib\arborist\build-ideal-tree.js:181:7)
135 verbose stack     at async Promise.all (index 1)
135 verbose stack     at async Arborist.reify (C:\Users\HP\AppData\Roaming\npm\node_modules\npm\node_modules\@npmcli\arborist\lib\arborist\reify.js:131:5)
135 verbose stack     at async Install.exec (C:\Users\HP\AppData\Roaming\npm\node_modules\npm\lib\commands\install.js:150:5)
135 verbose stack     at async Npm.exec (C:\Users\HP\AppData\Roaming\npm\node_modules\npm\lib\npm.js:207:9)
135 verbose stack     at async module.exports (C:\Users\HP\AppData\Roaming\npm\node_modules\npm\lib\cli\entry.js:74:5)
136 error code ERESOLVE
137 error ERESOLVE could not resolve
138 error
139 error While resolving: react-ga@2.7.0
139 error Found: react@18.2.0[2m[22m
139 error [2mnode_modules/react[22m
139 error   peerOptional react@"^18.0.0" from framer-motion@10.12.12[2m[22m
139 error   [2mnode_modules/framer-motion[22m
139 error     framer-motion@"^10.12.12" from the root project
139 error   [95mpeer[39m react@"^18.2.0" from next@13.4.2[2m[22m
139 error   [2mnode_modules/next[22m
139 error     [95mpeer[39m next@">=9.0.0" from next-pwa@5.6.0[2m[22m
139 error     [2mnode_modules/next-pwa[22m
139 error       next-pwa@"^5.4.1" from the root project
139 error     next@"13.4.2" from the root project
139 error   8 more (next-page-transitions, react-dom, react-helmet, ...)
139 error
139 error Could not resolve dependency:
139 error [95mpeer[39m react@"^15.6.2 || ^16.0" from react-ga@2.7.0[2m[22m
139 error [2mnode_modules/react-ga[22m
139 error   react-ga@"^2.7.0" from the root project
139 error
139 error Conflicting peer dependency: react@16.14.0[2m[22m
139 error [2mnode_modules/react[22m
139 error   [95mpeer[39m react@"^15.6.2 || ^16.0" from react-ga@2.7.0[2m[22m
139 error   [2mnode_modules/react-ga[22m
139 error     react-ga@"^2.7.0" from the root project
139 error
139 error Fix the upstream dependency conflict, or retry
139 error this command with --force or --legacy-peer-deps
139 error to accept an incorrect (and potentially broken) dependency resolution.
140 error
140 error
140 error For a full report see:
140 error C:\Users\HP\Desktop\norah\clean\_logs\2024-10-07T18_27_39_804Z-eresolve-report.txt
141 silly unfinished npm timer reify 1728325662161
142 silly unfinished npm timer reify:loadTrees 1728325662253
143 silly unfinished npm timer idealTree:buildDeps 1728325663274
144 silly unfinished npm timer idealTree:node_modules/react-ga 1728325675421
145 verbose cwd C:\Users\HP\Desktop\norah
146 verbose os Windows_NT 10.0.19045
147 verbose node v21.6.1
148 verbose npm  v10.8.2
149 verbose exit 1
150 verbose code 1
151 error A complete log of this run can be found in: C:\Users\HP\Desktop\norah\clean\_logs\2024-10-07T18_27_39_804Z-debug-0.log
