0 verbose cli C:\Program Files\nodejs\node.exe C:\Program Files\nodejs\node_modules\npm\bin\npm-cli.js
1 info using npm@10.2.4
2 info using node@v21.6.1
3 timing npm:load:whichnode Completed in 541ms
4 timing config:load:defaults Completed in 16ms
5 timing config:load:file:C:\Program Files\nodejs\node_modules\npm\npmrc Completed in 36ms
6 timing config:load:builtin Completed in 37ms
7 timing config:load:cli Completed in 81ms
8 timing config:load:env Completed in 2ms
9 timing config:load:project Completed in 36ms
10 timing config:load:file:C:\Users\HP\.npmrc Completed in 275ms
11 timing config:load:user Completed in 276ms
12 timing config:load:file:C:\Users\HP\AppData\Roaming\npm\etc\npmrc Completed in 49ms
13 timing config:load:global Completed in 50ms
14 timing config:load:setEnvs Completed in 15ms
15 timing config:load Completed in 516ms
16 timing npm:load:configload Completed in 516ms
17 timing config:load:flatten Completed in 20ms
18 timing npm:load:mkdirpcache Completed in 2ms
19 timing npm:load:mkdirplogs Completed in 9ms
20 verbose title npm prefix
21 verbose argv "prefix" "--global"
22 timing npm:load:setTitle Completed in 22ms
23 timing npm:load:display Completed in 16ms
24 verbose logfile logs-max:10 dir:c:\Users\HP\Desktop\port\codewonders\clean\_logs\2024-08-27T19_29_26_183Z-
25 verbose logfile c:\Users\HP\Desktop\port\codewonders\clean\_logs\2024-08-27T19_29_26_183Z-debug-0.log
26 timing npm:load:logFile Completed in 160ms
27 timing npm:load:timers Completed in 3ms
28 timing npm:load:configScope Completed in 0ms
29 timing npm:load Completed in 2030ms
30 timing command:prefix Completed in 87ms
31 verbose exit 0
32 timing npm Completed in 3877ms
33 info ok
