0 verbose cli C:\Program Files\nodejs\node.exe C:\Users\HP\AppData\Roaming\npm\node_modules\npm\bin\npm-cli.js
1 info using npm@10.8.2
2 info using node@v21.6.1
3 silly config load:file:C:\Users\HP\AppData\Roaming\npm\node_modules\npm\npmrc
4 silly config load:file:C:\Users\HP\Desktop\norah\.npmrc
5 silly config load:file:C:\Users\HP\.npmrc
6 silly config load:file:C:\Users\HP\AppData\Roaming\npm\etc\npmrc
7 verbose title npm install emailjs-com
8 verbose argv "install" "emailjs-com" "--legacy-peer-deps"
9 verbose logfile logs-max:10 dir:C:\Users\HP\Desktop\norah\clean\_logs\2024-10-07T18_29_42_377Z-
10 verbose logfile C:\Users\HP\Desktop\norah\clean\_logs\2024-10-07T18_29_42_377Z-debug-0.log
11 silly packumentCache heap:2197815296 maxSize:549453824 maxEntrySize:274726912
12 silly logfile start cleaning logs, removing 2 files
13 silly logfile done cleaning log files
14 silly idealTree buildDeps
15 silly fetch manifest emailjs-com@*
16 silly packumentCache full:https://registry.npmjs.org/emailjs-com cache-miss
17 http fetch GET 200 https://registry.npmjs.org/emailjs-com 444ms (cache hit)
18 silly packumentCache full:https://registry.npmjs.org/emailjs-com set size:103842 disposed:false
19 silly placeDep ROOT emailjs-com@3.2.0 OK for: codewonders@1.5.0 want: *
20 silly reify moves {}
21 silly audit bulk request {
21 silly audit   '@ampproject/remapping': [ '2.2.1' ],
21 silly audit   '@apideck/better-ajv-errors': [ '0.3.6' ],
21 silly audit   '@babel/code-frame': [ '7.21.4' ],
21 silly audit   '@babel/compat-data': [ '7.21.7' ],
21 silly audit   '@babel/core': [ '7.21.8' ],
21 silly audit   '@babel/generator': [ '7.21.5' ],
21 silly audit   '@babel/helper-annotate-as-pure': [ '7.18.6' ],
21 silly audit   '@babel/helper-builder-binary-assignment-operator-visitor': [ '7.21.5' ],
21 silly audit   '@babel/helper-compilation-targets': [ '7.21.5' ],
21 silly audit   '@babel/helper-create-class-features-plugin': [ '7.21.8' ],
21 silly audit   '@babel/helper-create-regexp-features-plugin': [ '7.21.8' ],
21 silly audit   '@babel/helper-define-polyfill-provider': [ '0.3.3' ],
21 silly audit   '@babel/helper-environment-visitor': [ '7.21.5' ],
21 silly audit   '@babel/helper-function-name': [ '7.21.0' ],
21 silly audit   '@babel/helper-hoist-variables': [ '7.18.6' ],
21 silly audit   '@babel/helper-member-expression-to-functions': [ '7.21.5' ],
21 silly audit   '@babel/helper-module-imports': [ '7.21.4' ],
21 silly audit   '@babel/helper-module-transforms': [ '7.21.5' ],
21 silly audit   '@babel/helper-optimise-call-expression': [ '7.18.6' ],
21 silly audit   '@babel/helper-plugin-utils': [ '7.21.5' ],
21 silly audit   '@babel/helper-remap-async-to-generator': [ '7.18.9' ],
21 silly audit   '@babel/helper-replace-supers': [ '7.21.5' ],
21 silly audit   '@babel/helper-simple-access': [ '7.21.5' ],
21 silly audit   '@babel/helper-skip-transparent-expression-wrappers': [ '7.20.0' ],
21 silly audit   '@babel/helper-split-export-declaration': [ '7.18.6' ],
21 silly audit   '@babel/helper-string-parser': [ '7.21.5' ],
21 silly audit   '@babel/helper-validator-identifier': [ '7.19.1' ],
21 silly audit   '@babel/helper-validator-option': [ '7.21.0' ],
21 silly audit   '@babel/helper-wrap-function': [ '7.20.5' ],
21 silly audit   '@babel/helpers': [ '7.21.5' ],
21 silly audit   '@babel/highlight': [ '7.18.6' ],
21 silly audit   '@babel/parser': [ '7.21.8' ],
21 silly audit   '@babel/plugin-bugfix-safari-id-destructuring-collision-in-function-expression': [ '7.18.6' ],
21 silly audit   '@babel/plugin-bugfix-v8-spread-parameters-in-optional-chaining': [ '7.20.7' ],
21 silly audit   '@babel/plugin-proposal-async-generator-functions': [ '7.20.7' ],
21 silly audit   '@babel/plugin-proposal-class-properties': [ '7.18.6' ],
21 silly audit   '@babel/plugin-proposal-class-static-block': [ '7.21.0' ],
21 silly audit   '@babel/plugin-proposal-dynamic-import': [ '7.18.6' ],
21 silly audit   '@babel/plugin-proposal-export-namespace-from': [ '7.18.9' ],
21 silly audit   '@babel/plugin-proposal-json-strings': [ '7.18.6' ],
21 silly audit   '@babel/plugin-proposal-logical-assignment-operators': [ '7.20.7' ],
21 silly audit   '@babel/plugin-proposal-nullish-coalescing-operator': [ '7.18.6' ],
21 silly audit   '@babel/plugin-proposal-numeric-separator': [ '7.18.6' ],
21 silly audit   '@babel/plugin-proposal-object-rest-spread': [ '7.20.7' ],
21 silly audit   '@babel/plugin-proposal-optional-catch-binding': [ '7.18.6' ],
21 silly audit   '@babel/plugin-proposal-optional-chaining': [ '7.21.0' ],
21 silly audit   '@babel/plugin-proposal-private-methods': [ '7.18.6' ],
21 silly audit   '@babel/plugin-proposal-private-property-in-object': [ '7.21.0' ],
21 silly audit   '@babel/plugin-proposal-unicode-property-regex': [ '7.18.6' ],
21 silly audit   '@babel/plugin-syntax-async-generators': [ '7.8.4' ],
21 silly audit   '@babel/plugin-syntax-class-properties': [ '7.12.13' ],
21 silly audit   '@babel/plugin-syntax-class-static-block': [ '7.14.5' ],
21 silly audit   '@babel/plugin-syntax-dynamic-import': [ '7.8.3' ],
21 silly audit   '@babel/plugin-syntax-export-namespace-from': [ '7.8.3' ],
21 silly audit   '@babel/plugin-syntax-import-assertions': [ '7.20.0' ],
21 silly audit   '@babel/plugin-syntax-import-meta': [ '7.10.4' ],
21 silly audit   '@babel/plugin-syntax-json-strings': [ '7.8.3' ],
21 silly audit   '@babel/plugin-syntax-logical-assignment-operators': [ '7.10.4' ],
21 silly audit   '@babel/plugin-syntax-nullish-coalescing-operator': [ '7.8.3' ],
21 silly audit   '@babel/plugin-syntax-numeric-separator': [ '7.10.4' ],
21 silly audit   '@babel/plugin-syntax-object-rest-spread': [ '7.8.3' ],
21 silly audit   '@babel/plugin-syntax-optional-catch-binding': [ '7.8.3' ],
21 silly audit   '@babel/plugin-syntax-optional-chaining': [ '7.8.3' ],
21 silly audit   '@babel/plugin-syntax-private-property-in-object': [ '7.14.5' ],
21 silly audit   '@babel/plugin-syntax-top-level-await': [ '7.14.5' ],
21 silly audit   '@babel/plugin-transform-arrow-functions': [ '7.21.5' ],
21 silly audit   '@babel/plugin-transform-async-to-generator': [ '7.20.7' ],
21 silly audit   '@babel/plugin-transform-block-scoped-functions': [ '7.18.6' ],
21 silly audit   '@babel/plugin-transform-block-scoping': [ '7.21.0' ],
21 silly audit   '@babel/plugin-transform-classes': [ '7.21.0' ],
21 silly audit   globals: [ '11.12.0', '12.4.0' ],
21 silly audit   '@babel/plugin-transform-computed-properties': [ '7.21.5' ],
21 silly audit   '@babel/plugin-transform-destructuring': [ '7.21.3' ],
21 silly audit   '@babel/plugin-transform-dotall-regex': [ '7.18.6' ],
21 silly audit   '@babel/plugin-transform-duplicate-keys': [ '7.18.9' ],
21 silly audit   '@babel/plugin-transform-exponentiation-operator': [ '7.18.6' ],
21 silly audit   '@babel/plugin-transform-for-of': [ '7.21.5' ],
21 silly audit   '@babel/plugin-transform-function-name': [ '7.18.9' ],
21 silly audit   '@babel/plugin-transform-literals': [ '7.18.9' ],
21 silly audit   '@babel/plugin-transform-member-expression-literals': [ '7.18.6' ],
21 silly audit   '@babel/plugin-transform-modules-amd': [ '7.20.11' ],
21 silly audit   '@babel/plugin-transform-modules-commonjs': [ '7.21.5' ],
21 silly audit   '@babel/plugin-transform-modules-systemjs': [ '7.20.11' ],
21 silly audit   '@babel/plugin-transform-modules-umd': [ '7.18.6' ],
21 silly audit   '@babel/plugin-transform-named-capturing-groups-regex': [ '7.20.5' ],
21 silly audit   '@babel/plugin-transform-new-target': [ '7.18.6' ],
21 silly audit   '@babel/plugin-transform-object-super': [ '7.18.6' ],
21 silly audit   '@babel/plugin-transform-parameters': [ '7.21.3' ],
21 silly audit   '@babel/plugin-transform-property-literals': [ '7.18.6' ],
21 silly audit   '@babel/plugin-transform-regenerator': [ '7.21.5' ],
21 silly audit   '@babel/plugin-transform-reserved-words': [ '7.18.6' ],
21 silly audit   '@babel/plugin-transform-shorthand-properties': [ '7.18.6' ],
21 silly audit   '@babel/plugin-transform-spread': [ '7.20.7' ],
21 silly audit   '@babel/plugin-transform-sticky-regex': [ '7.18.6' ],
21 silly audit   '@babel/plugin-transform-template-literals': [ '7.18.9' ],
21 silly audit   '@babel/plugin-transform-typeof-symbol': [ '7.18.9' ],
21 silly audit   '@babel/plugin-transform-unicode-escapes': [ '7.21.5' ],
21 silly audit   '@babel/plugin-transform-unicode-regex': [ '7.18.6' ],
21 silly audit   '@babel/preset-env': [ '7.21.5' ],
21 silly audit   '@babel/preset-modules': [ '0.1.5' ],
21 silly audit   '@babel/regjsgen': [ '0.8.0' ],
21 silly audit   '@babel/runtime': [ '7.21.5' ],
21 silly audit   '@babel/template': [ '7.20.7' ],
21 silly audit   '@babel/traverse': [ '7.21.5' ],
21 silly audit   '@babel/types': [ '7.21.5' ],
21 silly audit   '@emotion/is-prop-valid': [ '0.8.8' ],
21 silly audit   '@emotion/memoize': [ '0.7.4' ],
21 silly audit   '@emotion/unitless': [ '0.7.5' ],
21 silly audit   '@jridgewell/gen-mapping': [ '0.3.3' ],
21 silly audit   '@jridgewell/resolve-uri': [ '3.1.0' ],
21 silly audit   '@jridgewell/set-array': [ '1.1.2' ],
21 silly audit   '@jridgewell/source-map': [ '0.3.3' ],
21 silly audit   '@jridgewell/sourcemap-codec': [ '1.4.15', '1.4.14' ],
21 silly audit   '@jridgewell/trace-mapping': [ '0.3.18' ],
21 silly audit   '@next/env': [ '13.4.2' ],
21 silly audit   '@next/swc-darwin-arm64': [ '13.4.2' ],
21 silly audit   '@next/swc-darwin-x64': [ '13.4.2' ],
21 silly audit   '@next/swc-linux-arm64-gnu': [ '13.4.2' ],
21 silly audit   '@next/swc-linux-arm64-musl': [ '13.4.2' ],
21 silly audit   '@next/swc-linux-x64-gnu': [ '13.4.2' ],
21 silly audit   '@next/swc-linux-x64-musl': [ '13.4.2' ],
21 silly audit   '@next/swc-win32-arm64-msvc': [ '13.4.2' ],
21 silly audit   '@next/swc-win32-ia32-msvc': [ '13.4.2' ],
21 silly audit   '@next/swc-win32-x64-msvc': [ '13.4.2' ],
21 silly audit   '@nodelib/fs.scandir': [ '2.1.5' ],
21 silly audit   '@nodelib/fs.stat': [ '2.0.5' ],
21 silly audit   '@nodelib/fs.walk': [ '1.2.8' ],
21 silly audit   '@rollup/plugin-babel': [ '5.3.1' ],
21 silly audit   '@rollup/plugin-node-resolve': [ '11.2.1' ],
21 silly audit   '@rollup/plugin-replace': [ '2.4.2' ],
21 silly audit   '@rollup/pluginutils': [ '3.1.0' ],
21 silly audit   '@samverschueren/stream-to-observable': [ '0.3.1' ],
21 silly audit   '@surma/rollup-plugin-off-main-thread': [ '2.2.3' ],
21 silly audit   '@swc/helpers': [ '0.5.1' ],
21 silly audit   '@types/estree': [ '0.0.39' ],
21 silly audit   '@types/glob': [ '7.2.0' ],
21 silly audit   '@types/hoist-non-react-statics': [ '3.3.1' ],
21 silly audit   '@types/json-schema': [ '7.0.11' ],
21 silly audit   '@types/json5': [ '0.0.29' ],
21 silly audit   '@types/minimatch': [ '5.1.2' ],
21 silly audit   '@types/node': [ '20.2.1' ],
21 silly audit   '@types/normalize-package-data': [ '2.4.1' ],
21 silly audit   '@types/prop-types': [ '15.7.5' ],
21 silly audit   '@types/react': [ '18.2.6' ],
21 silly audit   '@types/resolve': [ '1.17.1' ],
21 silly audit   '@types/scheduler': [ '0.16.3' ],
21 silly audit   '@types/styled-components': [ '5.1.26' ],
21 silly audit   '@types/trusted-types': [ '2.0.3' ],
21 silly audit   acorn: [ '7.4.1', '8.8.2' ],
21 silly audit   'acorn-jsx': [ '5.3.2' ],
21 silly audit   'aggregate-error': [ '3.1.0' ],
21 silly audit   'indent-string': [ '4.0.0', '3.2.0' ],
21 silly audit   ajv: [ '6.12.6', '8.12.0' ],
21 silly audit   'ajv-keywords': [ '3.5.2' ],
21 silly audit   'ansi-escapes': [ '4.3.2', '3.2.0' ],
21 silly audit   'type-fest': [ '0.21.3', '0.6.0', '0.16.0', '0.8.1' ],
21 silly audit   'ansi-regex': [ '4.1.1', '2.1.1', '5.0.1', '3.0.1' ],
21 silly audit   'ansi-styles': [ '3.2.1', '4.3.0', '2.2.1' ],
21 silly audit   'any-observable': [ '0.3.0' ],
21 silly audit   argparse: [ '1.0.10' ],
21 silly audit   'aria-query': [ '5.1.3' ],
21 silly audit   'array-buffer-byte-length': [ '1.0.0' ],
21 silly audit   'array-includes': [ '3.1.6' ],
21 silly audit   'array-union': [ '2.1.0', '1.0.2' ],
21 silly audit   'array-uniq': [ '1.0.3' ],
21 silly audit   'array.prototype.flat': [ '1.3.1' ],
21 silly audit   'array.prototype.flatmap': [ '1.3.1' ],
21 silly audit   'array.prototype.tosorted': [ '1.1.1' ],
21 silly audit   'ast-types-flow': [ '0.0.7' ],
21 silly audit   'astral-regex': [ '1.0.0' ],
21 silly audit   async: [ '3.2.4' ],
21 silly audit   'at-least-node': [ '1.0.0' ],
21 silly audit   'available-typed-arrays': [ '1.0.5' ],
21 silly audit   'axe-core': [ '4.7.1' ],
21 silly audit   'axobject-query': [ '3.1.1' ],
21 silly audit   'babel-loader': [ '8.3.0' ],
21 silly audit   'babel-plugin-polyfill-corejs2': [ '0.3.3' ],
21 silly audit   'babel-plugin-polyfill-corejs3': [ '0.6.0' ],
21 silly audit   'babel-plugin-polyfill-regenerator': [ '0.4.1' ],
21 silly audit   'babel-plugin-styled-components': [ '2.1.3' ],
21 silly audit   'babel-plugin-syntax-jsx': [ '6.18.0' ],
21 silly audit   'balanced-match': [ '1.0.2' ],
21 silly audit   'big.js': [ '5.2.2' ],
21 silly audit   'brace-expansion': [ '1.1.11', '2.0.1' ],
21 silly audit   braces: [ '3.0.2' ],
21 silly audit   browserslist: [ '4.21.5' ],
21 silly audit   'buffer-from': [ '1.1.2' ],
21 silly audit   'builtin-modules': [ '3.3.0' ],
21 silly audit   busboy: [ '1.6.0' ],
21 silly audit   'call-bind': [ '1.0.2' ],
21 silly audit   'caller-callsite': [ '2.0.0' ],
21 silly audit   callsites: [ '2.0.0', '3.1.0' ],
21 silly audit   'caller-path': [ '2.0.0' ],
21 silly audit   camelize: [ '1.0.1' ],
21 silly audit   'caniuse-lite': [ '1.0.30001488' ],
21 silly audit   chalk: [ '2.4.2', '4.1.2', '1.1.3' ],
21 silly audit   chardet: [ '0.7.0' ],
21 silly audit   'ci-info': [ '2.0.0' ],
21 silly audit   'clean-stack': [ '2.2.0' ],
21 silly audit   'clean-webpack-plugin': [ '4.0.0' ],
21 silly audit   del: [ '4.1.1', '5.1.0' ],
21 silly audit   globby: [ '6.1.0', '10.0.2', '11.1.0' ],
21 silly audit   pify: [ '2.3.0', '4.0.1' ],
21 silly audit   'p-map': [ '2.1.0', '3.0.0' ],
21 silly audit   'cli-cursor': [ '3.1.0', '2.1.0' ],
21 silly audit   'cli-truncate': [ '0.2.1' ],
21 silly audit   'is-fullwidth-code-point': [ '1.0.0', '3.0.0', '2.0.0' ],
21 silly audit   'string-width': [ '1.0.2', '4.2.3', '3.1.0', '2.1.1' ],
21 silly audit   'strip-ansi': [ '3.0.1', '6.0.1', '5.2.0', '4.0.0' ],
21 silly audit   'cli-width': [ '3.0.0' ],
21 silly audit   'client-only': [ '0.0.1' ],
21 silly audit   'code-point-at': [ '1.1.0' ],
21 silly audit   'codewonders-helpers': [ '1.1.0' ],
21 silly audit   'color-convert': [ '1.9.3', '2.0.1' ],
21 silly audit   'color-name': [ '1.1.3', '1.1.4' ],
21 silly audit   commander: [ '2.20.3' ],
21 silly audit   'common-tags': [ '1.8.2' ],
21 silly audit   commondir: [ '1.0.1' ],
21 silly audit   'concat-map': [ '0.0.1' ],
21 silly audit   'confusing-browser-globals': [ '1.0.11' ],
21 silly audit   'convert-source-map': [ '1.9.0' ],
21 silly audit   'core-js-compat': [ '3.30.2' ],
21 silly audit   cosmiconfig: [ '5.2.1' ],
21 silly audit   'import-fresh': [ '2.0.0', '3.3.0' ],
21 silly audit   'resolve-from': [ '3.0.0', '4.0.0' ],
21 silly audit   'cross-spawn': [ '6.0.5', '7.0.3' ],
21 silly audit   semver: [ '5.7.1', '6.3.0' ],
21 silly audit   'crypto-random-string': [ '2.0.0' ],
21 silly audit   'css-color-keywords': [ '1.0.0' ],
21 silly audit   'css-to-react-native': [ '2.3.2' ],
21 silly audit   csstype: [ '3.1.2' ],
21 silly audit   'damerau-levenshtein': [ '1.0.8' ],
21 silly audit   'date-fns': [ '1.30.1' ],
21 silly audit   debug: [ '4.3.4', '3.2.7' ],
21 silly audit   dedent: [ '0.7.0' ],
21 silly audit   'deep-equal': [ '2.2.1' ],
21 silly audit   'deep-is': [ '0.1.4' ],
21 silly audit   deepmerge: [ '4.3.1' ],
21 silly audit   'define-properties': [ '1.2.0' ],
21 silly audit   rimraf: [ '3.0.2', '2.6.3' ],
21 silly audit   'dir-glob': [ '3.0.1' ],
21 silly audit   doctrine: [ '3.0.0', '2.1.0' ],
21 silly audit   'dom-helpers': [ '3.4.0' ],
21 silly audit   ejs: [ '3.1.9' ],
21 silly audit   'electron-to-chromium': [ '1.4.402' ],
21 silly audit   'elegant-spinner': [ '1.0.1' ],
21 silly audit   'emoji-regex': [ '9.2.2', '8.0.0', '7.0.3' ],
21 silly audit   'emojis-list': [ '3.0.0' ],
21 silly audit   'end-of-stream': [ '1.4.4' ],
21 silly audit   'error-ex': [ '1.3.2' ],
21 silly audit   'es-abstract': [ '1.21.2' ],
21 silly audit   'es-get-iterator': [ '1.1.3' ],
21 silly audit   'es-set-tostringtag': [ '2.0.1' ],
21 silly audit   'es-shim-unscopables': [ '1.0.0' ],
21 silly audit   'es-to-primitive': [ '1.2.1' ],
21 silly audit   escalade: [ '3.1.1' ],
21 silly audit   'escape-string-regexp': [ '1.0.5' ],
21 silly audit   eslint: [ '6.8.0' ],
21 silly audit   'eslint-config-airbnb': [ '18.2.1' ],
21 silly audit   'eslint-config-airbnb-base': [ '14.2.1' ],
21 silly audit   'eslint-config-prettier': [ '6.15.0' ],
21 silly audit   'eslint-import-resolver-node': [ '0.3.7' ],
21 silly audit   'eslint-module-utils': [ '2.8.0' ],
21 silly audit   'eslint-plugin-import': [ '2.27.5' ],
21 silly audit   'eslint-plugin-jsx-a11y': [ '6.7.1' ],
21 silly audit   'eslint-plugin-prettier': [ '3.4.1' ],
21 silly audit   'eslint-plugin-react': [ '7.32.2' ],
21 silly audit   'eslint-plugin-react-hooks': [ '1.7.0' ],
21 silly audit   resolve: [ '2.0.0-next.4', '1.22.2' ],
21 silly audit   'eslint-scope': [ '5.1.1' ],
21 silly audit   estraverse: [ '4.3.0', '5.3.0' ],
21 silly audit   'eslint-utils': [ '1.4.3' ],
21 silly audit   'eslint-visitor-keys': [ '1.3.0' ],
21 silly audit   espree: [ '6.2.1' ],
21 silly audit   esprima: [ '4.0.1' ],
21 silly audit   esquery: [ '1.5.0' ],
21 silly audit   esrecurse: [ '4.3.0' ],
21 silly audit   'estree-walker': [ '1.0.1' ],
21 silly audit   esutils: [ '2.0.3' ],
21 silly audit   execa: [ '1.0.0', '2.1.0' ],
21 silly audit   'external-editor': [ '3.1.0' ],
21 silly audit   'fast-deep-equal': [ '3.1.3' ],
21 silly audit   'fast-diff': [ '1.3.0' ],
21 silly audit   'fast-glob': [ '3.2.12' ],
21 silly audit   'fast-json-stable-stringify': [ '2.1.0' ],
21 silly audit   'fast-levenshtein': [ '2.0.6' ],
21 silly audit   fastq: [ '1.15.0' ],
21 silly audit   figures: [ '3.2.0', '1.7.0', '2.0.0' ],
21 silly audit   'file-entry-cache': [ '5.0.1' ],
21 silly audit   filelist: [ '1.0.4' ],
21 silly audit   minimatch: [ '5.1.6', '3.1.2' ],
21 silly audit   'fill-range': [ '7.0.1' ],
21 silly audit   'find-cache-dir': [ '3.3.2' ],
21 silly audit   'find-up': [ '4.1.0' ],
21 silly audit   'flat-cache': [ '2.0.1' ],
21 silly audit   flatted: [ '2.0.2' ],
21 silly audit   'for-each': [ '0.3.3' ],
21 silly audit   'framer-motion': [ '10.12.12' ],
21 silly audit   'fs-extra': [ '9.1.0' ],
21 silly audit   'fs.realpath': [ '1.0.0' ],
21 silly audit   fsevents: [ '2.3.2' ],
21 silly audit   'function-bind': [ '1.1.1' ],
21 silly audit   'function.prototype.name': [ '1.1.5' ],
21 silly audit   'functional-red-black-tree': [ '1.0.1' ],
21 silly audit   'functions-have-names': [ '1.2.3' ],
21 silly audit   gensync: [ '1.0.0-beta.2' ],
21 silly audit   'get-intrinsic': [ '1.2.1' ],
21 silly audit   'get-own-enumerable-property-symbols': [ '3.0.2' ],
21 silly audit   'get-stdin': [ '6.0.0', '7.0.0' ],
21 silly audit   'get-stream': [ '4.1.0', '5.2.0' ],
21 silly audit   'get-symbol-description': [ '1.0.0' ],
21 silly audit   glob: [ '7.2.3' ],
21 silly audit   'glob-parent': [ '5.1.2' ],
21 silly audit   globalthis: [ '1.0.3' ],
21 silly audit   ignore: [ '5.2.4', '4.0.6' ],
21 silly audit   gopd: [ '1.0.1' ],
21 silly audit   'graceful-fs': [ '4.2.11' ],
21 silly audit   has: [ '1.0.3' ],
21 silly audit   'has-ansi': [ '2.0.0' ],
21 silly audit   'has-bigints': [ '1.0.2' ],
21 silly audit   'has-flag': [ '3.0.0', '4.0.0' ],
21 silly audit   'has-property-descriptors': [ '1.0.0' ],
21 silly audit   'has-proto': [ '1.0.1' ],
21 silly audit   'has-symbols': [ '1.0.3' ],
21 silly audit   'has-tostringtag': [ '1.0.0' ],
21 silly audit   'hoist-non-react-statics': [ '3.3.2' ],
21 silly audit   'hosted-git-info': [ '2.8.9' ],
21 silly audit   husky: [ '3.1.0' ],
21 silly audit   'iconv-lite': [ '0.4.24' ],
21 silly audit   idb: [ '7.1.1' ],
21 silly audit   imurmurhash: [ '0.1.4' ],
21 silly audit   inflight: [ '1.0.6' ],
21 silly audit   inherits: [ '2.0.4' ],
21 silly audit   inquirer: [ '7.3.3' ],
21 silly audit   'supports-color': [ '7.2.0', '8.1.1', '2.0.0', '5.5.0' ],
21 silly audit   'internal-slot': [ '1.0.5' ],
21 silly audit   'is-arguments': [ '1.1.1' ],
21 silly audit   'is-array-buffer': [ '3.0.2' ],
21 silly audit   'is-arrayish': [ '0.2.1' ],
21 silly audit   'is-bigint': [ '1.0.4' ],
21 silly audit   'is-boolean-object': [ '1.1.2' ],
21 silly audit   'is-callable': [ '1.2.7' ],
21 silly audit   'is-core-module': [ '2.12.1' ],
21 silly audit   'is-date-object': [ '1.0.5' ],
21 silly audit   'is-directory': [ '0.3.1' ],
21 silly audit   'is-extglob': [ '2.1.1' ],
21 silly audit   'is-glob': [ '4.0.3' ],
21 silly audit   'is-map': [ '2.0.2' ],
21 silly audit   'is-module': [ '1.0.0' ],
21 silly audit   'is-negative-zero': [ '2.0.2' ],
21 silly audit   'is-number': [ '7.0.0' ],
21 silly audit   'is-number-object': [ '1.0.7' ],
21 silly audit   'is-obj': [ '1.0.1' ],
21 silly audit   'is-observable': [ '1.1.0' ],
21 silly audit   'is-path-cwd': [ '2.2.0' ],
21 silly audit   'is-path-in-cwd': [ '2.1.0' ],
21 silly audit   'is-path-inside': [ '2.1.0', '3.0.3' ],
21 silly audit   'is-promise': [ '2.2.2' ],
21 silly audit   'is-regex': [ '1.1.4' ],
21 silly audit   'is-regexp': [ '1.0.0' ],
21 silly audit   'is-set': [ '2.0.2' ],
21 silly audit   'is-shared-array-buffer': [ '1.0.2' ],
21 silly audit   'is-stream': [ '1.1.0', '2.0.1' ],
21 silly audit   'is-string': [ '1.0.7' ],
21 silly audit   'is-symbol': [ '1.0.4' ],
21 silly audit   'is-typed-array': [ '1.1.10' ],
21 silly audit   'is-weakmap': [ '2.0.1' ],
21 silly audit   'is-weakref': [ '1.0.2' ],
21 silly audit   'is-weakset': [ '2.0.2' ],
21 silly audit   'is-what': [ '3.14.1' ],
21 silly audit   isarray: [ '2.0.5' ],
21 silly audit   isexe: [ '2.0.0' ],
21 silly audit   jake: [ '10.8.6' ],
21 silly audit   'jest-worker': [ '27.5.1', '26.6.2' ],
21 silly audit   'js-tokens': [ '4.0.0' ],
21 silly audit   'js-yaml': [ '3.14.1' ],
21 silly audit   jsesc: [ '2.5.2', '0.5.0' ],
21 silly audit   'json-parse-better-errors': [ '1.0.2' ],
21 silly audit   'json-parse-even-better-errors': [ '2.3.1' ],
21 silly audit   'json-schema': [ '0.4.0' ],
21 silly audit   'json-schema-traverse': [ '0.4.1', '1.0.0' ],
21 silly audit   'json-stable-stringify-without-jsonify': [ '1.0.1' ],
21 silly audit   json5: [ '2.2.3', '1.0.2' ],
21 silly audit   jsonfile: [ '6.1.0' ],
21 silly audit   jsonpointer: [ '5.0.1' ],
21 silly audit   'jsx-ast-utils': [ '3.3.3' ],
21 silly audit   'language-subtag-registry': [ '0.3.22' ],
21 silly audit   'language-tags': [ '1.0.5' ],
21 silly audit   leven: [ '3.1.0' ],
21 silly audit   levn: [ '0.3.0' ],
21 silly audit   'lines-and-columns': [ '1.2.4' ],
21 silly audit   'lint-staged': [ '9.5.0' ],
21 silly audit   'npm-run-path': [ '3.1.0', '2.0.2' ],
21 silly audit   'p-finally': [ '2.0.1', '1.0.0' ],
21 silly audit   'path-key': [ '3.1.1', '2.0.1' ],
21 silly audit   'shebang-command': [ '2.0.0', '1.2.0' ],
21 silly audit   'shebang-regex': [ '3.0.0', '1.0.0' ],
21 silly audit   which: [ '2.0.2', '1.3.1' ],
21 silly audit   listr: [ '0.14.3' ],
21 silly audit   'listr-silent-renderer': [ '1.1.1' ],
21 silly audit   'listr-update-renderer': [ '0.5.0' ],
21 silly audit   'log-symbols': [ '1.0.2', '3.0.0' ],
21 silly audit   'listr-verbose-renderer': [ '0.5.0' ],
21 silly audit   'mimic-fn': [ '1.2.0', '2.1.0' ],
21 silly audit   onetime: [ '2.0.1', '5.1.2' ],
21 silly audit   'restore-cursor': [ '2.0.0', '3.1.0' ],
21 silly audit   'loader-utils': [ '2.0.4', '1.4.2' ],
21 silly audit   'locate-path': [ '5.0.0' ],
21 silly audit   lodash: [ '4.17.21' ],
21 silly audit   'lodash.debounce': [ '4.0.8' ],
21 silly audit   'lodash.sortby': [ '4.7.0' ],
21 silly audit   'log-update': [ '2.3.0' ],
21 silly audit   'loose-envify': [ '1.4.0' ],
21 silly audit   'lru-cache': [ '5.1.1' ],
21 silly audit   'magic-string': [ '0.25.9' ],
21 silly audit   'make-dir': [ '3.1.0' ],
21 silly audit   'memoize-one': [ '5.2.1' ],
21 silly audit   'merge-anything': [ '2.4.4' ],
21 silly audit   'merge-stream': [ '2.0.0' ],
21 silly audit   merge2: [ '1.4.1' ],
21 silly audit   micromatch: [ '4.0.5' ],
21 silly audit   mime: [ '2.6.0' ],
21 silly audit   minimist: [ '1.2.8' ],
21 silly audit   mkdirp: [ '0.5.6' ],
21 silly audit   ms: [ '2.1.2' ],
21 silly audit   'mute-stream': [ '0.0.8' ],
21 silly audit   nanoid: [ '3.3.6' ],
21 silly audit   'natural-compare': [ '1.4.0' ],
21 silly audit   next: [ '13.4.2' ],
21 silly audit   'next-page-transitions': [ '1.0.0-beta.2' ],
21 silly audit   'next-pwa': [ '5.6.0' ],
21 silly audit   'nice-try': [ '1.0.5' ],
21 silly audit   'node-releases': [ '2.0.11' ],
21 silly audit   'normalize-package-data': [ '2.5.0' ],
21 silly audit   'normalize-path': [ '3.0.0' ],
21 silly audit   'number-is-nan': [ '1.0.1' ],
21 silly audit   'object-assign': [ '4.1.1' ],
21 silly audit   'object-inspect': [ '1.12.3' ],
21 silly audit   'object-is': [ '1.1.5' ],
21 silly audit   'object-keys': [ '1.1.1' ],
21 silly audit   'object.assign': [ '4.1.4' ],
21 silly audit   'object.entries': [ '1.1.6' ],
21 silly audit   'object.fromentries': [ '2.0.6' ],
21 silly audit   'object.hasown': [ '1.1.2' ],
21 silly audit   'object.values': [ '1.1.6' ],
21 silly audit   once: [ '1.4.0' ],
21 silly audit   'opencollective-postinstall': [ '2.0.3' ],
21 silly audit   optionator: [ '0.8.3' ],
21 silly audit   'os-tmpdir': [ '1.0.2' ],
21 silly audit   'p-limit': [ '2.3.0' ],
21 silly audit   'p-locate': [ '4.1.0' ],
21 silly audit   'p-try': [ '2.2.0' ],
21 silly audit   'parent-module': [ '1.0.1' ],
21 silly audit   'parse-json': [ '4.0.0', '5.2.0' ],
21 silly audit   'path-exists': [ '4.0.0' ],
21 silly audit   'path-is-absolute': [ '1.0.1' ],
21 silly audit   'path-is-inside': [ '1.0.2' ],
21 silly audit   'path-parse': [ '1.0.7' ],
21 silly audit   'path-type': [ '4.0.0' ],
21 silly audit   picocolors: [ '1.0.0' ],
21 silly audit   picomatch: [ '2.3.1' ],
21 silly audit   pinkie: [ '2.0.4' ],
21 silly audit   'pinkie-promise': [ '2.0.1' ],
21 silly audit   'pkg-dir': [ '4.2.0' ],
21 silly audit   'please-upgrade-node': [ '3.2.0' ],
21 silly audit   postcss: [ '8.4.14' ],
21 silly audit   'postcss-value-parser': [ '3.3.1' ],
21 silly audit   'prelude-ls': [ '1.1.2' ],
21 silly audit   prettier: [ '1.19.1' ],
21 silly audit   'prettier-linter-helpers': [ '1.0.0' ],
21 silly audit   'pretty-bytes': [ '5.6.0' ],
21 silly audit   progress: [ '2.0.3' ],
21 silly audit   'prop-types': [ '15.8.1' ],
21 silly audit   pump: [ '3.0.0' ],
21 silly audit   punycode: [ '2.3.0' ],
21 silly audit   'queue-microtask': [ '1.2.3' ],
21 silly audit   randombytes: [ '2.1.0' ],
21 silly audit   react: [ '18.2.0' ],
21 silly audit   'react-dom': [ '18.2.0' ],
21 silly audit   'react-fast-compare': [ '2.0.4' ],
21 silly audit   'react-ga': [ '2.7.0' ],
21 silly audit   'react-helmet': [ '5.2.1' ],
21 silly audit   'react-is': [ '16.13.1' ],
21 silly audit   'react-lifecycles-compat': [ '3.0.4' ],
21 silly audit   'react-progressive-image': [ '0.6.0' ],
21 silly audit   'react-side-effect': [ '1.2.0' ],
21 silly audit   'react-transition-group': [ '2.9.0' ],
21 silly audit   'read-pkg': [ '5.2.0' ],
21 silly audit   regenerate: [ '1.4.2' ],
21 silly audit   'regenerate-unicode-properties': [ '10.1.0' ],
21 silly audit   'regenerator-runtime': [ '0.13.11' ],
21 silly audit   'regenerator-transform': [ '0.15.1' ],
21 silly audit   'regexp.prototype.flags': [ '1.5.0' ],
21 silly audit   regexpp: [ '2.0.1' ],
21 silly audit   'regexpu-core': [ '5.3.2' ],
21 silly audit   regjsparser: [ '0.9.1' ],
21 silly audit   'require-from-string': [ '2.0.2' ],
21 silly audit   reusify: [ '1.0.4' ],
21 silly audit   rollup: [ '2.79.1' ],
21 silly audit   'rollup-plugin-terser': [ '7.0.2' ],
21 silly audit   'serialize-javascript': [ '4.0.0', '6.0.1' ],
21 silly audit   'run-async': [ '2.4.1' ],
21 silly audit   'run-node': [ '1.0.0' ],
21 silly audit   'run-parallel': [ '1.2.0' ],
21 silly audit   rxjs: [ '6.6.7' ],
21 silly audit   tslib: [ '1.14.1', '2.5.2' ],
21 silly audit   'safe-buffer': [ '5.2.1' ],
21 silly audit   'safe-regex-test': [ '1.0.0' ],
21 silly audit   'safer-buffer': [ '2.1.2' ],
21 silly audit   scheduler: [ '0.23.0' ],
21 silly audit   'schema-utils': [ '2.7.1', '3.1.2' ],
21 silly audit   scoutbar: [ '1.2.3' ],
21 silly audit   'semver-compare': [ '1.0.0' ],
21 silly audit   shallowequal: [ '1.1.0' ],
21 silly audit   'side-channel': [ '1.0.4' ],
21 silly audit   'signal-exit': [ '3.0.7' ],
21 silly audit   slash: [ '3.0.0' ],
21 silly audit   'slice-ansi': [ '0.0.4', '2.1.0' ],
21 silly audit   'source-list-map': [ '2.0.1' ],
21 silly audit   'source-map': [ '0.6.1', '0.8.0-beta.0' ],
21 silly audit   'source-map-js': [ '1.0.2' ],
21 silly audit   'source-map-support': [ '0.5.21' ],
21 silly audit   'sourcemap-codec': [ '1.4.8' ],
21 silly audit   'spdx-correct': [ '3.2.0' ],
21 silly audit   'spdx-exceptions': [ '2.3.0' ],
21 silly audit   'spdx-expression-parse': [ '3.0.1' ],
21 silly audit   'spdx-license-ids': [ '3.0.13' ],
21 silly audit   'sprintf-js': [ '1.0.3' ],
21 silly audit   'stop-iteration-iterator': [ '1.0.0' ],
21 silly audit   streamsearch: [ '1.1.0' ],
21 silly audit   'string-argv': [ '0.3.2' ],
21 silly audit   'string.prototype.matchall': [ '4.0.8' ],
21 silly audit   'string.prototype.trim': [ '1.2.7' ],
21 silly audit   'string.prototype.trimend': [ '1.0.6' ],
21 silly audit   'string.prototype.trimstart': [ '1.0.6' ],
21 silly audit   'stringify-object': [ '3.3.0' ],
21 silly audit   'strip-bom': [ '3.0.0' ],
21 silly audit   'strip-comments': [ '2.0.1' ],
21 silly audit   'strip-eof': [ '1.0.0' ],
21 silly audit   'strip-final-newline': [ '2.0.0' ],
21 silly audit   'strip-json-comments': [ '3.1.1' ],
21 silly audit   'styled-components': [ '4.4.1' ],
21 silly audit   'styled-jsx': [ '5.1.1' ],
21 silly audit   stylis: [ '3.5.4' ],
21 silly audit   'stylis-rule-sheet': [ '0.0.10' ],
21 silly audit   'supports-preserve-symlinks-flag': [ '1.0.0' ],
21 silly audit   'symbol-observable': [ '1.2.0' ],
21 silly audit   table: [ '5.4.6' ],
21 silly audit   'temp-dir': [ '2.0.0' ],
21 silly audit   tempy: [ '0.6.0' ],
21 silly audit   terser: [ '5.17.4' ],
21 silly audit   'terser-webpack-plugin': [ '5.3.9' ],
21 silly audit   'text-table': [ '0.2.0' ],
21 silly audit   through: [ '2.3.8' ],
21 silly audit   tmp: [ '0.0.33' ],
21 silly audit   'to-fast-properties': [ '2.0.0' ],
21 silly audit   'to-regex-range': [ '5.0.1' ],
21 silly audit   tr46: [ '1.0.1' ],
21 silly audit   'tsconfig-paths': [ '3.14.2' ],
21 silly audit   'type-check': [ '0.3.2' ],
21 silly audit   'typed-array-length': [ '1.0.4' ],
21 silly audit   typescript: [ '5.0.4' ],
21 silly audit   'unbox-primitive': [ '1.0.2' ],
21 silly audit   'unicode-canonical-property-names-ecmascript': [ '2.0.0' ],
21 silly audit   'unicode-match-property-ecmascript': [ '2.0.0' ],
21 silly audit   'unicode-match-property-value-ecmascript': [ '2.1.0' ],
21 silly audit   'unicode-property-aliases-ecmascript': [ '2.1.0' ],
21 silly audit   'unique-string': [ '2.0.0' ],
21 silly audit   universalify: [ '2.0.0' ],
21 silly audit   upath: [ '1.2.0' ],
21 silly audit   'update-browserslist-db': [ '1.0.11' ],
21 silly audit   'uri-js': [ '4.4.1' ],
21 silly audit   'url-loader': [ '2.3.0' ],
21 silly audit   'v8-compile-cache': [ '2.3.0' ],
21 silly audit   'validate-npm-package-license': [ '3.0.4' ],
21 silly audit   'webidl-conversions': [ '4.0.2' ],
21 silly audit   'webpack-sources': [ '1.4.3' ],
21 silly audit   'whatwg-url': [ '7.1.0' ],
21 silly audit   'which-boxed-primitive': [ '1.0.2' ],
21 silly audit   'which-collection': [ '1.0.1' ],
21 silly audit   'which-typed-array': [ '1.1.9' ],
21 silly audit   'word-wrap': [ '1.2.3' ],
21 silly audit   'workbox-background-sync': [ '6.5.4' ],
21 silly audit   'workbox-broadcast-update': [ '6.5.4' ],
21 silly audit   'workbox-build': [ '6.5.4' ],
21 silly audit   'workbox-cacheable-response': [ '6.5.4' ],
21 silly audit   'workbox-core': [ '6.5.4' ],
21 silly audit   'workbox-expiration': [ '6.5.4' ],
21 silly audit   'workbox-google-analytics': [ '6.5.4' ],
21 silly audit   'workbox-navigation-preload': [ '6.5.4' ],
21 silly audit   'workbox-precaching': [ '6.5.4' ],
21 silly audit   'workbox-range-requests': [ '6.5.4' ],
21 silly audit   'workbox-recipes': [ '6.5.4' ],
21 silly audit   'workbox-routing': [ '6.5.4' ],
21 silly audit   'workbox-strategies': [ '6.5.4' ],
21 silly audit   'workbox-streams': [ '6.5.4' ],
21 silly audit   'workbox-sw': [ '6.5.4' ],
21 silly audit   'workbox-webpack-plugin': [ '6.5.4' ],
21 silly audit   'workbox-window': [ '6.5.4' ],
21 silly audit   'wrap-ansi': [ '3.0.1' ],
21 silly audit   wrappy: [ '1.0.2' ],
21 silly audit   write: [ '1.0.3' ],
21 silly audit   yallist: [ '3.1.1' ],
21 silly audit   zod: [ '3.21.4' ],
21 silly audit   'emailjs-com': [ '3.2.0' ]
21 silly audit }
22 verbose reify failed optional dependency C:\Users\HP\Desktop\norah\node_modules\fsevents
23 silly reify mark deleted [ 'C:\\Users\\HP\\Desktop\\norah\\node_modules\\fsevents' ]
24 verbose reify failed optional dependency C:\Users\HP\Desktop\norah\node_modules\@next\swc-win32-ia32-msvc
25 silly reify mark deleted [
25 silly reify   'C:\\Users\\HP\\Desktop\\norah\\node_modules\\@next\\swc-win32-ia32-msvc'
25 silly reify ]
26 verbose reify failed optional dependency C:\Users\HP\Desktop\norah\node_modules\@next\swc-win32-arm64-msvc
27 silly reify mark deleted [
27 silly reify   'C:\\Users\\HP\\Desktop\\norah\\node_modules\\@next\\swc-win32-arm64-msvc'
27 silly reify ]
28 verbose reify failed optional dependency C:\Users\HP\Desktop\norah\node_modules\@next\swc-linux-x64-musl
29 silly reify mark deleted [
29 silly reify   'C:\\Users\\HP\\Desktop\\norah\\node_modules\\@next\\swc-linux-x64-musl'
29 silly reify ]
30 verbose reify failed optional dependency C:\Users\HP\Desktop\norah\node_modules\@next\swc-linux-x64-gnu
31 silly reify mark deleted [
31 silly reify   'C:\\Users\\HP\\Desktop\\norah\\node_modules\\@next\\swc-linux-x64-gnu'
31 silly reify ]
32 verbose reify failed optional dependency C:\Users\HP\Desktop\norah\node_modules\@next\swc-linux-arm64-musl
33 silly reify mark deleted [
33 silly reify   'C:\\Users\\HP\\Desktop\\norah\\node_modules\\@next\\swc-linux-arm64-musl'
33 silly reify ]
34 verbose reify failed optional dependency C:\Users\HP\Desktop\norah\node_modules\@next\swc-linux-arm64-gnu
35 silly reify mark deleted [
35 silly reify   'C:\\Users\\HP\\Desktop\\norah\\node_modules\\@next\\swc-linux-arm64-gnu'
35 silly reify ]
36 verbose reify failed optional dependency C:\Users\HP\Desktop\norah\node_modules\@next\swc-darwin-x64
37 silly reify mark deleted [
37 silly reify   'C:\\Users\\HP\\Desktop\\norah\\node_modules\\@next\\swc-darwin-x64'
37 silly reify ]
38 verbose reify failed optional dependency C:\Users\HP\Desktop\norah\node_modules\@next\swc-darwin-arm64
39 silly reify mark deleted [
39 silly reify   'C:\\Users\\HP\\Desktop\\norah\\node_modules\\@next\\swc-darwin-arm64'
39 silly reify ]
40 silly tarball no local data for emailjs-com@https://registry.npmjs.org/emailjs-com/-/emailjs-com-3.2.0.tgz. Extracting by manifest.
41 silly tarball no local data for @next/swc-win32-x64-msvc@https://registry.npmjs.org/@next/swc-win32-x64-msvc/-/swc-win32-x64-msvc-13.4.2.tgz. Extracting by manifest.
42 http fetch POST 200 https://registry.npmjs.org/-/npm/v1/security/advisories/bulk 1060ms
43 silly audit report {
43 silly audit report   '@babel/traverse': [
43 silly audit report     {
43 silly audit report       id: 1096886,
43 silly audit report       url: 'https://github.com/advisories/GHSA-67hx-6x53-jw92',
43 silly audit report       title: 'Babel vulnerable to arbitrary code execution when compiling specifically crafted malicious code',
43 silly audit report       severity: 'critical',
43 silly audit report       vulnerable_versions: '<7.23.2',
43 silly audit report       cwe: [Array],
43 silly audit report       cvss: [Object]
43 silly audit report     }
43 silly audit report   ],
43 silly audit report   braces: [
43 silly audit report     {
43 silly audit report       id: 1098094,
43 silly audit report       url: 'https://github.com/advisories/GHSA-grv7-fg5c-xmjg',
43 silly audit report       title: 'Uncontrolled resource consumption in braces',
43 silly audit report       severity: 'high',
43 silly audit report       vulnerable_versions: '<3.0.3',
43 silly audit report       cwe: [Array],
43 silly audit report       cvss: [Object]
43 silly audit report     }
43 silly audit report   ],
43 silly audit report   semver: [
43 silly audit report     {
43 silly audit report       id: 1098563,
43 silly audit report       url: 'https://github.com/advisories/GHSA-c2qf-rxjj-qqgw',
43 silly audit report       title: 'semver vulnerable to Regular Expression Denial of Service',
43 silly audit report       severity: 'high',
43 silly audit report       vulnerable_versions: '<5.7.2',
43 silly audit report       cwe: [Array],
43 silly audit report       cvss: [Object]
43 silly audit report     },
43 silly audit report     {
43 silly audit report       id: 1098564,
43 silly audit report       url: 'https://github.com/advisories/GHSA-c2qf-rxjj-qqgw',
43 silly audit report       title: 'semver vulnerable to Regular Expression Denial of Service',
43 silly audit report       severity: 'high',
43 silly audit report       vulnerable_versions: '>=6.0.0 <6.3.1',
43 silly audit report       cwe: [Array],
43 silly audit report       cvss: [Object]
43 silly audit report     }
43 silly audit report   ],
43 silly audit report   ejs: [
43 silly audit report     {
43 silly audit report       id: 1098366,
43 silly audit report       url: 'https://github.com/advisories/GHSA-ghr5-ch3p-vcr6',
43 silly audit report       title: 'ejs lacks certain pollution protection',
43 silly audit report       severity: 'moderate',
43 silly audit report       vulnerable_versions: '<3.1.10',
43 silly audit report       cwe: [Array],
43 silly audit report       cvss: [Object]
43 silly audit report     }
43 silly audit report   ],
43 silly audit report   micromatch: [
43 silly audit report     {
43 silly audit report       id: 1098681,
43 silly audit report       url: 'https://github.com/advisories/GHSA-952p-6rrq-rcjv',
43 silly audit report       title: 'Regular Expression Denial of Service (ReDoS) in micromatch',
43 silly audit report       severity: 'moderate',
43 silly audit report       vulnerable_versions: '<4.0.8',
43 silly audit report       cwe: [Array],
43 silly audit report       cvss: [Object]
43 silly audit report     }
43 silly audit report   ],
43 silly audit report   next: [
43 silly audit report     {
43 silly audit report       id: 1097295,
43 silly audit report       url: 'https://github.com/advisories/GHSA-fr5h-rqp8-mj6g',
43 silly audit report       title: 'Next.js Server-Side Request Forgery in Server Actions',
43 silly audit report       severity: 'high',
43 silly audit report       vulnerable_versions: '>=13.4.0 <14.1.1',
43 silly audit report       cwe: [Array],
43 silly audit report       cvss: [Object]
43 silly audit report     },
43 silly audit report     {
43 silly audit report       id: 1098118,
43 silly audit report       url: 'https://github.com/advisories/GHSA-77r5-gw3j-2mpf',
43 silly audit report       title: 'Next.js Vulnerable to HTTP Request Smuggling',
43 silly audit report       severity: 'high',
43 silly audit report       vulnerable_versions: '>=13.4.0 <13.5.1',
43 silly audit report       cwe: [Array],
43 silly audit report       cvss: [Object]
43 silly audit report     },
43 silly audit report     {
43 silly audit report       id: 1098573,
43 silly audit report       url: 'https://github.com/advisories/GHSA-fq54-2j52-jc42',
43 silly audit report       title: 'Next.js Denial of Service (DoS) condition',
43 silly audit report       severity: 'high',
43 silly audit report       vulnerable_versions: '>=13.4.0 <13.5.0',
43 silly audit report       cwe: [Array],
43 silly audit report       cvss: [Object]
43 silly audit report     },
43 silly audit report     {
43 silly audit report       id: 1094729,
43 silly audit report       url: 'https://github.com/advisories/GHSA-c59h-r6p8-q9wc',
43 silly audit report       title: 'Next.js missing cache-control header may lead to CDN caching empty reply',
43 silly audit report       severity: 'low',
43 silly audit report       vulnerable_versions: '>=0.9.9 <13.4.20-canary.13',
43 silly audit report       cwe: [],
43 silly audit report       cvss: [Object]
43 silly audit report     }
43 silly audit report   ],
43 silly audit report   postcss: [
43 silly audit report     {
43 silly audit report       id: 1094544,
43 silly audit report       url: 'https://github.com/advisories/GHSA-7fh5-64p2-3v2j',
43 silly audit report       title: 'PostCSS line return parsing error',
43 silly audit report       severity: 'moderate',
43 silly audit report       vulnerable_versions: '<8.4.31',
43 silly audit report       cwe: [Array],
43 silly audit report       cvss: [Object]
43 silly audit report     }
43 silly audit report   ],
43 silly audit report   rollup: [
43 silly audit report     {
43 silly audit report       id: 1099757,
43 silly audit report       url: 'https://github.com/advisories/GHSA-gcx4-mw62-g8wm',
43 silly audit report       title: 'DOM Clobbering Gadget found in rollup bundled scripts that leads to XSS',
43 silly audit report       severity: 'high',
43 silly audit report       vulnerable_versions: '<2.79.2',
43 silly audit report       cwe: [Array],
43 silly audit report       cvss: [Object]
43 silly audit report     }
43 silly audit report   ],
43 silly audit report   'word-wrap': [
43 silly audit report     {
43 silly audit report       id: 1097681,
43 silly audit report       url: 'https://github.com/advisories/GHSA-j8xg-fqg3-53r7',
43 silly audit report       title: 'word-wrap vulnerable to Regular Expression Denial of Service',
43 silly audit report       severity: 'moderate',
43 silly audit report       vulnerable_versions: '<1.2.4',
43 silly audit report       cwe: [Array],
43 silly audit report       cvss: [Object]
43 silly audit report     }
43 silly audit report   ],
43 silly audit report   zod: [
43 silly audit report     {
43 silly audit report       id: 1099462,
43 silly audit report       url: 'https://github.com/advisories/GHSA-m95q-7qp3-xv42',
43 silly audit report       title: 'Zod denial of service vulnerability',
43 silly audit report       severity: 'moderate',
43 silly audit report       vulnerable_versions: '<=3.22.2',
43 silly audit report       cwe: [Array],
43 silly audit report       cvss: [Object]
43 silly audit report     }
43 silly audit report   ]
43 silly audit report }
44 silly packumentCache corgi:https://registry.npmjs.org/@babel%2ftraverse cache-miss
45 silly packumentCache corgi:https://registry.npmjs.org/braces cache-miss
46 silly packumentCache corgi:https://registry.npmjs.org/semver cache-miss
47 silly packumentCache corgi:https://registry.npmjs.org/ejs cache-miss
48 silly packumentCache corgi:https://registry.npmjs.org/micromatch cache-miss
49 silly packumentCache corgi:https://registry.npmjs.org/next cache-miss
50 silly packumentCache corgi:https://registry.npmjs.org/postcss cache-miss
51 silly packumentCache corgi:https://registry.npmjs.org/rollup cache-miss
52 silly packumentCache corgi:https://registry.npmjs.org/word-wrap cache-miss
53 silly packumentCache corgi:https://registry.npmjs.org/zod cache-miss
54 http fetch GET 200 https://registry.npmjs.org/@babel%2ftraverse 650ms (cache miss)
55 silly packumentCache corgi:https://registry.npmjs.org/@babel%2ftraverse set size:undefined disposed:false
56 http fetch GET 200 https://registry.npmjs.org/braces 951ms (cache miss)
57 silly packumentCache corgi:https://registry.npmjs.org/braces set size:undefined disposed:false
58 http fetch GET 200 https://registry.npmjs.org/word-wrap 1268ms (cache miss)
59 silly packumentCache corgi:https://registry.npmjs.org/word-wrap set size:undefined disposed:false
60 http fetch GET 200 https://registry.npmjs.org/semver 1334ms (cache miss)
61 silly packumentCache corgi:https://registry.npmjs.org/semver set size:undefined disposed:false
62 http fetch GET 200 https://registry.npmjs.org/postcss 1469ms (cache miss)
63 silly packumentCache corgi:https://registry.npmjs.org/postcss set size:undefined disposed:false
64 http fetch GET 200 https://registry.npmjs.org/micromatch 1549ms (cache miss)
65 silly packumentCache corgi:https://registry.npmjs.org/micromatch set size:undefined disposed:false
66 http fetch GET 200 https://registry.npmjs.org/ejs 1558ms (cache miss)
67 silly packumentCache corgi:https://registry.npmjs.org/ejs set size:undefined disposed:false
68 http fetch GET 200 https://registry.npmjs.org/rollup 1638ms (cache miss)
69 silly packumentCache corgi:https://registry.npmjs.org/rollup set size:undefined disposed:false
70 http fetch GET 200 https://registry.npmjs.org/emailjs-com/-/emailjs-com-3.2.0.tgz 3502ms (cache miss)
71 warn deprecated emailjs-com@3.2.0: The SDK name changed to @emailjs/browser
72 http fetch GET 200 https://registry.npmjs.org/zod 3739ms (cache miss)
73 silly packumentCache corgi:https://registry.npmjs.org/zod set size:undefined disposed:false
74 http fetch GET 200 https://registry.npmjs.org/next 4563ms (cache miss)
75 silly packumentCache corgi:https://registry.npmjs.org/next set size:undefined disposed:false
76 silly packumentCache corgi:https://registry.npmjs.org/@babel%2fcore cache-miss
77 silly packumentCache corgi:https://registry.npmjs.org/@babel%2fhelper-module-transforms cache-miss
78 silly packumentCache corgi:https://registry.npmjs.org/@babel%2fhelper-replace-supers cache-miss
79 silly packumentCache corgi:https://registry.npmjs.org/@babel%2fhelper-wrap-function cache-miss
80 silly packumentCache corgi:https://registry.npmjs.org/@babel%2fhelpers cache-miss
81 silly packumentCache corgi:https://registry.npmjs.org/styled-components cache-miss
82 http fetch GET 200 https://registry.npmjs.org/@babel%2fhelper-replace-supers 506ms (cache miss)
83 silly packumentCache corgi:https://registry.npmjs.org/@babel%2fhelper-replace-supers set size:undefined disposed:false
84 http fetch GET 200 https://registry.npmjs.org/@babel%2fhelpers 597ms (cache miss)
85 silly packumentCache corgi:https://registry.npmjs.org/@babel%2fhelpers set size:undefined disposed:false
86 http fetch GET 200 https://registry.npmjs.org/@babel%2fcore 681ms (cache miss)
87 silly packumentCache corgi:https://registry.npmjs.org/@babel%2fcore set size:undefined disposed:false
88 http fetch GET 200 https://registry.npmjs.org/@babel%2fhelper-wrap-function 756ms (cache miss)
89 silly packumentCache corgi:https://registry.npmjs.org/@babel%2fhelper-wrap-function set size:undefined disposed:false
90 http fetch GET 200 https://registry.npmjs.org/@babel%2fhelper-module-transforms 860ms (cache miss)
91 silly packumentCache corgi:https://registry.npmjs.org/@babel%2fhelper-module-transforms set size:undefined disposed:false
92 http fetch GET 200 https://registry.npmjs.org/styled-components 1285ms (cache miss)
93 silly packumentCache corgi:https://registry.npmjs.org/styled-components set size:undefined disposed:false
94 silly packumentCache corgi:https://registry.npmjs.org/cross-spawn cache-miss
95 silly packumentCache corgi:https://registry.npmjs.org/normalize-package-data cache-miss
96 http fetch GET 200 https://registry.npmjs.org/normalize-package-data 749ms (cache miss)
97 silly packumentCache corgi:https://registry.npmjs.org/normalize-package-data set size:undefined disposed:false
98 http fetch GET 200 https://registry.npmjs.org/cross-spawn 792ms (cache miss)
99 silly packumentCache corgi:https://registry.npmjs.org/cross-spawn set size:undefined disposed:false
100 silly packumentCache corgi:https://registry.npmjs.org/@babel%2fhelper-compilation-targets cache-miss
101 silly packumentCache corgi:https://registry.npmjs.org/@babel%2fhelper-create-class-features-plugin cache-miss
102 silly packumentCache corgi:https://registry.npmjs.org/@babel%2fhelper-create-regexp-features-plugin cache-miss
103 silly packumentCache corgi:https://registry.npmjs.org/@babel%2fhelper-define-polyfill-provider cache-miss
104 silly packumentCache corgi:https://registry.npmjs.org/@babel%2fpreset-env cache-miss
105 silly packumentCache corgi:https://registry.npmjs.org/babel-plugin-polyfill-corejs2 cache-miss
106 silly packumentCache corgi:https://registry.npmjs.org/eslint cache-miss
107 silly packumentCache corgi:https://registry.npmjs.org/eslint-plugin-import cache-miss
108 silly packumentCache corgi:https://registry.npmjs.org/eslint-plugin-jsx-a11y cache-miss
109 silly packumentCache corgi:https://registry.npmjs.org/eslint-plugin-react cache-miss
110 silly packumentCache corgi:https://registry.npmjs.org/make-dir cache-miss
111 http fetch GET 200 https://registry.npmjs.org/eslint-plugin-jsx-a11y 2445ms (cache miss)
112 silly packumentCache corgi:https://registry.npmjs.org/eslint-plugin-jsx-a11y set size:undefined disposed:false
113 http fetch GET 200 https://registry.npmjs.org/eslint-plugin-import 2509ms (cache miss)
114 silly packumentCache corgi:https://registry.npmjs.org/eslint-plugin-import set size:undefined disposed:false
115 http fetch GET 200 https://registry.npmjs.org/@babel%2fhelper-define-polyfill-provider 2711ms (cache miss)
116 silly packumentCache corgi:https://registry.npmjs.org/@babel%2fhelper-define-polyfill-provider set size:undefined disposed:false
117 http fetch GET 200 https://registry.npmjs.org/@babel%2fhelper-create-class-features-plugin 2741ms (cache miss)
118 silly packumentCache corgi:https://registry.npmjs.org/@babel%2fhelper-create-class-features-plugin set size:undefined disposed:false
119 http fetch GET 200 https://registry.npmjs.org/babel-plugin-polyfill-corejs2 2780ms (cache miss)
120 silly packumentCache corgi:https://registry.npmjs.org/babel-plugin-polyfill-corejs2 set size:undefined disposed:false
121 http fetch GET 200 https://registry.npmjs.org/@babel%2fpreset-env 2919ms (cache miss)
122 silly packumentCache corgi:https://registry.npmjs.org/@babel%2fpreset-env set size:undefined disposed:false
123 http fetch GET 200 https://registry.npmjs.org/make-dir 3060ms (cache miss)
124 silly packumentCache corgi:https://registry.npmjs.org/make-dir set size:undefined disposed:false
125 http fetch GET 200 https://registry.npmjs.org/@babel%2fhelper-create-regexp-features-plugin 4166ms (cache miss)
126 silly packumentCache corgi:https://registry.npmjs.org/@babel%2fhelper-create-regexp-features-plugin set size:undefined disposed:false
127 http fetch GET 200 https://registry.npmjs.org/@babel%2fhelper-compilation-targets 4829ms (cache miss)
128 silly packumentCache corgi:https://registry.npmjs.org/@babel%2fhelper-compilation-targets set size:undefined disposed:false
129 http fetch GET 200 https://registry.npmjs.org/eslint-plugin-react 4895ms (cache miss)
130 silly packumentCache corgi:https://registry.npmjs.org/eslint-plugin-react set size:undefined disposed:false
131 http fetch GET 200 https://registry.npmjs.org/eslint 8213ms (cache miss)
132 silly packumentCache corgi:https://registry.npmjs.org/eslint set size:undefined disposed:false
133 silly packumentCache corgi:https://registry.npmjs.org/@surma%2frollup-plugin-off-main-thread cache-miss
134 http fetch GET 200 https://registry.npmjs.org/@surma%2frollup-plugin-off-main-thread 1907ms (cache miss)
135 silly packumentCache corgi:https://registry.npmjs.org/@surma%2frollup-plugin-off-main-thread set size:undefined disposed:false
136 silly packumentCache corgi:https://registry.npmjs.org/fast-glob cache-miss
137 silly packumentCache corgi:https://registry.npmjs.org/lint-staged cache-miss
138 http fetch GET 200 https://registry.npmjs.org/fast-glob 1449ms (cache miss)
139 silly packumentCache corgi:https://registry.npmjs.org/fast-glob set size:undefined disposed:false
140 http fetch GET 200 https://registry.npmjs.org/lint-staged 2143ms (cache miss)
141 silly packumentCache corgi:https://registry.npmjs.org/lint-staged set size:undefined disposed:false
142 silly packumentCache corgi:https://registry.npmjs.org/workbox-build cache-miss
143 http fetch GET 200 https://registry.npmjs.org/workbox-build 448ms (cache miss)
144 silly packumentCache corgi:https://registry.npmjs.org/workbox-build set size:undefined disposed:false
145 silly packumentCache corgi:https://registry.npmjs.org/optionator cache-miss
146 http fetch GET 200 https://registry.npmjs.org/optionator 351ms (cache miss)
147 silly packumentCache corgi:https://registry.npmjs.org/optionator set size:undefined disposed:false
148 http fetch GET 200 https://registry.npmjs.org/@next/swc-win32-x64-msvc/-/swc-win32-x64-msvc-13.4.2.tgz 25190ms (cache miss)
149 silly ADD node_modules/emailjs-com
150 silly ADD
151 silly ADD node_modules/@next/swc-win32-x64-msvc
152 silly ADD
153 silly ADD
154 silly ADD
155 silly ADD
156 silly ADD
157 silly ADD
158 silly ADD
159 silly ADD
160 verbose cwd C:\Users\HP\Desktop\norah
161 verbose os Windows_NT 10.0.19045
162 verbose node v21.6.1
163 verbose npm  v10.8.2
164 verbose exit 0
165 info ok
