0 verbose cli C:\Program Files\nodejs\node.exe C:\Users\HP\AppData\Roaming\npm\node_modules\npm\bin\npm-cli.js
1 info using npm@10.9.1
2 info using node@v21.6.1
3 silly config load:file:C:\Users\HP\AppData\Roaming\npm\node_modules\npm\npmrc
4 silly config load:file:C:\Users\HP\Desktop\portfolio projects\PORTFOLIO SITE\.npmrc
5 silly config load:file:C:\Users\HP\.npmrc
6 silly config load:file:C:\Users\HP\AppData\Roaming\npm\etc\npmrc
7 verbose title npm install
8 verbose argv "install" "-legacy-peer-deps"
9 verbose logfile logs-max:10 dir:C:\Users\HP\Desktop\portfolio projects\PORTFOLIO SITE\clean\_logs\2025-03-01T09_29_37_989Z-
10 verbose logfile C:\Users\HP\Desktop\portfolio projects\PORTFOLIO SITE\clean\_logs\2025-03-01T09_29_37_989Z-debug-0.log
11 silly logfile start cleaning logs, removing 2 files
12 silly packumentCache heap:2197815296 maxSize:549453824 maxEntrySize:274726912
13 silly logfile done cleaning log files
14 silly idealTree buildDeps
15 silly reify moves {}
16 silly audit bulk request {
16 silly audit   '@ampproject/remapping': [ '2.2.1' ],
16 silly audit   '@babel/code-frame': [ '7.26.2' ],
16 silly audit   '@babel/compat-data': [ '7.26.8' ],
16 silly audit   '@babel/core': [ '7.26.9' ],
16 silly audit   '@babel/eslint-parser': [ '7.26.8' ],
16 silly audit   '@babel/generator': [ '7.26.9' ],
16 silly audit   '@babel/helper-annotate-as-pure': [ '7.25.9' ],
16 silly audit   '@babel/helper-compilation-targets': [ '7.26.5' ],
16 silly audit   '@babel/helper-module-imports': [ '7.25.9' ],
16 silly audit   '@babel/helper-module-transforms': [ '7.26.0' ],
16 silly audit   '@babel/helper-plugin-utils': [ '7.26.5' ],
16 silly audit   '@babel/helper-string-parser': [ '7.25.9' ],
16 silly audit   '@babel/helper-validator-identifier': [ '7.25.9' ],
16 silly audit   '@babel/helper-validator-option': [ '7.25.9' ],
16 silly audit   '@babel/helpers': [ '7.26.9' ],
16 silly audit   '@babel/parser': [ '7.26.9' ],
16 silly audit   '@babel/plugin-syntax-jsx': [ '7.25.9' ],
16 silly audit   '@babel/runtime': [ '7.21.5' ],
16 silly audit   '@babel/template': [ '7.26.9' ],
16 silly audit   '@babel/traverse': [ '7.26.9' ],
16 silly audit   '@babel/types': [ '7.26.9' ],
16 silly audit   '@emnapi/runtime': [ '1.3.1' ],
16 silly audit   '@emotion/is-prop-valid': [ '0.8.8', '1.2.2' ],
16 silly audit   '@emotion/memoize': [ '0.7.4', '0.8.1' ],
16 silly audit   '@emotion/unitless': [ '0.8.1' ],
16 silly audit   '@eslint-community/eslint-utils': [ '4.4.1' ],
16 silly audit   'eslint-visitor-keys': [ '3.4.3', '2.1.0', '4.2.0' ],
16 silly audit   '@eslint-community/regexpp': [ '4.12.1' ],
16 silly audit   '@eslint/config-array': [ '0.19.2' ],
16 silly audit   '@eslint/core': [ '0.12.0' ],
16 silly audit   '@eslint/eslintrc': [ '3.3.0' ],
16 silly audit   globals: [ '14.0.0', '11.12.0' ],
16 silly audit   '@eslint/js': [ '9.21.0' ],
16 silly audit   '@eslint/object-schema': [ '2.1.6' ],
16 silly audit   '@eslint/plugin-kit': [ '0.2.7' ],
16 silly audit   '@hapi/address': [ '2.1.4' ],
16 silly audit   '@hapi/bourne': [ '1.3.2' ],
16 silly audit   '@hapi/hoek': [ '8.5.1' ],
16 silly audit   '@hapi/joi': [ '15.1.1' ],
16 silly audit   '@hapi/topo': [ '3.1.6' ],
16 silly audit   '@humanfs/core': [ '0.19.1' ],
16 silly audit   '@humanfs/node': [ '0.16.6' ],
16 silly audit   '@humanwhocodes/retry': [ '0.3.1', '0.4.2' ],
16 silly audit   '@humanwhocodes/module-importer': [ '1.0.1' ],
16 silly audit   '@img/sharp-darwin-arm64': [ '0.33.5' ],
16 silly audit   '@img/sharp-darwin-x64': [ '0.33.5' ],
16 silly audit   '@img/sharp-libvips-darwin-arm64': [ '1.0.4' ],
16 silly audit   '@img/sharp-libvips-darwin-x64': [ '1.0.4' ],
16 silly audit   '@img/sharp-libvips-linux-arm': [ '1.0.5' ],
16 silly audit   '@img/sharp-libvips-linux-arm64': [ '1.0.4' ],
16 silly audit   '@img/sharp-libvips-linux-s390x': [ '1.0.4' ],
16 silly audit   '@img/sharp-libvips-linux-x64': [ '1.0.4' ],
16 silly audit   '@img/sharp-libvips-linuxmusl-arm64': [ '1.0.4' ],
16 silly audit   '@img/sharp-libvips-linuxmusl-x64': [ '1.0.4' ],
16 silly audit   '@img/sharp-linux-arm': [ '0.33.5' ],
16 silly audit   '@img/sharp-linux-arm64': [ '0.33.5' ],
16 silly audit   '@img/sharp-linux-s390x': [ '0.33.5' ],
16 silly audit   '@img/sharp-linux-x64': [ '0.33.5' ],
16 silly audit   '@img/sharp-linuxmusl-arm64': [ '0.33.5' ],
16 silly audit   '@img/sharp-linuxmusl-x64': [ '0.33.5' ],
16 silly audit   '@img/sharp-wasm32': [ '0.33.5' ],
16 silly audit   '@img/sharp-win32-ia32': [ '0.33.5' ],
16 silly audit   '@img/sharp-win32-x64': [ '0.33.5' ],
16 silly audit   '@jridgewell/gen-mapping': [ '0.3.8' ],
16 silly audit   '@jridgewell/resolve-uri': [ '3.1.0' ],
16 silly audit   '@jridgewell/set-array': [ '1.2.1' ],
16 silly audit   '@jridgewell/sourcemap-codec': [ '1.4.15' ],
16 silly audit   '@jridgewell/trace-mapping': [ '0.3.25' ],
16 silly audit   '@next/env': [ '15.1.7' ],
16 silly audit   '@next/swc-darwin-arm64': [ '15.1.7' ],
16 silly audit   '@next/swc-darwin-x64': [ '15.1.7' ],
16 silly audit   '@next/swc-linux-arm64-gnu': [ '15.1.7' ],
16 silly audit   '@next/swc-linux-arm64-musl': [ '15.1.7' ],
16 silly audit   '@next/swc-linux-x64-gnu': [ '15.1.7' ],
16 silly audit   '@next/swc-linux-x64-musl': [ '15.1.7' ],
16 silly audit   '@next/swc-win32-arm64-msvc': [ '15.1.7' ],
16 silly audit   '@next/swc-win32-x64-msvc': [ '15.1.7' ],
16 silly audit   '@nicolo-ribaudo/eslint-scope-5-internals': [ '5.1.1-v1' ],
16 silly audit   '@nodelib/fs.scandir': [ '2.1.5' ],
16 silly audit   '@nodelib/fs.stat': [ '2.0.5' ],
16 silly audit   '@nodelib/fs.walk': [ '1.2.8' ],
16 silly audit   '@rtsao/scc': [ '1.1.0' ],
16 silly audit   '@samverschueren/stream-to-observable': [ '0.3.1' ],
16 silly audit   '@swc/counter': [ '0.1.3' ],
16 silly audit   '@swc/helpers': [ '0.5.15' ],
16 silly audit   '@types/estree': [ '1.0.6' ],
16 silly audit   '@types/glob': [ '7.2.0' ],
16 silly audit   '@types/hoist-non-react-statics': [ '3.3.1' ],
16 silly audit   '@types/json-schema': [ '7.0.15' ],
16 silly audit   '@types/json5': [ '0.0.29' ],
16 silly audit   '@types/minimatch': [ '5.1.2' ],
16 silly audit   '@types/node': [ '20.2.1' ],
16 silly audit   '@types/normalize-package-data': [ '2.4.1' ],
16 silly audit   '@types/prop-types': [ '15.7.5' ],
16 silly audit   '@types/react': [ '18.2.6' ],
16 silly audit   '@types/scheduler': [ '0.16.3' ],
16 silly audit   '@types/source-list-map': [ '0.1.6' ],
16 silly audit   '@types/styled-components': [ '5.1.34' ],
16 silly audit   '@types/stylis': [ '4.2.5' ],
16 silly audit   '@types/tapable': [ '1.0.12' ],
16 silly audit   '@types/uglify-js': [ '3.17.5' ],
16 silly audit   '@types/webpack': [ '4.41.40' ],
16 silly audit   '@types/webpack-sources': [ '3.2.3' ],
16 silly audit   'source-map': [ '0.7.4', '0.5.7', '0.6.1' ],
16 silly audit   '@webassemblyjs/ast': [ '1.9.0' ],
16 silly audit   '@webassemblyjs/floating-point-hex-parser': [ '1.9.0' ],
16 silly audit   '@webassemblyjs/helper-api-error': [ '1.9.0' ],
16 silly audit   '@webassemblyjs/helper-buffer': [ '1.9.0' ],
16 silly audit   '@webassemblyjs/helper-code-frame': [ '1.9.0' ],
16 silly audit   '@webassemblyjs/helper-fsm': [ '1.9.0' ],
16 silly audit   '@webassemblyjs/helper-module-context': [ '1.9.0' ],
16 silly audit   '@webassemblyjs/helper-wasm-bytecode': [ '1.9.0' ],
16 silly audit   '@webassemblyjs/helper-wasm-section': [ '1.9.0' ],
16 silly audit   '@webassemblyjs/ieee754': [ '1.9.0' ],
16 silly audit   '@webassemblyjs/leb128': [ '1.9.0' ],
16 silly audit   '@webassemblyjs/utf8': [ '1.9.0' ],
16 silly audit   '@webassemblyjs/wasm-edit': [ '1.9.0' ],
16 silly audit   '@webassemblyjs/wasm-gen': [ '1.9.0' ],
16 silly audit   '@webassemblyjs/wasm-opt': [ '1.9.0' ],
16 silly audit   '@webassemblyjs/wasm-parser': [ '1.9.0' ],
16 silly audit   '@webassemblyjs/wast-parser': [ '1.9.0' ],
16 silly audit   '@webassemblyjs/wast-printer': [ '1.9.0' ],
16 silly audit   '@xtuc/ieee754': [ '1.2.0' ],
16 silly audit   '@xtuc/long': [ '4.2.2' ],
16 silly audit   acorn: [ '8.14.0', '6.4.2' ],
16 silly audit   'acorn-jsx': [ '5.3.2' ],
16 silly audit   'aggregate-error': [ '3.1.0' ],
16 silly audit   'indent-string': [ '4.0.0', '3.2.0' ],
16 silly audit   ajv: [ '6.12.6' ],
16 silly audit   'ajv-errors': [ '1.0.1' ],
16 silly audit   'ajv-keywords': [ '3.5.2' ],
16 silly audit   'ansi-escapes': [ '3.2.0' ],
16 silly audit   'ansi-regex': [ '2.1.1', '3.0.1' ],
16 silly audit   'ansi-styles': [ '4.3.0', '3.2.1', '2.2.1' ],
16 silly audit   'any-observable': [ '0.3.0' ],
16 silly audit   anymatch: [ '3.1.3', '2.0.0' ],
16 silly audit   aproba: [ '1.2.0' ],
16 silly audit   argparse: [ '2.0.1', '1.0.10' ],
16 silly audit   'aria-query': [ '5.1.3' ],
16 silly audit   'arr-diff': [ '4.0.0' ],
16 silly audit   'arr-flatten': [ '1.1.0' ],
16 silly audit   'arr-union': [ '3.1.0' ],
16 silly audit   'array-buffer-byte-length': [ '1.0.2' ],
16 silly audit   'array-includes': [ '3.1.8' ],
16 silly audit   'array-union': [ '2.1.0', '1.0.2' ],
16 silly audit   'array-uniq': [ '1.0.3' ],
16 silly audit   'array-unique': [ '0.3.2' ],
16 silly audit   'array.prototype.findlastindex': [ '1.2.5' ],
16 silly audit   'array.prototype.flat': [ '1.3.3' ],
16 silly audit   'array.prototype.flatmap': [ '1.3.3' ],
16 silly audit   'array.prototype.tosorted': [ '1.1.1' ],
16 silly audit   'arraybuffer.prototype.slice': [ '1.0.4' ],
16 silly audit   'asn1.js': [ '4.10.1' ],
16 silly audit   'bn.js': [ '4.12.1', '5.2.1' ],
16 silly audit   assert: [ '1.5.1' ],
16 silly audit   inherits: [ '2.0.3', '2.0.4' ],
16 silly audit   util: [ '0.10.4', '0.11.1' ],
16 silly audit   'assign-symbols': [ '1.0.0' ],
16 silly audit   'ast-types-flow': [ '0.0.7' ],
16 silly audit   'async-each': [ '1.0.6' ],
16 silly audit   'async-function': [ '1.0.0' ],
16 silly audit   atob: [ '2.1.2' ],
16 silly audit   'available-typed-arrays': [ '1.0.7' ],
16 silly audit   'axe-core': [ '4.7.1' ],
16 silly audit   'axobject-query': [ '3.1.1' ],
16 silly audit   'babel-extract-comments': [ '1.0.0' ],
16 silly audit   'babel-plugin-styled-components': [ '2.1.4' ],
16 silly audit   'babel-plugin-syntax-object-rest-spread': [ '6.13.0' ],
16 silly audit   'babel-plugin-transform-object-rest-spread': [ '6.26.0' ],
16 silly audit   'babel-runtime': [ '6.26.0' ],
16 silly audit   'regenerator-runtime': [ '0.11.1', '0.13.11' ],
16 silly audit   babylon: [ '6.18.0' ],
16 silly audit   'balanced-match': [ '1.0.2' ],
16 silly audit   base: [ '0.11.2' ],
16 silly audit   'define-property': [ '1.0.0', '0.2.5', '2.0.2' ],
16 silly audit   'is-descriptor': [ '1.0.3', '0.1.7' ],
16 silly audit   'base64-js': [ '1.5.1' ],
16 silly audit   'big.js': [ '5.2.2' ],
16 silly audit   'binary-extensions': [ '2.3.0', '1.13.1' ],
16 silly audit   bindings: [ '1.5.0' ],
16 silly audit   bluebird: [ '3.7.2' ],
16 silly audit   'brace-expansion': [ '1.1.11' ],
16 silly audit   braces: [ '3.0.3', '2.3.2' ],
16 silly audit   brorand: [ '1.1.0' ],
16 silly audit   'browserify-aes': [ '1.2.0' ],
16 silly audit   'browserify-cipher': [ '1.0.1' ],
16 silly audit   'browserify-des': [ '1.0.2' ],
16 silly audit   'browserify-rsa': [ '4.1.1' ],
16 silly audit   'browserify-sign': [ '4.2.3' ],
16 silly audit   'browserify-zlib': [ '0.2.0' ],
16 silly audit   browserslist: [ '4.24.4' ],
16 silly audit   buffer: [ '4.9.2' ],
16 silly audit   'buffer-from': [ '1.1.2' ],
16 silly audit   'buffer-xor': [ '1.0.3' ],
16 silly audit   isarray: [ '1.0.0', '2.0.5' ],
16 silly audit   'builtin-status-codes': [ '3.0.0' ],
16 silly audit   busboy: [ '1.6.0' ],
16 silly audit   cacache: [ '12.0.4' ],
16 silly audit   rimraf: [ '2.7.1', '3.0.2' ],
16 silly audit   'cache-base': [ '1.0.1' ],
16 silly audit   'call-bind': [ '1.0.8' ],
16 silly audit   'call-bind-apply-helpers': [ '1.0.2' ],
16 silly audit   'call-bound': [ '1.0.3' ],
16 silly audit   'caller-callsite': [ '2.0.0' ],
16 silly audit   callsites: [ '2.0.0', '3.1.0' ],
16 silly audit   'caller-path': [ '2.0.0' ],
16 silly audit   camelize: [ '1.0.1' ],
16 silly audit   'caniuse-lite': [ '1.0.30001700' ],
16 silly audit   chalk: [ '4.1.2', '2.4.2', '1.1.3' ],
16 silly audit   chokidar: [ '3.6.0', '2.1.8' ],
16 silly audit   'glob-parent': [ '5.1.2', '6.0.2', '3.1.0' ],
16 silly audit   chownr: [ '1.1.4' ],
16 silly audit   'chrome-trace-event': [ '1.0.4' ],
16 silly audit   'ci-info': [ '2.0.0' ],
16 silly audit   'cipher-base': [ '1.0.6' ],
16 silly audit   'class-utils': [ '0.3.6' ],
16 silly audit   'clean-stack': [ '2.2.0' ],
16 silly audit   'clean-webpack-plugin': [ '3.0.0' ],
16 silly audit   del: [ '4.1.1', '5.1.0' ],
16 silly audit   globby: [ '6.1.0', '10.0.2' ],
16 silly audit   pify: [ '2.3.0', '4.0.1' ],
16 silly audit   'p-map': [ '2.1.0', '3.0.0' ],
16 silly audit   'cli-cursor': [ '2.1.0' ],
16 silly audit   'cli-truncate': [ '0.2.1' ],
16 silly audit   'client-only': [ '0.0.1' ],
16 silly audit   'code-point-at': [ '1.1.0' ],
16 silly audit   'codewonders-helpers': [ '1.1.0' ],
16 silly audit   'collection-visit': [ '1.0.0' ],
16 silly audit   color: [ '4.2.3' ],
16 silly audit   'color-convert': [ '2.0.1', '1.9.3' ],
16 silly audit   'color-name': [ '1.1.4', '1.1.3' ],
16 silly audit   'color-string': [ '1.9.1' ],
16 silly audit   commander: [ '2.20.3' ],
16 silly audit   'common-tags': [ '1.8.2' ],
16 silly audit   commondir: [ '1.0.1' ],
16 silly audit   'component-emitter': [ '1.3.1' ],
16 silly audit   'concat-map': [ '0.0.1' ],
16 silly audit   'concat-stream': [ '1.6.2' ],
16 silly audit   'confusing-browser-globals': [ '1.0.11' ],
16 silly audit   'console-browserify': [ '1.2.0' ],
16 silly audit   'constants-browserify': [ '1.0.0' ],
16 silly audit   'convert-source-map': [ '2.0.0' ],
16 silly audit   'copy-concurrently': [ '1.0.5' ],
16 silly audit   'copy-descriptor': [ '0.1.1' ],
16 silly audit   'core-js': [ '2.6.12' ],
16 silly audit   'core-util-is': [ '1.0.3' ],
16 silly audit   cosmiconfig: [ '5.2.1' ],
16 silly audit   'import-fresh': [ '2.0.0', '3.3.1' ],
16 silly audit   'js-yaml': [ '3.14.1', '4.1.0' ],
16 silly audit   'resolve-from': [ '3.0.0', '4.0.0' ],
16 silly audit   'create-ecdh': [ '4.0.4' ],
16 silly audit   'create-hash': [ '1.2.0' ],
16 silly audit   'create-hmac': [ '1.1.7' ],
16 silly audit   'cross-spawn': [ '7.0.6', '6.0.6' ],
16 silly audit   'crypto-browserify': [ '3.12.1' ],
16 silly audit   'css-color-keywords': [ '1.0.0' ],
16 silly audit   'css-to-react-native': [ '3.2.0' ],
16 silly audit   csstype: [ '3.1.3' ],
16 silly audit   cyclist: [ '1.0.2' ],
16 silly audit   'damerau-levenshtein': [ '1.0.8' ],
16 silly audit   'data-view-buffer': [ '1.0.2' ],
16 silly audit   'data-view-byte-length': [ '1.0.2' ],
16 silly audit   'data-view-byte-offset': [ '1.0.1' ],
16 silly audit   'date-fns': [ '1.30.1' ],
16 silly audit   debug: [ '4.3.4', '3.2.7', '2.6.9' ],
16 silly audit   'decode-uri-component': [ '0.2.2' ],
16 silly audit   dedent: [ '0.7.0' ],
16 silly audit   'deep-equal': [ '2.2.1' ],
16 silly audit   'deep-is': [ '0.1.4' ],
16 silly audit   'define-data-property': [ '1.1.4' ],
16 silly audit   'define-properties': [ '1.2.1' ],
16 silly audit   'des.js': [ '1.1.0' ],
16 silly audit   'detect-libc': [ '2.0.3' ],
16 silly audit   'diffie-hellman': [ '5.0.3' ],
16 silly audit   'dir-glob': [ '3.0.1' ],
16 silly audit   doctrine: [ '2.1.0' ],
16 silly audit   'dom-helpers': [ '3.4.0' ],
16 silly audit   'domain-browser': [ '1.2.0' ],
16 silly audit   'dunder-proto': [ '1.0.1' ],
16 silly audit   duplexify: [ '3.7.1' ],
16 silly audit   'electron-to-chromium': [ '1.5.104' ],
16 silly audit   'elegant-spinner': [ '1.0.1' ],
16 silly audit   elliptic: [ '6.6.1' ],
16 silly audit   'emailjs-com': [ '3.2.0' ],
16 silly audit   'emoji-regex': [ '9.2.2' ],
16 silly audit   'emojis-list': [ '3.0.0' ],
16 silly audit   'end-of-stream': [ '1.4.4' ],
16 silly audit   'enhanced-resolve': [ '4.5.0' ],
16 silly audit   'memory-fs': [ '0.5.0', '0.4.1' ],
16 silly audit   errno: [ '0.1.8' ],
16 silly audit   'error-ex': [ '1.3.2' ],
16 silly audit   'es-abstract': [ '1.23.9' ],
16 silly audit   'es-define-property': [ '1.0.1' ],
16 silly audit   'es-errors': [ '1.3.0' ],
16 silly audit   'es-get-iterator': [ '1.1.3' ],
16 silly audit   'es-object-atoms': [ '1.1.1' ],
16 silly audit   'es-set-tostringtag': [ '2.1.0' ],
16 silly audit   'es-shim-unscopables': [ '1.1.0' ],
16 silly audit   'es-to-primitive': [ '1.3.0' ],
16 silly audit   escalade: [ '3.2.0' ],
16 silly audit   'escape-string-regexp': [ '4.0.0', '1.0.5' ],
16 silly audit   eslint: [ '9.21.0' ],
16 silly audit   'eslint-config-airbnb': [ '19.0.4' ],
16 silly audit   'eslint-config-airbnb-base': [ '15.0.0' ],
16 silly audit   'eslint-config-prettier': [ '10.0.1' ],
16 silly audit   'eslint-import-resolver-node': [ '0.3.9' ],
16 silly audit   'eslint-module-utils': [ '2.12.0' ],
16 silly audit   'eslint-plugin-import': [ '2.31.0' ],
16 silly audit   'eslint-plugin-jsx-a11y': [ '6.7.1' ],
16 silly audit   'eslint-plugin-prettier': [ '3.4.1' ],
16 silly audit   'eslint-plugin-react': [ '7.32.2' ],
16 silly audit   'eslint-plugin-react-hooks': [ '5.1.0' ],
16 silly audit   resolve: [ '2.0.0-next.4', '1.22.10' ],
16 silly audit   'eslint-scope': [ '5.1.1', '8.2.0', '4.0.3' ],
16 silly audit   estraverse: [ '4.3.0', '5.3.0' ],
16 silly audit   espree: [ '10.3.0' ],
16 silly audit   esprima: [ '4.0.1' ],
16 silly audit   esquery: [ '1.5.0' ],
16 silly audit   esrecurse: [ '4.3.0' ],
16 silly audit   esutils: [ '2.0.3' ],
16 silly audit   events: [ '3.3.0' ],
16 silly audit   evp_bytestokey: [ '1.0.3' ],
16 silly audit   execa: [ '1.0.0', '2.1.0' ],
16 silly audit   'path-key': [ '2.0.1', '3.1.1' ],
16 silly audit   semver: [ '5.7.2', '6.3.1', '7.7.1' ],
16 silly audit   'shebang-command': [ '1.2.0', '2.0.0' ],
16 silly audit   'shebang-regex': [ '1.0.0', '3.0.0' ],
16 silly audit   which: [ '1.3.1', '2.0.2' ],
16 silly audit   'expand-brackets': [ '2.1.4' ],
16 silly audit   ms: [ '2.0.0', '2.1.2' ],
16 silly audit   'extend-shallow': [ '2.0.1', '3.0.2' ],
16 silly audit   extglob: [ '2.0.4' ],
16 silly audit   'fast-deep-equal': [ '3.1.3' ],
16 silly audit   'fast-diff': [ '1.3.0' ],
16 silly audit   'fast-glob': [ '3.2.12' ],
16 silly audit   'fast-json-stable-stringify': [ '2.1.0' ],
16 silly audit   'fast-levenshtein': [ '2.0.6' ],
16 silly audit   fastq: [ '1.15.0' ],
16 silly audit   'figgy-pudding': [ '3.5.2' ],
16 silly audit   figures: [ '1.7.0', '2.0.0' ],
16 silly audit   'file-entry-cache': [ '8.0.0' ],
16 silly audit   'file-uri-to-path': [ '1.0.0' ],
16 silly audit   'fill-range': [ '7.1.1', '4.0.0' ],
16 silly audit   'find-cache-dir': [ '2.1.0' ],
16 silly audit   'find-up': [ '3.0.0', '5.0.0', '4.1.0' ],
16 silly audit   'locate-path': [ '3.0.0', '6.0.0', '5.0.0' ],
16 silly audit   'p-limit': [ '2.3.0', '3.1.0' ],
16 silly audit   'p-locate': [ '3.0.0', '5.0.0', '4.1.0' ],
16 silly audit   'path-exists': [ '3.0.0', '4.0.0' ],
16 silly audit   'pkg-dir': [ '3.0.0', '4.2.0' ],
16 silly audit   'flat-cache': [ '4.0.1' ],
16 silly audit   flatted: [ '3.3.3' ],
16 silly audit   'flush-write-stream': [ '1.1.1' ],
16 silly audit   'for-each': [ '0.3.3' ],
16 silly audit   'for-in': [ '1.0.2' ],
16 silly audit   'fragment-cache': [ '0.2.1' ],
16 silly audit   'framer-motion': [ '10.12.12' ],
16 silly audit   from2: [ '2.3.0' ],
16 silly audit   'fs-extra': [ '4.0.3' ],
16 silly audit   'fs-write-stream-atomic': [ '1.0.10' ],
16 silly audit   'fs.realpath': [ '1.0.0' ],
16 silly audit   fsevents: [ '2.3.3', '1.2.13' ],
16 silly audit   'function-bind': [ '1.1.2' ],
16 silly audit   'function.prototype.name': [ '1.1.8' ],
16 silly audit   'functions-have-names': [ '1.2.3' ],
16 silly audit   gensync: [ '1.0.0-beta.2' ],
16 silly audit   'get-intrinsic': [ '1.3.0' ],
16 silly audit   'get-own-enumerable-property-symbols': [ '3.0.2' ],
16 silly audit   'get-proto': [ '1.0.1' ],
16 silly audit   'get-stdin': [ '7.0.0' ],
16 silly audit   'get-stream': [ '4.1.0', '5.2.0' ],
16 silly audit   'get-symbol-description': [ '1.1.0' ],
16 silly audit   'get-value': [ '2.0.6' ],
16 silly audit   glob: [ '7.2.3' ],
16 silly audit   globalthis: [ '1.0.4' ],
16 silly audit   gopd: [ '1.2.0' ],
16 silly audit   'graceful-fs': [ '4.2.11' ],
16 silly audit   has: [ '1.0.3' ],
16 silly audit   'has-ansi': [ '2.0.0' ],
16 silly audit   'has-bigints': [ '1.0.2' ],
16 silly audit   'has-flag': [ '4.0.0', '3.0.0' ],
16 silly audit   'has-property-descriptors': [ '1.0.2' ],
16 silly audit   'has-proto': [ '1.2.0' ],
16 silly audit   'has-symbols': [ '1.1.0' ],
16 silly audit   'has-tostringtag': [ '1.0.2' ],
16 silly audit   'has-value': [ '1.0.0', '0.3.1' ],
16 silly audit   'has-values': [ '1.0.0', '0.1.4' ],
16 silly audit   'is-number': [ '3.0.0', '7.0.0' ],
16 silly audit   'kind-of': [ '3.2.2', '4.0.0', '6.0.3' ],
16 silly audit   'hash-base': [ '3.0.5' ],
16 silly audit   'hash.js': [ '1.1.7' ],
16 silly audit   hasown: [ '2.0.2' ],
16 silly audit   'hmac-drbg': [ '1.0.1' ],
16 silly audit   'hoist-non-react-statics': [ '3.3.2' ],
16 silly audit   'hosted-git-info': [ '2.8.9' ],
16 silly audit   'https-browserify': [ '1.0.0' ],
16 silly audit   husky: [ '3.1.0' ],
16 silly audit   'supports-color': [ '5.5.0', '2.0.0', '7.2.0' ],
16 silly audit   ieee754: [ '1.2.1' ],
16 silly audit   iferr: [ '0.1.5' ],
16 silly audit   ignore: [ '5.3.2' ],
16 silly audit   imurmurhash: [ '0.1.4' ],
16 silly audit   'infer-owner': [ '1.0.4' ],
16 silly audit   inflight: [ '1.0.6' ],
16 silly audit   'internal-slot': [ '1.1.0' ],
16 silly audit   'is-accessor-descriptor': [ '1.0.1' ],
16 silly audit   'is-arguments': [ '1.1.1' ],
16 silly audit   'is-array-buffer': [ '3.0.5' ],
16 silly audit   'is-arrayish': [ '0.2.1', '0.3.2' ],
16 silly audit   'is-async-function': [ '2.1.1' ],
16 silly audit   'is-bigint': [ '1.1.0' ],
16 silly audit   'is-binary-path': [ '2.1.0', '1.0.1' ],
16 silly audit   'is-boolean-object': [ '1.2.2' ],
16 silly audit   'is-buffer': [ '1.1.6' ],
16 silly audit   'is-callable': [ '1.2.7' ],
16 silly audit   'is-core-module': [ '2.16.1' ],
16 silly audit   'is-data-descriptor': [ '1.0.1' ],
16 silly audit   'is-data-view': [ '1.0.2' ],
16 silly audit   'is-date-object': [ '1.1.0' ],
16 silly audit   'is-directory': [ '0.3.1' ],
16 silly audit   'is-extendable': [ '0.1.1', '1.0.1' ],
16 silly audit   'is-extglob': [ '2.1.1' ],
16 silly audit   'is-finalizationregistry': [ '1.1.1' ],
16 silly audit   'is-fullwidth-code-point': [ '1.0.0', '2.0.0' ],
16 silly audit   'is-generator-function': [ '1.1.0' ],
16 silly audit   'is-glob': [ '4.0.3', '3.1.0' ],
16 silly audit   'is-map': [ '2.0.3' ],
16 silly audit   'is-number-object': [ '1.1.1' ],
16 silly audit   'is-obj': [ '1.0.1' ],
16 silly audit   'is-observable': [ '1.1.0' ],
16 silly audit   'is-path-cwd': [ '2.2.0' ],
16 silly audit   'is-path-in-cwd': [ '2.1.0' ],
16 silly audit   'is-path-inside': [ '2.1.0', '3.0.3' ],
16 silly audit   'is-plain-object': [ '2.0.4' ],
16 silly audit   'is-promise': [ '2.2.2' ],
16 silly audit   'is-regex': [ '1.2.1' ],
16 silly audit   'is-regexp': [ '1.0.0' ],
16 silly audit   'is-set': [ '2.0.3' ],
16 silly audit   'is-shared-array-buffer': [ '1.0.4' ],
16 silly audit   'is-stream': [ '1.1.0', '2.0.1' ],
16 silly audit   'is-string': [ '1.1.1' ],
16 silly audit   'is-symbol': [ '1.1.1' ],
16 silly audit   'is-typed-array': [ '1.1.15' ],
16 silly audit   'is-weakmap': [ '2.0.2' ],
16 silly audit   'is-weakref': [ '1.1.1' ],
16 silly audit   'is-weakset': [ '2.0.4' ],
16 silly audit   'is-windows': [ '1.0.2' ],
16 silly audit   'is-wsl': [ '1.1.0' ],
16 silly audit   isexe: [ '2.0.0' ],
16 silly audit   isobject: [ '3.0.1', '2.1.0' ],
16 silly audit   'js-tokens': [ '4.0.0' ],
16 silly audit   jsesc: [ '3.1.0' ],
16 silly audit   'json-buffer': [ '3.0.1' ],
16 silly audit   'json-parse-better-errors': [ '1.0.2' ],
16 silly audit   'json-parse-even-better-errors': [ '2.3.1' ],
16 silly audit   'json-schema-traverse': [ '0.4.1' ],
16 silly audit   'json-stable-stringify': [ '1.2.1' ],
16 silly audit   'json-stable-stringify-without-jsonify': [ '1.0.1' ],
16 silly audit   json5: [ '2.2.3', '1.0.2' ],
16 silly audit   jsonfile: [ '4.0.0' ],
16 silly audit   jsonify: [ '0.0.1' ],
16 silly audit   'jsx-ast-utils': [ '3.3.3' ],
16 silly audit   keyv: [ '4.5.4' ],
16 silly audit   'language-subtag-registry': [ '0.3.22' ],
16 silly audit   'language-tags': [ '1.0.5' ],
16 silly audit   levn: [ '0.4.1' ],
16 silly audit   'lines-and-columns': [ '1.2.4' ],
16 silly audit   'lint-staged': [ '9.5.0' ],
16 silly audit   'mimic-fn': [ '2.1.0', '1.2.0' ],
16 silly audit   'npm-run-path': [ '3.1.0', '2.0.2' ],
16 silly audit   onetime: [ '5.1.2', '2.0.1' ],
16 silly audit   'p-finally': [ '2.0.1', '1.0.0' ],
16 silly audit   listr: [ '0.14.3' ],
16 silly audit   'listr-silent-renderer': [ '1.1.1' ],
16 silly audit   'listr-update-renderer': [ '0.5.0' ],
16 silly audit   'log-symbols': [ '1.0.2', '3.0.0' ],
16 silly audit   'listr-verbose-renderer': [ '0.5.0' ],
16 silly audit   'loader-runner': [ '2.4.0' ],
16 silly audit   'loader-utils': [ '2.0.4', '1.4.2' ],
16 silly audit   lodash: [ '4.17.21' ],
16 silly audit   'lodash._reinterpolate': [ '3.0.0' ],
16 silly audit   'lodash.merge': [ '4.6.2' ],
16 silly audit   'lodash.template': [ '4.5.0' ],
16 silly audit   'lodash.templatesettings': [ '4.2.0' ],
16 silly audit   'log-update': [ '2.3.0' ],
16 silly audit   'loose-envify': [ '1.4.0' ],
16 silly audit   'lru-cache': [ '5.1.1' ],
16 silly audit   'make-dir': [ '2.1.0' ],
16 silly audit   'map-cache': [ '0.2.2' ],
16 silly audit   'map-visit': [ '1.0.0' ],
16 silly audit   'math-intrinsics': [ '1.1.0' ],
16 silly audit   'md5.js': [ '1.3.5' ],
16 silly audit   'merge-stream': [ '2.0.0' ],
16 silly audit   merge2: [ '1.4.1' ],
16 silly audit   micromatch: [ '4.0.8', '3.1.10' ],
16 silly audit   'miller-rabin': [ '4.0.1' ],
16 silly audit   'mime-db': [ '1.52.0' ],
16 silly audit   'mime-types': [ '2.1.35' ],
16 silly audit   'minimalistic-assert': [ '1.0.1' ],
16 silly audit   'minimalistic-crypto-utils': [ '1.0.1' ],
16 silly audit   minimatch: [ '3.1.2' ],
16 silly audit   minimist: [ '1.2.8' ],
16 silly audit   mississippi: [ '3.0.0' ],
16 silly audit   'mixin-deep': [ '1.3.2' ],
16 silly audit   mkdirp: [ '0.5.6' ],
16 silly audit   'move-concurrently': [ '1.0.1' ],
16 silly audit   nan: [ '2.22.1' ],
16 silly audit   nanoid: [ '3.3.8' ],
16 silly audit   nanomatch: [ '1.2.13' ],
16 silly audit   'natural-compare': [ '1.4.0' ],
16 silly audit   'neo-async': [ '2.6.2' ],
16 silly audit   next: [ '15.1.7' ],
16 silly audit   'next-page-transitions': [ '1.0.0-beta.2' ],
16 silly audit   'next-pwa': [ '2.0.2' ],
16 silly audit   'nice-try': [ '1.0.5' ],
16 silly audit   'node-libs-browser': [ '2.2.1' ],
16 silly audit   punycode: [ '1.4.1', '2.3.0' ],
16 silly audit   'node-releases': [ '2.0.19' ],
16 silly audit   'normalize-package-data': [ '2.5.0' ],
16 silly audit   'normalize-path': [ '3.0.0', '2.1.1' ],
16 silly audit   'number-is-nan': [ '1.0.1' ],
16 silly audit   'object-assign': [ '4.1.1' ],
16 silly audit   'object-copy': [ '0.1.0' ],
16 silly audit   'object-inspect': [ '1.13.4' ],
16 silly audit   'object-is': [ '1.1.5' ],
16 silly audit   'object-keys': [ '1.1.1' ],
16 silly audit   'object-visit': [ '1.0.1' ],
16 silly audit   'object.assign': [ '4.1.7' ],
16 silly audit   'object.entries': [ '1.1.6' ],
16 silly audit   'object.fromentries': [ '2.0.8' ],
16 silly audit   'object.groupby': [ '1.0.3' ],
16 silly audit   'object.hasown': [ '1.1.2' ],
16 silly audit   'object.pick': [ '1.3.0' ],
16 silly audit   'object.values': [ '1.2.1' ],
16 silly audit   once: [ '1.4.0' ],
16 silly audit   'opencollective-postinstall': [ '2.0.3' ],
16 silly audit   optionator: [ '0.9.4' ],
16 silly audit   'os-browserify': [ '0.3.0' ],
16 silly audit   'own-keys': [ '1.0.1' ],
16 silly audit   'p-try': [ '2.2.0' ],
16 silly audit   pako: [ '1.0.11' ],
16 silly audit   'parallel-transform': [ '1.2.0' ],
16 silly audit   'parent-module': [ '1.0.1' ],
16 silly audit   'parse-asn1': [ '5.1.7' ],
16 silly audit   'parse-json': [ '4.0.0', '5.2.0' ],
16 silly audit   pascalcase: [ '0.1.1' ],
16 silly audit   'path-browserify': [ '0.0.1' ],
16 silly audit   'path-dirname': [ '1.0.2' ],
16 silly audit   'path-is-absolute': [ '1.0.1' ],
16 silly audit   'path-is-inside': [ '1.0.2' ],
16 silly audit   'path-parse': [ '1.0.7' ],
16 silly audit   'path-type': [ '4.0.0' ],
16 silly audit   pbkdf2: [ '3.1.2' ],
16 silly audit   picocolors: [ '1.1.1' ],
16 silly audit   picomatch: [ '2.3.1' ],
16 silly audit   pinkie: [ '2.0.4' ],
16 silly audit   'pinkie-promise': [ '2.0.1' ],
16 silly audit   'please-upgrade-node': [ '3.2.0' ],
16 silly audit   'posix-character-classes': [ '0.1.1' ],
16 silly audit   'possible-typed-array-names': [ '1.1.0' ],
16 silly audit   postcss: [ '8.4.31', '8.4.49' ],
16 silly audit   'postcss-value-parser': [ '4.2.0' ],
16 silly audit   'prelude-ls': [ '1.2.1' ],
16 silly audit   prettier: [ '3.5.2' ],
16 silly audit   'prettier-linter-helpers': [ '1.0.0' ],
16 silly audit   'pretty-bytes': [ '5.6.0' ],
16 silly audit   process: [ '0.11.10' ],
16 silly audit   'process-nextick-args': [ '2.0.1' ],
16 silly audit   'promise-inflight': [ '1.0.1' ],
16 silly audit   'prop-types': [ '15.8.1' ],
16 silly audit   prr: [ '1.0.1' ],
16 silly audit   'public-encrypt': [ '4.0.3' ],
16 silly audit   pump: [ '3.0.0', '2.0.1' ],
16 silly audit   pumpify: [ '1.5.1' ],
16 silly audit   qs: [ '6.14.0' ],
16 silly audit   'querystring-es3': [ '0.2.1' ],
16 silly audit   'queue-microtask': [ '1.2.3' ],
16 silly audit   randombytes: [ '2.1.0' ],
16 silly audit   randomfill: [ '1.0.4' ],
16 silly audit   react: [ '18.2.0' ],
16 silly audit   'react-dom': [ '18.2.0' ],
16 silly audit   'react-fast-compare': [ '2.0.4' ],
16 silly audit   'react-helmet': [ '5.2.1' ],
16 silly audit   'react-is': [ '16.13.1' ],
16 silly audit   'react-lifecycles-compat': [ '3.0.4' ],
16 silly audit   'react-side-effect': [ '1.2.0' ],
16 silly audit   'react-transition-group': [ '2.9.0' ],
16 silly audit   'read-pkg': [ '5.2.0' ],
16 silly audit   'readable-stream': [ '2.3.8' ],
16 silly audit   'safe-buffer': [ '5.1.2', '5.2.1' ],
16 silly audit   string_decoder: [ '1.1.1', '1.3.0' ],
16 silly audit   readdirp: [ '3.6.0', '2.2.1' ],
16 silly audit   'reflect.getprototypeof': [ '1.0.10' ],
16 silly audit   'regex-not': [ '1.0.2' ],
16 silly audit   'regexp.prototype.flags': [ '1.5.4' ],
16 silly audit   'remove-trailing-separator': [ '1.1.0' ],
16 silly audit   'repeat-element': [ '1.1.4' ],
16 silly audit   'repeat-string': [ '1.6.1' ],
16 silly audit   'replace-in-file-webpack-plugin': [ '1.0.6' ],
16 silly audit   'resolve-url': [ '0.2.1' ],
16 silly audit   'restore-cursor': [ '2.0.0' ],
16 silly audit   ret: [ '0.1.15' ],
16 silly audit   reusify: [ '1.0.4' ],
16 silly audit   ripemd160: [ '2.0.2' ],
16 silly audit   'run-node': [ '1.0.0' ],
16 silly audit   'run-parallel': [ '1.2.0' ],
16 silly audit   'run-queue': [ '1.0.3' ],
16 silly audit   rxjs: [ '6.6.7' ],
16 silly audit   tslib: [ '1.14.1', '2.6.2', '2.8.1' ],
16 silly audit   'safe-array-concat': [ '1.1.3' ],
16 silly audit   'safe-push-apply': [ '1.0.0' ],
16 silly audit   'safe-regex': [ '1.1.0' ],
16 silly audit   'safe-regex-test': [ '1.1.0' ],
16 silly audit   scheduler: [ '0.23.0' ],
16 silly audit   'schema-utils': [ '1.0.0', '3.3.0' ],
16 silly audit   scoutbar: [ '1.2.3' ],
16 silly audit   'semver-compare': [ '1.0.0' ],
16 silly audit   'serialize-javascript': [ '4.0.0' ],
16 silly audit   'set-function-length': [ '1.2.2' ],
16 silly audit   'set-function-name': [ '2.0.2' ],
16 silly audit   'set-proto': [ '1.0.0' ],
16 silly audit   'set-value': [ '2.0.1' ],
16 silly audit   setimmediate: [ '1.0.5' ],
16 silly audit   'sha.js': [ '2.4.11' ],
16 silly audit   shallowequal: [ '1.1.0' ],
16 silly audit   sharp: [ '0.33.5' ],
16 silly audit   'side-channel': [ '1.1.0' ],
16 silly audit   'side-channel-list': [ '1.0.0' ],
16 silly audit   'side-channel-map': [ '1.0.1' ],
16 silly audit   'side-channel-weakmap': [ '1.0.2' ],
16 silly audit   'signal-exit': [ '3.0.7' ],
16 silly audit   'simple-swizzle': [ '0.2.2' ],
16 silly audit   slash: [ '3.0.0' ],
16 silly audit   'slice-ansi': [ '0.0.4' ],
16 silly audit   snapdragon: [ '0.8.2' ],
16 silly audit   'snapdragon-node': [ '2.1.1' ],
16 silly audit   'snapdragon-util': [ '3.0.1' ],
16 silly audit   'source-list-map': [ '2.0.1' ],
16 silly audit   'source-map-js': [ '1.2.1' ],
16 silly audit   'source-map-resolve': [ '0.5.3' ],
16 silly audit   'source-map-support': [ '0.5.21' ],
16 silly audit   'source-map-url': [ '0.4.1' ],
16 silly audit   'spdx-correct': [ '3.2.0' ],
16 silly audit   'spdx-exceptions': [ '2.3.0' ],
16 silly audit   'spdx-expression-parse': [ '3.0.1' ],
16 silly audit   'spdx-license-ids': [ '3.0.13' ],
16 silly audit   'split-string': [ '3.1.0' ],
16 silly audit   'sprintf-js': [ '1.0.3' ],
16 silly audit   ssri: [ '6.0.2' ],
16 silly audit   'static-extend': [ '0.1.2' ],
16 silly audit   'stop-iteration-iterator': [ '1.0.0' ],
16 silly audit   'stream-browserify': [ '2.0.2' ],
16 silly audit   'stream-each': [ '1.2.3' ],
16 silly audit   'stream-http': [ '2.8.3' ],
16 silly audit   'stream-shift': [ '1.0.3' ],
16 silly audit   streamsearch: [ '1.1.0' ],
16 silly audit   'string-argv': [ '0.3.2' ],
16 silly audit   'string-width': [ '1.0.2', '2.1.1' ],
16 silly audit   'string.prototype.matchall': [ '4.0.8' ],
16 silly audit   'string.prototype.trim': [ '1.2.10' ],
16 silly audit   'string.prototype.trimend': [ '1.0.9' ],
16 silly audit   'string.prototype.trimstart': [ '1.0.8' ],
16 silly audit   'stringify-object': [ '3.3.0' ],
16 silly audit   'strip-ansi': [ '3.0.1', '4.0.0' ],
16 silly audit   'strip-bom': [ '3.0.0' ],
16 silly audit   'strip-comments': [ '1.0.2' ],
16 silly audit   'strip-eof': [ '1.0.0' ],
16 silly audit   'strip-final-newline': [ '2.0.0' ],
16 silly audit   'strip-json-comments': [ '3.1.1' ],
16 silly audit   'styled-components': [ '6.1.15' ],
16 silly audit   'styled-jsx': [ '5.1.6' ],
16 silly audit   stylis: [ '4.3.2' ],
16 silly audit   'supports-preserve-symlinks-flag': [ '1.0.0' ],
16 silly audit   'symbol-observable': [ '1.2.0' ],
16 silly audit   tapable: [ '1.1.3' ],
16 silly audit   terser: [ '4.8.1' ],
16 silly audit   'terser-webpack-plugin': [ '1.4.6' ],
16 silly audit   through2: [ '2.0.5' ],
16 silly audit   'timers-browserify': [ '2.0.12' ],
16 silly audit   'to-arraybuffer': [ '1.0.1' ],
16 silly audit   'to-object-path': [ '0.3.0' ],
16 silly audit   'to-regex': [ '3.0.2' ],
16 silly audit   'to-regex-range': [ '5.0.1', '2.1.1' ],
16 silly audit   'tsconfig-paths': [ '3.15.0' ],
16 silly audit   'tty-browserify': [ '0.0.0' ],
16 silly audit   'type-check': [ '0.4.0' ],
16 silly audit   'type-fest': [ '0.6.0' ],
16 silly audit   'typed-array-buffer': [ '1.0.3' ],
16 silly audit   'typed-array-byte-length': [ '1.0.3' ],
16 silly audit   'typed-array-byte-offset': [ '1.0.4' ],
16 silly audit   'typed-array-length': [ '1.0.7' ],
16 silly audit   typedarray: [ '0.0.6' ],
16 silly audit   typescript: [ '5.0.4' ],
16 silly audit   'unbox-primitive': [ '1.1.0' ],
16 silly audit   'union-value': [ '1.0.1' ],
16 silly audit   'unique-filename': [ '1.1.1' ],
16 silly audit   'unique-slug': [ '2.0.2' ],
16 silly audit   universalify: [ '0.1.2' ],
16 silly audit   'unset-value': [ '1.0.0' ],
16 silly audit   upath: [ '1.2.0' ],
16 silly audit   'update-browserslist-db': [ '1.1.2' ],
16 silly audit   'uri-js': [ '4.4.1' ],
16 silly audit   urix: [ '0.1.0' ],
16 silly audit   url: [ '0.11.4' ],
16 silly audit   'url-loader': [ '4.1.1' ],
16 silly audit   use: [ '3.1.1' ],
16 silly audit   'util-deprecate': [ '1.0.2' ],
16 silly audit   'validate-npm-package-license': [ '3.0.4' ],
16 silly audit   'vm-browserify': [ '1.1.2' ],
16 silly audit   watchpack: [ '1.7.5' ],
16 silly audit   'watchpack-chokidar2': [ '2.0.1' ],
16 silly audit   webpack: [ '4.47.0' ],
16 silly audit   'webpack-sources': [ '1.4.3' ],
16 silly audit   'which-boxed-primitive': [ '1.1.1' ],
16 silly audit   'which-builtin-type': [ '1.2.1' ],
16 silly audit   'which-collection': [ '1.0.2' ],
16 silly audit   'which-typed-array': [ '1.1.18' ],
16 silly audit   'word-wrap': [ '1.2.5' ],
16 silly audit   'workbox-background-sync': [ '4.3.1' ],
16 silly audit   'workbox-broadcast-update': [ '4.3.1' ],
16 silly audit   'workbox-build': [ '4.3.1' ],
16 silly audit   'workbox-cacheable-response': [ '4.3.1' ],
16 silly audit   'workbox-core': [ '4.3.1' ],
16 silly audit   'workbox-expiration': [ '4.3.1' ],
16 silly audit   'workbox-google-analytics': [ '4.3.1' ],
16 silly audit   'workbox-navigation-preload': [ '4.3.1' ],
16 silly audit   'workbox-precaching': [ '4.3.1' ],
16 silly audit   'workbox-range-requests': [ '4.3.1' ],
16 silly audit   'workbox-routing': [ '4.3.1' ],
16 silly audit   'workbox-strategies': [ '4.3.1' ],
16 silly audit   'workbox-streams': [ '4.3.1' ],
16 silly audit   'workbox-sw': [ '4.3.1' ],
16 silly audit   'workbox-webpack-plugin': [ '4.3.1' ],
16 silly audit   'workbox-window': [ '4.3.1' ],
16 silly audit   'worker-farm': [ '1.7.0' ],
16 silly audit   'wrap-ansi': [ '3.0.1' ],
16 silly audit   wrappy: [ '1.0.2' ],
16 silly audit   xtend: [ '4.0.2' ],
16 silly audit   y18n: [ '4.0.3' ],
16 silly audit   yallist: [ '3.1.1' ],
16 silly audit   'yocto-queue': [ '0.1.0' ]
16 silly audit }
17 verbose reify failed optional dependency C:\Users\HP\Desktop\portfolio projects\PORTFOLIO SITE\node_modules\fsevents
18 silly reify mark deleted [
18 silly reify   'C:\\Users\\HP\\Desktop\\portfolio projects\\PORTFOLIO SITE\\node_modules\\fsevents'
18 silly reify ]
19 verbose reify failed optional dependency C:\Users\HP\Desktop\portfolio projects\PORTFOLIO SITE\node_modules\@next\swc-win32-arm64-msvc
20 silly reify mark deleted [
20 silly reify   'C:\\Users\\HP\\Desktop\\portfolio projects\\PORTFOLIO SITE\\node_modules\\@next\\swc-win32-arm64-msvc'
20 silly reify ]
21 verbose reify failed optional dependency C:\Users\HP\Desktop\portfolio projects\PORTFOLIO SITE\node_modules\@next\swc-linux-x64-musl
22 silly reify mark deleted [
22 silly reify   'C:\\Users\\HP\\Desktop\\portfolio projects\\PORTFOLIO SITE\\node_modules\\@next\\swc-linux-x64-musl'
22 silly reify ]
23 verbose reify failed optional dependency C:\Users\HP\Desktop\portfolio projects\PORTFOLIO SITE\node_modules\@next\swc-linux-x64-gnu
24 silly reify mark deleted [
24 silly reify   'C:\\Users\\HP\\Desktop\\portfolio projects\\PORTFOLIO SITE\\node_modules\\@next\\swc-linux-x64-gnu'
24 silly reify ]
25 verbose reify failed optional dependency C:\Users\HP\Desktop\portfolio projects\PORTFOLIO SITE\node_modules\@next\swc-linux-arm64-musl
26 silly reify mark deleted [
26 silly reify   'C:\\Users\\HP\\Desktop\\portfolio projects\\PORTFOLIO SITE\\node_modules\\@next\\swc-linux-arm64-musl'
26 silly reify ]
27 verbose reify failed optional dependency C:\Users\HP\Desktop\portfolio projects\PORTFOLIO SITE\node_modules\@next\swc-linux-arm64-gnu
28 silly reify mark deleted [
28 silly reify   'C:\\Users\\HP\\Desktop\\portfolio projects\\PORTFOLIO SITE\\node_modules\\@next\\swc-linux-arm64-gnu'
28 silly reify ]
29 verbose reify failed optional dependency C:\Users\HP\Desktop\portfolio projects\PORTFOLIO SITE\node_modules\@next\swc-darwin-x64
30 silly reify mark deleted [
30 silly reify   'C:\\Users\\HP\\Desktop\\portfolio projects\\PORTFOLIO SITE\\node_modules\\@next\\swc-darwin-x64'
30 silly reify ]
31 verbose reify failed optional dependency C:\Users\HP\Desktop\portfolio projects\PORTFOLIO SITE\node_modules\@next\swc-darwin-arm64
32 silly reify mark deleted [
32 silly reify   'C:\\Users\\HP\\Desktop\\portfolio projects\\PORTFOLIO SITE\\node_modules\\@next\\swc-darwin-arm64'
32 silly reify ]
33 verbose reify failed optional dependency C:\Users\HP\Desktop\portfolio projects\PORTFOLIO SITE\node_modules\@img\sharp-win32-ia32
34 silly reify mark deleted [
34 silly reify   'C:\\Users\\HP\\Desktop\\portfolio projects\\PORTFOLIO SITE\\node_modules\\@img\\sharp-win32-ia32'
34 silly reify ]
35 verbose reify failed optional dependency C:\Users\HP\Desktop\portfolio projects\PORTFOLIO SITE\node_modules\@img\sharp-wasm32
36 silly reify mark deleted [
36 silly reify   'C:\\Users\\HP\\Desktop\\portfolio projects\\PORTFOLIO SITE\\node_modules\\@img\\sharp-wasm32'
36 silly reify ]
37 verbose reify failed optional dependency C:\Users\HP\Desktop\portfolio projects\PORTFOLIO SITE\node_modules\@emnapi\runtime
38 silly reify mark deleted [
38 silly reify   'C:\\Users\\HP\\Desktop\\portfolio projects\\PORTFOLIO SITE\\node_modules\\@emnapi\\runtime'
38 silly reify ]
39 verbose reify failed optional dependency C:\Users\HP\Desktop\portfolio projects\PORTFOLIO SITE\node_modules\@img\sharp-linuxmusl-x64
40 silly reify mark deleted [
40 silly reify   'C:\\Users\\HP\\Desktop\\portfolio projects\\PORTFOLIO SITE\\node_modules\\@img\\sharp-linuxmusl-x64'
40 silly reify ]
41 verbose reify failed optional dependency C:\Users\HP\Desktop\portfolio projects\PORTFOLIO SITE\node_modules\@img\sharp-linuxmusl-arm64
42 silly reify mark deleted [
42 silly reify   'C:\\Users\\HP\\Desktop\\portfolio projects\\PORTFOLIO SITE\\node_modules\\@img\\sharp-linuxmusl-arm64'
42 silly reify ]
43 verbose reify failed optional dependency C:\Users\HP\Desktop\portfolio projects\PORTFOLIO SITE\node_modules\@img\sharp-linux-x64
44 silly reify mark deleted [
44 silly reify   'C:\\Users\\HP\\Desktop\\portfolio projects\\PORTFOLIO SITE\\node_modules\\@img\\sharp-linux-x64'
44 silly reify ]
45 verbose reify failed optional dependency C:\Users\HP\Desktop\portfolio projects\PORTFOLIO SITE\node_modules\@img\sharp-linux-s390x
46 silly reify mark deleted [
46 silly reify   'C:\\Users\\HP\\Desktop\\portfolio projects\\PORTFOLIO SITE\\node_modules\\@img\\sharp-linux-s390x'
46 silly reify ]
47 verbose reify failed optional dependency C:\Users\HP\Desktop\portfolio projects\PORTFOLIO SITE\node_modules\@img\sharp-linux-arm64
48 silly reify mark deleted [
48 silly reify   'C:\\Users\\HP\\Desktop\\portfolio projects\\PORTFOLIO SITE\\node_modules\\@img\\sharp-linux-arm64'
48 silly reify ]
49 verbose reify failed optional dependency C:\Users\HP\Desktop\portfolio projects\PORTFOLIO SITE\node_modules\@img\sharp-linux-arm
50 silly reify mark deleted [
50 silly reify   'C:\\Users\\HP\\Desktop\\portfolio projects\\PORTFOLIO SITE\\node_modules\\@img\\sharp-linux-arm'
50 silly reify ]
51 verbose reify failed optional dependency C:\Users\HP\Desktop\portfolio projects\PORTFOLIO SITE\node_modules\@img\sharp-libvips-linuxmusl-x64
52 silly reify mark deleted [
52 silly reify   'C:\\Users\\HP\\Desktop\\portfolio projects\\PORTFOLIO SITE\\node_modules\\@img\\sharp-libvips-linuxmusl-x64'
52 silly reify ]
53 verbose reify failed optional dependency C:\Users\HP\Desktop\portfolio projects\PORTFOLIO SITE\node_modules\@img\sharp-libvips-linuxmusl-arm64
54 silly reify mark deleted [
54 silly reify   'C:\\Users\\HP\\Desktop\\portfolio projects\\PORTFOLIO SITE\\node_modules\\@img\\sharp-libvips-linuxmusl-arm64'
54 silly reify ]
55 verbose reify failed optional dependency C:\Users\HP\Desktop\portfolio projects\PORTFOLIO SITE\node_modules\@img\sharp-libvips-linux-x64
56 silly reify mark deleted [
56 silly reify   'C:\\Users\\HP\\Desktop\\portfolio projects\\PORTFOLIO SITE\\node_modules\\@img\\sharp-libvips-linux-x64'
56 silly reify ]
57 verbose reify failed optional dependency C:\Users\HP\Desktop\portfolio projects\PORTFOLIO SITE\node_modules\@img\sharp-libvips-linux-s390x
58 silly reify mark deleted [
58 silly reify   'C:\\Users\\HP\\Desktop\\portfolio projects\\PORTFOLIO SITE\\node_modules\\@img\\sharp-libvips-linux-s390x'
58 silly reify ]
59 verbose reify failed optional dependency C:\Users\HP\Desktop\portfolio projects\PORTFOLIO SITE\node_modules\@img\sharp-libvips-linux-arm64
60 silly reify mark deleted [
60 silly reify   'C:\\Users\\HP\\Desktop\\portfolio projects\\PORTFOLIO SITE\\node_modules\\@img\\sharp-libvips-linux-arm64'
60 silly reify ]
61 verbose reify failed optional dependency C:\Users\HP\Desktop\portfolio projects\PORTFOLIO SITE\node_modules\@img\sharp-libvips-linux-arm
62 silly reify mark deleted [
62 silly reify   'C:\\Users\\HP\\Desktop\\portfolio projects\\PORTFOLIO SITE\\node_modules\\@img\\sharp-libvips-linux-arm'
62 silly reify ]
63 verbose reify failed optional dependency C:\Users\HP\Desktop\portfolio projects\PORTFOLIO SITE\node_modules\@img\sharp-libvips-darwin-x64
64 silly reify mark deleted [
64 silly reify   'C:\\Users\\HP\\Desktop\\portfolio projects\\PORTFOLIO SITE\\node_modules\\@img\\sharp-libvips-darwin-x64'
64 silly reify ]
65 verbose reify failed optional dependency C:\Users\HP\Desktop\portfolio projects\PORTFOLIO SITE\node_modules\@img\sharp-libvips-darwin-arm64
66 silly reify mark deleted [
66 silly reify   'C:\\Users\\HP\\Desktop\\portfolio projects\\PORTFOLIO SITE\\node_modules\\@img\\sharp-libvips-darwin-arm64'
66 silly reify ]
67 verbose reify failed optional dependency C:\Users\HP\Desktop\portfolio projects\PORTFOLIO SITE\node_modules\@img\sharp-darwin-x64
68 silly reify mark deleted [
68 silly reify   'C:\\Users\\HP\\Desktop\\portfolio projects\\PORTFOLIO SITE\\node_modules\\@img\\sharp-darwin-x64'
68 silly reify ]
69 verbose reify failed optional dependency C:\Users\HP\Desktop\portfolio projects\PORTFOLIO SITE\node_modules\@img\sharp-darwin-arm64
70 silly reify mark deleted [
70 silly reify   'C:\\Users\\HP\\Desktop\\portfolio projects\\PORTFOLIO SITE\\node_modules\\@img\\sharp-darwin-arm64'
70 silly reify ]
71 verbose reify failed optional dependency C:\Users\HP\Desktop\portfolio projects\PORTFOLIO SITE\node_modules\watchpack-chokidar2\node_modules\fsevents
72 silly reify mark deleted [
72 silly reify   'C:\\Users\\HP\\Desktop\\portfolio projects\\PORTFOLIO SITE\\node_modules\\watchpack-chokidar2\\node_modules\\fsevents'
72 silly reify ]
73 verbose reify failed optional dependency C:\Users\HP\Desktop\portfolio projects\PORTFOLIO SITE\node_modules\bindings
74 silly reify mark deleted [
74 silly reify   'C:\\Users\\HP\\Desktop\\portfolio projects\\PORTFOLIO SITE\\node_modules\\bindings'
74 silly reify ]
75 verbose reify failed optional dependency C:\Users\HP\Desktop\portfolio projects\PORTFOLIO SITE\node_modules\nan
76 silly reify mark deleted [
76 silly reify   'C:\\Users\\HP\\Desktop\\portfolio projects\\PORTFOLIO SITE\\node_modules\\nan'
76 silly reify ]
77 verbose reify failed optional dependency C:\Users\HP\Desktop\portfolio projects\PORTFOLIO SITE\node_modules\file-uri-to-path
78 silly reify mark deleted [
78 silly reify   'C:\\Users\\HP\\Desktop\\portfolio projects\\PORTFOLIO SITE\\node_modules\\file-uri-to-path'
78 silly reify ]
79 http cache nan@https://registry.npmjs.org/nan/-/nan-2.22.1.tgz 1ms (cache hit)
80 http cache file-uri-to-path@https://registry.npmjs.org/file-uri-to-path/-/file-uri-to-path-1.0.0.tgz 0ms (cache hit)
81 http cache bindings@https://registry.npmjs.org/bindings/-/bindings-1.5.0.tgz 0ms (cache hit)
82 http cache @emnapi/runtime@https://registry.npmjs.org/@emnapi/runtime/-/runtime-1.3.1.tgz 0ms (cache hit)
83 http fetch POST 200 https://registry.npmjs.org/-/npm/v1/security/advisories/bulk 3780ms
84 silly audit report {
84 silly audit report   braces: [
84 silly audit report     {
84 silly audit report       id: 1098094,
84 silly audit report       url: 'https://github.com/advisories/GHSA-grv7-fg5c-xmjg',
84 silly audit report       title: 'Uncontrolled resource consumption in braces',
84 silly audit report       severity: 'high',
84 silly audit report       vulnerable_versions: '<3.0.3',
84 silly audit report       cwe: [Array],
84 silly audit report       cvss: [Object]
84 silly audit report     }
84 silly audit report   ],
84 silly audit report   'lodash.template': [
84 silly audit report     {
84 silly audit report       id: 1096993,
84 silly audit report       url: 'https://github.com/advisories/GHSA-35jh-r3h4-6jhm',
84 silly audit report       title: 'Command Injection in lodash',
84 silly audit report       severity: 'high',
84 silly audit report       vulnerable_versions: '<=4.5.0',
84 silly audit report       cwe: [Array],
84 silly audit report       cvss: [Object]
84 silly audit report     }
84 silly audit report   ],
84 silly audit report   micromatch: [
84 silly audit report     {
84 silly audit report       id: 1098681,
84 silly audit report       url: 'https://github.com/advisories/GHSA-952p-6rrq-rcjv',
84 silly audit report       title: 'Regular Expression Denial of Service (ReDoS) in micromatch',
84 silly audit report       severity: 'moderate',
84 silly audit report       vulnerable_versions: '<4.0.8',
84 silly audit report       cwe: [Array],
84 silly audit report       cvss: [Object]
84 silly audit report     }
84 silly audit report   ],
84 silly audit report   'serialize-javascript': [
84 silly audit report     {
84 silly audit report       id: 1102339,
84 silly audit report       url: 'https://github.com/advisories/GHSA-76p7-773f-r4q5',
84 silly audit report       title: 'Cross-site Scripting (XSS) in serialize-javascript',
84 silly audit report       severity: 'moderate',
84 silly audit report       vulnerable_versions: '<6.0.2',
84 silly audit report       cwe: [Array],
84 silly audit report       cvss: [Object]
84 silly audit report     }
84 silly audit report   ]
84 silly audit report }
85 silly packumentCache corgi:https://registry.npmjs.org/braces cache-miss
86 silly packumentCache corgi:https://registry.npmjs.org/lodash.template cache-miss
87 silly packumentCache corgi:https://registry.npmjs.org/micromatch cache-miss
88 silly packumentCache corgi:https://registry.npmjs.org/serialize-javascript cache-miss
89 http fetch GET 200 https://registry.npmjs.org/micromatch 2098ms (cache updated)
90 silly packumentCache corgi:https://registry.npmjs.org/micromatch set size:undefined disposed:false
91 http fetch GET 200 https://registry.npmjs.org/serialize-javascript 2596ms (cache updated)
92 silly packumentCache corgi:https://registry.npmjs.org/serialize-javascript set size:undefined disposed:false
93 http fetch GET 200 https://registry.npmjs.org/lodash.template 2652ms (cache updated)
94 silly packumentCache corgi:https://registry.npmjs.org/lodash.template set size:undefined disposed:false
95 http fetch GET 200 https://registry.npmjs.org/braces 2710ms (cache updated)
96 silly packumentCache corgi:https://registry.npmjs.org/braces set size:undefined disposed:false
97 silly packumentCache corgi:https://registry.npmjs.org/chokidar cache-miss
98 http fetch GET 200 https://registry.npmjs.org/chokidar 432ms (cache updated)
99 silly packumentCache corgi:https://registry.npmjs.org/chokidar set size:undefined disposed:false
100 silly packumentCache corgi:https://registry.npmjs.org/workbox-build cache-miss
101 http fetch GET 200 https://registry.npmjs.org/workbox-build 322ms (cache updated)
102 silly packumentCache corgi:https://registry.npmjs.org/workbox-build set size:undefined disposed:false
103 silly packumentCache corgi:https://registry.npmjs.org/anymatch cache-miss
104 silly packumentCache corgi:https://registry.npmjs.org/readdirp cache-miss
105 silly packumentCache corgi:https://registry.npmjs.org/webpack cache-miss
106 http fetch GET 200 https://registry.npmjs.org/anymatch 458ms (cache updated)
107 silly packumentCache corgi:https://registry.npmjs.org/anymatch set size:undefined disposed:false
108 http fetch GET 200 https://registry.npmjs.org/readdirp 465ms (cache updated)
109 silly packumentCache corgi:https://registry.npmjs.org/readdirp set size:undefined disposed:false
110 http fetch GET 200 https://registry.npmjs.org/webpack 1016ms (cache updated)
111 silly packumentCache corgi:https://registry.npmjs.org/webpack set size:undefined disposed:false
112 silly packumentCache corgi:https://registry.npmjs.org/terser-webpack-plugin cache-miss
113 http fetch GET 200 https://registry.npmjs.org/terser-webpack-plugin 245ms (cache updated)
114 silly packumentCache corgi:https://registry.npmjs.org/terser-webpack-plugin set size:undefined disposed:false
115 silly packumentCache corgi:https://registry.npmjs.org/watchpack-chokidar2 cache-miss
116 http fetch GET 200 https://registry.npmjs.org/watchpack-chokidar2 314ms (cache updated)
117 silly packumentCache corgi:https://registry.npmjs.org/watchpack-chokidar2 set size:undefined disposed:false
118 silly packumentCache corgi:https://registry.npmjs.org/workbox-webpack-plugin cache-miss
119 http fetch GET 200 https://registry.npmjs.org/workbox-webpack-plugin 333ms (cache updated)
120 silly packumentCache corgi:https://registry.npmjs.org/workbox-webpack-plugin set size:undefined disposed:false
121 silly packumentCache corgi:https://registry.npmjs.org/next-pwa cache-miss
122 http fetch GET 200 https://registry.npmjs.org/next-pwa 865ms (cache updated)
123 silly packumentCache corgi:https://registry.npmjs.org/next-pwa set size:undefined disposed:false
124 silly packumentCache corgi:https://registry.npmjs.org/watchpack cache-miss
125 http fetch GET 200 https://registry.npmjs.org/watchpack 374ms (cache updated)
126 silly packumentCache corgi:https://registry.npmjs.org/watchpack set size:undefined disposed:false
127 silly ADD
128 silly ADD
129 silly ADD
130 silly ADD
131 silly ADD
132 silly ADD
133 silly ADD
134 silly ADD
135 silly ADD
136 silly ADD
137 silly ADD
138 silly ADD
139 silly ADD
140 silly ADD
141 silly ADD
142 silly ADD
143 silly ADD
144 silly ADD
145 silly ADD
146 silly ADD
147 silly ADD
148 silly ADD
149 silly ADD
150 silly ADD
151 silly ADD
152 silly ADD
153 silly ADD
154 silly ADD
155 silly ADD
156 silly ADD
157 silly ADD
158 verbose cwd C:\Users\HP\Desktop\portfolio projects\PORTFOLIO SITE
159 verbose os Windows_NT 10.0.19045
160 verbose node v21.6.1
161 verbose npm  v10.9.1
162 verbose exit 0
163 info ok
