0 verbose cli C:\Program Files\nodejs\node.exe C:\Users\HP\AppData\Roaming\npm\node_modules\npm\bin\npm-cli.js
1 info using npm@10.9.1
2 info using node@v21.6.1
3 silly config load:file:C:\Users\HP\AppData\Roaming\npm\node_modules\npm\npmrc
4 silly config load:file:C:\Users\HP\Desktop\portfolio projects\PORTFOLIO SITE\.npmrc
5 silly config load:file:C:\Users\HP\.npmrc
6 silly config load:file:C:\Users\HP\AppData\Roaming\npm\etc\npmrc
7 verbose title npm uninstall react-ga
8 verbose argv "uninstall" "react-ga"
9 verbose logfile logs-max:10 dir:C:\Users\HP\Desktop\portfolio projects\PORTFOLIO SITE\clean\_logs\2025-02-24T19_14_22_201Z-
10 verbose logfile C:\Users\HP\Desktop\portfolio projects\PORTFOLIO SITE\clean\_logs\2025-02-24T19_14_22_201Z-debug-0.log
11 silly logfile start cleaning logs, removing 2 files
12 silly packumentCache heap:2197815296 maxSize:549453824 maxEntrySize:274726912
13 silly logfile done cleaning log files
14 silly idealTree buildDeps
15 silly fetch manifest ajv@>=8
16 silly packumentCache full:https://registry.npmjs.org/ajv cache-miss
17 http fetch GET 200 https://registry.npmjs.org/ajv 3233ms (cache miss)
18 silly packumentCache full:https://registry.npmjs.org/ajv set size:undefined disposed:false
19 silly placeDep ROOT ajv@8.17.1 REPLACE for: @apideck/better-ajv-errors@0.3.6 want: >=8
20 silly fetch manifest fast-uri@^3.0.1
21 silly packumentCache full:https://registry.npmjs.org/fast-uri cache-miss
22 silly fetch manifest json-schema-traverse@^1.0.0
23 silly packumentCache full:https://registry.npmjs.org/json-schema-traverse cache-miss
24 http fetch GET 200 https://registry.npmjs.org/fast-uri 331ms (cache miss)
25 silly packumentCache full:https://registry.npmjs.org/fast-uri set size:undefined disposed:false
26 http fetch GET 200 https://registry.npmjs.org/json-schema-traverse 1251ms (cache miss)
27 silly packumentCache full:https://registry.npmjs.org/json-schema-traverse set size:undefined disposed:false
28 silly placeDep ROOT fast-uri@3.0.6 OK for: ajv@8.17.1 want: ^3.0.1
29 silly placeDep ROOT json-schema-traverse@1.0.0 OK for: ajv@8.17.1 want: ^1.0.0
30 silly fetch manifest webpack@>=2
31 silly packumentCache full:https://registry.npmjs.org/webpack cache-miss
32 http fetch GET 200 https://registry.npmjs.org/webpack 1131ms (cache miss)
33 silly packumentCache full:https://registry.npmjs.org/webpack set size:undefined disposed:false
34 silly placeDep ROOT webpack@5.98.0 OK for: babel-loader@8.3.0 want: >=2
35 silly fetch manifest @types/eslint-scope@^3.7.7
36 silly packumentCache full:https://registry.npmjs.org/@types%2feslint-scope cache-miss
37 silly fetch manifest @types/estree@^1.0.6
38 silly packumentCache full:https://registry.npmjs.org/@types%2festree cache-miss
39 silly fetch manifest @webassemblyjs/ast@^1.14.1
40 silly packumentCache full:https://registry.npmjs.org/@webassemblyjs%2fast cache-miss
41 http fetch GET 200 https://registry.npmjs.org/@types%2festree 327ms (cache miss)
42 silly packumentCache full:https://registry.npmjs.org/@types%2festree set size:undefined disposed:false
43 silly fetch manifest @webassemblyjs/wasm-edit@^1.14.1
44 silly packumentCache full:https://registry.npmjs.org/@webassemblyjs%2fwasm-edit cache-miss
45 http fetch GET 200 https://registry.npmjs.org/@types%2feslint-scope 334ms (cache miss)
46 silly packumentCache full:https://registry.npmjs.org/@types%2feslint-scope set size:undefined disposed:false
47 silly fetch manifest @webassemblyjs/wasm-parser@^1.14.1
48 silly packumentCache full:https://registry.npmjs.org/@webassemblyjs%2fwasm-parser cache-miss
49 http fetch GET 200 https://registry.npmjs.org/@webassemblyjs%2fwasm-edit 1873ms (cache miss)
50 silly packumentCache full:https://registry.npmjs.org/@webassemblyjs%2fwasm-edit set size:undefined disposed:false
51 silly fetch manifest acorn@^8.14.0
52 silly packumentCache full:https://registry.npmjs.org/acorn cache-miss
53 http fetch GET 200 https://registry.npmjs.org/acorn 3219ms (cache miss)
54 silly packumentCache full:https://registry.npmjs.org/acorn set size:undefined disposed:false
55 silly fetch manifest browserslist@^4.24.0
56 silly packumentCache full:https://registry.npmjs.org/browserslist cache-miss
57 http fetch GET 200 https://registry.npmjs.org/@webassemblyjs%2fwasm-parser 5116ms (cache miss)
58 silly packumentCache full:https://registry.npmjs.org/@webassemblyjs%2fwasm-parser set size:undefined disposed:false
59 silly fetch manifest chrome-trace-event@^1.0.2
60 silly packumentCache full:https://registry.npmjs.org/chrome-trace-event cache-miss
61 http fetch GET 200 https://registry.npmjs.org/@webassemblyjs%2fast 6420ms (cache miss)
62 silly packumentCache full:https://registry.npmjs.org/@webassemblyjs%2fast set size:undefined disposed:false
63 silly fetch manifest enhanced-resolve@^5.17.1
64 silly packumentCache full:https://registry.npmjs.org/enhanced-resolve cache-miss
65 http fetch GET 200 https://registry.npmjs.org/chrome-trace-event 7537ms (cache miss)
66 silly packumentCache full:https://registry.npmjs.org/chrome-trace-event set size:undefined disposed:false
67 silly fetch manifest es-module-lexer@^1.2.1
68 silly packumentCache full:https://registry.npmjs.org/es-module-lexer cache-miss
69 http fetch GET 200 https://registry.npmjs.org/enhanced-resolve 10957ms (cache miss)
70 silly packumentCache full:https://registry.npmjs.org/enhanced-resolve set size:undefined disposed:false
71 silly fetch manifest events@^3.2.0
72 silly packumentCache full:https://registry.npmjs.org/events cache-miss
73 http fetch GET 200 https://registry.npmjs.org/browserslist 11961ms (cache miss)
74 silly packumentCache full:https://registry.npmjs.org/browserslist set size:undefined disposed:false
75 silly fetch manifest glob-to-regexp@^0.4.1
76 silly packumentCache full:https://registry.npmjs.org/glob-to-regexp cache-miss
77 http fetch GET 200 https://registry.npmjs.org/glob-to-regexp 269ms (cache miss)
78 silly packumentCache full:https://registry.npmjs.org/glob-to-regexp set size:undefined disposed:false
79 silly fetch manifest loader-runner@^4.2.0
80 silly packumentCache full:https://registry.npmjs.org/loader-runner cache-miss
81 http fetch GET 200 https://registry.npmjs.org/events 307ms (cache miss)
82 silly packumentCache full:https://registry.npmjs.org/events set size:undefined disposed:false
83 silly fetch manifest mime-types@^2.1.27
84 silly packumentCache full:https://registry.npmjs.org/mime-types cache-miss
85 http fetch GET 200 https://registry.npmjs.org/loader-runner 1608ms (cache miss)
86 silly packumentCache full:https://registry.npmjs.org/loader-runner set size:undefined disposed:false
87 silly fetch manifest neo-async@^2.6.2
88 silly packumentCache full:https://registry.npmjs.org/neo-async cache-miss
89 http fetch GET 200 https://registry.npmjs.org/es-module-lexer 6341ms (cache miss)
90 silly packumentCache full:https://registry.npmjs.org/es-module-lexer set size:undefined disposed:false
91 silly fetch manifest schema-utils@^4.3.0
92 silly packumentCache full:https://registry.npmjs.org/schema-utils cache-miss
93 http fetch GET 200 https://registry.npmjs.org/mime-types 1662ms (cache miss)
94 silly packumentCache full:https://registry.npmjs.org/mime-types set size:undefined disposed:false
95 silly fetch manifest tapable@^2.1.1
96 silly packumentCache full:https://registry.npmjs.org/tapable cache-miss
97 http fetch GET 200 https://registry.npmjs.org/schema-utils 251ms (cache miss)
98 silly packumentCache full:https://registry.npmjs.org/schema-utils set size:undefined disposed:false
99 silly fetch manifest terser-webpack-plugin@^5.3.11
100 silly packumentCache full:https://registry.npmjs.org/terser-webpack-plugin cache-miss
101 http fetch GET 200 https://registry.npmjs.org/neo-async 306ms (cache miss)
102 silly packumentCache full:https://registry.npmjs.org/neo-async set size:undefined disposed:false
103 silly fetch manifest watchpack@^2.4.1
104 silly packumentCache full:https://registry.npmjs.org/watchpack cache-miss
105 http fetch GET 200 https://registry.npmjs.org/watchpack 291ms (cache miss)
106 silly packumentCache full:https://registry.npmjs.org/watchpack set size:undefined disposed:false
107 silly fetch manifest webpack-sources@^3.2.3
108 silly packumentCache full:https://registry.npmjs.org/webpack-sources cache-miss
109 http fetch GET 200 https://registry.npmjs.org/terser-webpack-plugin 411ms (cache miss)
110 silly packumentCache full:https://registry.npmjs.org/terser-webpack-plugin set size:undefined disposed:false
111 http fetch GET 200 https://registry.npmjs.org/tapable 707ms (cache miss)
112 silly packumentCache full:https://registry.npmjs.org/tapable set size:undefined disposed:false
113 http fetch GET 200 https://registry.npmjs.org/webpack-sources 279ms (cache miss)
114 silly packumentCache full:https://registry.npmjs.org/webpack-sources set size:undefined disposed:false
115 silly fetch manifest ajv@^6.10.0
116 silly packumentCache full:https://registry.npmjs.org/ajv cache-miss
117 http cache https://registry.npmjs.org/ajv 157ms (cache hit)
118 silly packumentCache full:https://registry.npmjs.org/ajv set size:1126072 disposed:false
119 silly placeDep node_modules/eslint ajv@6.12.6 OK for: eslint@6.8.0 want: ^6.10.0
120 silly fetch manifest uri-js@^4.2.2
121 silly packumentCache full:https://registry.npmjs.org/uri-js cache-miss
122 silly fetch manifest json-schema-traverse@^0.4.1
123 silly packumentCache full:https://registry.npmjs.org/json-schema-traverse cache-miss
124 http cache https://registry.npmjs.org/json-schema-traverse 26ms (cache hit)
125 silly packumentCache full:https://registry.npmjs.org/json-schema-traverse set size:23537 disposed:false
126 http fetch GET 200 https://registry.npmjs.org/uri-js 523ms (cache miss)
127 silly packumentCache full:https://registry.npmjs.org/uri-js set size:undefined disposed:false
128 silly fetch manifest react@^15.6.2 || ^16.0
129 silly packumentCache full:https://registry.npmjs.org/react cache-miss
130 http fetch GET 200 https://registry.npmjs.org/react 8352ms (cache miss)
131 silly packumentCache full:https://registry.npmjs.org/react set size:undefined disposed:false
132 warn ERESOLVE overriding peer dependency {
132 warn ERESOLVE   code: 'ERESOLVE',
132 warn ERESOLVE   edge: {
132 warn ERESOLVE     type: 'peer',
132 warn ERESOLVE     name: 'react',
132 warn ERESOLVE     spec: '^15.6.2 || ^16.0',
132 warn ERESOLVE     error: 'INVALID',
132 warn ERESOLVE     from: {
132 warn ERESOLVE       name: 'react-ga',
132 warn ERESOLVE       version: '2.7.0',
132 warn ERESOLVE       location: 'node_modules/react-ga',
132 warn ERESOLVE       isWorkspace: false,
132 warn ERESOLVE       dependents: []
132 warn ERESOLVE     }
132 warn ERESOLVE   },
132 warn ERESOLVE   dep: {
132 warn ERESOLVE     name: 'react',
132 warn ERESOLVE     version: '16.14.0',
132 warn ERESOLVE     whileInstalling: {
132 warn ERESOLVE       name: 'react-ga',
132 warn ERESOLVE       version: '2.7.0',
132 warn ERESOLVE       path: 'C:\\Users\\HP\\Desktop\\portfolio projects\\PORTFOLIO SITE\\node_modules\\react-ga'
132 warn ERESOLVE     },
132 warn ERESOLVE     location: 'node_modules/react',
132 warn ERESOLVE     isWorkspace: false,
132 warn ERESOLVE     dependents: [ [Object] ]
132 warn ERESOLVE   },
132 warn ERESOLVE   force: false,
132 warn ERESOLVE   isMine: false,
132 warn ERESOLVE   strictPeerDeps: false,
132 warn ERESOLVE   current: {
132 warn ERESOLVE     name: 'react',
132 warn ERESOLVE     version: '18.2.0',
132 warn ERESOLVE     location: 'node_modules/react',
132 warn ERESOLVE     isWorkspace: false,
132 warn ERESOLVE     dependents: [
132 warn ERESOLVE       [Object], [Object],
132 warn ERESOLVE       [Object], [Object],
132 warn ERESOLVE       [Object], [Object],
132 warn ERESOLVE       [Object], [Object],
132 warn ERESOLVE       [Object], [Object]
132 warn ERESOLVE     ]
132 warn ERESOLVE   },
132 warn ERESOLVE   peerConflict: {
132 warn ERESOLVE     current: {
132 warn ERESOLVE       name: 'react',
132 warn ERESOLVE       version: '18.2.0',
132 warn ERESOLVE       location: 'node_modules/react',
132 warn ERESOLVE       isWorkspace: false,
132 warn ERESOLVE       dependents: [Array]
132 warn ERESOLVE     },
132 warn ERESOLVE     peer: {
132 warn ERESOLVE       name: 'react',
132 warn ERESOLVE       version: '16.14.0',
132 warn ERESOLVE       whileInstalling: [Object],
132 warn ERESOLVE       location: 'node_modules/react',
132 warn ERESOLVE       isWorkspace: false,
132 warn ERESOLVE       dependents: [Array]
132 warn ERESOLVE     }
132 warn ERESOLVE   }
132 warn ERESOLVE }
133 silly fetch manifest react@^15.0.0-0 || ^16.0.0-0
134 silly packumentCache full:https://registry.npmjs.org/react cache-miss
135 http cache https://registry.npmjs.org/react 154ms (cache hit)
136 silly packumentCache full:https://registry.npmjs.org/react set size:5466594 disposed:false
137 silly fetch manifest react-dom@^15.0.0-0 || ^16.0.0-0
138 silly packumentCache full:https://registry.npmjs.org/react-dom cache-miss
139 http fetch GET 200 https://registry.npmjs.org/react-dom 5226ms (cache miss)
140 silly packumentCache full:https://registry.npmjs.org/react-dom set size:undefined disposed:false
141 verbose stack Error: could not resolve
141 verbose stack     at PlaceDep.failPeerConflict (C:\Users\HP\AppData\Roaming\npm\node_modules\npm\node_modules\@npmcli\arborist\lib\place-dep.js:503:25)
141 verbose stack     at new PlaceDep (C:\Users\HP\AppData\Roaming\npm\node_modules\npm\node_modules\@npmcli\arborist\lib\place-dep.js:157:21)
141 verbose stack     at #buildDepStep (C:\Users\HP\AppData\Roaming\npm\node_modules\npm\node_modules\@npmcli\arborist\lib\arborist\build-ideal-tree.js:920:18)
141 verbose stack     at async Arborist.buildIdealTree (C:\Users\HP\AppData\Roaming\npm\node_modules\npm\node_modules\@npmcli\arborist\lib\arborist\build-ideal-tree.js:181:7)
141 verbose stack     at async Promise.all (index 1)
141 verbose stack     at async Arborist.reify (C:\Users\HP\AppData\Roaming\npm\node_modules\npm\node_modules\@npmcli\arborist\lib\arborist\reify.js:131:5)
141 verbose stack     at async Uninstall.exec (C:\Users\HP\AppData\Roaming\npm\node_modules\npm\lib\commands\uninstall.js:51:5)
141 verbose stack     at async Npm.exec (C:\Users\HP\AppData\Roaming\npm\node_modules\npm\lib\npm.js:207:9)
141 verbose stack     at async module.exports (C:\Users\HP\AppData\Roaming\npm\node_modules\npm\lib\cli\entry.js:74:5)
142 error code ERESOLVE
143 error ERESOLVE could not resolve
144 error
145 error While resolving: react-progressive-image@0.6.0
145 error Found: react@18.2.0[2m[22m
145 error [2mnode_modules/react[22m
145 error   peerOptional react@"^18.0.0" from framer-motion@10.12.12[2m[22m
145 error   [2mnode_modules/framer-motion[22m
145 error     framer-motion@"^10.12.12" from the root project
145 error   [95mpeer[39m react@"^18.2.0" from next@13.4.2[2m[22m
145 error   [2mnode_modules/next[22m
145 error     [95mpeer[39m next@">=9.0.0" from next-pwa@5.6.0[2m[22m
145 error     [2mnode_modules/next-pwa[22m
145 error       next-pwa@"^5.4.1" from the root project
145 error     next@"13.4.2" from the root project
145 error   8 more (next-page-transitions, react-dom, react-helmet, ...)
145 error
145 error Could not resolve dependency:
145 error [95mpeer[39m react@"^15.0.0-0 || ^16.0.0-0" from react-progressive-image@0.6.0[2m[22m
145 error [2mnode_modules/react-progressive-image[22m
145 error   react-progressive-image@"^0.6.0" from the root project
145 error
145 error Conflicting peer dependency: react@16.14.0[2m[22m
145 error [2mnode_modules/react[22m
145 error   [95mpeer[39m react@"^15.0.0-0 || ^16.0.0-0" from react-progressive-image@0.6.0[2m[22m
145 error   [2mnode_modules/react-progressive-image[22m
145 error     react-progressive-image@"^0.6.0" from the root project
145 error
145 error Fix the upstream dependency conflict, or retry
145 error this command with --force or --legacy-peer-deps
145 error to accept an incorrect (and potentially broken) dependency resolution.
146 error
146 error
146 error For a full report see:
146 error C:\Users\HP\Desktop\portfolio projects\PORTFOLIO SITE\clean\_logs\2025-02-24T19_14_22_201Z-eresolve-report.txt
147 silly unfinished npm timer reify 1740424463418
148 silly unfinished npm timer reify:loadTrees 1740424463421
149 silly unfinished npm timer idealTree:buildDeps 1740424464037
150 silly unfinished npm timer idealTree:node_modules/react-progressive-image 1740424500268
151 verbose cwd C:\Users\HP\Desktop\portfolio projects\PORTFOLIO SITE
152 verbose os Windows_NT 10.0.19045
153 verbose node v21.6.1
154 verbose npm  v10.9.1
155 verbose exit 1
156 verbose code 1
157 error A complete log of this run can be found in: C:\Users\HP\Desktop\portfolio projects\PORTFOLIO SITE\clean\_logs\2025-02-24T19_14_22_201Z-debug-0.log
