0 verbose cli C:\Program Files\nodejs\node.exe C:\Users\HP\AppData\Roaming\npm\node_modules\npm\bin\npm-cli.js
1 info using npm@10.9.1
2 info using node@v21.6.1
3 silly config load:file:C:\Users\HP\AppData\Roaming\npm\node_modules\npm\npmrc
4 silly config load:file:C:\Users\HP\Desktop\portfolio projects\PORTFOLIO SITE\.npmrc
5 silly config load:file:C:\Users\HP\.npmrc
6 silly config load:file:C:\Users\HP\AppData\Roaming\npm\etc\npmrc
7 verbose title npm uninstall eslint-plugin-prettier prettier
8 verbose argv "uninstall" "eslint-plugin-prettier" "prettier"
9 verbose logfile logs-max:10 dir:C:\Users\HP\Desktop\portfolio projects\PORTFOLIO SITE\clean\_logs\2025-03-01T10_51_12_981Z-
10 verbose logfile C:\Users\HP\Desktop\portfolio projects\PORTFOLIO SITE\clean\_logs\2025-03-01T10_51_12_981Z-debug-0.log
11 silly logfile start cleaning logs, removing 2 files
12 silly packumentCache heap:2197815296 maxSize:549453824 maxEntrySize:274726912
13 silly logfile done cleaning log files
14 silly idealTree buildDeps
15 silly fetch manifest react@^0.13.0 || ^0.14.0 || ^15.0.0 || ^16.0.0
16 silly packumentCache full:https://registry.npmjs.org/react cache-miss
17 http fetch GET 200 https://registry.npmjs.org/react 4599ms (cache updated)
18 silly packumentCache full:https://registry.npmjs.org/react set size:undefined disposed:false
19 warn ERESOLVE overriding peer dependency {
19 warn ERESOLVE   code: 'ERESOLVE',
19 warn ERESOLVE   edge: {
19 warn ERESOLVE     type: 'peer',
19 warn ERESOLVE     name: 'react',
19 warn ERESOLVE     spec: '^0.13.0 || ^0.14.0 || ^15.0.0 || ^16.0.0',
19 warn ERESOLVE     error: 'INVALID',
19 warn ERESOLVE     from: {
19 warn ERESOLVE       name: 'react-side-effect',
19 warn ERESOLVE       version: '1.2.0',
19 warn ERESOLVE       location: 'node_modules/react-side-effect',
19 warn ERESOLVE       isWorkspace: false,
19 warn ERESOLVE       dependents: [Array]
19 warn ERESOLVE     }
19 warn ERESOLVE   },
19 warn ERESOLVE   dep: {
19 warn ERESOLVE     name: 'react',
19 warn ERESOLVE     version: '16.14.0',
19 warn ERESOLVE     whileInstalling: {
19 warn ERESOLVE       name: 'react-side-effect',
19 warn ERESOLVE       version: '1.2.0',
19 warn ERESOLVE       path: 'C:\\Users\\HP\\Desktop\\portfolio projects\\PORTFOLIO SITE\\node_modules\\react-side-effect'
19 warn ERESOLVE     },
19 warn ERESOLVE     location: 'node_modules/react',
19 warn ERESOLVE     isWorkspace: false,
19 warn ERESOLVE     dependents: [ [Object] ]
19 warn ERESOLVE   },
19 warn ERESOLVE   force: false,
19 warn ERESOLVE   isMine: false,
19 warn ERESOLVE   strictPeerDeps: false,
19 warn ERESOLVE   current: {
19 warn ERESOLVE     name: 'react',
19 warn ERESOLVE     version: '18.2.0',
19 warn ERESOLVE     location: 'node_modules/react',
19 warn ERESOLVE     isWorkspace: false,
19 warn ERESOLVE     dependents: [
19 warn ERESOLVE       [Object], [Object],
19 warn ERESOLVE       [Object], [Object],
19 warn ERESOLVE       [Object], [Object],
19 warn ERESOLVE       [Object], [Object],
19 warn ERESOLVE       [Object], [Object]
19 warn ERESOLVE     ]
19 warn ERESOLVE   },
19 warn ERESOLVE   peerConflict: {
19 warn ERESOLVE     current: {
19 warn ERESOLVE       name: 'react',
19 warn ERESOLVE       version: '18.2.0',
19 warn ERESOLVE       location: 'node_modules/react',
19 warn ERESOLVE       isWorkspace: false,
19 warn ERESOLVE       dependents: [Array]
19 warn ERESOLVE     },
19 warn ERESOLVE     peer: {
19 warn ERESOLVE       name: 'react',
19 warn ERESOLVE       version: '16.14.0',
19 warn ERESOLVE       whileInstalling: [Object],
19 warn ERESOLVE       location: 'node_modules/react',
19 warn ERESOLVE       isWorkspace: false,
19 warn ERESOLVE       dependents: [Array]
19 warn ERESOLVE     }
19 warn ERESOLVE   }
19 warn ERESOLVE }
20 silly reify mark retired [
20 silly reify   'C:\\Users\\HP\\Desktop\\portfolio projects\\PORTFOLIO SITE\\node_modules\\eslint-plugin-prettier'
20 silly reify ]
21 silly reify mark retired [
21 silly reify   'C:\\Users\\HP\\Desktop\\portfolio projects\\PORTFOLIO SITE\\node_modules\\fast-diff'
21 silly reify ]
22 silly reify mark retired [
22 silly reify   'C:\\Users\\HP\\Desktop\\portfolio projects\\PORTFOLIO SITE\\node_modules\\prettier',
22 silly reify   'C:\\Users\\HP\\Desktop\\portfolio projects\\PORTFOLIO SITE\\node_modules\\.bin\\prettier',
22 silly reify   'C:\\Users\\HP\\Desktop\\portfolio projects\\PORTFOLIO SITE\\node_modules\\.bin\\prettier.cmd',
22 silly reify   'C:\\Users\\HP\\Desktop\\portfolio projects\\PORTFOLIO SITE\\node_modules\\.bin\\prettier.ps1'
22 silly reify ]
23 silly reify mark retired [
23 silly reify   'C:\\Users\\HP\\Desktop\\portfolio projects\\PORTFOLIO SITE\\node_modules\\prettier-linter-helpers'
23 silly reify ]
24 silly reify moves {
24 silly reify   'C:\\Users\\HP\\Desktop\\portfolio projects\\PORTFOLIO SITE\\node_modules\\eslint-plugin-prettier': 'C:\\Users\\HP\\Desktop\\portfolio projects\\PORTFOLIO SITE\\node_modules\\.eslint-plugin-prettier-Sr86g47m',
24 silly reify   'C:\\Users\\HP\\Desktop\\portfolio projects\\PORTFOLIO SITE\\node_modules\\fast-diff': 'C:\\Users\\HP\\Desktop\\portfolio projects\\PORTFOLIO SITE\\node_modules\\.fast-diff-mwrVf4JP',
24 silly reify   'C:\\Users\\HP\\Desktop\\portfolio projects\\PORTFOLIO SITE\\node_modules\\prettier': 'C:\\Users\\HP\\Desktop\\portfolio projects\\PORTFOLIO SITE\\node_modules\\.prettier-4Eba9Qw9',
24 silly reify   'C:\\Users\\HP\\Desktop\\portfolio projects\\PORTFOLIO SITE\\node_modules\\.bin\\prettier': 'C:\\Users\\HP\\Desktop\\portfolio projects\\PORTFOLIO SITE\\node_modules\\.bin\\.prettier-Lek4DxGJ',
24 silly reify   'C:\\Users\\HP\\Desktop\\portfolio projects\\PORTFOLIO SITE\\node_modules\\.bin\\prettier.cmd': 'C:\\Users\\HP\\Desktop\\portfolio projects\\PORTFOLIO SITE\\node_modules\\.bin\\.prettier.cmd-3LgzEMW9',
24 silly reify   'C:\\Users\\HP\\Desktop\\portfolio projects\\PORTFOLIO SITE\\node_modules\\.bin\\prettier.ps1': 'C:\\Users\\HP\\Desktop\\portfolio projects\\PORTFOLIO SITE\\node_modules\\.bin\\.prettier.ps1-p6qkbscy',
24 silly reify   'C:\\Users\\HP\\Desktop\\portfolio projects\\PORTFOLIO SITE\\node_modules\\prettier-linter-helpers': 'C:\\Users\\HP\\Desktop\\portfolio projects\\PORTFOLIO SITE\\node_modules\\.prettier-linter-helpers-M5tdOKDS'
24 silly reify }
25 silly audit bulk request {
25 silly audit   '@ampproject/remapping': [ '2.2.1' ],
25 silly audit   '@babel/code-frame': [ '7.26.2' ],
25 silly audit   '@babel/compat-data': [ '7.26.8' ],
25 silly audit   '@babel/core': [ '7.26.9' ],
25 silly audit   '@babel/eslint-parser': [ '7.26.8' ],
25 silly audit   '@babel/generator': [ '7.26.9' ],
25 silly audit   '@babel/helper-annotate-as-pure': [ '7.25.9' ],
25 silly audit   '@babel/helper-compilation-targets': [ '7.26.5' ],
25 silly audit   '@babel/helper-module-imports': [ '7.25.9' ],
25 silly audit   '@babel/helper-module-transforms': [ '7.26.0' ],
25 silly audit   '@babel/helper-plugin-utils': [ '7.26.5' ],
25 silly audit   '@babel/helper-string-parser': [ '7.25.9' ],
25 silly audit   '@babel/helper-validator-identifier': [ '7.25.9' ],
25 silly audit   '@babel/helper-validator-option': [ '7.25.9' ],
25 silly audit   '@babel/helpers': [ '7.26.9' ],
25 silly audit   '@babel/parser': [ '7.26.9' ],
25 silly audit   '@babel/plugin-syntax-jsx': [ '7.25.9' ],
25 silly audit   '@babel/runtime': [ '7.21.5' ],
25 silly audit   '@babel/template': [ '7.26.9' ],
25 silly audit   '@babel/traverse': [ '7.26.9' ],
25 silly audit   '@babel/types': [ '7.26.9' ],
25 silly audit   '@emnapi/runtime': [ '1.3.1' ],
25 silly audit   '@emotion/is-prop-valid': [ '0.8.8', '1.2.2' ],
25 silly audit   '@emotion/memoize': [ '0.7.4', '0.8.1' ],
25 silly audit   '@emotion/unitless': [ '0.8.1' ],
25 silly audit   '@eslint-community/eslint-utils': [ '4.4.1' ],
25 silly audit   'eslint-visitor-keys': [ '3.4.3', '2.1.0' ],
25 silly audit   '@eslint-community/regexpp': [ '4.12.1' ],
25 silly audit   '@eslint/eslintrc': [ '2.1.4' ],
25 silly audit   globals: [ '13.24.0', '11.12.0' ],
25 silly audit   'type-fest': [ '0.20.2', '0.6.0' ],
25 silly audit   '@eslint/js': [ '8.57.1' ],
25 silly audit   '@hapi/address': [ '2.1.4' ],
25 silly audit   '@hapi/bourne': [ '1.3.2' ],
25 silly audit   '@hapi/hoek': [ '8.5.1' ],
25 silly audit   '@hapi/joi': [ '15.1.1' ],
25 silly audit   '@hapi/topo': [ '3.1.6' ],
25 silly audit   '@humanwhocodes/config-array': [ '0.13.0' ],
25 silly audit   '@humanwhocodes/module-importer': [ '1.0.1' ],
25 silly audit   '@humanwhocodes/object-schema': [ '2.0.3' ],
25 silly audit   '@img/sharp-darwin-arm64': [ '0.33.5' ],
25 silly audit   '@img/sharp-darwin-x64': [ '0.33.5' ],
25 silly audit   '@img/sharp-libvips-darwin-arm64': [ '1.0.4' ],
25 silly audit   '@img/sharp-libvips-darwin-x64': [ '1.0.4' ],
25 silly audit   '@img/sharp-libvips-linux-arm': [ '1.0.5' ],
25 silly audit   '@img/sharp-libvips-linux-arm64': [ '1.0.4' ],
25 silly audit   '@img/sharp-libvips-linux-s390x': [ '1.0.4' ],
25 silly audit   '@img/sharp-libvips-linux-x64': [ '1.0.4' ],
25 silly audit   '@img/sharp-libvips-linuxmusl-arm64': [ '1.0.4' ],
25 silly audit   '@img/sharp-libvips-linuxmusl-x64': [ '1.0.4' ],
25 silly audit   '@img/sharp-linux-arm': [ '0.33.5' ],
25 silly audit   '@img/sharp-linux-arm64': [ '0.33.5' ],
25 silly audit   '@img/sharp-linux-s390x': [ '0.33.5' ],
25 silly audit   '@img/sharp-linux-x64': [ '0.33.5' ],
25 silly audit   '@img/sharp-linuxmusl-arm64': [ '0.33.5' ],
25 silly audit   '@img/sharp-linuxmusl-x64': [ '0.33.5' ],
25 silly audit   '@img/sharp-wasm32': [ '0.33.5' ],
25 silly audit   '@img/sharp-win32-ia32': [ '0.33.5' ],
25 silly audit   '@img/sharp-win32-x64': [ '0.33.5' ],
25 silly audit   '@jridgewell/gen-mapping': [ '0.3.8' ],
25 silly audit   '@jridgewell/resolve-uri': [ '3.1.0' ],
25 silly audit   '@jridgewell/set-array': [ '1.2.1' ],
25 silly audit   '@jridgewell/sourcemap-codec': [ '1.4.15' ],
25 silly audit   '@jridgewell/trace-mapping': [ '0.3.25' ],
25 silly audit   '@next/env': [ '15.1.7' ],
25 silly audit   '@next/swc-darwin-arm64': [ '15.1.7' ],
25 silly audit   '@next/swc-darwin-x64': [ '15.1.7' ],
25 silly audit   '@next/swc-linux-arm64-gnu': [ '15.1.7' ],
25 silly audit   '@next/swc-linux-arm64-musl': [ '15.1.7' ],
25 silly audit   '@next/swc-linux-x64-gnu': [ '15.1.7' ],
25 silly audit   '@next/swc-linux-x64-musl': [ '15.1.7' ],
25 silly audit   '@next/swc-win32-arm64-msvc': [ '15.1.7' ],
25 silly audit   '@next/swc-win32-x64-msvc': [ '15.1.7' ],
25 silly audit   '@nicolo-ribaudo/eslint-scope-5-internals': [ '5.1.1-v1' ],
25 silly audit   '@nodelib/fs.scandir': [ '2.1.5' ],
25 silly audit   '@nodelib/fs.stat': [ '2.0.5' ],
25 silly audit   '@nodelib/fs.walk': [ '1.2.8' ],
25 silly audit   '@rtsao/scc': [ '1.1.0' ],
25 silly audit   '@samverschueren/stream-to-observable': [ '0.3.1' ],
25 silly audit   '@swc/counter': [ '0.1.3' ],
25 silly audit   '@swc/helpers': [ '0.5.15' ],
25 silly audit   '@types/glob': [ '7.2.0' ],
25 silly audit   '@types/hoist-non-react-statics': [ '3.3.1' ],
25 silly audit   '@types/json-schema': [ '7.0.15' ],
25 silly audit   '@types/json5': [ '0.0.29' ],
25 silly audit   '@types/minimatch': [ '5.1.2' ],
25 silly audit   '@types/node': [ '20.2.1' ],
25 silly audit   '@types/normalize-package-data': [ '2.4.1' ],
25 silly audit   '@types/prop-types': [ '15.7.5' ],
25 silly audit   '@types/react': [ '18.2.6' ],
25 silly audit   '@types/scheduler': [ '0.16.3' ],
25 silly audit   '@types/source-list-map': [ '0.1.6' ],
25 silly audit   '@types/styled-components': [ '5.1.34' ],
25 silly audit   '@types/stylis': [ '4.2.5' ],
25 silly audit   '@types/tapable': [ '1.0.12' ],
25 silly audit   '@types/uglify-js': [ '3.17.5' ],
25 silly audit   '@types/webpack': [ '4.41.40' ],
25 silly audit   '@types/webpack-sources': [ '3.2.3' ],
25 silly audit   'source-map': [ '0.7.4', '0.5.7', '0.6.1' ],
25 silly audit   '@ungap/structured-clone': [ '1.3.0' ],
25 silly audit   '@webassemblyjs/ast': [ '1.9.0' ],
25 silly audit   '@webassemblyjs/floating-point-hex-parser': [ '1.9.0' ],
25 silly audit   '@webassemblyjs/helper-api-error': [ '1.9.0' ],
25 silly audit   '@webassemblyjs/helper-buffer': [ '1.9.0' ],
25 silly audit   '@webassemblyjs/helper-code-frame': [ '1.9.0' ],
25 silly audit   '@webassemblyjs/helper-fsm': [ '1.9.0' ],
25 silly audit   '@webassemblyjs/helper-module-context': [ '1.9.0' ],
25 silly audit   '@webassemblyjs/helper-wasm-bytecode': [ '1.9.0' ],
25 silly audit   '@webassemblyjs/helper-wasm-section': [ '1.9.0' ],
25 silly audit   '@webassemblyjs/ieee754': [ '1.9.0' ],
25 silly audit   '@webassemblyjs/leb128': [ '1.9.0' ],
25 silly audit   '@webassemblyjs/utf8': [ '1.9.0' ],
25 silly audit   '@webassemblyjs/wasm-edit': [ '1.9.0' ],
25 silly audit   '@webassemblyjs/wasm-gen': [ '1.9.0' ],
25 silly audit   '@webassemblyjs/wasm-opt': [ '1.9.0' ],
25 silly audit   '@webassemblyjs/wasm-parser': [ '1.9.0' ],
25 silly audit   '@webassemblyjs/wast-parser': [ '1.9.0' ],
25 silly audit   '@webassemblyjs/wast-printer': [ '1.9.0' ],
25 silly audit   '@xtuc/ieee754': [ '1.2.0' ],
25 silly audit   '@xtuc/long': [ '4.2.2' ],
25 silly audit   acorn: [ '8.14.0', '6.4.2' ],
25 silly audit   'acorn-jsx': [ '5.3.2' ],
25 silly audit   'aggregate-error': [ '3.1.0' ],
25 silly audit   'indent-string': [ '4.0.0', '3.2.0' ],
25 silly audit   ajv: [ '6.12.6' ],
25 silly audit   'ajv-errors': [ '1.0.1' ],
25 silly audit   'ajv-keywords': [ '3.5.2' ],
25 silly audit   'ansi-escapes': [ '3.2.0' ],
25 silly audit   'ansi-regex': [ '2.1.1', '5.0.1', '3.0.1' ],
25 silly audit   'ansi-styles': [ '4.3.0', '3.2.1', '2.2.1' ],
25 silly audit   'any-observable': [ '0.3.0' ],
25 silly audit   anymatch: [ '3.1.3', '2.0.0' ],
25 silly audit   aproba: [ '1.2.0' ],
25 silly audit   argparse: [ '2.0.1', '1.0.10' ],
25 silly audit   'aria-query': [ '5.1.3' ],
25 silly audit   'arr-diff': [ '4.0.0' ],
25 silly audit   'arr-flatten': [ '1.1.0' ],
25 silly audit   'arr-union': [ '3.1.0' ],
25 silly audit   'array-buffer-byte-length': [ '1.0.2' ],
25 silly audit   'array-includes': [ '3.1.8' ],
25 silly audit   'array-union': [ '2.1.0', '1.0.2' ],
25 silly audit   'array-uniq': [ '1.0.3' ],
25 silly audit   'array-unique': [ '0.3.2' ],
25 silly audit   'array.prototype.findlastindex': [ '1.2.5' ],
25 silly audit   'array.prototype.flat': [ '1.3.3' ],
25 silly audit   'array.prototype.flatmap': [ '1.3.3' ],
25 silly audit   'array.prototype.tosorted': [ '1.1.1' ],
25 silly audit   'arraybuffer.prototype.slice': [ '1.0.4' ],
25 silly audit   'asn1.js': [ '4.10.1' ],
25 silly audit   'bn.js': [ '4.12.1', '5.2.1' ],
25 silly audit   assert: [ '1.5.1' ],
25 silly audit   inherits: [ '2.0.3', '2.0.4' ],
25 silly audit   util: [ '0.10.4', '0.11.1' ],
25 silly audit   'assign-symbols': [ '1.0.0' ],
25 silly audit   'ast-types-flow': [ '0.0.7' ],
25 silly audit   'async-each': [ '1.0.6' ],
25 silly audit   'async-function': [ '1.0.0' ],
25 silly audit   atob: [ '2.1.2' ],
25 silly audit   'available-typed-arrays': [ '1.0.7' ],
25 silly audit   'axe-core': [ '4.7.1' ],
25 silly audit   'axobject-query': [ '3.1.1' ],
25 silly audit   'babel-extract-comments': [ '1.0.0' ],
25 silly audit   'babel-plugin-styled-components': [ '2.1.4' ],
25 silly audit   'babel-plugin-syntax-object-rest-spread': [ '6.13.0' ],
25 silly audit   'babel-plugin-transform-object-rest-spread': [ '6.26.0' ],
25 silly audit   'babel-runtime': [ '6.26.0' ],
25 silly audit   'regenerator-runtime': [ '0.11.1', '0.13.11' ],
25 silly audit   babylon: [ '6.18.0' ],
25 silly audit   'balanced-match': [ '1.0.2' ],
25 silly audit   base: [ '0.11.2' ],
25 silly audit   'define-property': [ '1.0.0', '0.2.5', '2.0.2' ],
25 silly audit   'is-descriptor': [ '1.0.3', '0.1.7' ],
25 silly audit   'base64-js': [ '1.5.1' ],
25 silly audit   'big.js': [ '5.2.2' ],
25 silly audit   'binary-extensions': [ '2.3.0', '1.13.1' ],
25 silly audit   bindings: [ '1.5.0' ],
25 silly audit   bluebird: [ '3.7.2' ],
25 silly audit   'brace-expansion': [ '1.1.11' ],
25 silly audit   braces: [ '3.0.3', '2.3.2' ],
25 silly audit   brorand: [ '1.1.0' ],
25 silly audit   'browserify-aes': [ '1.2.0' ],
25 silly audit   'browserify-cipher': [ '1.0.1' ],
25 silly audit   'browserify-des': [ '1.0.2' ],
25 silly audit   'browserify-rsa': [ '4.1.1' ],
25 silly audit   'browserify-sign': [ '4.2.3' ],
25 silly audit   'browserify-zlib': [ '0.2.0' ],
25 silly audit   browserslist: [ '4.24.4' ],
25 silly audit   buffer: [ '4.9.2' ],
25 silly audit   'buffer-from': [ '1.1.2' ],
25 silly audit   'buffer-xor': [ '1.0.3' ],
25 silly audit   isarray: [ '1.0.0', '2.0.5' ],
25 silly audit   'builtin-status-codes': [ '3.0.0' ],
25 silly audit   busboy: [ '1.6.0' ],
25 silly audit   cacache: [ '12.0.4' ],
25 silly audit   rimraf: [ '2.7.1', '3.0.2' ],
25 silly audit   'cache-base': [ '1.0.1' ],
25 silly audit   'call-bind': [ '1.0.8' ],
25 silly audit   'call-bind-apply-helpers': [ '1.0.2' ],
25 silly audit   'call-bound': [ '1.0.3' ],
25 silly audit   'caller-callsite': [ '2.0.0' ],
25 silly audit   callsites: [ '2.0.0', '3.1.0' ],
25 silly audit   'caller-path': [ '2.0.0' ],
25 silly audit   camelize: [ '1.0.1' ],
25 silly audit   'caniuse-lite': [ '1.0.30001700' ],
25 silly audit   chalk: [ '4.1.2', '2.4.2', '1.1.3' ],
25 silly audit   chokidar: [ '3.6.0', '2.1.8' ],
25 silly audit   'glob-parent': [ '5.1.2', '6.0.2', '3.1.0' ],
25 silly audit   chownr: [ '1.1.4' ],
25 silly audit   'chrome-trace-event': [ '1.0.4' ],
25 silly audit   'ci-info': [ '2.0.0' ],
25 silly audit   'cipher-base': [ '1.0.6' ],
25 silly audit   'class-utils': [ '0.3.6' ],
25 silly audit   'clean-stack': [ '2.2.0' ],
25 silly audit   'clean-webpack-plugin': [ '3.0.0' ],
25 silly audit   del: [ '4.1.1', '5.1.0' ],
25 silly audit   globby: [ '6.1.0', '10.0.2' ],
25 silly audit   pify: [ '2.3.0', '4.0.1' ],
25 silly audit   'p-map': [ '2.1.0', '3.0.0' ],
25 silly audit   'cli-cursor': [ '2.1.0' ],
25 silly audit   'cli-truncate': [ '0.2.1' ],
25 silly audit   'client-only': [ '0.0.1' ],
25 silly audit   'code-point-at': [ '1.1.0' ],
25 silly audit   'codewonders-helpers': [ '1.1.0' ],
25 silly audit   'collection-visit': [ '1.0.0' ],
25 silly audit   color: [ '4.2.3' ],
25 silly audit   'color-convert': [ '2.0.1', '1.9.3' ],
25 silly audit   'color-name': [ '1.1.4', '1.1.3' ],
25 silly audit   'color-string': [ '1.9.1' ],
25 silly audit   commander: [ '2.20.3' ],
25 silly audit   'common-tags': [ '1.8.2' ],
25 silly audit   commondir: [ '1.0.1' ],
25 silly audit   'component-emitter': [ '1.3.1' ],
25 silly audit   'concat-map': [ '0.0.1' ],
25 silly audit   'concat-stream': [ '1.6.2' ],
25 silly audit   'confusing-browser-globals': [ '1.0.11' ],
25 silly audit   'console-browserify': [ '1.2.0' ],
25 silly audit   'constants-browserify': [ '1.0.0' ],
25 silly audit   'convert-source-map': [ '2.0.0' ],
25 silly audit   'copy-concurrently': [ '1.0.5' ],
25 silly audit   'copy-descriptor': [ '0.1.1' ],
25 silly audit   'core-js': [ '2.6.12' ],
25 silly audit   'core-util-is': [ '1.0.3' ],
25 silly audit   cosmiconfig: [ '5.2.1' ],
25 silly audit   'import-fresh': [ '2.0.0', '3.3.1' ],
25 silly audit   'js-yaml': [ '3.14.1', '4.1.0' ],
25 silly audit   'resolve-from': [ '3.0.0', '4.0.0' ],
25 silly audit   'create-ecdh': [ '4.0.4' ],
25 silly audit   'create-hash': [ '1.2.0' ],
25 silly audit   'create-hmac': [ '1.1.7' ],
25 silly audit   'cross-spawn': [ '7.0.6', '6.0.6' ],
25 silly audit   'crypto-browserify': [ '3.12.1' ],
25 silly audit   'css-color-keywords': [ '1.0.0' ],
25 silly audit   'css-to-react-native': [ '3.2.0' ],
25 silly audit   csstype: [ '3.1.3' ],
25 silly audit   cyclist: [ '1.0.2' ],
25 silly audit   'damerau-levenshtein': [ '1.0.8' ],
25 silly audit   'data-view-buffer': [ '1.0.2' ],
25 silly audit   'data-view-byte-length': [ '1.0.2' ],
25 silly audit   'data-view-byte-offset': [ '1.0.1' ],
25 silly audit   'date-fns': [ '1.30.1' ],
25 silly audit   debug: [ '4.3.4', '3.2.7', '2.6.9' ],
25 silly audit   'decode-uri-component': [ '0.2.2' ],
25 silly audit   dedent: [ '0.7.0' ],
25 silly audit   'deep-equal': [ '2.2.1' ],
25 silly audit   'deep-is': [ '0.1.4' ],
25 silly audit   'define-data-property': [ '1.1.4' ],
25 silly audit   'define-properties': [ '1.2.1' ],
25 silly audit   'des.js': [ '1.1.0' ],
25 silly audit   'detect-libc': [ '2.0.3' ],
25 silly audit   'diffie-hellman': [ '5.0.3' ],
25 silly audit   'dir-glob': [ '3.0.1' ],
25 silly audit   doctrine: [ '2.1.0', '3.0.0' ],
25 silly audit   'dom-helpers': [ '3.4.0' ],
25 silly audit   'domain-browser': [ '1.2.0' ],
25 silly audit   'dunder-proto': [ '1.0.1' ],
25 silly audit   duplexify: [ '3.7.1' ],
25 silly audit   'electron-to-chromium': [ '1.5.104' ],
25 silly audit   'elegant-spinner': [ '1.0.1' ],
25 silly audit   elliptic: [ '6.6.1' ],
25 silly audit   'emailjs-com': [ '3.2.0' ],
25 silly audit   'emoji-regex': [ '9.2.2' ],
25 silly audit   'emojis-list': [ '3.0.0' ],
25 silly audit   'end-of-stream': [ '1.4.4' ],
25 silly audit   'enhanced-resolve': [ '4.5.0' ],
25 silly audit   'memory-fs': [ '0.5.0', '0.4.1' ],
25 silly audit   errno: [ '0.1.8' ],
25 silly audit   'error-ex': [ '1.3.2' ],
25 silly audit   'es-abstract': [ '1.23.9' ],
25 silly audit   'es-define-property': [ '1.0.1' ],
25 silly audit   'es-errors': [ '1.3.0' ],
25 silly audit   'es-get-iterator': [ '1.1.3' ],
25 silly audit   'es-object-atoms': [ '1.1.1' ],
25 silly audit   'es-set-tostringtag': [ '2.1.0' ],
25 silly audit   'es-shim-unscopables': [ '1.1.0' ],
25 silly audit   'es-to-primitive': [ '1.3.0' ],
25 silly audit   escalade: [ '3.2.0' ],
25 silly audit   'escape-string-regexp': [ '4.0.0', '1.0.5' ],
25 silly audit   eslint: [ '8.57.1' ],
25 silly audit   'eslint-config-airbnb': [ '19.0.4' ],
25 silly audit   'eslint-config-airbnb-base': [ '15.0.0' ],
25 silly audit   'eslint-config-prettier': [ '10.0.1' ],
25 silly audit   'eslint-import-resolver-node': [ '0.3.9' ],
25 silly audit   'eslint-module-utils': [ '2.12.0' ],
25 silly audit   'eslint-plugin-import': [ '2.31.0' ],
25 silly audit   'eslint-plugin-jsx-a11y': [ '6.7.1' ],
25 silly audit   'eslint-plugin-react': [ '7.32.2' ],
25 silly audit   'eslint-plugin-react-hooks': [ '4.6.2' ],
25 silly audit   resolve: [ '2.0.0-next.4', '1.22.10' ],
25 silly audit   'eslint-scope': [ '5.1.1', '7.2.2', '4.0.3' ],
25 silly audit   estraverse: [ '4.3.0', '5.3.0' ],
25 silly audit   'strip-ansi': [ '6.0.1', '3.0.1', '4.0.0' ],
25 silly audit   espree: [ '9.6.1' ],
25 silly audit   esprima: [ '4.0.1' ],
25 silly audit   esquery: [ '1.5.0' ],
25 silly audit   esrecurse: [ '4.3.0' ],
25 silly audit   esutils: [ '2.0.3' ],
25 silly audit   events: [ '3.3.0' ],
25 silly audit   evp_bytestokey: [ '1.0.3' ],
25 silly audit   execa: [ '1.0.0', '2.1.0' ],
25 silly audit   'path-key': [ '2.0.1', '3.1.1' ],
25 silly audit   semver: [ '5.7.2', '6.3.1', '7.7.1' ],
25 silly audit   'shebang-command': [ '1.2.0', '2.0.0' ],
25 silly audit   'shebang-regex': [ '1.0.0', '3.0.0' ],
25 silly audit   which: [ '1.3.1', '2.0.2' ],
25 silly audit   'expand-brackets': [ '2.1.4' ],
25 silly audit   ms: [ '2.0.0', '2.1.2' ],
25 silly audit   'extend-shallow': [ '2.0.1', '3.0.2' ],
25 silly audit   extglob: [ '2.0.4' ],
25 silly audit   'fast-deep-equal': [ '3.1.3' ],
25 silly audit   'fast-glob': [ '3.2.12' ],
25 silly audit   'fast-json-stable-stringify': [ '2.1.0' ],
25 silly audit   'fast-levenshtein': [ '2.0.6' ],
25 silly audit   fastq: [ '1.15.0' ],
25 silly audit   'figgy-pudding': [ '3.5.2' ],
25 silly audit   figures: [ '1.7.0', '2.0.0' ],
25 silly audit   'file-entry-cache': [ '6.0.1' ],
25 silly audit   'file-uri-to-path': [ '1.0.0' ],
25 silly audit   'fill-range': [ '7.1.1', '4.0.0' ],
25 silly audit   'find-cache-dir': [ '2.1.0' ],
25 silly audit   'find-up': [ '3.0.0', '5.0.0', '4.1.0' ],
25 silly audit   'locate-path': [ '3.0.0', '6.0.0', '5.0.0' ],
25 silly audit   'p-limit': [ '2.3.0', '3.1.0' ],
25 silly audit   'p-locate': [ '3.0.0', '5.0.0', '4.1.0' ],
25 silly audit   'path-exists': [ '3.0.0', '4.0.0' ],
25 silly audit   'pkg-dir': [ '3.0.0', '4.2.0' ],
25 silly audit   'flat-cache': [ '3.2.0' ],
25 silly audit   flatted: [ '3.3.3' ],
25 silly audit   'flush-write-stream': [ '1.1.1' ],
25 silly audit   'for-each': [ '0.3.3' ],
25 silly audit   'for-in': [ '1.0.2' ],
25 silly audit   'fragment-cache': [ '0.2.1' ],
25 silly audit   'framer-motion': [ '10.12.12' ],
25 silly audit   from2: [ '2.3.0' ],
25 silly audit   'fs-extra': [ '4.0.3' ],
25 silly audit   'fs-write-stream-atomic': [ '1.0.10' ],
25 silly audit   'fs.realpath': [ '1.0.0' ],
25 silly audit   fsevents: [ '2.3.3', '1.2.13' ],
25 silly audit   'function-bind': [ '1.1.2' ],
25 silly audit   'function.prototype.name': [ '1.1.8' ],
25 silly audit   'functions-have-names': [ '1.2.3' ],
25 silly audit   gensync: [ '1.0.0-beta.2' ],
25 silly audit   'get-intrinsic': [ '1.3.0' ],
25 silly audit   'get-own-enumerable-property-symbols': [ '3.0.2' ],
25 silly audit   'get-proto': [ '1.0.1' ],
25 silly audit   'get-stdin': [ '7.0.0' ],
25 silly audit   'get-stream': [ '4.1.0', '5.2.0' ],
25 silly audit   'get-symbol-description': [ '1.1.0' ],
25 silly audit   'get-value': [ '2.0.6' ],
25 silly audit   glob: [ '7.2.3' ],
25 silly audit   globalthis: [ '1.0.4' ],
25 silly audit   gopd: [ '1.2.0' ],
25 silly audit   'graceful-fs': [ '4.2.11' ],
25 silly audit   graphemer: [ '1.4.0' ],
25 silly audit   has: [ '1.0.3' ],
25 silly audit   'has-ansi': [ '2.0.0' ],
25 silly audit   'has-bigints': [ '1.0.2' ],
25 silly audit   'has-flag': [ '4.0.0', '3.0.0' ],
25 silly audit   'has-property-descriptors': [ '1.0.2' ],
25 silly audit   'has-proto': [ '1.2.0' ],
25 silly audit   'has-symbols': [ '1.1.0' ],
25 silly audit   'has-tostringtag': [ '1.0.2' ],
25 silly audit   'has-value': [ '1.0.0', '0.3.1' ],
25 silly audit   'has-values': [ '1.0.0', '0.1.4' ],
25 silly audit   'is-number': [ '3.0.0', '7.0.0' ],
25 silly audit   'kind-of': [ '3.2.2', '4.0.0', '6.0.3' ],
25 silly audit   'hash-base': [ '3.0.5' ],
25 silly audit   'hash.js': [ '1.1.7' ],
25 silly audit   hasown: [ '2.0.2' ],
25 silly audit   'hmac-drbg': [ '1.0.1' ],
25 silly audit   'hoist-non-react-statics': [ '3.3.2' ],
25 silly audit   'hosted-git-info': [ '2.8.9' ],
25 silly audit   'https-browserify': [ '1.0.0' ],
25 silly audit   husky: [ '3.1.0' ],
25 silly audit   'supports-color': [ '5.5.0', '2.0.0', '7.2.0' ],
25 silly audit   ieee754: [ '1.2.1' ],
25 silly audit   iferr: [ '0.1.5' ],
25 silly audit   ignore: [ '5.3.2' ],
25 silly audit   imurmurhash: [ '0.1.4' ],
25 silly audit   'infer-owner': [ '1.0.4' ],
25 silly audit   inflight: [ '1.0.6' ],
25 silly audit   'internal-slot': [ '1.1.0' ],
25 silly audit   'is-accessor-descriptor': [ '1.0.1' ],
25 silly audit   'is-arguments': [ '1.1.1' ],
25 silly audit   'is-array-buffer': [ '3.0.5' ],
25 silly audit   'is-arrayish': [ '0.2.1', '0.3.2' ],
25 silly audit   'is-async-function': [ '2.1.1' ],
25 silly audit   'is-bigint': [ '1.1.0' ],
25 silly audit   'is-binary-path': [ '2.1.0', '1.0.1' ],
25 silly audit   'is-boolean-object': [ '1.2.2' ],
25 silly audit   'is-buffer': [ '1.1.6' ],
25 silly audit   'is-callable': [ '1.2.7' ],
25 silly audit   'is-core-module': [ '2.16.1' ],
25 silly audit   'is-data-descriptor': [ '1.0.1' ],
25 silly audit   'is-data-view': [ '1.0.2' ],
25 silly audit   'is-date-object': [ '1.1.0' ],
25 silly audit   'is-directory': [ '0.3.1' ],
25 silly audit   'is-extendable': [ '0.1.1', '1.0.1' ],
25 silly audit   'is-extglob': [ '2.1.1' ],
25 silly audit   'is-finalizationregistry': [ '1.1.1' ],
25 silly audit   'is-fullwidth-code-point': [ '1.0.0', '2.0.0' ],
25 silly audit   'is-generator-function': [ '1.1.0' ],
25 silly audit   'is-glob': [ '4.0.3', '3.1.0' ],
25 silly audit   'is-map': [ '2.0.3' ],
25 silly audit   'is-number-object': [ '1.1.1' ],
25 silly audit   'is-obj': [ '1.0.1' ],
25 silly audit   'is-observable': [ '1.1.0' ],
25 silly audit   'is-path-cwd': [ '2.2.0' ],
25 silly audit   'is-path-in-cwd': [ '2.1.0' ],
25 silly audit   'is-path-inside': [ '2.1.0', '3.0.3' ],
25 silly audit   'is-plain-object': [ '2.0.4' ],
25 silly audit   'is-promise': [ '2.2.2' ],
25 silly audit   'is-regex': [ '1.2.1' ],
25 silly audit   'is-regexp': [ '1.0.0' ],
25 silly audit   'is-set': [ '2.0.3' ],
25 silly audit   'is-shared-array-buffer': [ '1.0.4' ],
25 silly audit   'is-stream': [ '1.1.0', '2.0.1' ],
25 silly audit   'is-string': [ '1.1.1' ],
25 silly audit   'is-symbol': [ '1.1.1' ],
25 silly audit   'is-typed-array': [ '1.1.15' ],
25 silly audit   'is-weakmap': [ '2.0.2' ],
25 silly audit   'is-weakref': [ '1.1.1' ],
25 silly audit   'is-weakset': [ '2.0.4' ],
25 silly audit   'is-windows': [ '1.0.2' ],
25 silly audit   'is-wsl': [ '1.1.0' ],
25 silly audit   isexe: [ '2.0.0' ],
25 silly audit   isobject: [ '3.0.1', '2.1.0' ],
25 silly audit   'js-tokens': [ '4.0.0' ],
25 silly audit   jsesc: [ '3.1.0' ],
25 silly audit   'json-buffer': [ '3.0.1' ],
25 silly audit   'json-parse-better-errors': [ '1.0.2' ],
25 silly audit   'json-parse-even-better-errors': [ '2.3.1' ],
25 silly audit   'json-schema-traverse': [ '0.4.1' ],
25 silly audit   'json-stable-stringify': [ '1.2.1' ],
25 silly audit   'json-stable-stringify-without-jsonify': [ '1.0.1' ],
25 silly audit   json5: [ '2.2.3', '1.0.2' ],
25 silly audit   jsonfile: [ '4.0.0' ],
25 silly audit   jsonify: [ '0.0.1' ],
25 silly audit   'jsx-ast-utils': [ '3.3.3' ],
25 silly audit   keyv: [ '4.5.4' ],
25 silly audit   'language-subtag-registry': [ '0.3.22' ],
25 silly audit   'language-tags': [ '1.0.5' ],
25 silly audit   levn: [ '0.4.1' ],
25 silly audit   'lines-and-columns': [ '1.2.4' ],
25 silly audit   'lint-staged': [ '9.5.0' ],
25 silly audit   'mimic-fn': [ '2.1.0', '1.2.0' ],
25 silly audit   'npm-run-path': [ '3.1.0', '2.0.2' ],
25 silly audit   onetime: [ '5.1.2', '2.0.1' ],
25 silly audit   'p-finally': [ '2.0.1', '1.0.0' ],
25 silly audit   listr: [ '0.14.3' ],
25 silly audit   'listr-silent-renderer': [ '1.1.1' ],
25 silly audit   'listr-update-renderer': [ '0.5.0' ],
25 silly audit   'log-symbols': [ '1.0.2', '3.0.0' ],
25 silly audit   'listr-verbose-renderer': [ '0.5.0' ],
25 silly audit   'loader-runner': [ '2.4.0' ],
25 silly audit   'loader-utils': [ '2.0.4', '1.4.2' ],
25 silly audit   lodash: [ '4.17.21' ],
25 silly audit   'lodash._reinterpolate': [ '3.0.0' ],
25 silly audit   'lodash.merge': [ '4.6.2' ],
25 silly audit   'lodash.template': [ '4.5.0' ],
25 silly audit   'lodash.templatesettings': [ '4.2.0' ],
25 silly audit   'log-update': [ '2.3.0' ],
25 silly audit   'loose-envify': [ '1.4.0' ],
25 silly audit   'lru-cache': [ '5.1.1' ],
25 silly audit   'make-dir': [ '2.1.0' ],
25 silly audit   'map-cache': [ '0.2.2' ],
25 silly audit   'map-visit': [ '1.0.0' ],
25 silly audit   'math-intrinsics': [ '1.1.0' ],
25 silly audit   'md5.js': [ '1.3.5' ],
25 silly audit   'merge-stream': [ '2.0.0' ],
25 silly audit   merge2: [ '1.4.1' ],
25 silly audit   micromatch: [ '4.0.8', '3.1.10' ],
25 silly audit   'miller-rabin': [ '4.0.1' ],
25 silly audit   'mime-db': [ '1.52.0' ],
25 silly audit   'mime-types': [ '2.1.35' ],
25 silly audit   'minimalistic-assert': [ '1.0.1' ],
25 silly audit   'minimalistic-crypto-utils': [ '1.0.1' ],
25 silly audit   minimatch: [ '3.1.2' ],
25 silly audit   minimist: [ '1.2.8' ],
25 silly audit   mississippi: [ '3.0.0' ],
25 silly audit   'mixin-deep': [ '1.3.2' ],
25 silly audit   mkdirp: [ '0.5.6' ],
25 silly audit   'move-concurrently': [ '1.0.1' ],
25 silly audit   nan: [ '2.22.1' ],
25 silly audit   nanoid: [ '3.3.8' ],
25 silly audit   nanomatch: [ '1.2.13' ],
25 silly audit   'natural-compare': [ '1.4.0' ],
25 silly audit   'neo-async': [ '2.6.2' ],
25 silly audit   next: [ '15.1.7' ],
25 silly audit   'next-page-transitions': [ '1.0.0-beta.2' ],
25 silly audit   'next-pwa': [ '2.0.2' ],
25 silly audit   'nice-try': [ '1.0.5' ],
25 silly audit   'node-libs-browser': [ '2.2.1' ],
25 silly audit   punycode: [ '1.4.1', '2.3.0' ],
25 silly audit   'node-releases': [ '2.0.19' ],
25 silly audit   'normalize-package-data': [ '2.5.0' ],
25 silly audit   'normalize-path': [ '3.0.0', '2.1.1' ],
25 silly audit   'number-is-nan': [ '1.0.1' ],
25 silly audit   'object-assign': [ '4.1.1' ],
25 silly audit   'object-copy': [ '0.1.0' ],
25 silly audit   'object-inspect': [ '1.13.4' ],
25 silly audit   'object-is': [ '1.1.5' ],
25 silly audit   'object-keys': [ '1.1.1' ],
25 silly audit   'object-visit': [ '1.0.1' ],
25 silly audit   'object.assign': [ '4.1.7' ],
25 silly audit   'object.entries': [ '1.1.6' ],
25 silly audit   'object.fromentries': [ '2.0.8' ],
25 silly audit   'object.groupby': [ '1.0.3' ],
25 silly audit   'object.hasown': [ '1.1.2' ],
25 silly audit   'object.pick': [ '1.3.0' ],
25 silly audit   'object.values': [ '1.2.1' ],
25 silly audit   once: [ '1.4.0' ],
25 silly audit   'opencollective-postinstall': [ '2.0.3' ],
25 silly audit   optionator: [ '0.9.4' ],
25 silly audit   'os-browserify': [ '0.3.0' ],
25 silly audit   'own-keys': [ '1.0.1' ],
25 silly audit   'p-try': [ '2.2.0' ],
25 silly audit   pako: [ '1.0.11' ],
25 silly audit   'parallel-transform': [ '1.2.0' ],
25 silly audit   'parent-module': [ '1.0.1' ],
25 silly audit   'parse-asn1': [ '5.1.7' ],
25 silly audit   'parse-json': [ '4.0.0', '5.2.0' ],
25 silly audit   pascalcase: [ '0.1.1' ],
25 silly audit   'path-browserify': [ '0.0.1' ],
25 silly audit   'path-dirname': [ '1.0.2' ],
25 silly audit   'path-is-absolute': [ '1.0.1' ],
25 silly audit   'path-is-inside': [ '1.0.2' ],
25 silly audit   'path-parse': [ '1.0.7' ],
25 silly audit   'path-type': [ '4.0.0' ],
25 silly audit   pbkdf2: [ '3.1.2' ],
25 silly audit   picocolors: [ '1.1.1' ],
25 silly audit   picomatch: [ '2.3.1' ],
25 silly audit   pinkie: [ '2.0.4' ],
25 silly audit   'pinkie-promise': [ '2.0.1' ],
25 silly audit   'please-upgrade-node': [ '3.2.0' ],
25 silly audit   'posix-character-classes': [ '0.1.1' ],
25 silly audit   'possible-typed-array-names': [ '1.1.0' ],
25 silly audit   postcss: [ '8.4.31', '8.4.49' ],
25 silly audit   'postcss-value-parser': [ '4.2.0' ],
25 silly audit   'prelude-ls': [ '1.2.1' ],
25 silly audit   'pretty-bytes': [ '5.6.0' ],
25 silly audit   process: [ '0.11.10' ],
25 silly audit   'process-nextick-args': [ '2.0.1' ],
25 silly audit   'promise-inflight': [ '1.0.1' ],
25 silly audit   'prop-types': [ '15.8.1' ],
25 silly audit   prr: [ '1.0.1' ],
25 silly audit   'public-encrypt': [ '4.0.3' ],
25 silly audit   pump: [ '3.0.0', '2.0.1' ],
25 silly audit   pumpify: [ '1.5.1' ],
25 silly audit   qs: [ '6.14.0' ],
25 silly audit   'querystring-es3': [ '0.2.1' ],
25 silly audit   'queue-microtask': [ '1.2.3' ],
25 silly audit   randombytes: [ '2.1.0' ],
25 silly audit   randomfill: [ '1.0.4' ],
25 silly audit   react: [ '18.2.0' ],
25 silly audit   'react-dom': [ '18.2.0' ],
25 silly audit   'react-fast-compare': [ '2.0.4' ],
25 silly audit   'react-helmet': [ '5.2.1' ],
25 silly audit   'react-is': [ '16.13.1' ],
25 silly audit   'react-lifecycles-compat': [ '3.0.4' ],
25 silly audit   'react-side-effect': [ '1.2.0' ],
25 silly audit   'react-transition-group': [ '2.9.0' ],
25 silly audit   'read-pkg': [ '5.2.0' ],
25 silly audit   'readable-stream': [ '2.3.8' ],
25 silly audit   'safe-buffer': [ '5.1.2', '5.2.1' ],
25 silly audit   string_decoder: [ '1.1.1', '1.3.0' ],
25 silly audit   readdirp: [ '3.6.0', '2.2.1' ],
25 silly audit   'reflect.getprototypeof': [ '1.0.10' ],
25 silly audit   'regex-not': [ '1.0.2' ],
25 silly audit   'regexp.prototype.flags': [ '1.5.4' ],
25 silly audit   'remove-trailing-separator': [ '1.1.0' ],
25 silly audit   'repeat-element': [ '1.1.4' ],
25 silly audit   'repeat-string': [ '1.6.1' ],
25 silly audit   'replace-in-file-webpack-plugin': [ '1.0.6' ],
25 silly audit   'resolve-url': [ '0.2.1' ],
25 silly audit   'restore-cursor': [ '2.0.0' ],
25 silly audit   ret: [ '0.1.15' ],
25 silly audit   reusify: [ '1.0.4' ],
25 silly audit   ripemd160: [ '2.0.2' ],
25 silly audit   'run-node': [ '1.0.0' ],
25 silly audit   'run-parallel': [ '1.2.0' ],
25 silly audit   'run-queue': [ '1.0.3' ],
25 silly audit   rxjs: [ '6.6.7' ],
25 silly audit   tslib: [ '1.14.1', '2.6.2', '2.8.1' ],
25 silly audit   'safe-array-concat': [ '1.1.3' ],
25 silly audit   'safe-push-apply': [ '1.0.0' ],
25 silly audit   'safe-regex': [ '1.1.0' ],
25 silly audit   'safe-regex-test': [ '1.1.0' ],
25 silly audit   scheduler: [ '0.23.0' ],
25 silly audit   'schema-utils': [ '1.0.0', '3.3.0' ],
25 silly audit   scoutbar: [ '1.2.3' ],
25 silly audit   'semver-compare': [ '1.0.0' ],
25 silly audit   'serialize-javascript': [ '4.0.0' ],
25 silly audit   'set-function-length': [ '1.2.2' ],
25 silly audit   'set-function-name': [ '2.0.2' ],
25 silly audit   'set-proto': [ '1.0.0' ],
25 silly audit   'set-value': [ '2.0.1' ],
25 silly audit   setimmediate: [ '1.0.5' ],
25 silly audit   'sha.js': [ '2.4.11' ],
25 silly audit   shallowequal: [ '1.1.0' ],
25 silly audit   sharp: [ '0.33.5' ],
25 silly audit   'side-channel': [ '1.1.0' ],
25 silly audit   'side-channel-list': [ '1.0.0' ],
25 silly audit   'side-channel-map': [ '1.0.1' ],
25 silly audit   'side-channel-weakmap': [ '1.0.2' ],
25 silly audit   'signal-exit': [ '3.0.7' ],
25 silly audit   'simple-swizzle': [ '0.2.2' ],
25 silly audit   slash: [ '3.0.0' ],
25 silly audit   'slice-ansi': [ '0.0.4' ],
25 silly audit   snapdragon: [ '0.8.2' ],
25 silly audit   'snapdragon-node': [ '2.1.1' ],
25 silly audit   'snapdragon-util': [ '3.0.1' ],
25 silly audit   'source-list-map': [ '2.0.1' ],
25 silly audit   'source-map-js': [ '1.2.1' ],
25 silly audit   'source-map-resolve': [ '0.5.3' ],
25 silly audit   'source-map-support': [ '0.5.21' ],
25 silly audit   'source-map-url': [ '0.4.1' ],
25 silly audit   'spdx-correct': [ '3.2.0' ],
25 silly audit   'spdx-exceptions': [ '2.3.0' ],
25 silly audit   'spdx-expression-parse': [ '3.0.1' ],
25 silly audit   'spdx-license-ids': [ '3.0.13' ],
25 silly audit   'split-string': [ '3.1.0' ],
25 silly audit   'sprintf-js': [ '1.0.3' ],
25 silly audit   ssri: [ '6.0.2' ],
25 silly audit   'static-extend': [ '0.1.2' ],
25 silly audit   'stop-iteration-iterator': [ '1.0.0' ],
25 silly audit   'stream-browserify': [ '2.0.2' ],
25 silly audit   'stream-each': [ '1.2.3' ],
25 silly audit   'stream-http': [ '2.8.3' ],
25 silly audit   'stream-shift': [ '1.0.3' ],
25 silly audit   streamsearch: [ '1.1.0' ],
25 silly audit   'string-argv': [ '0.3.2' ],
25 silly audit   'string-width': [ '1.0.2', '2.1.1' ],
25 silly audit   'string.prototype.matchall': [ '4.0.8' ],
25 silly audit   'string.prototype.trim': [ '1.2.10' ],
25 silly audit   'string.prototype.trimend': [ '1.0.9' ],
25 silly audit   'string.prototype.trimstart': [ '1.0.8' ],
25 silly audit   'stringify-object': [ '3.3.0' ],
25 silly audit   'strip-bom': [ '3.0.0' ],
25 silly audit   'strip-comments': [ '1.0.2' ],
25 silly audit   'strip-eof': [ '1.0.0' ],
25 silly audit   'strip-final-newline': [ '2.0.0' ],
25 silly audit   'strip-json-comments': [ '3.1.1' ],
25 silly audit   'styled-components': [ '6.1.15' ],
25 silly audit   'styled-jsx': [ '5.1.6' ],
25 silly audit   stylis: [ '4.3.2' ],
25 silly audit   'supports-preserve-symlinks-flag': [ '1.0.0' ],
25 silly audit   'symbol-observable': [ '1.2.0' ],
25 silly audit   tapable: [ '1.1.3' ],
25 silly audit   terser: [ '4.8.1' ],
25 silly audit   'terser-webpack-plugin': [ '1.4.6' ],
25 silly audit   'text-table': [ '0.2.0' ],
25 silly audit   through2: [ '2.0.5' ],
25 silly audit   'timers-browserify': [ '2.0.12' ],
25 silly audit   'to-arraybuffer': [ '1.0.1' ],
25 silly audit   'to-object-path': [ '0.3.0' ],
25 silly audit   'to-regex': [ '3.0.2' ],
25 silly audit   'to-regex-range': [ '5.0.1', '2.1.1' ],
25 silly audit   'tsconfig-paths': [ '3.15.0' ],
25 silly audit   'tty-browserify': [ '0.0.0' ],
25 silly audit   'type-check': [ '0.4.0' ],
25 silly audit   'typed-array-buffer': [ '1.0.3' ],
25 silly audit   'typed-array-byte-length': [ '1.0.3' ],
25 silly audit   'typed-array-byte-offset': [ '1.0.4' ],
25 silly audit   'typed-array-length': [ '1.0.7' ],
25 silly audit   typedarray: [ '0.0.6' ],
25 silly audit   typescript: [ '5.0.4' ],
25 silly audit   'unbox-primitive': [ '1.1.0' ],
25 silly audit   'union-value': [ '1.0.1' ],
25 silly audit   'unique-filename': [ '1.1.1' ],
25 silly audit   'unique-slug': [ '2.0.2' ],
25 silly audit   universalify: [ '0.1.2' ],
25 silly audit   'unset-value': [ '1.0.0' ],
25 silly audit   upath: [ '1.2.0' ],
25 silly audit   'update-browserslist-db': [ '1.1.2' ],
25 silly audit   'uri-js': [ '4.4.1' ],
25 silly audit   urix: [ '0.1.0' ],
25 silly audit   url: [ '0.11.4' ],
25 silly audit   'url-loader': [ '4.1.1' ],
25 silly audit   use: [ '3.1.1' ],
25 silly audit   'util-deprecate': [ '1.0.2' ],
25 silly audit   'validate-npm-package-license': [ '3.0.4' ],
25 silly audit   'vm-browserify': [ '1.1.2' ],
25 silly audit   watchpack: [ '1.7.5' ],
25 silly audit   'watchpack-chokidar2': [ '2.0.1' ],
25 silly audit   webpack: [ '4.47.0' ],
25 silly audit   'webpack-sources': [ '1.4.3' ],
25 silly audit   'which-boxed-primitive': [ '1.1.1' ],
25 silly audit   'which-builtin-type': [ '1.2.1' ],
25 silly audit   'which-collection': [ '1.0.2' ],
25 silly audit   'which-typed-array': [ '1.1.18' ],
25 silly audit   'word-wrap': [ '1.2.5' ],
25 silly audit   'workbox-background-sync': [ '4.3.1' ],
25 silly audit   'workbox-broadcast-update': [ '4.3.1' ],
25 silly audit   'workbox-build': [ '4.3.1' ],
25 silly audit   'workbox-cacheable-response': [ '4.3.1' ],
25 silly audit   'workbox-core': [ '4.3.1' ],
25 silly audit   'workbox-expiration': [ '4.3.1' ],
25 silly audit   'workbox-google-analytics': [ '4.3.1' ],
25 silly audit   'workbox-navigation-preload': [ '4.3.1' ],
25 silly audit   'workbox-precaching': [ '4.3.1' ],
25 silly audit   'workbox-range-requests': [ '4.3.1' ],
25 silly audit   'workbox-routing': [ '4.3.1' ],
25 silly audit   'workbox-strategies': [ '4.3.1' ],
25 silly audit   'workbox-streams': [ '4.3.1' ],
25 silly audit   'workbox-sw': [ '4.3.1' ],
25 silly audit   'workbox-webpack-plugin': [ '4.3.1' ],
25 silly audit   'workbox-window': [ '4.3.1' ],
25 silly audit   'worker-farm': [ '1.7.0' ],
25 silly audit   'wrap-ansi': [ '3.0.1' ],
25 silly audit   wrappy: [ '1.0.2' ],
25 silly audit   xtend: [ '4.0.2' ],
25 silly audit   y18n: [ '4.0.3' ],
25 silly audit   yallist: [ '3.1.1' ],
25 silly audit   'yocto-queue': [ '0.1.0' ]
25 silly audit }
26 verbose reify failed optional dependency C:\Users\HP\Desktop\portfolio projects\PORTFOLIO SITE\node_modules\fsevents
27 silly reify mark deleted [
27 silly reify   'C:\\Users\\HP\\Desktop\\portfolio projects\\PORTFOLIO SITE\\node_modules\\fsevents'
27 silly reify ]
28 verbose reify failed optional dependency C:\Users\HP\Desktop\portfolio projects\PORTFOLIO SITE\node_modules\@next\swc-win32-arm64-msvc
29 silly reify mark deleted [
29 silly reify   'C:\\Users\\HP\\Desktop\\portfolio projects\\PORTFOLIO SITE\\node_modules\\@next\\swc-win32-arm64-msvc'
29 silly reify ]
30 verbose reify failed optional dependency C:\Users\HP\Desktop\portfolio projects\PORTFOLIO SITE\node_modules\@next\swc-linux-x64-musl
31 silly reify mark deleted [
31 silly reify   'C:\\Users\\HP\\Desktop\\portfolio projects\\PORTFOLIO SITE\\node_modules\\@next\\swc-linux-x64-musl'
31 silly reify ]
32 verbose reify failed optional dependency C:\Users\HP\Desktop\portfolio projects\PORTFOLIO SITE\node_modules\@next\swc-linux-x64-gnu
33 silly reify mark deleted [
33 silly reify   'C:\\Users\\HP\\Desktop\\portfolio projects\\PORTFOLIO SITE\\node_modules\\@next\\swc-linux-x64-gnu'
33 silly reify ]
34 verbose reify failed optional dependency C:\Users\HP\Desktop\portfolio projects\PORTFOLIO SITE\node_modules\@next\swc-linux-arm64-musl
35 silly reify mark deleted [
35 silly reify   'C:\\Users\\HP\\Desktop\\portfolio projects\\PORTFOLIO SITE\\node_modules\\@next\\swc-linux-arm64-musl'
35 silly reify ]
36 verbose reify failed optional dependency C:\Users\HP\Desktop\portfolio projects\PORTFOLIO SITE\node_modules\@next\swc-linux-arm64-gnu
37 silly reify mark deleted [
37 silly reify   'C:\\Users\\HP\\Desktop\\portfolio projects\\PORTFOLIO SITE\\node_modules\\@next\\swc-linux-arm64-gnu'
37 silly reify ]
38 verbose reify failed optional dependency C:\Users\HP\Desktop\portfolio projects\PORTFOLIO SITE\node_modules\@next\swc-darwin-x64
39 silly reify mark deleted [
39 silly reify   'C:\\Users\\HP\\Desktop\\portfolio projects\\PORTFOLIO SITE\\node_modules\\@next\\swc-darwin-x64'
39 silly reify ]
40 verbose reify failed optional dependency C:\Users\HP\Desktop\portfolio projects\PORTFOLIO SITE\node_modules\@next\swc-darwin-arm64
41 silly reify mark deleted [
41 silly reify   'C:\\Users\\HP\\Desktop\\portfolio projects\\PORTFOLIO SITE\\node_modules\\@next\\swc-darwin-arm64'
41 silly reify ]
42 verbose reify failed optional dependency C:\Users\HP\Desktop\portfolio projects\PORTFOLIO SITE\node_modules\@img\sharp-win32-ia32
43 silly reify mark deleted [
43 silly reify   'C:\\Users\\HP\\Desktop\\portfolio projects\\PORTFOLIO SITE\\node_modules\\@img\\sharp-win32-ia32'
43 silly reify ]
44 verbose reify failed optional dependency C:\Users\HP\Desktop\portfolio projects\PORTFOLIO SITE\node_modules\@img\sharp-wasm32
45 silly reify mark deleted [
45 silly reify   'C:\\Users\\HP\\Desktop\\portfolio projects\\PORTFOLIO SITE\\node_modules\\@img\\sharp-wasm32'
45 silly reify ]
46 verbose reify failed optional dependency C:\Users\HP\Desktop\portfolio projects\PORTFOLIO SITE\node_modules\@emnapi\runtime
47 silly reify mark deleted [
47 silly reify   'C:\\Users\\HP\\Desktop\\portfolio projects\\PORTFOLIO SITE\\node_modules\\@emnapi\\runtime'
47 silly reify ]
48 verbose reify failed optional dependency C:\Users\HP\Desktop\portfolio projects\PORTFOLIO SITE\node_modules\@img\sharp-linuxmusl-x64
49 silly reify mark deleted [
49 silly reify   'C:\\Users\\HP\\Desktop\\portfolio projects\\PORTFOLIO SITE\\node_modules\\@img\\sharp-linuxmusl-x64'
49 silly reify ]
50 verbose reify failed optional dependency C:\Users\HP\Desktop\portfolio projects\PORTFOLIO SITE\node_modules\@img\sharp-linuxmusl-arm64
51 silly reify mark deleted [
51 silly reify   'C:\\Users\\HP\\Desktop\\portfolio projects\\PORTFOLIO SITE\\node_modules\\@img\\sharp-linuxmusl-arm64'
51 silly reify ]
52 verbose reify failed optional dependency C:\Users\HP\Desktop\portfolio projects\PORTFOLIO SITE\node_modules\@img\sharp-linux-x64
53 silly reify mark deleted [
53 silly reify   'C:\\Users\\HP\\Desktop\\portfolio projects\\PORTFOLIO SITE\\node_modules\\@img\\sharp-linux-x64'
53 silly reify ]
54 verbose reify failed optional dependency C:\Users\HP\Desktop\portfolio projects\PORTFOLIO SITE\node_modules\@img\sharp-linux-s390x
55 silly reify mark deleted [
55 silly reify   'C:\\Users\\HP\\Desktop\\portfolio projects\\PORTFOLIO SITE\\node_modules\\@img\\sharp-linux-s390x'
55 silly reify ]
56 verbose reify failed optional dependency C:\Users\HP\Desktop\portfolio projects\PORTFOLIO SITE\node_modules\@img\sharp-linux-arm64
57 silly reify mark deleted [
57 silly reify   'C:\\Users\\HP\\Desktop\\portfolio projects\\PORTFOLIO SITE\\node_modules\\@img\\sharp-linux-arm64'
57 silly reify ]
58 verbose reify failed optional dependency C:\Users\HP\Desktop\portfolio projects\PORTFOLIO SITE\node_modules\@img\sharp-linux-arm
59 silly reify mark deleted [
59 silly reify   'C:\\Users\\HP\\Desktop\\portfolio projects\\PORTFOLIO SITE\\node_modules\\@img\\sharp-linux-arm'
59 silly reify ]
60 verbose reify failed optional dependency C:\Users\HP\Desktop\portfolio projects\PORTFOLIO SITE\node_modules\@img\sharp-libvips-linuxmusl-x64
61 silly reify mark deleted [
61 silly reify   'C:\\Users\\HP\\Desktop\\portfolio projects\\PORTFOLIO SITE\\node_modules\\@img\\sharp-libvips-linuxmusl-x64'
61 silly reify ]
62 verbose reify failed optional dependency C:\Users\HP\Desktop\portfolio projects\PORTFOLIO SITE\node_modules\@img\sharp-libvips-linuxmusl-arm64
63 silly reify mark deleted [
63 silly reify   'C:\\Users\\HP\\Desktop\\portfolio projects\\PORTFOLIO SITE\\node_modules\\@img\\sharp-libvips-linuxmusl-arm64'
63 silly reify ]
64 verbose reify failed optional dependency C:\Users\HP\Desktop\portfolio projects\PORTFOLIO SITE\node_modules\@img\sharp-libvips-linux-x64
65 silly reify mark deleted [
65 silly reify   'C:\\Users\\HP\\Desktop\\portfolio projects\\PORTFOLIO SITE\\node_modules\\@img\\sharp-libvips-linux-x64'
65 silly reify ]
66 verbose reify failed optional dependency C:\Users\HP\Desktop\portfolio projects\PORTFOLIO SITE\node_modules\@img\sharp-libvips-linux-s390x
67 silly reify mark deleted [
67 silly reify   'C:\\Users\\HP\\Desktop\\portfolio projects\\PORTFOLIO SITE\\node_modules\\@img\\sharp-libvips-linux-s390x'
67 silly reify ]
68 verbose reify failed optional dependency C:\Users\HP\Desktop\portfolio projects\PORTFOLIO SITE\node_modules\@img\sharp-libvips-linux-arm64
69 silly reify mark deleted [
69 silly reify   'C:\\Users\\HP\\Desktop\\portfolio projects\\PORTFOLIO SITE\\node_modules\\@img\\sharp-libvips-linux-arm64'
69 silly reify ]
70 verbose reify failed optional dependency C:\Users\HP\Desktop\portfolio projects\PORTFOLIO SITE\node_modules\@img\sharp-libvips-linux-arm
71 silly reify mark deleted [
71 silly reify   'C:\\Users\\HP\\Desktop\\portfolio projects\\PORTFOLIO SITE\\node_modules\\@img\\sharp-libvips-linux-arm'
71 silly reify ]
72 verbose reify failed optional dependency C:\Users\HP\Desktop\portfolio projects\PORTFOLIO SITE\node_modules\@img\sharp-libvips-darwin-x64
73 silly reify mark deleted [
73 silly reify   'C:\\Users\\HP\\Desktop\\portfolio projects\\PORTFOLIO SITE\\node_modules\\@img\\sharp-libvips-darwin-x64'
73 silly reify ]
74 verbose reify failed optional dependency C:\Users\HP\Desktop\portfolio projects\PORTFOLIO SITE\node_modules\@img\sharp-libvips-darwin-arm64
75 silly reify mark deleted [
75 silly reify   'C:\\Users\\HP\\Desktop\\portfolio projects\\PORTFOLIO SITE\\node_modules\\@img\\sharp-libvips-darwin-arm64'
75 silly reify ]
76 verbose reify failed optional dependency C:\Users\HP\Desktop\portfolio projects\PORTFOLIO SITE\node_modules\@img\sharp-darwin-x64
77 silly reify mark deleted [
77 silly reify   'C:\\Users\\HP\\Desktop\\portfolio projects\\PORTFOLIO SITE\\node_modules\\@img\\sharp-darwin-x64'
77 silly reify ]
78 verbose reify failed optional dependency C:\Users\HP\Desktop\portfolio projects\PORTFOLIO SITE\node_modules\@img\sharp-darwin-arm64
79 silly reify mark deleted [
79 silly reify   'C:\\Users\\HP\\Desktop\\portfolio projects\\PORTFOLIO SITE\\node_modules\\@img\\sharp-darwin-arm64'
79 silly reify ]
80 verbose reify failed optional dependency C:\Users\HP\Desktop\portfolio projects\PORTFOLIO SITE\node_modules\watchpack-chokidar2\node_modules\fsevents
81 silly reify mark deleted [
81 silly reify   'C:\\Users\\HP\\Desktop\\portfolio projects\\PORTFOLIO SITE\\node_modules\\watchpack-chokidar2\\node_modules\\fsevents'
81 silly reify ]
82 verbose reify failed optional dependency C:\Users\HP\Desktop\portfolio projects\PORTFOLIO SITE\node_modules\bindings
83 silly reify mark deleted [
83 silly reify   'C:\\Users\\HP\\Desktop\\portfolio projects\\PORTFOLIO SITE\\node_modules\\bindings'
83 silly reify ]
84 verbose reify failed optional dependency C:\Users\HP\Desktop\portfolio projects\PORTFOLIO SITE\node_modules\nan
85 silly reify mark deleted [
85 silly reify   'C:\\Users\\HP\\Desktop\\portfolio projects\\PORTFOLIO SITE\\node_modules\\nan'
85 silly reify ]
86 verbose reify failed optional dependency C:\Users\HP\Desktop\portfolio projects\PORTFOLIO SITE\node_modules\file-uri-to-path
87 silly reify mark deleted [
87 silly reify   'C:\\Users\\HP\\Desktop\\portfolio projects\\PORTFOLIO SITE\\node_modules\\file-uri-to-path'
87 silly reify ]
88 http cache nan@https://registry.npmjs.org/nan/-/nan-2.22.1.tgz 1ms (cache hit)
89 http cache file-uri-to-path@https://registry.npmjs.org/file-uri-to-path/-/file-uri-to-path-1.0.0.tgz 0ms (cache hit)
90 http cache bindings@https://registry.npmjs.org/bindings/-/bindings-1.5.0.tgz 0ms (cache hit)
91 http cache @emnapi/runtime@https://registry.npmjs.org/@emnapi/runtime/-/runtime-1.3.1.tgz 0ms (cache hit)
92 http fetch POST 200 https://registry.npmjs.org/-/npm/v1/security/advisories/bulk 524ms
93 silly audit report {
93 silly audit report   braces: [
93 silly audit report     {
93 silly audit report       id: 1098094,
93 silly audit report       url: 'https://github.com/advisories/GHSA-grv7-fg5c-xmjg',
93 silly audit report       title: 'Uncontrolled resource consumption in braces',
93 silly audit report       severity: 'high',
93 silly audit report       vulnerable_versions: '<3.0.3',
93 silly audit report       cwe: [Array],
93 silly audit report       cvss: [Object]
93 silly audit report     }
93 silly audit report   ],
93 silly audit report   'lodash.template': [
93 silly audit report     {
93 silly audit report       id: 1096993,
93 silly audit report       url: 'https://github.com/advisories/GHSA-35jh-r3h4-6jhm',
93 silly audit report       title: 'Command Injection in lodash',
93 silly audit report       severity: 'high',
93 silly audit report       vulnerable_versions: '<=4.5.0',
93 silly audit report       cwe: [Array],
93 silly audit report       cvss: [Object]
93 silly audit report     }
93 silly audit report   ],
93 silly audit report   micromatch: [
93 silly audit report     {
93 silly audit report       id: 1098681,
93 silly audit report       url: 'https://github.com/advisories/GHSA-952p-6rrq-rcjv',
93 silly audit report       title: 'Regular Expression Denial of Service (ReDoS) in micromatch',
93 silly audit report       severity: 'moderate',
93 silly audit report       vulnerable_versions: '<4.0.8',
93 silly audit report       cwe: [Array],
93 silly audit report       cvss: [Object]
93 silly audit report     }
93 silly audit report   ],
93 silly audit report   'serialize-javascript': [
93 silly audit report     {
93 silly audit report       id: 1102339,
93 silly audit report       url: 'https://github.com/advisories/GHSA-76p7-773f-r4q5',
93 silly audit report       title: 'Cross-site Scripting (XSS) in serialize-javascript',
93 silly audit report       severity: 'moderate',
93 silly audit report       vulnerable_versions: '<6.0.2',
93 silly audit report       cwe: [Array],
93 silly audit report       cvss: [Object]
93 silly audit report     }
93 silly audit report   ]
93 silly audit report }
94 silly packumentCache corgi:https://registry.npmjs.org/braces cache-miss
95 silly packumentCache corgi:https://registry.npmjs.org/lodash.template cache-miss
96 silly packumentCache corgi:https://registry.npmjs.org/micromatch cache-miss
97 silly packumentCache corgi:https://registry.npmjs.org/serialize-javascript cache-miss
98 http cache https://registry.npmjs.org/braces 158ms (cache hit)
99 silly packumentCache corgi:https://registry.npmjs.org/braces set size:35919 disposed:false
100 http cache https://registry.npmjs.org/lodash.template 160ms (cache hit)
101 silly packumentCache corgi:https://registry.npmjs.org/lodash.template set size:28308 disposed:false
102 http cache https://registry.npmjs.org/micromatch 160ms (cache hit)
103 silly packumentCache corgi:https://registry.npmjs.org/micromatch set size:71776 disposed:false
104 http cache https://registry.npmjs.org/serialize-javascript 164ms (cache hit)
105 silly packumentCache corgi:https://registry.npmjs.org/serialize-javascript set size:31981 disposed:false
106 silly packumentCache corgi:https://registry.npmjs.org/chokidar cache-miss
107 http cache https://registry.npmjs.org/chokidar 182ms (cache hit)
108 silly packumentCache corgi:https://registry.npmjs.org/chokidar set size:118541 disposed:false
109 silly packumentCache corgi:https://registry.npmjs.org/workbox-build cache-miss
110 http fetch GET 200 https://registry.npmjs.org/workbox-build 3511ms (cache updated)
111 silly packumentCache corgi:https://registry.npmjs.org/workbox-build set size:undefined disposed:false
112 silly packumentCache corgi:https://registry.npmjs.org/anymatch cache-miss
113 silly packumentCache corgi:https://registry.npmjs.org/readdirp cache-miss
114 silly packumentCache corgi:https://registry.npmjs.org/webpack cache-miss
115 http fetch GET 200 https://registry.npmjs.org/anymatch 382ms (cache updated)
116 silly packumentCache corgi:https://registry.npmjs.org/anymatch set size:undefined disposed:false
117 http fetch GET 200 https://registry.npmjs.org/readdirp 2339ms (cache updated)
118 silly packumentCache corgi:https://registry.npmjs.org/readdirp set size:undefined disposed:false
119 http fetch GET 200 https://registry.npmjs.org/webpack 4410ms (cache updated)
120 silly packumentCache corgi:https://registry.npmjs.org/webpack set size:undefined disposed:false
121 silly packumentCache corgi:https://registry.npmjs.org/terser-webpack-plugin cache-miss
122 http fetch GET 200 https://registry.npmjs.org/terser-webpack-plugin 588ms (cache updated)
123 silly packumentCache corgi:https://registry.npmjs.org/terser-webpack-plugin set size:undefined disposed:false
124 silly packumentCache corgi:https://registry.npmjs.org/watchpack-chokidar2 cache-miss
125 http fetch GET 200 https://registry.npmjs.org/watchpack-chokidar2 284ms (cache updated)
126 silly packumentCache corgi:https://registry.npmjs.org/watchpack-chokidar2 set size:undefined disposed:false
127 silly packumentCache corgi:https://registry.npmjs.org/workbox-webpack-plugin cache-miss
128 http fetch GET 200 https://registry.npmjs.org/workbox-webpack-plugin 421ms (cache updated)
129 silly packumentCache corgi:https://registry.npmjs.org/workbox-webpack-plugin set size:undefined disposed:false
130 silly packumentCache corgi:https://registry.npmjs.org/clean-webpack-plugin cache-miss
131 silly packumentCache corgi:https://registry.npmjs.org/next-pwa cache-miss
132 silly packumentCache corgi:https://registry.npmjs.org/url-loader cache-miss
133 http fetch GET 200 https://registry.npmjs.org/clean-webpack-plugin 638ms (cache updated)
134 silly packumentCache corgi:https://registry.npmjs.org/clean-webpack-plugin set size:undefined disposed:false
135 http fetch GET 200 https://registry.npmjs.org/url-loader 648ms (cache updated)
136 silly packumentCache corgi:https://registry.npmjs.org/url-loader set size:undefined disposed:false
137 http fetch GET 200 https://registry.npmjs.org/next-pwa 2315ms (cache updated)
138 silly packumentCache corgi:https://registry.npmjs.org/next-pwa set size:undefined disposed:false
139 silly packumentCache corgi:https://registry.npmjs.org/watchpack cache-miss
140 http fetch GET 200 https://registry.npmjs.org/watchpack 273ms (cache updated)
141 silly packumentCache corgi:https://registry.npmjs.org/watchpack set size:undefined disposed:false
142 silly ADD
143 silly ADD
144 silly ADD
145 silly ADD
146 silly ADD
147 silly ADD
148 silly ADD
149 silly ADD
150 silly ADD
151 silly ADD
152 silly ADD
153 silly ADD
154 silly ADD
155 silly ADD
156 silly ADD
157 silly ADD
158 silly ADD
159 silly ADD
160 silly ADD
161 silly ADD
162 silly ADD
163 silly ADD
164 silly ADD
165 silly ADD
166 silly ADD
167 silly ADD
168 silly ADD
169 silly ADD
170 silly ADD
171 silly ADD
172 silly ADD
173 silly REMOVE node_modules/prettier-linter-helpers
174 silly REMOVE node_modules/prettier
175 silly REMOVE node_modules/fast-diff
176 silly REMOVE node_modules/eslint-plugin-prettier
177 verbose cwd C:\Users\HP\Desktop\portfolio projects\PORTFOLIO SITE
178 verbose os Windows_NT 10.0.19045
179 verbose node v21.6.1
180 verbose npm  v10.9.1
181 verbose exit 0
182 info ok
