0 verbose cli C:\Program Files\nodejs\node.exe C:\Users\HP\AppData\Roaming\npm\node_modules\npm\bin\npm-cli.js
1 info using npm@10.9.1
2 info using node@v21.6.1
3 silly config load:file:C:\Users\HP\AppData\Roaming\npm\node_modules\npm\npmrc
4 silly config load:file:C:\Users\HP\Desktop\portfolio projects\PORTFOLIO SITE\.npmrc
5 silly config load:file:C:\Users\HP\.npmrc
6 silly config load:file:C:\Users\HP\AppData\Roaming\npm\etc\npmrc
7 verbose title npm install eslint@latest eslint-plugin-react-hooks@latest eslint-config-airbnb@latest
8 verbose argv "install" "eslint@latest" "eslint-plugin-react-hooks@latest" "eslint-config-airbnb@latest" "--save-dev" "--legacy-peer-deps"
9 verbose logfile logs-max:10 dir:C:\Users\HP\Desktop\portfolio projects\PORTFOLIO SITE\clean\_logs\2025-02-25T07_45_32_724Z-
10 verbose logfile C:\Users\HP\Desktop\portfolio projects\PORTFOLIO SITE\clean\_logs\2025-02-25T07_45_32_724Z-debug-0.log
11 silly logfile start cleaning logs, removing 2 files
12 silly packumentCache heap:2197815296 maxSize:549453824 maxEntrySize:274726912
13 silly logfile done cleaning log files
14 silly packumentCache corgi:https://registry.npmjs.org/eslint cache-miss
15 silly packumentCache corgi:https://registry.npmjs.org/eslint-plugin-react-hooks cache-miss
16 silly packumentCache corgi:https://registry.npmjs.org/eslint-config-airbnb cache-miss
17 http fetch GET 200 https://registry.npmjs.org/eslint-config-airbnb 2807ms (cache miss)
18 silly packumentCache corgi:https://registry.npmjs.org/eslint-config-airbnb set size:undefined disposed:false
19 http fetch GET 200 https://registry.npmjs.org/eslint 2956ms (cache updated)
20 silly packumentCache corgi:https://registry.npmjs.org/eslint set size:undefined disposed:false
21 http fetch GET 200 https://registry.npmjs.org/eslint-plugin-react-hooks 3432ms (cache miss)
22 silly packumentCache corgi:https://registry.npmjs.org/eslint-plugin-react-hooks set size:undefined disposed:false
23 silly idealTree buildDeps
24 silly fetch manifest eslint@9.21.0
25 silly packumentCache full:https://registry.npmjs.org/eslint cache-miss
26 http fetch GET 200 https://registry.npmjs.org/eslint 283ms (cache updated)
27 silly packumentCache full:https://registry.npmjs.org/eslint set size:undefined disposed:false
28 silly fetch manifest eslint-config-airbnb@19.0.4
29 silly packumentCache full:https://registry.npmjs.org/eslint-config-airbnb cache-miss
30 http fetch GET 200 https://registry.npmjs.org/eslint-config-airbnb 265ms (cache updated)
31 silly packumentCache full:https://registry.npmjs.org/eslint-config-airbnb set size:undefined disposed:false
32 silly fetch manifest eslint-plugin-react-hooks@5.1.0
33 silly packumentCache full:https://registry.npmjs.org/eslint-plugin-react-hooks cache-miss
34 http fetch GET 200 https://registry.npmjs.org/eslint-plugin-react-hooks 3059ms (cache updated)
35 silly packumentCache full:https://registry.npmjs.org/eslint-plugin-react-hooks set size:undefined disposed:false
36 silly placeDep ROOT eslint@9.21.0 REPLACE for: Hanorah@1.5.0 want: 9.21.0
37 silly placeDep ROOT eslint-config-airbnb@19.0.4 REPLACE for: Hanorah@1.5.0 want: 19.0.4
38 silly placeDep ROOT eslint-plugin-react-hooks@5.1.0 REPLACE for: Hanorah@1.5.0 want: 5.1.0
39 silly fetch manifest @eslint-community/eslint-utils@^4.2.0
40 silly packumentCache full:https://registry.npmjs.org/@eslint-community%2feslint-utils cache-miss
41 silly fetch manifest @eslint-community/regexpp@^4.12.1
42 silly packumentCache full:https://registry.npmjs.org/@eslint-community%2fregexpp cache-miss
43 silly fetch manifest @eslint/config-array@^0.19.2
44 silly packumentCache full:https://registry.npmjs.org/@eslint%2fconfig-array cache-miss
45 http fetch GET 200 https://registry.npmjs.org/@eslint%2fconfig-array 174ms (cache updated)
46 silly packumentCache full:https://registry.npmjs.org/@eslint%2fconfig-array set size:undefined disposed:false
47 silly fetch manifest @eslint/core@^0.12.0
48 silly packumentCache full:https://registry.npmjs.org/@eslint%2fcore cache-miss
49 http fetch GET 200 https://registry.npmjs.org/@eslint-community%2fregexpp 227ms (cache updated)
50 silly packumentCache full:https://registry.npmjs.org/@eslint-community%2fregexpp set size:undefined disposed:false
51 silly fetch manifest @eslint/eslintrc@^3.3.0
52 silly packumentCache full:https://registry.npmjs.org/@eslint%2feslintrc cache-miss
53 http fetch GET 200 https://registry.npmjs.org/@eslint-community%2feslint-utils 269ms (cache updated)
54 silly packumentCache full:https://registry.npmjs.org/@eslint-community%2feslint-utils set size:undefined disposed:false
55 silly fetch manifest @eslint/js@9.21.0
56 silly packumentCache full:https://registry.npmjs.org/@eslint%2fjs cache-miss
57 http fetch GET 200 https://registry.npmjs.org/@eslint%2fcore 162ms (cache updated)
58 silly packumentCache full:https://registry.npmjs.org/@eslint%2fcore set size:undefined disposed:false
59 silly fetch manifest @eslint/plugin-kit@^0.2.7
60 silly packumentCache full:https://registry.npmjs.org/@eslint%2fplugin-kit cache-miss
61 http fetch GET 200 https://registry.npmjs.org/@eslint%2feslintrc 164ms (cache updated)
62 silly packumentCache full:https://registry.npmjs.org/@eslint%2feslintrc set size:undefined disposed:false
63 silly fetch manifest @humanfs/node@^0.16.6
64 silly packumentCache full:https://registry.npmjs.org/@humanfs%2fnode cache-miss
65 http fetch GET 200 https://registry.npmjs.org/@eslint%2fplugin-kit 133ms (cache updated)
66 silly packumentCache full:https://registry.npmjs.org/@eslint%2fplugin-kit set size:undefined disposed:false
67 silly fetch manifest @humanwhocodes/module-importer@^1.0.1
68 silly packumentCache full:https://registry.npmjs.org/@humanwhocodes%2fmodule-importer cache-miss
69 http fetch GET 200 https://registry.npmjs.org/@eslint%2fjs 279ms (cache updated)
70 silly packumentCache full:https://registry.npmjs.org/@eslint%2fjs set size:undefined disposed:false
71 silly fetch manifest @humanwhocodes/retry@^0.4.2
72 silly packumentCache full:https://registry.npmjs.org/@humanwhocodes%2fretry cache-miss
73 http fetch GET 200 https://registry.npmjs.org/@humanfs%2fnode 206ms (cache updated)
74 silly packumentCache full:https://registry.npmjs.org/@humanfs%2fnode set size:undefined disposed:false
75 silly fetch manifest @types/estree@^1.0.6
76 silly packumentCache full:https://registry.npmjs.org/@types%2festree cache-miss
77 http fetch GET 200 https://registry.npmjs.org/@humanwhocodes%2fmodule-importer 222ms (cache updated)
78 silly packumentCache full:https://registry.npmjs.org/@humanwhocodes%2fmodule-importer set size:undefined disposed:false
79 silly fetch manifest eslint-scope@^8.2.0
80 silly packumentCache full:https://registry.npmjs.org/eslint-scope cache-miss
81 http fetch GET 200 https://registry.npmjs.org/@types%2festree 160ms (cache updated)
82 silly packumentCache full:https://registry.npmjs.org/@types%2festree set size:undefined disposed:false
83 silly fetch manifest eslint-visitor-keys@^4.2.0
84 silly packumentCache full:https://registry.npmjs.org/eslint-visitor-keys cache-miss
85 http fetch GET 200 https://registry.npmjs.org/@humanwhocodes%2fretry 300ms (cache updated)
86 silly packumentCache full:https://registry.npmjs.org/@humanwhocodes%2fretry set size:undefined disposed:false
87 silly fetch manifest espree@^10.3.0
88 silly packumentCache full:https://registry.npmjs.org/espree cache-miss
89 http fetch GET 200 https://registry.npmjs.org/eslint-scope 152ms (cache updated)
90 silly packumentCache full:https://registry.npmjs.org/eslint-scope set size:undefined disposed:false
91 silly fetch manifest file-entry-cache@^8.0.0
92 silly packumentCache full:https://registry.npmjs.org/file-entry-cache cache-miss
93 http fetch GET 200 https://registry.npmjs.org/eslint-visitor-keys 846ms (cache updated)
94 silly packumentCache full:https://registry.npmjs.org/eslint-visitor-keys set size:undefined disposed:false
95 silly fetch manifest find-up@^5.0.0
96 silly packumentCache full:https://registry.npmjs.org/find-up cache-miss
97 http fetch GET 200 https://registry.npmjs.org/file-entry-cache 771ms (cache updated)
98 silly packumentCache full:https://registry.npmjs.org/file-entry-cache set size:undefined disposed:false
99 silly fetch manifest glob-parent@^6.0.2
100 silly packumentCache full:https://registry.npmjs.org/glob-parent cache-miss
101 http fetch GET 200 https://registry.npmjs.org/espree 1344ms (cache updated)
102 silly packumentCache full:https://registry.npmjs.org/espree set size:undefined disposed:false
103 silly fetch manifest eslint-config-airbnb-base@^15.0.0
104 silly packumentCache full:https://registry.npmjs.org/eslint-config-airbnb-base cache-miss
105 http fetch GET 200 https://registry.npmjs.org/glob-parent 846ms (cache updated)
106 silly packumentCache full:https://registry.npmjs.org/glob-parent set size:undefined disposed:false
107 http fetch GET 200 https://registry.npmjs.org/find-up 876ms (cache updated)
108 silly packumentCache full:https://registry.npmjs.org/find-up set size:undefined disposed:false
109 http fetch GET 200 https://registry.npmjs.org/eslint-config-airbnb-base 346ms (cache updated)
110 silly packumentCache full:https://registry.npmjs.org/eslint-config-airbnb-base set size:undefined disposed:false
111 silly placeDep ROOT @eslint-community/eslint-utils@4.4.1 OK for: eslint@9.21.0 want: ^4.2.0
112 silly placeDep ROOT @eslint-community/regexpp@4.12.1 OK for: eslint@9.21.0 want: ^4.12.1
113 silly placeDep ROOT @eslint/config-array@0.19.2 OK for: eslint@9.21.0 want: ^0.19.2
114 silly placeDep ROOT @eslint/core@0.12.0 OK for: eslint@9.21.0 want: ^0.12.0
115 silly placeDep ROOT @eslint/eslintrc@3.3.0 OK for: eslint@9.21.0 want: ^3.3.0
116 silly placeDep ROOT @eslint/js@9.21.0 OK for: eslint@9.21.0 want: 9.21.0
117 silly placeDep ROOT @eslint/plugin-kit@0.2.7 OK for: eslint@9.21.0 want: ^0.2.7
118 silly placeDep ROOT @humanfs/node@0.16.6 OK for: eslint@9.21.0 want: ^0.16.6
119 silly placeDep ROOT @humanwhocodes/module-importer@1.0.1 OK for: eslint@9.21.0 want: ^1.0.1
120 silly placeDep ROOT @humanwhocodes/retry@0.4.2 OK for: eslint@9.21.0 want: ^0.4.2
121 silly placeDep node_modules/eslint @types/estree@1.0.6 OK for: eslint@9.21.0 want: ^1.0.6
122 silly placeDep node_modules/eslint eslint-scope@8.2.0 OK for: eslint@9.21.0 want: ^8.2.0
123 silly placeDep node_modules/eslint eslint-visitor-keys@4.2.0 OK for: eslint@9.21.0 want: ^4.2.0
124 silly placeDep ROOT espree@10.3.0 OK for: eslint@9.21.0 want: ^10.3.0
125 silly placeDep ROOT file-entry-cache@8.0.0 OK for: eslint@9.21.0 want: ^8.0.0
126 silly placeDep node_modules/eslint find-up@5.0.0 OK for: eslint@9.21.0 want: ^5.0.0
127 silly placeDep node_modules/eslint glob-parent@6.0.2 OK for: eslint@9.21.0 want: ^6.0.2
128 silly fetch manifest eslint-visitor-keys@^3.4.3
129 silly packumentCache full:https://registry.npmjs.org/eslint-visitor-keys cache-miss
130 silly fetch manifest @eslint/object-schema@^2.1.6
131 silly packumentCache full:https://registry.npmjs.org/@eslint%2fobject-schema cache-miss
132 silly fetch manifest ajv@^6.12.4
133 silly packumentCache full:https://registry.npmjs.org/ajv cache-miss
134 http cache https://registry.npmjs.org/eslint-visitor-keys 49ms (cache hit)
135 silly packumentCache full:https://registry.npmjs.org/eslint-visitor-keys set size:61534 disposed:false
136 silly fetch manifest espree@^10.0.1
137 silly packumentCache full:https://registry.npmjs.org/espree cache-miss
138 http cache https://registry.npmjs.org/espree 16ms (cache hit)
139 silly packumentCache full:https://registry.npmjs.org/espree set size:311465 disposed:false
140 silly fetch manifest globals@^14.0.0
141 silly packumentCache full:https://registry.npmjs.org/globals cache-miss
142 http fetch GET 200 https://registry.npmjs.org/ajv 202ms (cache updated)
143 silly packumentCache full:https://registry.npmjs.org/ajv set size:undefined disposed:false
144 silly fetch manifest import-fresh@^3.2.1
145 silly packumentCache full:https://registry.npmjs.org/import-fresh cache-miss
146 http fetch GET 200 https://registry.npmjs.org/@eslint%2fobject-schema 487ms (cache updated)
147 silly packumentCache full:https://registry.npmjs.org/@eslint%2fobject-schema set size:undefined disposed:false
148 silly fetch manifest js-yaml@^4.1.0
149 silly packumentCache full:https://registry.npmjs.org/js-yaml cache-miss
150 http fetch GET 200 https://registry.npmjs.org/globals 449ms (cache updated)
151 silly packumentCache full:https://registry.npmjs.org/globals set size:undefined disposed:false
152 silly fetch manifest strip-json-comments@^3.1.1
153 silly packumentCache full:https://registry.npmjs.org/strip-json-comments cache-miss
154 http fetch GET 200 https://registry.npmjs.org/import-fresh 325ms (cache updated)
155 silly packumentCache full:https://registry.npmjs.org/import-fresh set size:undefined disposed:false
156 silly fetch manifest @humanwhocodes/retry@^0.3.0
157 silly packumentCache full:https://registry.npmjs.org/@humanwhocodes%2fretry cache-miss
158 http cache https://registry.npmjs.org/@humanwhocodes%2fretry 16ms (cache hit)
159 silly packumentCache full:https://registry.npmjs.org/@humanwhocodes%2fretry set size:39737 disposed:false
160 silly fetch manifest @humanfs/core@^0.19.1
161 silly packumentCache full:https://registry.npmjs.org/@humanfs%2fcore cache-miss
162 http fetch GET 200 https://registry.npmjs.org/strip-json-comments 217ms (cache updated)
163 silly packumentCache full:https://registry.npmjs.org/strip-json-comments set size:undefined disposed:false
164 silly fetch manifest acorn@^8.14.0
165 silly packumentCache full:https://registry.npmjs.org/acorn cache-miss
166 http fetch GET 200 https://registry.npmjs.org/js-yaml 283ms (cache updated)
167 silly packumentCache full:https://registry.npmjs.org/js-yaml set size:undefined disposed:false
168 silly fetch manifest acorn-jsx@^5.3.2
169 silly packumentCache full:https://registry.npmjs.org/acorn-jsx cache-miss
170 http fetch GET 200 https://registry.npmjs.org/@humanfs%2fcore 845ms (cache updated)
171 silly packumentCache full:https://registry.npmjs.org/@humanfs%2fcore set size:undefined disposed:false
172 silly fetch manifest flat-cache@^4.0.0
173 silly packumentCache full:https://registry.npmjs.org/flat-cache cache-miss
174 http fetch GET 200 https://registry.npmjs.org/acorn-jsx 791ms (cache updated)
175 silly packumentCache full:https://registry.npmjs.org/acorn-jsx set size:undefined disposed:false
176 silly fetch manifest locate-path@^6.0.0
177 silly packumentCache full:https://registry.npmjs.org/locate-path cache-miss
178 http fetch GET 200 https://registry.npmjs.org/acorn 845ms (cache updated)
179 silly packumentCache full:https://registry.npmjs.org/acorn set size:undefined disposed:false
180 http fetch GET 200 https://registry.npmjs.org/flat-cache 230ms (cache updated)
181 silly packumentCache full:https://registry.npmjs.org/flat-cache set size:undefined disposed:false
182 http fetch GET 200 https://registry.npmjs.org/locate-path 193ms (cache updated)
183 silly packumentCache full:https://registry.npmjs.org/locate-path set size:undefined disposed:false
184 silly placeDep node_modules/@eslint-community/eslint-utils eslint-visitor-keys@3.4.3 OK for: @eslint-community/eslint-utils@4.4.1 want: ^3.4.3
185 silly placeDep ROOT @eslint/object-schema@2.1.6 OK for: @eslint/config-array@0.19.2 want: ^2.1.6
186 silly placeDep ROOT ajv@6.12.6 OK for: @eslint/eslintrc@3.3.0 want: ^6.12.4
187 silly placeDep ROOT globals@14.0.0 OK for: @eslint/eslintrc@3.3.0 want: ^14.0.0
188 silly placeDep ROOT import-fresh@3.3.1 OK for: @eslint/eslintrc@3.3.0 want: ^3.2.1
189 silly placeDep node_modules/@eslint/eslintrc js-yaml@4.1.0 OK for: @eslint/eslintrc@3.3.0 want: ^4.1.0
190 silly placeDep ROOT strip-json-comments@3.1.1 OK for: @eslint/eslintrc@3.3.0 want: ^3.1.1
191 silly fetch manifest json-schema-traverse@^0.4.1
192 silly packumentCache full:https://registry.npmjs.org/json-schema-traverse cache-miss
193 silly fetch manifest parent-module@^1.0.0
194 silly packumentCache full:https://registry.npmjs.org/parent-module cache-miss
195 silly fetch manifest resolve-from@^4.0.0
196 silly packumentCache full:https://registry.npmjs.org/resolve-from cache-miss
197 http fetch GET 200 https://registry.npmjs.org/resolve-from 269ms (cache updated)
198 silly packumentCache full:https://registry.npmjs.org/resolve-from set size:undefined disposed:false
199 silly fetch manifest argparse@^2.0.1
200 silly packumentCache full:https://registry.npmjs.org/argparse cache-miss
201 http fetch GET 200 https://registry.npmjs.org/parent-module 315ms (cache updated)
202 silly packumentCache full:https://registry.npmjs.org/parent-module set size:undefined disposed:false
203 http fetch GET 200 https://registry.npmjs.org/json-schema-traverse 336ms (cache updated)
204 silly packumentCache full:https://registry.npmjs.org/json-schema-traverse set size:undefined disposed:false
205 http fetch GET 200 https://registry.npmjs.org/argparse 158ms (cache updated)
206 silly packumentCache full:https://registry.npmjs.org/argparse set size:undefined disposed:false
207 silly placeDep ROOT @humanfs/core@0.19.1 OK for: @humanfs/node@0.16.6 want: ^0.19.1
208 silly placeDep node_modules/@humanfs/node @humanwhocodes/retry@0.3.1 OK for: @humanfs/node@0.16.6 want: ^0.3.0
209 silly placeDep ROOT json-schema-traverse@0.4.1 OK for: ajv@6.12.6 want: ^0.4.1
210 silly placeDep ROOT eslint-config-airbnb-base@15.0.0 OK for: eslint-config-airbnb@19.0.4 want: ^15.0.0
211 silly fetch manifest confusing-browser-globals@^1.0.10
212 silly packumentCache full:https://registry.npmjs.org/confusing-browser-globals cache-miss
213 http fetch GET 200 https://registry.npmjs.org/confusing-browser-globals 873ms (cache updated)
214 silly packumentCache full:https://registry.npmjs.org/confusing-browser-globals set size:undefined disposed:false
215 silly placeDep ROOT confusing-browser-globals@1.0.11 OK for: eslint-config-airbnb-base@15.0.0 want: ^1.0.10
216 silly placeDep ROOT acorn@8.14.0 OK for: espree@10.3.0 want: ^8.14.0
217 silly placeDep ROOT acorn-jsx@5.3.2 OK for: espree@10.3.0 want: ^5.3.2
218 silly placeDep node_modules/espree eslint-visitor-keys@4.2.0 OK for: espree@10.3.0 want: ^4.2.0
219 silly placeDep ROOT flat-cache@4.0.1 OK for: file-entry-cache@8.0.0 want: ^4.0.0
220 silly fetch manifest keyv@^4.5.4
221 silly packumentCache full:https://registry.npmjs.org/keyv cache-miss
222 silly fetch manifest flatted@^3.2.9
223 silly packumentCache full:https://registry.npmjs.org/flatted cache-miss
224 http fetch GET 200 https://registry.npmjs.org/flatted 290ms (cache updated)
225 silly packumentCache full:https://registry.npmjs.org/flatted set size:undefined disposed:false
226 http fetch GET 200 https://registry.npmjs.org/keyv 324ms (cache updated)
227 silly packumentCache full:https://registry.npmjs.org/keyv set size:undefined disposed:false
228 silly placeDep ROOT flatted@3.3.3 OK for: flat-cache@4.0.1 want: ^3.2.9
229 silly placeDep ROOT keyv@4.5.4 OK for: flat-cache@4.0.1 want: ^4.5.4
230 silly fetch manifest json-buffer@3.0.1
231 silly packumentCache full:https://registry.npmjs.org/json-buffer cache-miss
232 http fetch GET 200 https://registry.npmjs.org/json-buffer 133ms (cache updated)
233 silly packumentCache full:https://registry.npmjs.org/json-buffer set size:undefined disposed:false
234 silly placeDep ROOT parent-module@1.0.1 OK for: import-fresh@3.3.1 want: ^1.0.0
235 silly placeDep ROOT resolve-from@4.0.0 OK for: import-fresh@3.3.1 want: ^4.0.0
236 silly fetch manifest callsites@^3.0.0
237 silly packumentCache full:https://registry.npmjs.org/callsites cache-miss
238 http fetch GET 200 https://registry.npmjs.org/callsites 121ms (cache updated)
239 silly packumentCache full:https://registry.npmjs.org/callsites set size:undefined disposed:false
240 silly placeDep ROOT json-buffer@3.0.1 OK for: keyv@4.5.4 want: 3.0.1
241 silly placeDep ROOT callsites@3.1.0 OK for: parent-module@1.0.1 want: ^3.0.0
242 silly placeDep node_modules/@eslint/eslintrc argparse@2.0.1 OK for: js-yaml@4.1.0 want: ^2.0.1
243 silly placeDep node_modules/eslint locate-path@6.0.0 OK for: find-up@5.0.0 want: ^6.0.0
244 silly fetch manifest p-locate@^5.0.0
245 silly packumentCache full:https://registry.npmjs.org/p-locate cache-miss
246 http fetch GET 200 https://registry.npmjs.org/p-locate 218ms (cache updated)
247 silly packumentCache full:https://registry.npmjs.org/p-locate set size:undefined disposed:false
248 silly placeDep node_modules/eslint p-locate@5.0.0 OK for: locate-path@6.0.0 want: ^5.0.0
249 silly fetch manifest p-limit@^3.0.2
250 silly packumentCache full:https://registry.npmjs.org/p-limit cache-miss
251 http fetch GET 200 https://registry.npmjs.org/p-limit 112ms (cache updated)
252 silly packumentCache full:https://registry.npmjs.org/p-limit set size:undefined disposed:false
253 silly placeDep node_modules/eslint p-limit@3.1.0 OK for: p-locate@5.0.0 want: ^3.0.2
254 silly fetch manifest yocto-queue@^0.1.0
255 silly packumentCache full:https://registry.npmjs.org/yocto-queue cache-miss
256 http fetch GET 200 https://registry.npmjs.org/yocto-queue 95ms (cache updated)
257 silly packumentCache full:https://registry.npmjs.org/yocto-queue set size:undefined disposed:false
258 silly placeDep ROOT yocto-queue@0.1.0 OK for: p-limit@3.1.0 want: ^0.1.0
259 silly reify mark retired [
259 silly reify   'C:\\Users\\HP\\Desktop\\portfolio projects\\PORTFOLIO SITE\\node_modules\\@babel\\highlight'
259 silly reify ]
260 silly reify mark retired [
260 silly reify   'C:\\Users\\HP\\Desktop\\portfolio projects\\PORTFOLIO SITE\\node_modules\\@eslint\\eslintrc'
260 silly reify ]
261 silly reify mark retired [
261 silly reify   'C:\\Users\\HP\\Desktop\\portfolio projects\\PORTFOLIO SITE\\node_modules\\@humanwhocodes\\config-array'
261 silly reify ]
262 silly reify mark retired [
262 silly reify   'C:\\Users\\HP\\Desktop\\portfolio projects\\PORTFOLIO SITE\\node_modules\\@humanwhocodes\\object-schema'
262 silly reify ]
263 silly reify mark retired [
263 silly reify   'C:\\Users\\HP\\Desktop\\portfolio projects\\PORTFOLIO SITE\\node_modules\\ajv'
263 silly reify ]
264 silly reify mark retired [
264 silly reify   'C:\\Users\\HP\\Desktop\\portfolio projects\\PORTFOLIO SITE\\node_modules\\ansi-colors'
264 silly reify ]
265 silly reify mark retired [
265 silly reify   'C:\\Users\\HP\\Desktop\\portfolio projects\\PORTFOLIO SITE\\node_modules\\ansi-regex'
265 silly reify ]
266 silly reify mark retired [
266 silly reify   'C:\\Users\\HP\\Desktop\\portfolio projects\\PORTFOLIO SITE\\node_modules\\astral-regex'
266 silly reify ]
267 silly reify mark retired [
267 silly reify   'C:\\Users\\HP\\Desktop\\portfolio projects\\PORTFOLIO SITE\\node_modules\\doctrine'
267 silly reify ]
268 silly reify mark retired [
268 silly reify   'C:\\Users\\HP\\Desktop\\portfolio projects\\PORTFOLIO SITE\\node_modules\\enquirer'
268 silly reify ]
269 silly reify mark retired [
269 silly reify   'C:\\Users\\HP\\Desktop\\portfolio projects\\PORTFOLIO SITE\\node_modules\\eslint',
269 silly reify   'C:\\Users\\HP\\Desktop\\portfolio projects\\PORTFOLIO SITE\\node_modules\\.bin\\eslint',
269 silly reify   'C:\\Users\\HP\\Desktop\\portfolio projects\\PORTFOLIO SITE\\node_modules\\.bin\\eslint.cmd',
269 silly reify   'C:\\Users\\HP\\Desktop\\portfolio projects\\PORTFOLIO SITE\\node_modules\\.bin\\eslint.ps1'
269 silly reify ]
270 silly reify mark retired [
270 silly reify   'C:\\Users\\HP\\Desktop\\portfolio projects\\PORTFOLIO SITE\\node_modules\\eslint-config-airbnb'
270 silly reify ]
271 silly reify mark retired [
271 silly reify   'C:\\Users\\HP\\Desktop\\portfolio projects\\PORTFOLIO SITE\\node_modules\\eslint-plugin-react-hooks'
271 silly reify ]
272 silly reify mark retired [
272 silly reify   'C:\\Users\\HP\\Desktop\\portfolio projects\\PORTFOLIO SITE\\node_modules\\eslint-utils'
272 silly reify ]
273 silly reify mark retired [
273 silly reify   'C:\\Users\\HP\\Desktop\\portfolio projects\\PORTFOLIO SITE\\node_modules\\espree'
273 silly reify ]
274 silly reify mark retired [
274 silly reify   'C:\\Users\\HP\\Desktop\\portfolio projects\\PORTFOLIO SITE\\node_modules\\fast-uri'
274 silly reify ]
275 silly reify mark retired [
275 silly reify   'C:\\Users\\HP\\Desktop\\portfolio projects\\PORTFOLIO SITE\\node_modules\\file-entry-cache'
275 silly reify ]
276 silly reify mark retired [
276 silly reify   'C:\\Users\\HP\\Desktop\\portfolio projects\\PORTFOLIO SITE\\node_modules\\flat-cache'
276 silly reify ]
277 silly reify mark retired [
277 silly reify   'C:\\Users\\HP\\Desktop\\portfolio projects\\PORTFOLIO SITE\\node_modules\\functional-red-black-tree'
277 silly reify ]
278 silly reify mark retired [
278 silly reify   'C:\\Users\\HP\\Desktop\\portfolio projects\\PORTFOLIO SITE\\node_modules\\globals'
278 silly reify ]
279 silly reify mark retired [
279 silly reify   'C:\\Users\\HP\\Desktop\\portfolio projects\\PORTFOLIO SITE\\node_modules\\is-fullwidth-code-point'
279 silly reify ]
280 silly reify mark retired [
280 silly reify   'C:\\Users\\HP\\Desktop\\portfolio projects\\PORTFOLIO SITE\\node_modules\\json-schema-traverse'
280 silly reify ]
281 silly reify mark retired [
281 silly reify   'C:\\Users\\HP\\Desktop\\portfolio projects\\PORTFOLIO SITE\\node_modules\\lodash.truncate'
281 silly reify ]
282 silly reify mark retired [
282 silly reify   'C:\\Users\\HP\\Desktop\\portfolio projects\\PORTFOLIO SITE\\node_modules\\progress'
282 silly reify ]
283 silly reify mark retired [
283 silly reify   'C:\\Users\\HP\\Desktop\\portfolio projects\\PORTFOLIO SITE\\node_modules\\regexpp'
283 silly reify ]
284 silly reify mark retired [
284 silly reify   'C:\\Users\\HP\\Desktop\\portfolio projects\\PORTFOLIO SITE\\node_modules\\require-from-string'
284 silly reify ]
285 silly reify mark retired [
285 silly reify   'C:\\Users\\HP\\Desktop\\portfolio projects\\PORTFOLIO SITE\\node_modules\\schema-utils\\node_modules\\ajv'
285 silly reify ]
286 silly reify mark retired [
286 silly reify   'C:\\Users\\HP\\Desktop\\portfolio projects\\PORTFOLIO SITE\\node_modules\\schema-utils\\node_modules\\json-schema-traverse'
286 silly reify ]
287 silly reify mark retired [
287 silly reify   'C:\\Users\\HP\\Desktop\\portfolio projects\\PORTFOLIO SITE\\node_modules\\string-width'
287 silly reify ]
288 silly reify mark retired [
288 silly reify   'C:\\Users\\HP\\Desktop\\portfolio projects\\PORTFOLIO SITE\\node_modules\\strip-ansi'
288 silly reify ]
289 silly reify mark retired [
289 silly reify   'C:\\Users\\HP\\Desktop\\portfolio projects\\PORTFOLIO SITE\\node_modules\\table'
289 silly reify ]
290 silly reify mark retired [
290 silly reify   'C:\\Users\\HP\\Desktop\\portfolio projects\\PORTFOLIO SITE\\node_modules\\text-table'
290 silly reify ]
291 silly reify mark retired [
291 silly reify   'C:\\Users\\HP\\Desktop\\portfolio projects\\PORTFOLIO SITE\\node_modules\\type-fest'
291 silly reify ]
292 silly reify mark retired [
292 silly reify   'C:\\Users\\HP\\Desktop\\portfolio projects\\PORTFOLIO SITE\\node_modules\\v8-compile-cache'
292 silly reify ]
293 silly reify moves {
293 silly reify   'C:\\Users\\HP\\Desktop\\portfolio projects\\PORTFOLIO SITE\\node_modules\\@babel\\highlight': 'C:\\Users\\HP\\Desktop\\portfolio projects\\PORTFOLIO SITE\\node_modules\\@babel\\.highlight-NfDxXTqv',
293 silly reify   'C:\\Users\\HP\\Desktop\\portfolio projects\\PORTFOLIO SITE\\node_modules\\@eslint\\eslintrc': 'C:\\Users\\HP\\Desktop\\portfolio projects\\PORTFOLIO SITE\\node_modules\\@eslint\\.eslintrc-edySPfwN',
293 silly reify   'C:\\Users\\HP\\Desktop\\portfolio projects\\PORTFOLIO SITE\\node_modules\\@humanwhocodes\\config-array': 'C:\\Users\\HP\\Desktop\\portfolio projects\\PORTFOLIO SITE\\node_modules\\@humanwhocodes\\.config-array-RJ7SmpCr',
293 silly reify   'C:\\Users\\HP\\Desktop\\portfolio projects\\PORTFOLIO SITE\\node_modules\\@humanwhocodes\\object-schema': 'C:\\Users\\HP\\Desktop\\portfolio projects\\PORTFOLIO SITE\\node_modules\\@humanwhocodes\\.object-schema-WVhAjgEq',
293 silly reify   'C:\\Users\\HP\\Desktop\\portfolio projects\\PORTFOLIO SITE\\node_modules\\ajv': 'C:\\Users\\HP\\Desktop\\portfolio projects\\PORTFOLIO SITE\\node_modules\\.ajv-0dxNJu9r',
293 silly reify   'C:\\Users\\HP\\Desktop\\portfolio projects\\PORTFOLIO SITE\\node_modules\\ansi-colors': 'C:\\Users\\HP\\Desktop\\portfolio projects\\PORTFOLIO SITE\\node_modules\\.ansi-colors-QhqnzcAA',
293 silly reify   'C:\\Users\\HP\\Desktop\\portfolio projects\\PORTFOLIO SITE\\node_modules\\ansi-regex': 'C:\\Users\\HP\\Desktop\\portfolio projects\\PORTFOLIO SITE\\node_modules\\.ansi-regex-o2DyNk9m',
293 silly reify   'C:\\Users\\HP\\Desktop\\portfolio projects\\PORTFOLIO SITE\\node_modules\\astral-regex': 'C:\\Users\\HP\\Desktop\\portfolio projects\\PORTFOLIO SITE\\node_modules\\.astral-regex-X4IYLFWp',
293 silly reify   'C:\\Users\\HP\\Desktop\\portfolio projects\\PORTFOLIO SITE\\node_modules\\doctrine': 'C:\\Users\\HP\\Desktop\\portfolio projects\\PORTFOLIO SITE\\node_modules\\.doctrine-qh0LZdOC',
293 silly reify   'C:\\Users\\HP\\Desktop\\portfolio projects\\PORTFOLIO SITE\\node_modules\\enquirer': 'C:\\Users\\HP\\Desktop\\portfolio projects\\PORTFOLIO SITE\\node_modules\\.enquirer-D3vgoMls',
293 silly reify   'C:\\Users\\HP\\Desktop\\portfolio projects\\PORTFOLIO SITE\\node_modules\\eslint': 'C:\\Users\\HP\\Desktop\\portfolio projects\\PORTFOLIO SITE\\node_modules\\.eslint-L2NKvmts',
293 silly reify   'C:\\Users\\HP\\Desktop\\portfolio projects\\PORTFOLIO SITE\\node_modules\\.bin\\eslint': 'C:\\Users\\HP\\Desktop\\portfolio projects\\PORTFOLIO SITE\\node_modules\\.bin\\.eslint-qDNwM4mn',
293 silly reify   'C:\\Users\\HP\\Desktop\\portfolio projects\\PORTFOLIO SITE\\node_modules\\.bin\\eslint.cmd': 'C:\\Users\\HP\\Desktop\\portfolio projects\\PORTFOLIO SITE\\node_modules\\.bin\\.eslint.cmd-6O5rM2lu',
293 silly reify   'C:\\Users\\HP\\Desktop\\portfolio projects\\PORTFOLIO SITE\\node_modules\\.bin\\eslint.ps1': 'C:\\Users\\HP\\Desktop\\portfolio projects\\PORTFOLIO SITE\\node_modules\\.bin\\.eslint.ps1-AwfySI65',
293 silly reify   'C:\\Users\\HP\\Desktop\\portfolio projects\\PORTFOLIO SITE\\node_modules\\eslint-config-airbnb': 'C:\\Users\\HP\\Desktop\\portfolio projects\\PORTFOLIO SITE\\node_modules\\.eslint-config-airbnb-jfGcq0uf',
293 silly reify   'C:\\Users\\HP\\Desktop\\portfolio projects\\PORTFOLIO SITE\\node_modules\\eslint-plugin-react-hooks': 'C:\\Users\\HP\\Desktop\\portfolio projects\\PORTFOLIO SITE\\node_modules\\.eslint-plugin-react-hooks-qqIrq3v9',
293 silly reify   'C:\\Users\\HP\\Desktop\\portfolio projects\\PORTFOLIO SITE\\node_modules\\eslint-utils': 'C:\\Users\\HP\\Desktop\\portfolio projects\\PORTFOLIO SITE\\node_modules\\.eslint-utils-7aPXQ8Ds',
293 silly reify   'C:\\Users\\HP\\Desktop\\portfolio projects\\PORTFOLIO SITE\\node_modules\\espree': 'C:\\Users\\HP\\Desktop\\portfolio projects\\PORTFOLIO SITE\\node_modules\\.espree-CUUc0kJM',
293 silly reify   'C:\\Users\\HP\\Desktop\\portfolio projects\\PORTFOLIO SITE\\node_modules\\fast-uri': 'C:\\Users\\HP\\Desktop\\portfolio projects\\PORTFOLIO SITE\\node_modules\\.fast-uri-aUS7kDZD',
293 silly reify   'C:\\Users\\HP\\Desktop\\portfolio projects\\PORTFOLIO SITE\\node_modules\\file-entry-cache': 'C:\\Users\\HP\\Desktop\\portfolio projects\\PORTFOLIO SITE\\node_modules\\.file-entry-cache-4ysDJisn',
293 silly reify   'C:\\Users\\HP\\Desktop\\portfolio projects\\PORTFOLIO SITE\\node_modules\\flat-cache': 'C:\\Users\\HP\\Desktop\\portfolio projects\\PORTFOLIO SITE\\node_modules\\.flat-cache-nsxvDmyd',
293 silly reify   'C:\\Users\\HP\\Desktop\\portfolio projects\\PORTFOLIO SITE\\node_modules\\functional-red-black-tree': 'C:\\Users\\HP\\Desktop\\portfolio projects\\PORTFOLIO SITE\\node_modules\\.functional-red-black-tree-CEgVGz9v',
293 silly reify   'C:\\Users\\HP\\Desktop\\portfolio projects\\PORTFOLIO SITE\\node_modules\\globals': 'C:\\Users\\HP\\Desktop\\portfolio projects\\PORTFOLIO SITE\\node_modules\\.globals-BcPc28hC',
293 silly reify   'C:\\Users\\HP\\Desktop\\portfolio projects\\PORTFOLIO SITE\\node_modules\\is-fullwidth-code-point': 'C:\\Users\\HP\\Desktop\\portfolio projects\\PORTFOLIO SITE\\node_modules\\.is-fullwidth-code-point-xMHSP808',
293 silly reify   'C:\\Users\\HP\\Desktop\\portfolio projects\\PORTFOLIO SITE\\node_modules\\json-schema-traverse': 'C:\\Users\\HP\\Desktop\\portfolio projects\\PORTFOLIO SITE\\node_modules\\.json-schema-traverse-NiEQYpZs',
293 silly reify   'C:\\Users\\HP\\Desktop\\portfolio projects\\PORTFOLIO SITE\\node_modules\\lodash.truncate': 'C:\\Users\\HP\\Desktop\\portfolio projects\\PORTFOLIO SITE\\node_modules\\.lodash.truncate-s5PP9vEC',
293 silly reify   'C:\\Users\\HP\\Desktop\\portfolio projects\\PORTFOLIO SITE\\node_modules\\progress': 'C:\\Users\\HP\\Desktop\\portfolio projects\\PORTFOLIO SITE\\node_modules\\.progress-0Y2aEl5P',
293 silly reify   'C:\\Users\\HP\\Desktop\\portfolio projects\\PORTFOLIO SITE\\node_modules\\regexpp': 'C:\\Users\\HP\\Desktop\\portfolio projects\\PORTFOLIO SITE\\node_modules\\.regexpp-QW5har95',
293 silly reify   'C:\\Users\\HP\\Desktop\\portfolio projects\\PORTFOLIO SITE\\node_modules\\require-from-string': 'C:\\Users\\HP\\Desktop\\portfolio projects\\PORTFOLIO SITE\\node_modules\\.require-from-string-d9Mm792v',
293 silly reify   'C:\\Users\\HP\\Desktop\\portfolio projects\\PORTFOLIO SITE\\node_modules\\schema-utils\\node_modules\\ajv': 'C:\\Users\\HP\\Desktop\\portfolio projects\\PORTFOLIO SITE\\node_modules\\schema-utils\\node_modules\\.ajv-9M3PBRGn',
293 silly reify   'C:\\Users\\HP\\Desktop\\portfolio projects\\PORTFOLIO SITE\\node_modules\\schema-utils\\node_modules\\json-schema-traverse': 'C:\\Users\\HP\\Desktop\\portfolio projects\\PORTFOLIO SITE\\node_modules\\schema-utils\\node_modules\\.json-schema-traverse-0BclE448',
293 silly reify   'C:\\Users\\HP\\Desktop\\portfolio projects\\PORTFOLIO SITE\\node_modules\\string-width': 'C:\\Users\\HP\\Desktop\\portfolio projects\\PORTFOLIO SITE\\node_modules\\.string-width-Yor2xKhK',
293 silly reify   'C:\\Users\\HP\\Desktop\\portfolio projects\\PORTFOLIO SITE\\node_modules\\strip-ansi': 'C:\\Users\\HP\\Desktop\\portfolio projects\\PORTFOLIO SITE\\node_modules\\.strip-ansi-S58fWds3',
293 silly reify   'C:\\Users\\HP\\Desktop\\portfolio projects\\PORTFOLIO SITE\\node_modules\\table': 'C:\\Users\\HP\\Desktop\\portfolio projects\\PORTFOLIO SITE\\node_modules\\.table-DH8n1JOg',
293 silly reify   'C:\\Users\\HP\\Desktop\\portfolio projects\\PORTFOLIO SITE\\node_modules\\text-table': 'C:\\Users\\HP\\Desktop\\portfolio projects\\PORTFOLIO SITE\\node_modules\\.text-table-fRYQqsMB',
293 silly reify   'C:\\Users\\HP\\Desktop\\portfolio projects\\PORTFOLIO SITE\\node_modules\\type-fest': 'C:\\Users\\HP\\Desktop\\portfolio projects\\PORTFOLIO SITE\\node_modules\\.type-fest-tlS6OdQ2',
293 silly reify   'C:\\Users\\HP\\Desktop\\portfolio projects\\PORTFOLIO SITE\\node_modules\\v8-compile-cache': 'C:\\Users\\HP\\Desktop\\portfolio projects\\PORTFOLIO SITE\\node_modules\\.v8-compile-cache-EG9Ta01S'
293 silly reify }
294 silly audit bulk request {
294 silly audit   '@ampproject/remapping': [ '2.2.1' ],
294 silly audit   '@babel/code-frame': [ '7.26.2' ],
294 silly audit   '@babel/compat-data': [ '7.26.8' ],
294 silly audit   '@babel/core': [ '7.26.9' ],
294 silly audit   '@babel/eslint-parser': [ '7.26.8' ],
294 silly audit   '@babel/generator': [ '7.26.9' ],
294 silly audit   '@babel/helper-annotate-as-pure': [ '7.25.9' ],
294 silly audit   '@babel/helper-compilation-targets': [ '7.26.5' ],
294 silly audit   '@babel/helper-create-class-features-plugin': [ '7.26.9' ],
294 silly audit   '@babel/helper-create-regexp-features-plugin': [ '7.26.3' ],
294 silly audit   '@babel/helper-define-polyfill-provider': [ '0.6.3' ],
294 silly audit   '@babel/helper-member-expression-to-functions': [ '7.25.9' ],
294 silly audit   '@babel/helper-module-imports': [ '7.25.9' ],
294 silly audit   '@babel/helper-module-transforms': [ '7.26.0' ],
294 silly audit   '@babel/helper-optimise-call-expression': [ '7.25.9' ],
294 silly audit   '@babel/helper-plugin-utils': [ '7.26.5' ],
294 silly audit   '@babel/helper-remap-async-to-generator': [ '7.25.9' ],
294 silly audit   '@babel/helper-replace-supers': [ '7.26.5' ],
294 silly audit   '@babel/helper-skip-transparent-expression-wrappers': [ '7.25.9' ],
294 silly audit   '@babel/helper-string-parser': [ '7.25.9' ],
294 silly audit   '@babel/helper-validator-identifier': [ '7.25.9' ],
294 silly audit   '@babel/helper-validator-option': [ '7.25.9' ],
294 silly audit   '@babel/helper-wrap-function': [ '7.25.9' ],
294 silly audit   '@babel/helpers': [ '7.26.9' ],
294 silly audit   '@babel/parser': [ '7.26.9' ],
294 silly audit   '@babel/plugin-bugfix-firefox-class-in-computed-class-key': [ '7.25.9' ],
294 silly audit   '@babel/plugin-bugfix-safari-class-field-initializer-scope': [ '7.25.9' ],
294 silly audit   '@babel/plugin-bugfix-safari-id-destructuring-collision-in-function-expression': [ '7.25.9' ],
294 silly audit   '@babel/plugin-bugfix-v8-spread-parameters-in-optional-chaining': [ '7.25.9' ],
294 silly audit   '@babel/plugin-bugfix-v8-static-class-fields-redefine-readonly': [ '7.25.9' ],
294 silly audit   '@babel/plugin-proposal-private-property-in-object': [ '7.21.0-placeholder-for-preset-env.2' ],
294 silly audit   '@babel/plugin-syntax-import-assertions': [ '7.26.0' ],
294 silly audit   '@babel/plugin-syntax-import-attributes': [ '7.26.0' ],
294 silly audit   '@babel/plugin-syntax-unicode-sets-regex': [ '7.18.6' ],
294 silly audit   '@babel/plugin-transform-arrow-functions': [ '7.25.9' ],
294 silly audit   '@babel/plugin-transform-async-generator-functions': [ '7.26.8' ],
294 silly audit   '@babel/plugin-transform-async-to-generator': [ '7.25.9' ],
294 silly audit   '@babel/plugin-transform-block-scoped-functions': [ '7.26.5' ],
294 silly audit   '@babel/plugin-transform-block-scoping': [ '7.25.9' ],
294 silly audit   '@babel/plugin-transform-class-properties': [ '7.25.9' ],
294 silly audit   '@babel/plugin-transform-class-static-block': [ '7.26.0' ],
294 silly audit   '@babel/plugin-transform-classes': [ '7.25.9' ],
294 silly audit   globals: [ '11.12.0', '14.0.0' ],
294 silly audit   '@babel/plugin-transform-computed-properties': [ '7.25.9' ],
294 silly audit   '@babel/plugin-transform-destructuring': [ '7.25.9' ],
294 silly audit   '@babel/plugin-transform-dotall-regex': [ '7.25.9' ],
294 silly audit   '@babel/plugin-transform-duplicate-keys': [ '7.25.9' ],
294 silly audit   '@babel/plugin-transform-duplicate-named-capturing-groups-regex': [ '7.25.9' ],
294 silly audit   '@babel/plugin-transform-dynamic-import': [ '7.25.9' ],
294 silly audit   '@babel/plugin-transform-exponentiation-operator': [ '7.26.3' ],
294 silly audit   '@babel/plugin-transform-export-namespace-from': [ '7.25.9' ],
294 silly audit   '@babel/plugin-transform-for-of': [ '7.26.9' ],
294 silly audit   '@babel/plugin-transform-function-name': [ '7.25.9' ],
294 silly audit   '@babel/plugin-transform-json-strings': [ '7.25.9' ],
294 silly audit   '@babel/plugin-transform-literals': [ '7.25.9' ],
294 silly audit   '@babel/plugin-transform-logical-assignment-operators': [ '7.25.9' ],
294 silly audit   '@babel/plugin-transform-member-expression-literals': [ '7.25.9' ],
294 silly audit   '@babel/plugin-transform-modules-amd': [ '7.25.9' ],
294 silly audit   '@babel/plugin-transform-modules-commonjs': [ '7.26.3' ],
294 silly audit   '@babel/plugin-transform-modules-systemjs': [ '7.25.9' ],
294 silly audit   '@babel/plugin-transform-modules-umd': [ '7.25.9' ],
294 silly audit   '@babel/plugin-transform-named-capturing-groups-regex': [ '7.25.9' ],
294 silly audit   '@babel/plugin-transform-new-target': [ '7.25.9' ],
294 silly audit   '@babel/plugin-transform-nullish-coalescing-operator': [ '7.26.6' ],
294 silly audit   '@babel/plugin-transform-numeric-separator': [ '7.25.9' ],
294 silly audit   '@babel/plugin-transform-object-rest-spread': [ '7.25.9' ],
294 silly audit   '@babel/plugin-transform-object-super': [ '7.25.9' ],
294 silly audit   '@babel/plugin-transform-optional-catch-binding': [ '7.25.9' ],
294 silly audit   '@babel/plugin-transform-optional-chaining': [ '7.25.9' ],
294 silly audit   '@babel/plugin-transform-parameters': [ '7.25.9' ],
294 silly audit   '@babel/plugin-transform-private-methods': [ '7.25.9' ],
294 silly audit   '@babel/plugin-transform-private-property-in-object': [ '7.25.9' ],
294 silly audit   '@babel/plugin-transform-property-literals': [ '7.25.9' ],
294 silly audit   '@babel/plugin-transform-regenerator': [ '7.25.9' ],
294 silly audit   '@babel/plugin-transform-regexp-modifiers': [ '7.26.0' ],
294 silly audit   '@babel/plugin-transform-reserved-words': [ '7.25.9' ],
294 silly audit   '@babel/plugin-transform-shorthand-properties': [ '7.25.9' ],
294 silly audit   '@babel/plugin-transform-spread': [ '7.25.9' ],
294 silly audit   '@babel/plugin-transform-sticky-regex': [ '7.25.9' ],
294 silly audit   '@babel/plugin-transform-template-literals': [ '7.26.8' ],
294 silly audit   '@babel/plugin-transform-typeof-symbol': [ '7.26.7' ],
294 silly audit   '@babel/plugin-transform-unicode-escapes': [ '7.25.9' ],
294 silly audit   '@babel/plugin-transform-unicode-property-regex': [ '7.25.9' ],
294 silly audit   '@babel/plugin-transform-unicode-regex': [ '7.25.9' ],
294 silly audit   '@babel/plugin-transform-unicode-sets-regex': [ '7.25.9' ],
294 silly audit   '@babel/preset-env': [ '7.26.9' ],
294 silly audit   '@babel/preset-modules': [ '0.1.6-no-external-plugins' ],
294 silly audit   '@babel/runtime': [ '7.21.5' ],
294 silly audit   '@babel/template': [ '7.26.9' ],
294 silly audit   '@babel/traverse': [ '7.26.9' ],
294 silly audit   '@babel/types': [ '7.26.9' ],
294 silly audit   '@emnapi/runtime': [ '1.3.1' ],
294 silly audit   '@emotion/is-prop-valid': [ '0.8.8' ],
294 silly audit   '@emotion/memoize': [ '0.7.4' ],
294 silly audit   '@emotion/unitless': [ '0.7.5' ],
294 silly audit   ajv: [ '6.12.6' ],
294 silly audit   ignore: [ '5.3.2' ],
294 silly audit   '@hapi/address': [ '2.1.4' ],
294 silly audit   '@hapi/bourne': [ '1.3.2' ],
294 silly audit   '@hapi/hoek': [ '8.5.1' ],
294 silly audit   '@hapi/joi': [ '15.1.1' ],
294 silly audit   '@hapi/topo': [ '3.1.6' ],
294 silly audit   '@img/sharp-darwin-arm64': [ '0.33.5' ],
294 silly audit   '@img/sharp-darwin-x64': [ '0.33.5' ],
294 silly audit   '@img/sharp-libvips-darwin-arm64': [ '1.0.4' ],
294 silly audit   '@img/sharp-libvips-darwin-x64': [ '1.0.4' ],
294 silly audit   '@img/sharp-libvips-linux-arm': [ '1.0.5' ],
294 silly audit   '@img/sharp-libvips-linux-arm64': [ '1.0.4' ],
294 silly audit   '@img/sharp-libvips-linux-s390x': [ '1.0.4' ],
294 silly audit   '@img/sharp-libvips-linux-x64': [ '1.0.4' ],
294 silly audit   '@img/sharp-libvips-linuxmusl-arm64': [ '1.0.4' ],
294 silly audit   '@img/sharp-libvips-linuxmusl-x64': [ '1.0.4' ],
294 silly audit   '@img/sharp-linux-arm': [ '0.33.5' ],
294 silly audit   '@img/sharp-linux-arm64': [ '0.33.5' ],
294 silly audit   '@img/sharp-linux-s390x': [ '0.33.5' ],
294 silly audit   '@img/sharp-linux-x64': [ '0.33.5' ],
294 silly audit   '@img/sharp-linuxmusl-arm64': [ '0.33.5' ],
294 silly audit   '@img/sharp-linuxmusl-x64': [ '0.33.5' ],
294 silly audit   '@img/sharp-wasm32': [ '0.33.5' ],
294 silly audit   '@img/sharp-win32-ia32': [ '0.33.5' ],
294 silly audit   '@img/sharp-win32-x64': [ '0.33.5' ],
294 silly audit   '@jridgewell/gen-mapping': [ '0.3.8' ],
294 silly audit   '@jridgewell/resolve-uri': [ '3.1.0' ],
294 silly audit   '@jridgewell/set-array': [ '1.2.1' ],
294 silly audit   '@jridgewell/sourcemap-codec': [ '1.4.15' ],
294 silly audit   '@jridgewell/trace-mapping': [ '0.3.25' ],
294 silly audit   '@next/env': [ '15.1.7' ],
294 silly audit   '@next/swc-darwin-arm64': [ '15.1.7' ],
294 silly audit   '@next/swc-darwin-x64': [ '15.1.7' ],
294 silly audit   '@next/swc-linux-arm64-gnu': [ '15.1.7' ],
294 silly audit   '@next/swc-linux-arm64-musl': [ '15.1.7' ],
294 silly audit   '@next/swc-linux-x64-gnu': [ '15.1.7' ],
294 silly audit   '@next/swc-linux-x64-musl': [ '15.1.7' ],
294 silly audit   '@next/swc-win32-arm64-msvc': [ '15.1.7' ],
294 silly audit   '@next/swc-win32-x64-msvc': [ '15.1.7' ],
294 silly audit   '@nicolo-ribaudo/eslint-scope-5-internals': [ '5.1.1-v1' ],
294 silly audit   '@nodelib/fs.scandir': [ '2.1.5' ],
294 silly audit   '@nodelib/fs.stat': [ '2.0.5' ],
294 silly audit   '@nodelib/fs.walk': [ '1.2.8' ],
294 silly audit   '@rollup/plugin-node-resolve': [ '7.1.3' ],
294 silly audit   '@rollup/plugin-replace': [ '2.4.2' ],
294 silly audit   '@rollup/pluginutils': [ '3.1.0' ],
294 silly audit   '@samverschueren/stream-to-observable': [ '0.3.1' ],
294 silly audit   '@surma/rollup-plugin-off-main-thread': [ '1.4.2' ],
294 silly audit   '@swc/counter': [ '0.1.3' ],
294 silly audit   '@swc/helpers': [ '0.5.15' ],
294 silly audit   '@types/estree': [ '0.0.39', '1.0.6' ],
294 silly audit   '@types/glob': [ '7.2.0' ],
294 silly audit   '@types/hoist-non-react-statics': [ '3.3.1' ],
294 silly audit   '@types/json-schema': [ '7.0.15' ],
294 silly audit   '@types/json5': [ '0.0.29' ],
294 silly audit   '@types/minimatch': [ '5.1.2' ],
294 silly audit   '@types/node': [ '20.2.1' ],
294 silly audit   '@types/normalize-package-data': [ '2.4.1' ],
294 silly audit   '@types/prop-types': [ '15.7.5' ],
294 silly audit   '@types/react': [ '18.2.6' ],
294 silly audit   '@types/resolve': [ '0.0.8' ],
294 silly audit   '@types/scheduler': [ '0.16.3' ],
294 silly audit   '@types/source-list-map': [ '0.1.6' ],
294 silly audit   '@types/styled-components': [ '5.1.26' ],
294 silly audit   '@types/tapable': [ '1.0.12' ],
294 silly audit   '@types/uglify-js': [ '3.17.5' ],
294 silly audit   '@types/webpack': [ '4.41.40' ],
294 silly audit   '@types/webpack-sources': [ '3.2.3' ],
294 silly audit   'source-map': [ '0.7.4', '0.6.1' ],
294 silly audit   'aggregate-error': [ '3.1.0' ],
294 silly audit   'indent-string': [ '4.0.0', '3.2.0' ],
294 silly audit   'ansi-regex': [ '2.1.1', '3.0.1' ],
294 silly audit   'ansi-styles': [ '3.2.1', '2.2.1', '4.3.0' ],
294 silly audit   'any-observable': [ '0.3.0' ],
294 silly audit   anymatch: [ '3.1.3' ],
294 silly audit   argparse: [ '1.0.10', '2.0.1' ],
294 silly audit   'aria-query': [ '5.1.3' ],
294 silly audit   'array-buffer-byte-length': [ '1.0.0' ],
294 silly audit   'array-includes': [ '3.1.6' ],
294 silly audit   'array-union': [ '2.1.0', '1.0.2' ],
294 silly audit   'array-uniq': [ '1.0.3' ],
294 silly audit   'array.prototype.flat': [ '1.3.1' ],
294 silly audit   'array.prototype.flatmap': [ '1.3.1' ],
294 silly audit   'array.prototype.tosorted': [ '1.1.1' ],
294 silly audit   'ast-types-flow': [ '0.0.7' ],
294 silly audit   'available-typed-arrays': [ '1.0.5' ],
294 silly audit   'axe-core': [ '4.7.1' ],
294 silly audit   'axobject-query': [ '3.1.1' ],
294 silly audit   'babel-extract-comments': [ '1.0.0' ],
294 silly audit   'babel-plugin-polyfill-corejs2': [ '0.4.12' ],
294 silly audit   'babel-plugin-polyfill-corejs3': [ '0.11.1' ],
294 silly audit   'babel-plugin-polyfill-regenerator': [ '0.6.3' ],
294 silly audit   'babel-plugin-styled-components': [ '2.1.3' ],
294 silly audit   'babel-plugin-syntax-jsx': [ '6.18.0' ],
294 silly audit   'babel-plugin-syntax-object-rest-spread': [ '6.13.0' ],
294 silly audit   'babel-plugin-transform-object-rest-spread': [ '6.26.0' ],
294 silly audit   'babel-runtime': [ '6.26.0' ],
294 silly audit   'regenerator-runtime': [ '0.11.1', '0.13.11' ],
294 silly audit   babylon: [ '6.18.0' ],
294 silly audit   'balanced-match': [ '1.0.2' ],
294 silly audit   'big.js': [ '5.2.2' ],
294 silly audit   'brace-expansion': [ '1.1.11' ],
294 silly audit   braces: [ '3.0.3' ],
294 silly audit   browserslist: [ '4.24.4' ],
294 silly audit   'buffer-from': [ '1.1.2' ],
294 silly audit   'builtin-modules': [ '3.3.0' ],
294 silly audit   busboy: [ '1.6.0' ],
294 silly audit   'call-bind': [ '1.0.8' ],
294 silly audit   'call-bind-apply-helpers': [ '1.0.2' ],
294 silly audit   'call-bound': [ '1.0.3' ],
294 silly audit   'caller-callsite': [ '2.0.0' ],
294 silly audit   callsites: [ '2.0.0', '3.1.0' ],
294 silly audit   'caller-path': [ '2.0.0' ],
294 silly audit   camelize: [ '1.0.1' ],
294 silly audit   'caniuse-lite': [ '1.0.30001700' ],
294 silly audit   chalk: [ '2.4.2', '1.1.3', '4.1.2' ],
294 silly audit   'ci-info': [ '2.0.0' ],
294 silly audit   'clean-stack': [ '2.2.0' ],
294 silly audit   'clean-webpack-plugin': [ '3.0.0' ],
294 silly audit   del: [ '4.1.1', '5.1.0' ],
294 silly audit   globby: [ '6.1.0', '10.0.2', '11.1.0' ],
294 silly audit   pify: [ '2.3.0', '4.0.1' ],
294 silly audit   'p-map': [ '2.1.0', '3.0.0' ],
294 silly audit   'cli-truncate': [ '0.2.1' ],
294 silly audit   'is-fullwidth-code-point': [ '1.0.0', '2.0.0' ],
294 silly audit   'string-width': [ '1.0.2', '2.1.1' ],
294 silly audit   'strip-ansi': [ '3.0.1', '4.0.0' ],
294 silly audit   'client-only': [ '0.0.1' ],
294 silly audit   'code-point-at': [ '1.1.0' ],
294 silly audit   'codewonders-helpers': [ '1.1.0' ],
294 silly audit   color: [ '4.2.3' ],
294 silly audit   'color-convert': [ '1.9.3', '2.0.1' ],
294 silly audit   'color-name': [ '1.1.3', '1.1.4' ],
294 silly audit   'color-string': [ '1.9.1' ],
294 silly audit   commander: [ '2.20.3' ],
294 silly audit   'common-tags': [ '1.8.2' ],
294 silly audit   'concat-map': [ '0.0.1' ],
294 silly audit   'convert-source-map': [ '2.0.0' ],
294 silly audit   'core-js': [ '2.6.12' ],
294 silly audit   'core-js-compat': [ '3.40.0' ],
294 silly audit   cosmiconfig: [ '5.2.1' ],
294 silly audit   'import-fresh': [ '2.0.0', '3.3.1' ],
294 silly audit   'resolve-from': [ '3.0.0', '4.0.0' ],
294 silly audit   'cross-spawn': [ '6.0.6', '7.0.6' ],
294 silly audit   semver: [ '5.7.2', '6.3.1', '7.7.1' ],
294 silly audit   'crypto-random-string': [ '1.0.0' ],
294 silly audit   'css-color-keywords': [ '1.0.0' ],
294 silly audit   'css-to-react-native': [ '2.3.2' ],
294 silly audit   csstype: [ '3.1.2' ],
294 silly audit   'damerau-levenshtein': [ '1.0.8' ],
294 silly audit   'date-fns': [ '1.30.1' ],
294 silly audit   debug: [ '4.3.4', '3.2.7' ],
294 silly audit   dedent: [ '0.7.0' ],
294 silly audit   'deep-equal': [ '2.2.1' ],
294 silly audit   'deep-is': [ '0.1.4' ],
294 silly audit   'define-data-property': [ '1.1.4' ],
294 silly audit   'define-properties': [ '1.2.0' ],
294 silly audit   rimraf: [ '3.0.2', '2.7.1' ],
294 silly audit   'detect-libc': [ '2.0.3' ],
294 silly audit   'dir-glob': [ '3.0.1' ],
294 silly audit   doctrine: [ '2.1.0' ],
294 silly audit   'dom-helpers': [ '3.4.0' ],
294 silly audit   'dunder-proto': [ '1.0.1' ],
294 silly audit   ejs: [ '2.7.4' ],
294 silly audit   'electron-to-chromium': [ '1.5.104' ],
294 silly audit   'elegant-spinner': [ '1.0.1' ],
294 silly audit   'emailjs-com': [ '3.2.0' ],
294 silly audit   'emoji-regex': [ '9.2.2' ],
294 silly audit   'emojis-list': [ '3.0.0' ],
294 silly audit   'end-of-stream': [ '1.4.4' ],
294 silly audit   'error-ex': [ '1.3.2' ],
294 silly audit   'es-abstract': [ '1.21.2' ],
294 silly audit   'es-define-property': [ '1.0.1' ],
294 silly audit   'es-errors': [ '1.3.0' ],
294 silly audit   'es-get-iterator': [ '1.1.3' ],
294 silly audit   'es-object-atoms': [ '1.1.1' ],
294 silly audit   'es-set-tostringtag': [ '2.0.1' ],
294 silly audit   'es-shim-unscopables': [ '1.0.0' ],
294 silly audit   'es-to-primitive': [ '1.2.1' ],
294 silly audit   escalade: [ '3.2.0' ],
294 silly audit   'escape-string-regexp': [ '1.0.5', '4.0.0' ],
294 silly audit   'eslint-config-prettier': [ '6.15.0' ],
294 silly audit   'eslint-import-resolver-node': [ '0.3.7' ],
294 silly audit   'eslint-module-utils': [ '2.8.0' ],
294 silly audit   'eslint-plugin-import': [ '2.27.5' ],
294 silly audit   'eslint-plugin-jsx-a11y': [ '6.7.1' ],
294 silly audit   'eslint-plugin-prettier': [ '3.4.1' ],
294 silly audit   'eslint-plugin-react': [ '7.32.2' ],
294 silly audit   resolve: [ '2.0.0-next.4', '1.22.2' ],
294 silly audit   'eslint-scope': [ '5.1.1', '8.2.0' ],
294 silly audit   estraverse: [ '4.3.0', '5.3.0' ],
294 silly audit   'eslint-visitor-keys': [ '2.1.0', '4.2.0', '3.4.3' ],
294 silly audit   'has-flag': [ '3.0.0', '4.0.0' ],
294 silly audit   'path-key': [ '3.1.1', '2.0.1' ],
294 silly audit   'shebang-command': [ '2.0.0', '1.2.0' ],
294 silly audit   'shebang-regex': [ '3.0.0', '1.0.0' ],
294 silly audit   'supports-color': [ '6.1.0', '2.0.0', '5.5.0', '7.2.0' ],
294 silly audit   which: [ '2.0.2', '1.3.1' ],
294 silly audit   acorn: [ '7.4.1', '8.14.0' ],
294 silly audit   esprima: [ '4.0.1' ],
294 silly audit   esquery: [ '1.5.0' ],
294 silly audit   esrecurse: [ '4.3.0' ],
294 silly audit   'estree-walker': [ '1.0.1', '0.6.1' ],
294 silly audit   esutils: [ '2.0.3' ],
294 silly audit   execa: [ '1.0.0', '2.1.0' ],
294 silly audit   'fast-deep-equal': [ '3.1.3' ],
294 silly audit   'fast-diff': [ '1.3.0' ],
294 silly audit   'fast-glob': [ '3.2.12' ],
294 silly audit   'fast-json-stable-stringify': [ '2.1.0' ],
294 silly audit   'fast-levenshtein': [ '2.0.6' ],
294 silly audit   fastq: [ '1.15.0' ],
294 silly audit   'fill-range': [ '7.1.1' ],
294 silly audit   'find-up': [ '4.1.0', '5.0.0' ],
294 silly audit   'for-each': [ '0.3.3' ],
294 silly audit   'framer-motion': [ '10.12.12' ],
294 silly audit   'fs-extra': [ '8.1.0' ],
294 silly audit   'fs.realpath': [ '1.0.0' ],
294 silly audit   'function-bind': [ '1.1.2' ],
294 silly audit   'function.prototype.name': [ '1.1.5' ],
294 silly audit   'functions-have-names': [ '1.2.3' ],
294 silly audit   gensync: [ '1.0.0-beta.2' ],
294 silly audit   'get-intrinsic': [ '1.3.0' ],
294 silly audit   'get-own-enumerable-property-symbols': [ '3.0.2' ],
294 silly audit   'get-proto': [ '1.0.1' ],
294 silly audit   'get-stdin': [ '6.0.0', '7.0.0' ],
294 silly audit   'get-stream': [ '4.1.0', '5.2.0' ],
294 silly audit   'get-symbol-description': [ '1.0.0' ],
294 silly audit   glob: [ '7.2.3' ],
294 silly audit   'glob-parent': [ '5.1.2', '6.0.2' ],
294 silly audit   globalthis: [ '1.0.3' ],
294 silly audit   gopd: [ '1.2.0' ],
294 silly audit   'graceful-fs': [ '4.2.11' ],
294 silly audit   has: [ '1.0.3' ],
294 silly audit   'has-ansi': [ '2.0.0' ],
294 silly audit   'has-bigints': [ '1.0.2' ],
294 silly audit   'has-property-descriptors': [ '1.0.2' ],
294 silly audit   'has-proto': [ '1.0.1' ],
294 silly audit   'has-symbols': [ '1.1.0' ],
294 silly audit   'has-tostringtag': [ '1.0.0' ],
294 silly audit   hasown: [ '2.0.2' ],
294 silly audit   'hoist-non-react-statics': [ '3.3.2' ],
294 silly audit   'hosted-git-info': [ '2.8.9' ],
294 silly audit   husky: [ '3.1.0' ],
294 silly audit   imurmurhash: [ '0.1.4' ],
294 silly audit   inflight: [ '1.0.6' ],
294 silly audit   inherits: [ '2.0.4' ],
294 silly audit   'internal-slot': [ '1.0.5' ],
294 silly audit   'is-arguments': [ '1.1.1' ],
294 silly audit   'is-array-buffer': [ '3.0.2' ],
294 silly audit   'is-arrayish': [ '0.2.1', '0.3.2' ],
294 silly audit   'is-bigint': [ '1.0.4' ],
294 silly audit   'is-boolean-object': [ '1.1.2' ],
294 silly audit   'is-callable': [ '1.2.7' ],
294 silly audit   'is-core-module': [ '2.12.1' ],
294 silly audit   'is-date-object': [ '1.0.5' ],
294 silly audit   'is-directory': [ '0.3.1' ],
294 silly audit   'is-extglob': [ '2.1.1' ],
294 silly audit   'is-glob': [ '4.0.3' ],
294 silly audit   'is-map': [ '2.0.2' ],
294 silly audit   'is-module': [ '1.0.0' ],
294 silly audit   'is-negative-zero': [ '2.0.2' ],
294 silly audit   'is-number': [ '7.0.0' ],
294 silly audit   'is-number-object': [ '1.0.7' ],
294 silly audit   'is-obj': [ '1.0.1' ],
294 silly audit   'is-observable': [ '1.1.0' ],
294 silly audit   'is-path-cwd': [ '2.2.0' ],
294 silly audit   'is-path-in-cwd': [ '2.1.0' ],
294 silly audit   'is-path-inside': [ '2.1.0', '3.0.3' ],
294 silly audit   'is-promise': [ '2.2.2' ],
294 silly audit   'is-regex': [ '1.1.4' ],
294 silly audit   'is-regexp': [ '1.0.0' ],
294 silly audit   'is-set': [ '2.0.2' ],
294 silly audit   'is-shared-array-buffer': [ '1.0.2' ],
294 silly audit   'is-stream': [ '1.1.0', '2.0.1' ],
294 silly audit   'is-string': [ '1.0.7' ],
294 silly audit   'is-symbol': [ '1.0.4' ],
294 silly audit   'is-typed-array': [ '1.1.10' ],
294 silly audit   'is-weakmap': [ '2.0.1' ],
294 silly audit   'is-weakref': [ '1.0.2' ],
294 silly audit   'is-weakset': [ '2.0.2' ],
294 silly audit   'is-what': [ '3.14.1' ],
294 silly audit   isarray: [ '2.0.5' ],
294 silly audit   isexe: [ '2.0.0' ],
294 silly audit   'jest-worker': [ '24.9.0' ],
294 silly audit   'js-tokens': [ '4.0.0' ],
294 silly audit   'js-yaml': [ '3.14.1', '4.1.0' ],
294 silly audit   jsesc: [ '3.1.0', '3.0.2' ],
294 silly audit   'json-parse-better-errors': [ '1.0.2' ],
294 silly audit   'json-parse-even-better-errors': [ '2.3.1' ],
294 silly audit   'json-stable-stringify-without-jsonify': [ '1.0.1' ],
294 silly audit   json5: [ '2.2.3', '1.0.2' ],
294 silly audit   jsonfile: [ '4.0.0' ],
294 silly audit   'jsx-ast-utils': [ '3.3.3' ],
294 silly audit   'language-subtag-registry': [ '0.3.22' ],
294 silly audit   'language-tags': [ '1.0.5' ],
294 silly audit   levn: [ '0.4.1' ],
294 silly audit   'lines-and-columns': [ '1.2.4' ],
294 silly audit   'lint-staged': [ '9.5.0' ],
294 silly audit   'npm-run-path': [ '3.1.0', '2.0.2' ],
294 silly audit   'p-finally': [ '2.0.1', '1.0.0' ],
294 silly audit   listr: [ '0.14.3' ],
294 silly audit   'listr-silent-renderer': [ '1.1.1' ],
294 silly audit   'listr-update-renderer': [ '0.5.0' ],
294 silly audit   figures: [ '1.7.0', '2.0.0' ],
294 silly audit   'log-symbols': [ '1.0.2', '3.0.0' ],
294 silly audit   'listr-verbose-renderer': [ '0.5.0' ],
294 silly audit   'cli-cursor': [ '2.1.0' ],
294 silly audit   'mimic-fn': [ '1.2.0', '2.1.0' ],
294 silly audit   onetime: [ '2.0.1', '5.1.2' ],
294 silly audit   'restore-cursor': [ '2.0.0' ],
294 silly audit   'loader-utils': [ '2.0.4' ],
294 silly audit   'locate-path': [ '5.0.0', '6.0.0' ],
294 silly audit   lodash: [ '4.17.21' ],
294 silly audit   'lodash._reinterpolate': [ '3.0.0' ],
294 silly audit   'lodash.debounce': [ '4.0.8' ],
294 silly audit   'lodash.merge': [ '4.6.2' ],
294 silly audit   'lodash.template': [ '4.5.0' ],
294 silly audit   'lodash.templatesettings': [ '4.2.0' ],
294 silly audit   'log-update': [ '2.3.0' ],
294 silly audit   'ansi-escapes': [ '3.2.0' ],
294 silly audit   'loose-envify': [ '1.4.0' ],
294 silly audit   'lru-cache': [ '5.1.1' ],
294 silly audit   'magic-string': [ '0.25.9' ],
294 silly audit   'math-intrinsics': [ '1.1.0' ],
294 silly audit   'memoize-one': [ '5.2.1' ],
294 silly audit   'merge-anything': [ '2.4.4' ],
294 silly audit   'merge-stream': [ '2.0.0' ],
294 silly audit   merge2: [ '1.4.1' ],
294 silly audit   micromatch: [ '4.0.8' ],
294 silly audit   'mime-db': [ '1.52.0' ],
294 silly audit   'mime-types': [ '2.1.35' ],
294 silly audit   minimatch: [ '3.1.2' ],
294 silly audit   minimist: [ '1.2.8' ],
294 silly audit   ms: [ '2.1.2' ],
294 silly audit   nanoid: [ '3.3.8' ],
294 silly audit   'natural-compare': [ '1.4.0' ],
294 silly audit   next: [ '15.1.7' ],
294 silly audit   'next-page-transitions': [ '1.0.0-beta.2' ],
294 silly audit   'next-pwa': [ '2.6.3' ],
294 silly audit   'nice-try': [ '1.0.5' ],
294 silly audit   'node-releases': [ '2.0.19' ],
294 silly audit   'normalize-package-data': [ '2.5.0' ],
294 silly audit   'normalize-path': [ '3.0.0' ],
294 silly audit   'number-is-nan': [ '1.0.1' ],
294 silly audit   'object-assign': [ '4.1.1' ],
294 silly audit   'object-inspect': [ '1.13.4' ],
294 silly audit   'object-is': [ '1.1.5' ],
294 silly audit   'object-keys': [ '1.1.1' ],
294 silly audit   'object.assign': [ '4.1.4' ],
294 silly audit   'object.entries': [ '1.1.6' ],
294 silly audit   'object.fromentries': [ '2.0.6' ],
294 silly audit   'object.hasown': [ '1.1.2' ],
294 silly audit   'object.values': [ '1.1.6' ],
294 silly audit   once: [ '1.4.0' ],
294 silly audit   'opencollective-postinstall': [ '2.0.3' ],
294 silly audit   optionator: [ '0.9.4' ],
294 silly audit   'p-limit': [ '2.3.0', '3.1.0' ],
294 silly audit   'p-locate': [ '4.1.0', '5.0.0' ],
294 silly audit   'p-try': [ '2.2.0' ],
294 silly audit   'parse-json': [ '4.0.0', '5.2.0' ],
294 silly audit   'path-exists': [ '4.0.0' ],
294 silly audit   'path-is-absolute': [ '1.0.1' ],
294 silly audit   'path-is-inside': [ '1.0.2' ],
294 silly audit   'path-parse': [ '1.0.7' ],
294 silly audit   'path-type': [ '4.0.0' ],
294 silly audit   picocolors: [ '1.1.1' ],
294 silly audit   picomatch: [ '2.3.1' ],
294 silly audit   pinkie: [ '2.0.4' ],
294 silly audit   'pinkie-promise': [ '2.0.1' ],
294 silly audit   'pkg-dir': [ '4.2.0' ],
294 silly audit   'please-upgrade-node': [ '3.2.0' ],
294 silly audit   postcss: [ '8.4.31' ],
294 silly audit   'postcss-value-parser': [ '3.3.1' ],
294 silly audit   'prelude-ls': [ '1.2.1' ],
294 silly audit   prettier: [ '1.19.1' ],
294 silly audit   'prettier-linter-helpers': [ '1.0.0' ],
294 silly audit   'pretty-bytes': [ '5.6.0' ],
294 silly audit   'prop-types': [ '15.8.1' ],
294 silly audit   pump: [ '3.0.0' ],
294 silly audit   punycode: [ '2.3.0' ],
294 silly audit   'queue-microtask': [ '1.2.3' ],
294 silly audit   randombytes: [ '2.1.0' ],
294 silly audit   react: [ '18.2.0' ],
294 silly audit   'react-dom': [ '18.2.0' ],
294 silly audit   'react-fast-compare': [ '2.0.4' ],
294 silly audit   'react-helmet': [ '5.2.1' ],
294 silly audit   'react-is': [ '16.13.1' ],
294 silly audit   'react-lifecycles-compat': [ '3.0.4' ],
294 silly audit   'react-side-effect': [ '1.2.0' ],
294 silly audit   'react-transition-group': [ '2.9.0' ],
294 silly audit   'read-pkg': [ '5.2.0' ],
294 silly audit   'type-fest': [ '0.6.0', '0.3.1' ],
294 silly audit   regenerate: [ '1.4.2' ],
294 silly audit   'regenerate-unicode-properties': [ '10.2.0' ],
294 silly audit   'regenerator-transform': [ '0.15.2' ],
294 silly audit   'regexp.prototype.flags': [ '1.5.0' ],
294 silly audit   'regexpu-core': [ '6.2.0' ],
294 silly audit   regjsgen: [ '0.8.0' ],
294 silly audit   regjsparser: [ '0.12.0' ],
294 silly audit   reusify: [ '1.0.4' ],
294 silly audit   rollup: [ '1.32.1' ],
294 silly audit   'rollup-plugin-babel': [ '4.4.0' ],
294 silly audit   'rollup-plugin-terser': [ '5.3.1' ],
294 silly audit   'rollup-pluginutils': [ '2.8.2' ],
294 silly audit   'run-node': [ '1.0.0' ],
294 silly audit   'run-parallel': [ '1.2.0' ],
294 silly audit   rxjs: [ '6.6.7' ],
294 silly audit   tslib: [ '1.14.1', '2.8.1' ],
294 silly audit   'safe-buffer': [ '5.2.1' ],
294 silly audit   'safe-regex-test': [ '1.0.0' ],
294 silly audit   scheduler: [ '0.23.0' ],
294 silly audit   'schema-utils': [ '3.3.0' ],
294 silly audit   'ajv-keywords': [ '3.5.2' ],
294 silly audit   scoutbar: [ '1.2.3' ],
294 silly audit   'semver-compare': [ '1.0.0' ],
294 silly audit   'serialize-javascript': [ '4.0.0' ],
294 silly audit   'set-function-length': [ '1.2.2' ],
294 silly audit   shallowequal: [ '1.1.0' ],
294 silly audit   sharp: [ '0.33.5' ],
294 silly audit   'side-channel': [ '1.1.0' ],
294 silly audit   'side-channel-list': [ '1.0.0' ],
294 silly audit   'side-channel-map': [ '1.0.1' ],
294 silly audit   'side-channel-weakmap': [ '1.0.2' ],
294 silly audit   'signal-exit': [ '3.0.7' ],
294 silly audit   'simple-swizzle': [ '0.2.2' ],
294 silly audit   slash: [ '3.0.0' ],
294 silly audit   'slice-ansi': [ '0.0.4' ],
294 silly audit   'source-list-map': [ '2.0.1' ],
294 silly audit   'source-map-js': [ '1.2.1' ],
294 silly audit   'source-map-support': [ '0.5.21' ],
294 silly audit   'source-map-url': [ '0.4.1' ],
294 silly audit   'sourcemap-codec': [ '1.4.8' ],
294 silly audit   'spdx-correct': [ '3.2.0' ],
294 silly audit   'spdx-exceptions': [ '2.3.0' ],
294 silly audit   'spdx-expression-parse': [ '3.0.1' ],
294 silly audit   'spdx-license-ids': [ '3.0.13' ],
294 silly audit   'sprintf-js': [ '1.0.3' ],
294 silly audit   'stop-iteration-iterator': [ '1.0.0' ],
294 silly audit   streamsearch: [ '1.1.0' ],
294 silly audit   'string-argv': [ '0.3.2' ],
294 silly audit   'string.prototype.matchall': [ '4.0.8' ],
294 silly audit   'string.prototype.trim': [ '1.2.7' ],
294 silly audit   'string.prototype.trimend': [ '1.0.6' ],
294 silly audit   'string.prototype.trimstart': [ '1.0.6' ],
294 silly audit   'stringify-object': [ '3.3.0' ],
294 silly audit   'strip-bom': [ '3.0.0' ],
294 silly audit   'strip-comments': [ '1.0.2' ],
294 silly audit   'strip-eof': [ '1.0.0' ],
294 silly audit   'strip-final-newline': [ '2.0.0' ],
294 silly audit   'styled-components': [ '4.4.1' ],
294 silly audit   'styled-jsx': [ '5.1.6' ],
294 silly audit   stylis: [ '3.5.4' ],
294 silly audit   'stylis-rule-sheet': [ '0.0.10' ],
294 silly audit   'supports-preserve-symlinks-flag': [ '1.0.0' ],
294 silly audit   'symbol-observable': [ '1.2.0' ],
294 silly audit   'temp-dir': [ '1.0.0' ],
294 silly audit   tempy: [ '0.3.0' ],
294 silly audit   terser: [ '4.8.1' ],
294 silly audit   'to-regex-range': [ '5.0.1' ],
294 silly audit   'tsconfig-paths': [ '3.14.2' ],
294 silly audit   'type-check': [ '0.4.0' ],
294 silly audit   'typed-array-length': [ '1.0.4' ],
294 silly audit   typescript: [ '5.0.4' ],
294 silly audit   'unbox-primitive': [ '1.0.2' ],
294 silly audit   'unicode-canonical-property-names-ecmascript': [ '2.0.1' ],
294 silly audit   'unicode-match-property-ecmascript': [ '2.0.0' ],
294 silly audit   'unicode-match-property-value-ecmascript': [ '2.2.0' ],
294 silly audit   'unicode-property-aliases-ecmascript': [ '2.1.0' ],
294 silly audit   'unique-string': [ '1.0.0' ],
294 silly audit   universalify: [ '0.1.2' ],
294 silly audit   upath: [ '1.2.0' ],
294 silly audit   'update-browserslist-db': [ '1.1.2' ],
294 silly audit   'uri-js': [ '4.4.1' ],
294 silly audit   'url-loader': [ '4.1.1' ],
294 silly audit   'validate-npm-package-license': [ '3.0.4' ],
294 silly audit   'webpack-sources': [ '1.4.3' ],
294 silly audit   'which-boxed-primitive': [ '1.0.2' ],
294 silly audit   'which-collection': [ '1.0.1' ],
294 silly audit   'which-typed-array': [ '1.1.9' ],
294 silly audit   'word-wrap': [ '1.2.5' ],
294 silly audit   'workbox-background-sync': [ '5.1.4' ],
294 silly audit   'workbox-broadcast-update': [ '5.1.4' ],
294 silly audit   'workbox-build': [ '5.1.4' ],
294 silly audit   'workbox-cacheable-response': [ '5.1.4' ],
294 silly audit   'workbox-core': [ '5.1.4' ],
294 silly audit   'workbox-expiration': [ '5.1.4' ],
294 silly audit   'workbox-google-analytics': [ '5.1.4' ],
294 silly audit   'workbox-navigation-preload': [ '5.1.4' ],
294 silly audit   'workbox-precaching': [ '5.1.4' ],
294 silly audit   'workbox-range-requests': [ '5.1.4' ],
294 silly audit   'workbox-routing': [ '5.1.4' ],
294 silly audit   'workbox-strategies': [ '5.1.4' ],
294 silly audit   'workbox-streams': [ '5.1.4' ],
294 silly audit   'workbox-sw': [ '5.1.4' ],
294 silly audit   'workbox-webpack-plugin': [ '5.1.4' ],
294 silly audit   'workbox-window': [ '5.1.4' ],
294 silly audit   'wrap-ansi': [ '3.0.1' ],
294 silly audit   wrappy: [ '1.0.2' ],
294 silly audit   yallist: [ '3.1.1' ],
294 silly audit   eslint: [ '9.21.0' ],
294 silly audit   'eslint-config-airbnb': [ '19.0.4' ],
294 silly audit   'eslint-plugin-react-hooks': [ '5.1.0' ],
294 silly audit   '@eslint-community/eslint-utils': [ '4.4.1' ],
294 silly audit   '@eslint-community/regexpp': [ '4.12.1' ],
294 silly audit   '@eslint/config-array': [ '0.19.2' ],
294 silly audit   '@eslint/core': [ '0.12.0' ],
294 silly audit   '@eslint/eslintrc': [ '3.3.0' ],
294 silly audit   '@eslint/js': [ '9.21.0' ],
294 silly audit   '@eslint/plugin-kit': [ '0.2.7' ],
294 silly audit   '@humanfs/node': [ '0.16.6' ],
294 silly audit   '@humanwhocodes/module-importer': [ '1.0.1' ],
294 silly audit   '@humanwhocodes/retry': [ '0.4.2', '0.3.1' ],
294 silly audit   espree: [ '10.3.0' ],
294 silly audit   'file-entry-cache': [ '8.0.0' ],
294 silly audit   '@eslint/object-schema': [ '2.1.6' ],
294 silly audit   'strip-json-comments': [ '3.1.1' ],
294 silly audit   '@humanfs/core': [ '0.19.1' ],
294 silly audit   'json-schema-traverse': [ '0.4.1' ],
294 silly audit   'eslint-config-airbnb-base': [ '15.0.0' ],
294 silly audit   'confusing-browser-globals': [ '1.0.11' ],
294 silly audit   'acorn-jsx': [ '5.3.2' ],
294 silly audit   'flat-cache': [ '4.0.1' ],
294 silly audit   flatted: [ '3.3.3' ],
294 silly audit   keyv: [ '4.5.4' ],
294 silly audit   'parent-module': [ '1.0.1' ],
294 silly audit   'json-buffer': [ '3.0.1' ],
294 silly audit   'yocto-queue': [ '0.1.0' ]
294 silly audit }
295 verbose reify failed optional dependency C:\Users\HP\Desktop\portfolio projects\PORTFOLIO SITE\node_modules\@next\swc-win32-arm64-msvc
296 silly reify mark deleted [
296 silly reify   'C:\\Users\\HP\\Desktop\\portfolio projects\\PORTFOLIO SITE\\node_modules\\@next\\swc-win32-arm64-msvc'
296 silly reify ]
297 verbose reify failed optional dependency C:\Users\HP\Desktop\portfolio projects\PORTFOLIO SITE\node_modules\@next\swc-linux-x64-musl
298 silly reify mark deleted [
298 silly reify   'C:\\Users\\HP\\Desktop\\portfolio projects\\PORTFOLIO SITE\\node_modules\\@next\\swc-linux-x64-musl'
298 silly reify ]
299 verbose reify failed optional dependency C:\Users\HP\Desktop\portfolio projects\PORTFOLIO SITE\node_modules\@next\swc-linux-x64-gnu
300 silly reify mark deleted [
300 silly reify   'C:\\Users\\HP\\Desktop\\portfolio projects\\PORTFOLIO SITE\\node_modules\\@next\\swc-linux-x64-gnu'
300 silly reify ]
301 verbose reify failed optional dependency C:\Users\HP\Desktop\portfolio projects\PORTFOLIO SITE\node_modules\@next\swc-linux-arm64-musl
302 silly reify mark deleted [
302 silly reify   'C:\\Users\\HP\\Desktop\\portfolio projects\\PORTFOLIO SITE\\node_modules\\@next\\swc-linux-arm64-musl'
302 silly reify ]
303 verbose reify failed optional dependency C:\Users\HP\Desktop\portfolio projects\PORTFOLIO SITE\node_modules\@next\swc-linux-arm64-gnu
304 silly reify mark deleted [
304 silly reify   'C:\\Users\\HP\\Desktop\\portfolio projects\\PORTFOLIO SITE\\node_modules\\@next\\swc-linux-arm64-gnu'
304 silly reify ]
305 verbose reify failed optional dependency C:\Users\HP\Desktop\portfolio projects\PORTFOLIO SITE\node_modules\@next\swc-darwin-x64
306 silly reify mark deleted [
306 silly reify   'C:\\Users\\HP\\Desktop\\portfolio projects\\PORTFOLIO SITE\\node_modules\\@next\\swc-darwin-x64'
306 silly reify ]
307 verbose reify failed optional dependency C:\Users\HP\Desktop\portfolio projects\PORTFOLIO SITE\node_modules\@next\swc-darwin-arm64
308 silly reify mark deleted [
308 silly reify   'C:\\Users\\HP\\Desktop\\portfolio projects\\PORTFOLIO SITE\\node_modules\\@next\\swc-darwin-arm64'
308 silly reify ]
309 verbose reify failed optional dependency C:\Users\HP\Desktop\portfolio projects\PORTFOLIO SITE\node_modules\@img\sharp-win32-ia32
310 silly reify mark deleted [
310 silly reify   'C:\\Users\\HP\\Desktop\\portfolio projects\\PORTFOLIO SITE\\node_modules\\@img\\sharp-win32-ia32'
310 silly reify ]
311 verbose reify failed optional dependency C:\Users\HP\Desktop\portfolio projects\PORTFOLIO SITE\node_modules\@img\sharp-wasm32
312 silly reify mark deleted [
312 silly reify   'C:\\Users\\HP\\Desktop\\portfolio projects\\PORTFOLIO SITE\\node_modules\\@img\\sharp-wasm32'
312 silly reify ]
313 verbose reify failed optional dependency C:\Users\HP\Desktop\portfolio projects\PORTFOLIO SITE\node_modules\@emnapi\runtime
314 silly reify mark deleted [
314 silly reify   'C:\\Users\\HP\\Desktop\\portfolio projects\\PORTFOLIO SITE\\node_modules\\@emnapi\\runtime'
314 silly reify ]
315 verbose reify failed optional dependency C:\Users\HP\Desktop\portfolio projects\PORTFOLIO SITE\node_modules\@img\sharp-linuxmusl-x64
316 silly reify mark deleted [
316 silly reify   'C:\\Users\\HP\\Desktop\\portfolio projects\\PORTFOLIO SITE\\node_modules\\@img\\sharp-linuxmusl-x64'
316 silly reify ]
317 verbose reify failed optional dependency C:\Users\HP\Desktop\portfolio projects\PORTFOLIO SITE\node_modules\@img\sharp-linuxmusl-arm64
318 silly reify mark deleted [
318 silly reify   'C:\\Users\\HP\\Desktop\\portfolio projects\\PORTFOLIO SITE\\node_modules\\@img\\sharp-linuxmusl-arm64'
318 silly reify ]
319 verbose reify failed optional dependency C:\Users\HP\Desktop\portfolio projects\PORTFOLIO SITE\node_modules\@img\sharp-linux-x64
320 silly reify mark deleted [
320 silly reify   'C:\\Users\\HP\\Desktop\\portfolio projects\\PORTFOLIO SITE\\node_modules\\@img\\sharp-linux-x64'
320 silly reify ]
321 verbose reify failed optional dependency C:\Users\HP\Desktop\portfolio projects\PORTFOLIO SITE\node_modules\@img\sharp-linux-s390x
322 silly reify mark deleted [
322 silly reify   'C:\\Users\\HP\\Desktop\\portfolio projects\\PORTFOLIO SITE\\node_modules\\@img\\sharp-linux-s390x'
322 silly reify ]
323 verbose reify failed optional dependency C:\Users\HP\Desktop\portfolio projects\PORTFOLIO SITE\node_modules\@img\sharp-linux-arm64
324 silly reify mark deleted [
324 silly reify   'C:\\Users\\HP\\Desktop\\portfolio projects\\PORTFOLIO SITE\\node_modules\\@img\\sharp-linux-arm64'
324 silly reify ]
325 verbose reify failed optional dependency C:\Users\HP\Desktop\portfolio projects\PORTFOLIO SITE\node_modules\@img\sharp-linux-arm
326 silly reify mark deleted [
326 silly reify   'C:\\Users\\HP\\Desktop\\portfolio projects\\PORTFOLIO SITE\\node_modules\\@img\\sharp-linux-arm'
326 silly reify ]
327 verbose reify failed optional dependency C:\Users\HP\Desktop\portfolio projects\PORTFOLIO SITE\node_modules\@img\sharp-libvips-linuxmusl-x64
328 silly reify mark deleted [
328 silly reify   'C:\\Users\\HP\\Desktop\\portfolio projects\\PORTFOLIO SITE\\node_modules\\@img\\sharp-libvips-linuxmusl-x64'
328 silly reify ]
329 verbose reify failed optional dependency C:\Users\HP\Desktop\portfolio projects\PORTFOLIO SITE\node_modules\@img\sharp-libvips-linuxmusl-arm64
330 silly reify mark deleted [
330 silly reify   'C:\\Users\\HP\\Desktop\\portfolio projects\\PORTFOLIO SITE\\node_modules\\@img\\sharp-libvips-linuxmusl-arm64'
330 silly reify ]
331 verbose reify failed optional dependency C:\Users\HP\Desktop\portfolio projects\PORTFOLIO SITE\node_modules\@img\sharp-libvips-linux-x64
332 silly reify mark deleted [
332 silly reify   'C:\\Users\\HP\\Desktop\\portfolio projects\\PORTFOLIO SITE\\node_modules\\@img\\sharp-libvips-linux-x64'
332 silly reify ]
333 verbose reify failed optional dependency C:\Users\HP\Desktop\portfolio projects\PORTFOLIO SITE\node_modules\@img\sharp-libvips-linux-s390x
334 silly reify mark deleted [
334 silly reify   'C:\\Users\\HP\\Desktop\\portfolio projects\\PORTFOLIO SITE\\node_modules\\@img\\sharp-libvips-linux-s390x'
334 silly reify ]
335 verbose reify failed optional dependency C:\Users\HP\Desktop\portfolio projects\PORTFOLIO SITE\node_modules\@img\sharp-libvips-linux-arm64
336 silly reify mark deleted [
336 silly reify   'C:\\Users\\HP\\Desktop\\portfolio projects\\PORTFOLIO SITE\\node_modules\\@img\\sharp-libvips-linux-arm64'
336 silly reify ]
337 verbose reify failed optional dependency C:\Users\HP\Desktop\portfolio projects\PORTFOLIO SITE\node_modules\@img\sharp-libvips-linux-arm
338 silly reify mark deleted [
338 silly reify   'C:\\Users\\HP\\Desktop\\portfolio projects\\PORTFOLIO SITE\\node_modules\\@img\\sharp-libvips-linux-arm'
338 silly reify ]
339 verbose reify failed optional dependency C:\Users\HP\Desktop\portfolio projects\PORTFOLIO SITE\node_modules\@img\sharp-libvips-darwin-x64
340 silly reify mark deleted [
340 silly reify   'C:\\Users\\HP\\Desktop\\portfolio projects\\PORTFOLIO SITE\\node_modules\\@img\\sharp-libvips-darwin-x64'
340 silly reify ]
341 verbose reify failed optional dependency C:\Users\HP\Desktop\portfolio projects\PORTFOLIO SITE\node_modules\@img\sharp-libvips-darwin-arm64
342 silly reify mark deleted [
342 silly reify   'C:\\Users\\HP\\Desktop\\portfolio projects\\PORTFOLIO SITE\\node_modules\\@img\\sharp-libvips-darwin-arm64'
342 silly reify ]
343 verbose reify failed optional dependency C:\Users\HP\Desktop\portfolio projects\PORTFOLIO SITE\node_modules\@img\sharp-darwin-x64
344 silly reify mark deleted [
344 silly reify   'C:\\Users\\HP\\Desktop\\portfolio projects\\PORTFOLIO SITE\\node_modules\\@img\\sharp-darwin-x64'
344 silly reify ]
345 verbose reify failed optional dependency C:\Users\HP\Desktop\portfolio projects\PORTFOLIO SITE\node_modules\@img\sharp-darwin-arm64
346 silly reify mark deleted [
346 silly reify   'C:\\Users\\HP\\Desktop\\portfolio projects\\PORTFOLIO SITE\\node_modules\\@img\\sharp-darwin-arm64'
346 silly reify ]
347 http cache flat-cache@https://registry.npmjs.org/flat-cache/-/flat-cache-4.0.1.tgz 0ms (cache hit)
348 http cache yocto-queue@https://registry.npmjs.org/yocto-queue/-/yocto-queue-0.1.0.tgz 0ms (cache hit)
349 http cache acorn@https://registry.npmjs.org/acorn/-/acorn-8.14.0.tgz 0ms (cache hit)
350 http cache eslint-config-airbnb-base@https://registry.npmjs.org/eslint-config-airbnb-base/-/eslint-config-airbnb-base-15.0.0.tgz 0ms (cache hit)
351 http cache @humanfs/core@https://registry.npmjs.org/@humanfs/core/-/core-0.19.1.tgz 0ms (cache hit)
352 http cache @eslint/object-schema@https://registry.npmjs.org/@eslint/object-schema/-/object-schema-2.1.6.tgz 0ms (cache hit)
353 http cache @humanwhocodes/retry@https://registry.npmjs.org/@humanwhocodes/retry/-/retry-0.4.2.tgz 0ms (cache hit)
354 http cache @humanwhocodes/module-importer@https://registry.npmjs.org/@humanwhocodes/module-importer/-/module-importer-1.0.1.tgz 0ms (cache hit)
355 http cache @humanfs/node@https://registry.npmjs.org/@humanfs/node/-/node-0.16.6.tgz 0ms (cache hit)
356 http cache @eslint/plugin-kit@https://registry.npmjs.org/@eslint/plugin-kit/-/plugin-kit-0.2.7.tgz 0ms (cache hit)
357 http cache @eslint/js@https://registry.npmjs.org/@eslint/js/-/js-9.21.0.tgz 0ms (cache hit)
358 http cache @eslint/core@https://registry.npmjs.org/@eslint/core/-/core-0.12.0.tgz 0ms (cache hit)
359 http cache @eslint/config-array@https://registry.npmjs.org/@eslint/config-array/-/config-array-0.19.2.tgz 0ms (cache hit)
360 http cache @eslint-community/regexpp@https://registry.npmjs.org/@eslint-community/regexpp/-/regexpp-4.12.1.tgz 0ms (cache hit)
361 http cache @eslint-community/eslint-utils@https://registry.npmjs.org/@eslint-community/eslint-utils/-/eslint-utils-4.4.1.tgz 0ms (cache hit)
362 http cache @emnapi/runtime@https://registry.npmjs.org/@emnapi/runtime/-/runtime-1.3.1.tgz 0ms (cache hit)
363 http cache json-schema-traverse@https://registry.npmjs.org/json-schema-traverse/-/json-schema-traverse-0.4.1.tgz 0ms (cache hit)
364 http cache globals@https://registry.npmjs.org/globals/-/globals-14.0.0.tgz 0ms (cache hit)
365 http cache file-entry-cache@https://registry.npmjs.org/file-entry-cache/-/file-entry-cache-8.0.0.tgz 0ms (cache hit)
366 http cache espree@https://registry.npmjs.org/espree/-/espree-10.3.0.tgz 0ms (cache hit)
367 http cache eslint-plugin-react-hooks@https://registry.npmjs.org/eslint-plugin-react-hooks/-/eslint-plugin-react-hooks-5.1.0.tgz 0ms (cache hit)
368 http cache eslint-config-airbnb@https://registry.npmjs.org/eslint-config-airbnb/-/eslint-config-airbnb-19.0.4.tgz 0ms (cache hit)
369 http cache @eslint/eslintrc@https://registry.npmjs.org/@eslint/eslintrc/-/eslintrc-3.3.0.tgz 0ms (cache hit)
370 http cache @humanwhocodes/retry@https://registry.npmjs.org/@humanwhocodes/retry/-/retry-0.3.1.tgz 0ms (cache hit)
371 http cache eslint-visitor-keys@https://registry.npmjs.org/eslint-visitor-keys/-/eslint-visitor-keys-3.4.3.tgz 0ms (cache hit)
372 http cache eslint-visitor-keys@https://registry.npmjs.org/eslint-visitor-keys/-/eslint-visitor-keys-4.2.0.tgz 0ms (cache hit)
373 http cache p-limit@https://registry.npmjs.org/p-limit/-/p-limit-3.1.0.tgz 0ms (cache hit)
374 http cache eslint@https://registry.npmjs.org/eslint/-/eslint-9.21.0.tgz 0ms (cache hit)
375 http cache p-locate@https://registry.npmjs.org/p-locate/-/p-locate-5.0.0.tgz 0ms (cache hit)
376 http cache locate-path@https://registry.npmjs.org/locate-path/-/locate-path-6.0.0.tgz 0ms (cache hit)
377 http cache glob-parent@https://registry.npmjs.org/glob-parent/-/glob-parent-6.0.2.tgz 0ms (cache hit)
378 http cache eslint-visitor-keys@https://registry.npmjs.org/eslint-visitor-keys/-/eslint-visitor-keys-4.2.0.tgz 0ms (cache hit)
379 http cache ajv@https://registry.npmjs.org/ajv/-/ajv-6.12.6.tgz 0ms (cache hit)
380 http cache find-up@https://registry.npmjs.org/find-up/-/find-up-5.0.0.tgz 0ms (cache hit)
381 http cache eslint-scope@https://registry.npmjs.org/eslint-scope/-/eslint-scope-8.2.0.tgz 0ms (cache hit)
382 http cache @types/estree@https://registry.npmjs.org/@types/estree/-/estree-1.0.6.tgz 0ms (cache hit)
383 http cache argparse@https://registry.npmjs.org/argparse/-/argparse-2.0.1.tgz 0ms (cache hit)
384 http cache js-yaml@https://registry.npmjs.org/js-yaml/-/js-yaml-4.1.0.tgz 0ms (cache hit)
385 silly tarball no local data for eslint-config-airbnb-base@https://registry.npmjs.org/eslint-config-airbnb-base/-/eslint-config-airbnb-base-15.0.0.tgz. Extracting by manifest.
386 silly tarball no local data for eslint-plugin-react-hooks@https://registry.npmjs.org/eslint-plugin-react-hooks/-/eslint-plugin-react-hooks-5.1.0.tgz. Extracting by manifest.
387 silly tarball no local data for eslint-config-airbnb@https://registry.npmjs.org/eslint-config-airbnb/-/eslint-config-airbnb-19.0.4.tgz. Extracting by manifest.
388 http fetch POST 200 https://registry.npmjs.org/-/npm/v1/security/advisories/bulk 620ms
389 silly audit report {
389 silly audit report   ejs: [
389 silly audit report     {
389 silly audit report       id: 1089270,
389 silly audit report       url: 'https://github.com/advisories/GHSA-phwq-j96m-2c2q',
389 silly audit report       title: 'ejs template injection vulnerability',
389 silly audit report       severity: 'critical',
389 silly audit report       vulnerable_versions: '<3.1.7',
389 silly audit report       cwe: [Array],
389 silly audit report       cvss: [Object]
389 silly audit report     },
389 silly audit report     {
389 silly audit report       id: 1098366,
389 silly audit report       url: 'https://github.com/advisories/GHSA-ghr5-ch3p-vcr6',
389 silly audit report       title: 'ejs lacks certain pollution protection',
389 silly audit report       severity: 'moderate',
389 silly audit report       vulnerable_versions: '<3.1.10',
389 silly audit report       cwe: [Array],
389 silly audit report       cvss: [Object]
389 silly audit report     }
389 silly audit report   ],
389 silly audit report   'lodash.template': [
389 silly audit report     {
389 silly audit report       id: 1096993,
389 silly audit report       url: 'https://github.com/advisories/GHSA-35jh-r3h4-6jhm',
389 silly audit report       title: 'Command Injection in lodash',
389 silly audit report       severity: 'high',
389 silly audit report       vulnerable_versions: '<=4.5.0',
389 silly audit report       cwe: [Array],
389 silly audit report       cvss: [Object]
389 silly audit report     }
389 silly audit report   ],
389 silly audit report   rollup: [
389 silly audit report     {
389 silly audit report       id: 1099757,
389 silly audit report       url: 'https://github.com/advisories/GHSA-gcx4-mw62-g8wm',
389 silly audit report       title: 'DOM Clobbering Gadget found in rollup bundled scripts that leads to XSS',
389 silly audit report       severity: 'high',
389 silly audit report       vulnerable_versions: '<2.79.2',
389 silly audit report       cwe: [Array],
389 silly audit report       cvss: [Object]
389 silly audit report     }
389 silly audit report   ],
389 silly audit report   'serialize-javascript': [
389 silly audit report     {
389 silly audit report       id: 1102339,
389 silly audit report       url: 'https://github.com/advisories/GHSA-76p7-773f-r4q5',
389 silly audit report       title: 'Cross-site Scripting (XSS) in serialize-javascript',
389 silly audit report       severity: 'moderate',
389 silly audit report       vulnerable_versions: '<6.0.2',
389 silly audit report       cwe: [Array],
389 silly audit report       cvss: [Object]
389 silly audit report     }
389 silly audit report   ]
389 silly audit report }
390 silly packumentCache corgi:https://registry.npmjs.org/ejs cache-miss
391 silly packumentCache corgi:https://registry.npmjs.org/lodash.template cache-miss
392 silly packumentCache corgi:https://registry.npmjs.org/rollup cache-miss
393 silly packumentCache corgi:https://registry.npmjs.org/serialize-javascript cache-miss
394 http fetch GET 200 https://registry.npmjs.org/eslint-plugin-react-hooks/-/eslint-plugin-react-hooks-5.1.0.tgz 1626ms (cache miss)
395 http fetch GET 200 https://registry.npmjs.org/ejs 1725ms (cache updated)
396 silly packumentCache corgi:https://registry.npmjs.org/ejs set size:undefined disposed:false
397 http fetch GET 200 https://registry.npmjs.org/serialize-javascript 2034ms (cache updated)
398 silly packumentCache corgi:https://registry.npmjs.org/serialize-javascript set size:undefined disposed:false
399 http fetch GET 200 https://registry.npmjs.org/lodash.template 2054ms (cache updated)
400 silly packumentCache corgi:https://registry.npmjs.org/lodash.template set size:undefined disposed:false
401 http fetch GET 200 https://registry.npmjs.org/eslint-config-airbnb-base/-/eslint-config-airbnb-base-15.0.0.tgz 3293ms (cache miss)
402 http fetch GET 200 https://registry.npmjs.org/eslint-config-airbnb/-/eslint-config-airbnb-19.0.4.tgz 3431ms (cache miss)
403 http fetch GET 200 https://registry.npmjs.org/rollup 4983ms (cache updated)
404 silly packumentCache corgi:https://registry.npmjs.org/rollup set size:undefined disposed:false
405 silly packumentCache corgi:https://registry.npmjs.org/@surma%2frollup-plugin-off-main-thread cache-miss
406 http fetch GET 200 https://registry.npmjs.org/@surma%2frollup-plugin-off-main-thread 1068ms (cache updated)
407 silly packumentCache corgi:https://registry.npmjs.org/@surma%2frollup-plugin-off-main-thread set size:undefined disposed:false
408 silly packumentCache corgi:https://registry.npmjs.org/workbox-build cache-miss
409 http fetch GET 200 https://registry.npmjs.org/workbox-build 299ms (cache updated)
410 silly packumentCache corgi:https://registry.npmjs.org/workbox-build set size:undefined disposed:false
411 silly packumentCache corgi:https://registry.npmjs.org/rollup-plugin-terser cache-miss
412 http fetch GET 200 https://registry.npmjs.org/rollup-plugin-terser 191ms (cache updated)
413 silly packumentCache corgi:https://registry.npmjs.org/rollup-plugin-terser set size:undefined disposed:false
414 silly packumentCache corgi:https://registry.npmjs.org/workbox-webpack-plugin cache-miss
415 http fetch GET 200 https://registry.npmjs.org/workbox-webpack-plugin 1371ms (cache updated)
416 silly packumentCache corgi:https://registry.npmjs.org/workbox-webpack-plugin set size:undefined disposed:false
417 silly packumentCache corgi:https://registry.npmjs.org/next-pwa cache-miss
418 http fetch GET 200 https://registry.npmjs.org/next-pwa 601ms (cache updated)
419 silly packumentCache corgi:https://registry.npmjs.org/next-pwa set size:undefined disposed:false
420 silly ADD node_modules/yocto-queue
421 silly ADD node_modules/acorn
422 silly ADD node_modules/eslint-config-airbnb-base
423 silly ADD node_modules/@humanfs/core
424 silly ADD node_modules/@eslint/object-schema
425 silly ADD node_modules/@humanwhocodes/retry
426 silly ADD node_modules/@humanwhocodes/module-importer
427 silly ADD node_modules/@humanfs/node
428 silly ADD node_modules/@humanfs/node/node_modules/@humanwhocodes/retry
429 silly ADD node_modules/@eslint/plugin-kit
430 silly ADD node_modules/@eslint/js
431 silly ADD node_modules/@eslint/core
432 silly ADD node_modules/@eslint/config-array
433 silly ADD node_modules/@eslint-community/regexpp
434 silly ADD node_modules/@eslint-community/eslint-utils
435 silly ADD node_modules/@eslint-community/eslint-utils/node_modules/eslint-visitor-keys
436 silly ADD
437 silly ADD
438 silly ADD
439 silly ADD
440 silly ADD
441 silly ADD
442 silly ADD
443 silly ADD
444 silly ADD
445 silly ADD
446 silly ADD
447 silly ADD
448 silly ADD
449 silly ADD
450 silly ADD
451 silly ADD
452 silly ADD
453 silly ADD
454 silly ADD
455 silly ADD
456 silly ADD
457 silly ADD
458 silly ADD
459 silly ADD
460 silly ADD
461 silly ADD
462 silly REMOVE node_modules/v8-compile-cache
463 silly REMOVE node_modules/type-fest
464 silly REMOVE node_modules/text-table
465 silly REMOVE node_modules/table
466 silly REMOVE node_modules/table/node_modules/slice-ansi
467 silly REMOVE node_modules/table/node_modules/color-name
468 silly REMOVE node_modules/table/node_modules/color-convert
469 silly REMOVE node_modules/table/node_modules/ansi-styles
470 silly REMOVE node_modules/strip-ansi
471 silly REMOVE node_modules/string-width
472 silly REMOVE node_modules/string-width/node_modules/emoji-regex
473 silly REMOVE node_modules/schema-utils/node_modules/json-schema-traverse
474 silly REMOVE node_modules/schema-utils/node_modules/ajv
475 silly REMOVE node_modules/require-from-string
476 silly REMOVE node_modules/regexpp
477 silly REMOVE node_modules/progress
478 silly REMOVE node_modules/lodash.truncate
479 silly CHANGE node_modules/json-schema-traverse
480 silly REMOVE node_modules/is-fullwidth-code-point
481 silly CHANGE node_modules/globals
482 silly REMOVE node_modules/functional-red-black-tree
483 silly CHANGE node_modules/flat-cache
484 silly REMOVE node_modules/flat-cache/node_modules/rimraf
485 silly CHANGE node_modules/file-entry-cache
486 silly REMOVE node_modules/fast-uri
487 silly CHANGE node_modules/espree
488 silly CHANGE node_modules/espree/node_modules/eslint-visitor-keys
489 silly REMOVE node_modules/espree/node_modules/acorn
490 silly REMOVE node_modules/eslint-utils
491 silly REMOVE node_modules/eslint-utils/node_modules/eslint-visitor-keys
492 silly CHANGE node_modules/eslint-plugin-react-hooks
493 silly CHANGE node_modules/eslint-config-airbnb
494 silly REMOVE node_modules/eslint-config-airbnb/node_modules/eslint-config-airbnb-base
495 silly CHANGE node_modules/eslint
496 silly ADD node_modules/eslint/node_modules/p-limit
497 silly ADD node_modules/eslint/node_modules/p-locate
498 silly ADD node_modules/eslint/node_modules/locate-path
499 silly ADD node_modules/eslint/node_modules/glob-parent
500 silly ADD node_modules/eslint/node_modules/find-up
501 silly ADD node_modules/eslint/node_modules/eslint-visitor-keys
502 silly ADD node_modules/eslint/node_modules/eslint-scope
503 silly ADD node_modules/eslint/node_modules/@types/estree
504 silly REMOVE node_modules/eslint/node_modules/semver
505 silly REMOVE node_modules/eslint/node_modules/json-schema-traverse
506 silly REMOVE node_modules/eslint/node_modules/ignore
507 silly REMOVE node_modules/eslint/node_modules/ajv
508 silly REMOVE node_modules/eslint/node_modules/@babel/code-frame
509 silly REMOVE node_modules/enquirer
510 silly REMOVE node_modules/doctrine
511 silly REMOVE node_modules/astral-regex
512 silly REMOVE node_modules/ansi-regex
513 silly REMOVE node_modules/ansi-colors
514 silly CHANGE node_modules/ajv
515 silly REMOVE node_modules/@humanwhocodes/object-schema
516 silly REMOVE node_modules/@humanwhocodes/config-array
517 silly CHANGE node_modules/@eslint/eslintrc
518 silly ADD node_modules/@eslint/eslintrc/node_modules/argparse
519 silly ADD node_modules/@eslint/eslintrc/node_modules/js-yaml
520 silly REMOVE node_modules/@eslint/eslintrc/node_modules/json-schema-traverse
521 silly REMOVE node_modules/@eslint/eslintrc/node_modules/ignore
522 silly REMOVE node_modules/@eslint/eslintrc/node_modules/ajv
523 silly REMOVE node_modules/@babel/highlight
524 verbose cwd C:\Users\HP\Desktop\portfolio projects\PORTFOLIO SITE
525 verbose os Windows_NT 10.0.19045
526 verbose node v21.6.1
527 verbose npm  v10.9.1
528 verbose exit 0
529 info ok
