0 verbose cli C:\Program Files\nodejs\node.exe C:\Users\HP\AppData\Roaming\npm\node_modules\npm\bin\npm-cli.js
1 info using npm@10.9.1
2 info using node@v21.6.1
3 silly config load:file:C:\Users\HP\AppData\Roaming\npm\node_modules\npm\npmrc
4 silly config load:file:C:\Users\HP\.npmrc
5 silly config load:file:C:\Users\HP\AppData\Roaming\npm\etc\npmrc
6 verbose title npm install yarn
7 verbose argv "install" "--global" "yarn"
8 verbose logfile logs-max:10 dir:C:\Users\HP\Desktop\portfolio projects\PORTFOLIO SITE\clean\_logs\2025-03-01T17_14_09_030Z-
9 verbose logfile C:\Users\HP\Desktop\portfolio projects\PORTFOLIO SITE\clean\_logs\2025-03-01T17_14_09_030Z-debug-0.log
10 silly packumentCache heap:2197815296 maxSize:549453824 maxEntrySize:274726912
11 silly logfile start cleaning logs, removing 2 files
12 silly idealTree buildDeps
13 silly fetch manifest yarn@*
14 silly packumentCache full:https://registry.npmjs.org/yarn cache-miss
15 silly logfile done cleaning log files
16 http fetch GET 200 https://registry.npmjs.org/yarn 1247ms (cache miss)
17 silly packumentCache full:https://registry.npmjs.org/yarn set size:undefined disposed:false
18 silly placeDep ROOT yarn@1.22.22 OK for:  want: *
19 silly reify moves {}
20 http cache yarn@https://registry.npmjs.org/yarn/-/yarn-1.22.22.tgz 0ms (cache hit)
21 silly tarball no local data for yarn@https://registry.npmjs.org/yarn/-/yarn-1.22.22.tgz. Extracting by manifest.
22 http fetch GET 200 https://registry.npmjs.org/yarn/-/yarn-1.22.22.tgz 1281ms (cache miss)
23 info run yarn@1.22.22 preinstall node_modules/yarn :; (node ./preinstall.js > /dev/null 2>&1 || true)
24 info run yarn@1.22.22 preinstall { code: 0, signal: null }
25 silly ADD node_modules/yarn
26 verbose cwd C:\Users\HP\Desktop\portfolio projects\PORTFOLIO SITE
27 verbose os Windows_NT 10.0.19045
28 verbose node v21.6.1
29 verbose npm  v10.9.1
30 verbose exit 0
31 info ok
