0 verbose cli C:\Program Files\nodejs\node.exe C:\Users\HP\AppData\Roaming\npm\node_modules\npm\bin\npm-cli.js
1 info using npm@10.9.1
2 info using node@v21.6.1
3 silly config load:file:C:\Users\HP\AppData\Roaming\npm\node_modules\npm\npmrc
4 silly config load:file:C:\Users\HP\Desktop\portfolio projects\PORTFOLIO SITE\.npmrc
5 silly config load:file:C:\Users\HP\.npmrc
6 silly config load:file:C:\Users\HP\AppData\Roaming\npm\etc\npmrc
7 verbose title npm install eslint eslint-config-airbnb eslint-plugin-import eslint-plugin-react eslint-plugin-react-hooks eslint-plugin-jsx-a11y @babel/eslint-parser prettier eslint-config-prettier eslint-plugin-prettier
8 verbose argv "install" "--save-dev" "eslint" "eslint-config-airbnb" "eslint-plugin-import" "eslint-plugin-react" "eslint-plugin-react-hooks" "eslint-plugin-jsx-a11y" "@babel/eslint-parser" "prettier" "eslint-config-prettier" "eslint-plugin-prettier"
9 verbose logfile logs-max:10 dir:C:\Users\HP\Desktop\portfolio projects\PORTFOLIO SITE\clean\_logs\2025-03-01T10_53_15_551Z-
10 verbose logfile C:\Users\HP\Desktop\portfolio projects\PORTFOLIO SITE\clean\_logs\2025-03-01T10_53_15_551Z-debug-0.log
11 silly logfile start cleaning logs, removing 2 files
12 silly packumentCache heap:2197815296 maxSize:549453824 maxEntrySize:274726912
13 silly logfile done cleaning log files
14 silly idealTree buildDeps
15 silly fetch manifest @babel/eslint-parser@^7.26.8
16 silly packumentCache full:https://registry.npmjs.org/@babel%2feslint-parser cache-miss
17 http fetch GET 200 https://registry.npmjs.org/@babel%2feslint-parser 2160ms (cache updated)
18 silly packumentCache full:https://registry.npmjs.org/@babel%2feslint-parser set size:undefined disposed:false
19 silly fetch manifest @babel/core@^7.26.9
20 silly packumentCache full:https://registry.npmjs.org/@babel%2fcore cache-miss
21 http fetch GET 200 https://registry.npmjs.org/@babel%2fcore 774ms (cache updated)
22 silly packumentCache full:https://registry.npmjs.org/@babel%2fcore set size:undefined disposed:false
23 silly fetch manifest eslint@^8.57.1
24 silly packumentCache full:https://registry.npmjs.org/eslint cache-miss
25 http cache https://registry.npmjs.org/eslint 27ms (cache hit)
26 silly packumentCache full:https://registry.npmjs.org/eslint set size:1728411 disposed:false
27 silly fetch manifest eslint-config-airbnb@^19.0.4
28 silly packumentCache full:https://registry.npmjs.org/eslint-config-airbnb cache-miss
29 http cache https://registry.npmjs.org/eslint-config-airbnb 13ms (cache hit)
30 silly packumentCache full:https://registry.npmjs.org/eslint-config-airbnb set size:164984 disposed:false
31 silly fetch manifest eslint-plugin-import@^2.29.0
32 silly packumentCache full:https://registry.npmjs.org/eslint-plugin-import cache-miss
33 http fetch GET 200 https://registry.npmjs.org/eslint-plugin-import 846ms (cache updated)
34 silly packumentCache full:https://registry.npmjs.org/eslint-plugin-import set size:undefined disposed:false
35 silly fetch manifest eslint-plugin-jsx-a11y@^6.2.3
36 silly packumentCache full:https://registry.npmjs.org/eslint-plugin-jsx-a11y cache-miss
37 http fetch GET 200 https://registry.npmjs.org/eslint-plugin-jsx-a11y 1486ms (cache updated)
38 silly packumentCache full:https://registry.npmjs.org/eslint-plugin-jsx-a11y set size:undefined disposed:false
39 silly fetch manifest eslint-plugin-react@^7.17.0
40 silly packumentCache full:https://registry.npmjs.org/eslint-plugin-react cache-miss
41 http fetch GET 200 https://registry.npmjs.org/eslint-plugin-react 351ms (cache updated)
42 silly packumentCache full:https://registry.npmjs.org/eslint-plugin-react set size:undefined disposed:false
43 silly fetch manifest eslint-plugin-react-hooks@^4.6.2
44 silly packumentCache full:https://registry.npmjs.org/eslint-plugin-react-hooks cache-miss
45 http cache https://registry.npmjs.org/eslint-plugin-react-hooks 43ms (cache hit)
46 silly packumentCache full:https://registry.npmjs.org/eslint-plugin-react-hooks set size:5697915 disposed:false
47 silly fetch manifest eslint-config-prettier@^10.0.1
48 silly packumentCache full:https://registry.npmjs.org/eslint-config-prettier cache-miss
49 http fetch GET 200 https://registry.npmjs.org/eslint-config-prettier 825ms (cache updated)
50 silly packumentCache full:https://registry.npmjs.org/eslint-config-prettier set size:undefined disposed:false
51 silly fetch manifest prettier@*
52 silly packumentCache full:https://registry.npmjs.org/prettier cache-miss
53 http fetch GET 200 https://registry.npmjs.org/prettier 573ms (cache updated)
54 silly packumentCache full:https://registry.npmjs.org/prettier set size:undefined disposed:false
55 silly fetch manifest eslint-plugin-prettier@*
56 silly packumentCache full:https://registry.npmjs.org/eslint-plugin-prettier cache-miss
57 http fetch GET 200 https://registry.npmjs.org/eslint-plugin-prettier 781ms (cache updated)
58 silly packumentCache full:https://registry.npmjs.org/eslint-plugin-prettier set size:undefined disposed:false
59 silly fetch manifest @types/eslint@>=8.0.0
60 silly packumentCache full:https://registry.npmjs.org/@types%2feslint cache-miss
61 http fetch GET 200 https://registry.npmjs.org/@types%2feslint 314ms (cache updated)
62 silly packumentCache full:https://registry.npmjs.org/@types%2feslint set size:undefined disposed:false
63 silly placeDep ROOT @babel/eslint-parser@7.26.8 REPLACE for: Hanorah@1.5.0 want: ^7.26.8
64 silly placeDep ROOT eslint@8.57.1 REPLACE for: Hanorah@1.5.0 want: ^8.57.1
65 silly placeDep ROOT eslint-config-airbnb@19.0.4 REPLACE for: Hanorah@1.5.0 want: ^19.0.4
66 silly placeDep ROOT eslint-config-prettier@10.0.2 REPLACE for: Hanorah@1.5.0 want: ^10.0.1
67 silly placeDep ROOT eslint-plugin-import@2.31.0 REPLACE for: Hanorah@1.5.0 want: ^2.29.0
68 silly placeDep ROOT eslint-plugin-jsx-a11y@6.10.2 REPLACE for: Hanorah@1.5.0 want: ^6.2.3
69 silly placeDep ROOT eslint-plugin-prettier@5.2.3 OK for: Hanorah@1.5.0 want: *
70 silly placeDep ROOT prettier@3.5.2 OK for: eslint-plugin-prettier@5.2.3 want: >=3.0.0
71 silly placeDep ROOT eslint-plugin-react@7.37.4 REPLACE for: Hanorah@1.5.0 want: ^7.17.0
72 silly placeDep ROOT eslint-plugin-react-hooks@4.6.2 REPLACE for: Hanorah@1.5.0 want: ^4.6.2
73 silly placeDep ROOT prettier@3.5.2 REPLACE for: Hanorah@1.5.0 want: *
74 silly fetch manifest aria-query@^5.3.2
75 silly packumentCache full:https://registry.npmjs.org/aria-query cache-miss
76 silly fetch manifest ast-types-flow@^0.0.8
77 silly packumentCache full:https://registry.npmjs.org/ast-types-flow cache-miss
78 silly fetch manifest axe-core@^4.10.0
79 silly packumentCache full:https://registry.npmjs.org/axe-core cache-miss
80 http fetch GET 200 https://registry.npmjs.org/ast-types-flow 326ms (cache updated)
81 silly packumentCache full:https://registry.npmjs.org/ast-types-flow set size:undefined disposed:false
82 silly fetch manifest axobject-query@^4.1.0
83 silly packumentCache full:https://registry.npmjs.org/axobject-query cache-miss
84 http fetch GET 200 https://registry.npmjs.org/axobject-query 213ms (cache updated)
85 silly packumentCache full:https://registry.npmjs.org/axobject-query set size:undefined disposed:false
86 silly fetch manifest jsx-ast-utils@^3.3.5
87 silly packumentCache full:https://registry.npmjs.org/jsx-ast-utils cache-miss
88 http fetch GET 200 https://registry.npmjs.org/jsx-ast-utils 444ms (cache updated)
89 silly packumentCache full:https://registry.npmjs.org/jsx-ast-utils set size:undefined disposed:false
90 silly fetch manifest language-tags@^1.0.9
91 silly packumentCache full:https://registry.npmjs.org/language-tags cache-miss
92 http fetch GET 200 https://registry.npmjs.org/language-tags 271ms (cache updated)
93 silly packumentCache full:https://registry.npmjs.org/language-tags set size:undefined disposed:false
94 silly fetch manifest string.prototype.includes@^2.0.1
95 silly packumentCache full:https://registry.npmjs.org/string.prototype.includes cache-miss
96 http fetch GET 200 https://registry.npmjs.org/aria-query 1297ms (cache updated)
97 silly packumentCache full:https://registry.npmjs.org/aria-query set size:undefined disposed:false
98 silly fetch manifest prettier-linter-helpers@^1.0.0
99 silly packumentCache full:https://registry.npmjs.org/prettier-linter-helpers cache-miss
100 http fetch GET 200 https://registry.npmjs.org/prettier-linter-helpers 1309ms (cache updated)
101 silly packumentCache full:https://registry.npmjs.org/prettier-linter-helpers set size:undefined disposed:false
102 silly fetch manifest synckit@^0.9.1
103 silly packumentCache full:https://registry.npmjs.org/synckit cache-miss
104 http fetch GET 200 https://registry.npmjs.org/string.prototype.includes 1513ms (cache miss)
105 silly packumentCache full:https://registry.npmjs.org/string.prototype.includes set size:undefined disposed:false
106 silly fetch manifest array.prototype.findlast@^1.2.5
107 silly packumentCache full:https://registry.npmjs.org/array.prototype.findlast cache-miss
108 http fetch GET 200 https://registry.npmjs.org/array.prototype.findlast 1081ms (cache miss)
109 silly packumentCache full:https://registry.npmjs.org/array.prototype.findlast set size:undefined disposed:false
110 silly fetch manifest array.prototype.tosorted@^1.1.4
111 silly packumentCache full:https://registry.npmjs.org/array.prototype.tosorted cache-miss
112 http fetch GET 200 https://registry.npmjs.org/synckit 1326ms (cache miss)
113 silly packumentCache full:https://registry.npmjs.org/synckit set size:undefined disposed:false
114 silly fetch manifest es-iterator-helpers@^1.2.1
115 silly packumentCache full:https://registry.npmjs.org/es-iterator-helpers cache-miss
116 http fetch GET 200 https://registry.npmjs.org/array.prototype.tosorted 388ms (cache updated)
117 silly packumentCache full:https://registry.npmjs.org/array.prototype.tosorted set size:undefined disposed:false
118 silly fetch manifest object.entries@^1.1.8
119 silly packumentCache full:https://registry.npmjs.org/object.entries cache-miss
120 http fetch GET 200 https://registry.npmjs.org/es-iterator-helpers 355ms (cache miss)
121 silly packumentCache full:https://registry.npmjs.org/es-iterator-helpers set size:undefined disposed:false
122 silly fetch manifest resolve@^2.0.0-next.5
123 silly packumentCache full:https://registry.npmjs.org/resolve cache-miss
124 http fetch GET 200 https://registry.npmjs.org/axe-core 4593ms (cache updated)
125 silly packumentCache full:https://registry.npmjs.org/axe-core set size:undefined disposed:false
126 silly fetch manifest string.prototype.matchall@^4.0.12
127 silly packumentCache full:https://registry.npmjs.org/string.prototype.matchall cache-miss
128 http fetch GET 200 https://registry.npmjs.org/object.entries 809ms (cache updated)
129 silly packumentCache full:https://registry.npmjs.org/object.entries set size:undefined disposed:false
130 silly fetch manifest string.prototype.repeat@^1.0.0
131 silly packumentCache full:https://registry.npmjs.org/string.prototype.repeat cache-miss
132 http fetch GET 200 https://registry.npmjs.org/resolve 804ms (cache updated)
133 silly packumentCache full:https://registry.npmjs.org/resolve set size:undefined disposed:false
134 http fetch GET 200 https://registry.npmjs.org/string.prototype.repeat 398ms (cache miss)
135 silly packumentCache full:https://registry.npmjs.org/string.prototype.repeat set size:undefined disposed:false
136 http fetch GET 200 https://registry.npmjs.org/string.prototype.matchall 623ms (cache updated)
137 silly packumentCache full:https://registry.npmjs.org/string.prototype.matchall set size:undefined disposed:false
138 silly placeDep ROOT aria-query@5.3.2 OK for: eslint-plugin-jsx-a11y@6.10.2 want: ^5.3.2
139 silly placeDep ROOT ast-types-flow@0.0.8 OK for: eslint-plugin-jsx-a11y@6.10.2 want: ^0.0.8
140 silly placeDep ROOT axe-core@4.10.2 OK for: eslint-plugin-jsx-a11y@6.10.2 want: ^4.10.0
141 silly placeDep ROOT axobject-query@4.1.0 OK for: eslint-plugin-jsx-a11y@6.10.2 want: ^4.1.0
142 silly placeDep ROOT jsx-ast-utils@3.3.5 REPLACE for: eslint-plugin-jsx-a11y@6.10.2 want: ^3.3.5
143 silly placeDep ROOT language-tags@1.0.9 OK for: eslint-plugin-jsx-a11y@6.10.2 want: ^1.0.9
144 silly placeDep ROOT string.prototype.includes@2.0.1 OK for: eslint-plugin-jsx-a11y@6.10.2 want: ^2.0.1
145 silly fetch manifest language-subtag-registry@^0.3.20
146 silly packumentCache full:https://registry.npmjs.org/language-subtag-registry cache-miss
147 http fetch GET 200 https://registry.npmjs.org/language-subtag-registry 395ms (cache updated)
148 silly packumentCache full:https://registry.npmjs.org/language-subtag-registry set size:undefined disposed:false
149 silly placeDep ROOT prettier-linter-helpers@1.0.0 OK for: eslint-plugin-prettier@5.2.3 want: ^1.0.0
150 silly placeDep ROOT synckit@0.9.2 OK for: eslint-plugin-prettier@5.2.3 want: ^0.9.1
151 silly fetch manifest fast-diff@^1.1.2
152 silly packumentCache full:https://registry.npmjs.org/fast-diff cache-miss
153 silly fetch manifest @pkgr/core@^0.1.0
154 silly packumentCache full:https://registry.npmjs.org/@pkgr%2fcore cache-miss
155 http fetch GET 200 https://registry.npmjs.org/fast-diff 334ms (cache updated)
156 silly packumentCache full:https://registry.npmjs.org/fast-diff set size:undefined disposed:false
157 http fetch GET 200 https://registry.npmjs.org/@pkgr%2fcore 337ms (cache miss)
158 silly packumentCache full:https://registry.npmjs.org/@pkgr%2fcore set size:undefined disposed:false
159 silly placeDep ROOT array.prototype.findlast@1.2.5 OK for: eslint-plugin-react@7.37.4 want: ^1.2.5
160 silly placeDep ROOT array.prototype.tosorted@1.1.4 OK for: eslint-plugin-react@7.37.4 want: ^1.1.4
161 silly placeDep ROOT es-iterator-helpers@1.2.1 OK for: eslint-plugin-react@7.37.4 want: ^1.2.1
162 silly placeDep ROOT object.entries@1.1.8 REPLACE for: eslint-plugin-react@7.37.4 want: ^1.1.8
163 silly placeDep node_modules/eslint-plugin-react resolve@2.0.0-next.5 OK for: eslint-plugin-react@7.37.4 want: ^2.0.0-next.5
164 silly placeDep ROOT string.prototype.matchall@4.0.12 OK for: eslint-plugin-react@7.37.4 want: ^4.0.12
165 silly placeDep ROOT string.prototype.repeat@1.0.0 OK for: eslint-plugin-react@7.37.4 want: ^1.0.0
166 silly fetch manifest iterator.prototype@^1.1.4
167 silly packumentCache full:https://registry.npmjs.org/iterator.prototype cache-miss
168 http fetch GET 200 https://registry.npmjs.org/iterator.prototype 269ms (cache miss)
169 silly packumentCache full:https://registry.npmjs.org/iterator.prototype set size:undefined disposed:false
170 silly placeDep ROOT iterator.prototype@1.1.5 OK for: es-iterator-helpers@1.2.1 want: ^1.1.4
171 silly placeDep ROOT language-subtag-registry@0.3.23 OK for: language-tags@1.0.9 want: ^0.3.20
172 silly placeDep ROOT fast-diff@1.3.0 OK for: prettier-linter-helpers@1.0.0 want: ^1.1.2
173 silly fetch manifest react@^0.13.0 || ^0.14.0 || ^15.0.0 || ^16.0.0
174 silly packumentCache full:https://registry.npmjs.org/react cache-miss
175 http cache https://registry.npmjs.org/react 46ms (cache hit)
176 silly packumentCache full:https://registry.npmjs.org/react set size:5479029 disposed:false
177 warn ERESOLVE overriding peer dependency {
177 warn ERESOLVE   code: 'ERESOLVE',
177 warn ERESOLVE   edge: {
177 warn ERESOLVE     type: 'peer',
177 warn ERESOLVE     name: 'react',
177 warn ERESOLVE     spec: '^0.13.0 || ^0.14.0 || ^15.0.0 || ^16.0.0',
177 warn ERESOLVE     error: 'INVALID',
177 warn ERESOLVE     from: {
177 warn ERESOLVE       name: 'react-side-effect',
177 warn ERESOLVE       version: '1.2.0',
177 warn ERESOLVE       location: 'node_modules/react-side-effect',
177 warn ERESOLVE       isWorkspace: false,
177 warn ERESOLVE       dependents: [Array]
177 warn ERESOLVE     }
177 warn ERESOLVE   },
177 warn ERESOLVE   dep: {
177 warn ERESOLVE     name: 'react',
177 warn ERESOLVE     version: '16.14.0',
177 warn ERESOLVE     whileInstalling: {
177 warn ERESOLVE       name: 'react-side-effect',
177 warn ERESOLVE       version: '1.2.0',
177 warn ERESOLVE       path: 'C:\\Users\\HP\\Desktop\\portfolio projects\\PORTFOLIO SITE\\node_modules\\react-side-effect'
177 warn ERESOLVE     },
177 warn ERESOLVE     location: 'node_modules/react',
177 warn ERESOLVE     isWorkspace: false,
177 warn ERESOLVE     dependents: [ [Object] ]
177 warn ERESOLVE   },
177 warn ERESOLVE   force: false,
177 warn ERESOLVE   isMine: false,
177 warn ERESOLVE   strictPeerDeps: false,
177 warn ERESOLVE   current: {
177 warn ERESOLVE     name: 'react',
177 warn ERESOLVE     version: '18.2.0',
177 warn ERESOLVE     location: 'node_modules/react',
177 warn ERESOLVE     isWorkspace: false,
177 warn ERESOLVE     dependents: [
177 warn ERESOLVE       [Object], [Object],
177 warn ERESOLVE       [Object], [Object],
177 warn ERESOLVE       [Object], [Object],
177 warn ERESOLVE       [Object], [Object],
177 warn ERESOLVE       [Object], [Object]
177 warn ERESOLVE     ]
177 warn ERESOLVE   },
177 warn ERESOLVE   peerConflict: {
177 warn ERESOLVE     current: {
177 warn ERESOLVE       name: 'react',
177 warn ERESOLVE       version: '18.2.0',
177 warn ERESOLVE       location: 'node_modules/react',
177 warn ERESOLVE       isWorkspace: false,
177 warn ERESOLVE       dependents: [Array]
177 warn ERESOLVE     },
177 warn ERESOLVE     peer: {
177 warn ERESOLVE       name: 'react',
177 warn ERESOLVE       version: '16.14.0',
177 warn ERESOLVE       whileInstalling: [Object],
177 warn ERESOLVE       location: 'node_modules/react',
177 warn ERESOLVE       isWorkspace: false,
177 warn ERESOLVE       dependents: [Array]
177 warn ERESOLVE     }
177 warn ERESOLVE   }
177 warn ERESOLVE }
178 silly placeDep ROOT @pkgr/core@0.1.1 OK for: synckit@0.9.2 want: ^0.1.0
179 silly reify mark retired [
179 silly reify   'C:\\Users\\HP\\Desktop\\portfolio projects\\PORTFOLIO SITE\\node_modules\\aria-query'
179 silly reify ]
180 silly reify mark retired [
180 silly reify   'C:\\Users\\HP\\Desktop\\portfolio projects\\PORTFOLIO SITE\\node_modules\\array.prototype.tosorted'
180 silly reify ]
181 silly reify mark retired [
181 silly reify   'C:\\Users\\HP\\Desktop\\portfolio projects\\PORTFOLIO SITE\\node_modules\\ast-types-flow'
181 silly reify ]
182 silly reify mark retired [
182 silly reify   'C:\\Users\\HP\\Desktop\\portfolio projects\\PORTFOLIO SITE\\node_modules\\axe-core'
182 silly reify ]
183 silly reify mark retired [
183 silly reify   'C:\\Users\\HP\\Desktop\\portfolio projects\\PORTFOLIO SITE\\node_modules\\axobject-query'
183 silly reify ]
184 silly reify mark retired [
184 silly reify   'C:\\Users\\HP\\Desktop\\portfolio projects\\PORTFOLIO SITE\\node_modules\\deep-equal'
184 silly reify ]
185 silly reify mark retired [
185 silly reify   'C:\\Users\\HP\\Desktop\\portfolio projects\\PORTFOLIO SITE\\node_modules\\es-get-iterator'
185 silly reify ]
186 silly reify mark retired [
186 silly reify   'C:\\Users\\HP\\Desktop\\portfolio projects\\PORTFOLIO SITE\\node_modules\\eslint-config-prettier',
186 silly reify   'C:\\Users\\HP\\Desktop\\portfolio projects\\PORTFOLIO SITE\\node_modules\\.bin\\eslint-config-prettier',
186 silly reify   'C:\\Users\\HP\\Desktop\\portfolio projects\\PORTFOLIO SITE\\node_modules\\.bin\\eslint-config-prettier.cmd',
186 silly reify   'C:\\Users\\HP\\Desktop\\portfolio projects\\PORTFOLIO SITE\\node_modules\\.bin\\eslint-config-prettier.ps1'
186 silly reify ]
187 silly reify mark retired [
187 silly reify   'C:\\Users\\HP\\Desktop\\portfolio projects\\PORTFOLIO SITE\\node_modules\\eslint-plugin-jsx-a11y'
187 silly reify ]
188 silly reify mark retired [
188 silly reify   'C:\\Users\\HP\\Desktop\\portfolio projects\\PORTFOLIO SITE\\node_modules\\eslint-plugin-react'
188 silly reify ]
189 silly reify mark retired [
189 silly reify   'C:\\Users\\HP\\Desktop\\portfolio projects\\PORTFOLIO SITE\\node_modules\\has'
189 silly reify ]
190 silly reify mark retired [
190 silly reify   'C:\\Users\\HP\\Desktop\\portfolio projects\\PORTFOLIO SITE\\node_modules\\is-arguments'
190 silly reify ]
191 silly reify mark retired [
191 silly reify   'C:\\Users\\HP\\Desktop\\portfolio projects\\PORTFOLIO SITE\\node_modules\\jsx-ast-utils'
191 silly reify ]
192 silly reify mark retired [
192 silly reify   'C:\\Users\\HP\\Desktop\\portfolio projects\\PORTFOLIO SITE\\node_modules\\language-subtag-registry'
192 silly reify ]
193 silly reify mark retired [
193 silly reify   'C:\\Users\\HP\\Desktop\\portfolio projects\\PORTFOLIO SITE\\node_modules\\language-tags'
193 silly reify ]
194 silly reify mark retired [
194 silly reify   'C:\\Users\\HP\\Desktop\\portfolio projects\\PORTFOLIO SITE\\node_modules\\object-is'
194 silly reify ]
195 silly reify mark retired [
195 silly reify   'C:\\Users\\HP\\Desktop\\portfolio projects\\PORTFOLIO SITE\\node_modules\\object.entries'
195 silly reify ]
196 silly reify mark retired [
196 silly reify   'C:\\Users\\HP\\Desktop\\portfolio projects\\PORTFOLIO SITE\\node_modules\\object.hasown'
196 silly reify ]
197 silly reify mark retired [
197 silly reify   'C:\\Users\\HP\\Desktop\\portfolio projects\\PORTFOLIO SITE\\node_modules\\stop-iteration-iterator'
197 silly reify ]
198 silly reify mark retired [
198 silly reify   'C:\\Users\\HP\\Desktop\\portfolio projects\\PORTFOLIO SITE\\node_modules\\string.prototype.matchall'
198 silly reify ]
199 silly reify moves {
199 silly reify   'C:\\Users\\HP\\Desktop\\portfolio projects\\PORTFOLIO SITE\\node_modules\\aria-query': 'C:\\Users\\HP\\Desktop\\portfolio projects\\PORTFOLIO SITE\\node_modules\\.aria-query-v7Fx9jww',
199 silly reify   'C:\\Users\\HP\\Desktop\\portfolio projects\\PORTFOLIO SITE\\node_modules\\array.prototype.tosorted': 'C:\\Users\\HP\\Desktop\\portfolio projects\\PORTFOLIO SITE\\node_modules\\.array.prototype.tosorted-8iSxdXon',
199 silly reify   'C:\\Users\\HP\\Desktop\\portfolio projects\\PORTFOLIO SITE\\node_modules\\ast-types-flow': 'C:\\Users\\HP\\Desktop\\portfolio projects\\PORTFOLIO SITE\\node_modules\\.ast-types-flow-frZLPV3p',
199 silly reify   'C:\\Users\\HP\\Desktop\\portfolio projects\\PORTFOLIO SITE\\node_modules\\axe-core': 'C:\\Users\\HP\\Desktop\\portfolio projects\\PORTFOLIO SITE\\node_modules\\.axe-core-5iEUDu7e',
199 silly reify   'C:\\Users\\HP\\Desktop\\portfolio projects\\PORTFOLIO SITE\\node_modules\\axobject-query': 'C:\\Users\\HP\\Desktop\\portfolio projects\\PORTFOLIO SITE\\node_modules\\.axobject-query-MR0HMpt7',
199 silly reify   'C:\\Users\\HP\\Desktop\\portfolio projects\\PORTFOLIO SITE\\node_modules\\deep-equal': 'C:\\Users\\HP\\Desktop\\portfolio projects\\PORTFOLIO SITE\\node_modules\\.deep-equal-kZEyQzN5',
199 silly reify   'C:\\Users\\HP\\Desktop\\portfolio projects\\PORTFOLIO SITE\\node_modules\\es-get-iterator': 'C:\\Users\\HP\\Desktop\\portfolio projects\\PORTFOLIO SITE\\node_modules\\.es-get-iterator-FJzJNL7U',
199 silly reify   'C:\\Users\\HP\\Desktop\\portfolio projects\\PORTFOLIO SITE\\node_modules\\eslint-config-prettier': 'C:\\Users\\HP\\Desktop\\portfolio projects\\PORTFOLIO SITE\\node_modules\\.eslint-config-prettier-8S209cTv',
199 silly reify   'C:\\Users\\HP\\Desktop\\portfolio projects\\PORTFOLIO SITE\\node_modules\\.bin\\eslint-config-prettier': 'C:\\Users\\HP\\Desktop\\portfolio projects\\PORTFOLIO SITE\\node_modules\\.bin\\.eslint-config-prettier-GQihsvJ0',
199 silly reify   'C:\\Users\\HP\\Desktop\\portfolio projects\\PORTFOLIO SITE\\node_modules\\.bin\\eslint-config-prettier.cmd': 'C:\\Users\\HP\\Desktop\\portfolio projects\\PORTFOLIO SITE\\node_modules\\.bin\\.eslint-config-prettier.cmd-DFRTU33E',
199 silly reify   'C:\\Users\\HP\\Desktop\\portfolio projects\\PORTFOLIO SITE\\node_modules\\.bin\\eslint-config-prettier.ps1': 'C:\\Users\\HP\\Desktop\\portfolio projects\\PORTFOLIO SITE\\node_modules\\.bin\\.eslint-config-prettier.ps1-9eYLuoAh',
199 silly reify   'C:\\Users\\HP\\Desktop\\portfolio projects\\PORTFOLIO SITE\\node_modules\\eslint-plugin-jsx-a11y': 'C:\\Users\\HP\\Desktop\\portfolio projects\\PORTFOLIO SITE\\node_modules\\.eslint-plugin-jsx-a11y-xF2ITrlg',
199 silly reify   'C:\\Users\\HP\\Desktop\\portfolio projects\\PORTFOLIO SITE\\node_modules\\eslint-plugin-react': 'C:\\Users\\HP\\Desktop\\portfolio projects\\PORTFOLIO SITE\\node_modules\\.eslint-plugin-react-JBJZiztD',
199 silly reify   'C:\\Users\\HP\\Desktop\\portfolio projects\\PORTFOLIO SITE\\node_modules\\has': 'C:\\Users\\HP\\Desktop\\portfolio projects\\PORTFOLIO SITE\\node_modules\\.has-bgrC1Qkz',
199 silly reify   'C:\\Users\\HP\\Desktop\\portfolio projects\\PORTFOLIO SITE\\node_modules\\is-arguments': 'C:\\Users\\HP\\Desktop\\portfolio projects\\PORTFOLIO SITE\\node_modules\\.is-arguments-yRsbK113',
199 silly reify   'C:\\Users\\HP\\Desktop\\portfolio projects\\PORTFOLIO SITE\\node_modules\\jsx-ast-utils': 'C:\\Users\\HP\\Desktop\\portfolio projects\\PORTFOLIO SITE\\node_modules\\.jsx-ast-utils-wMjTxJL2',
199 silly reify   'C:\\Users\\HP\\Desktop\\portfolio projects\\PORTFOLIO SITE\\node_modules\\language-subtag-registry': 'C:\\Users\\HP\\Desktop\\portfolio projects\\PORTFOLIO SITE\\node_modules\\.language-subtag-registry-rkF3a7TH',
199 silly reify   'C:\\Users\\HP\\Desktop\\portfolio projects\\PORTFOLIO SITE\\node_modules\\language-tags': 'C:\\Users\\HP\\Desktop\\portfolio projects\\PORTFOLIO SITE\\node_modules\\.language-tags-iOCw25h9',
199 silly reify   'C:\\Users\\HP\\Desktop\\portfolio projects\\PORTFOLIO SITE\\node_modules\\object-is': 'C:\\Users\\HP\\Desktop\\portfolio projects\\PORTFOLIO SITE\\node_modules\\.object-is-1OTIucmq',
199 silly reify   'C:\\Users\\HP\\Desktop\\portfolio projects\\PORTFOLIO SITE\\node_modules\\object.entries': 'C:\\Users\\HP\\Desktop\\portfolio projects\\PORTFOLIO SITE\\node_modules\\.object.entries-V1PfOsJ8',
199 silly reify   'C:\\Users\\HP\\Desktop\\portfolio projects\\PORTFOLIO SITE\\node_modules\\object.hasown': 'C:\\Users\\HP\\Desktop\\portfolio projects\\PORTFOLIO SITE\\node_modules\\.object.hasown-MEMGKhHq',
199 silly reify   'C:\\Users\\HP\\Desktop\\portfolio projects\\PORTFOLIO SITE\\node_modules\\stop-iteration-iterator': 'C:\\Users\\HP\\Desktop\\portfolio projects\\PORTFOLIO SITE\\node_modules\\.stop-iteration-iterator-HZgeqSn9',
199 silly reify   'C:\\Users\\HP\\Desktop\\portfolio projects\\PORTFOLIO SITE\\node_modules\\string.prototype.matchall': 'C:\\Users\\HP\\Desktop\\portfolio projects\\PORTFOLIO SITE\\node_modules\\.string.prototype.matchall-h4TW6USR'
199 silly reify }
200 silly audit bulk request {
200 silly audit   '@ampproject/remapping': [ '2.2.1' ],
200 silly audit   '@babel/code-frame': [ '7.26.2' ],
200 silly audit   '@babel/compat-data': [ '7.26.8' ],
200 silly audit   '@babel/core': [ '7.26.9' ],
200 silly audit   '@babel/generator': [ '7.26.9' ],
200 silly audit   '@babel/helper-annotate-as-pure': [ '7.25.9' ],
200 silly audit   '@babel/helper-compilation-targets': [ '7.26.5' ],
200 silly audit   '@babel/helper-module-imports': [ '7.25.9' ],
200 silly audit   '@babel/helper-module-transforms': [ '7.26.0' ],
200 silly audit   '@babel/helper-plugin-utils': [ '7.26.5' ],
200 silly audit   '@babel/helper-string-parser': [ '7.25.9' ],
200 silly audit   '@babel/helper-validator-identifier': [ '7.25.9' ],
200 silly audit   '@babel/helper-validator-option': [ '7.25.9' ],
200 silly audit   '@babel/helpers': [ '7.26.9' ],
200 silly audit   '@babel/parser': [ '7.26.9' ],
200 silly audit   '@babel/plugin-syntax-jsx': [ '7.25.9' ],
200 silly audit   '@babel/runtime': [ '7.21.5' ],
200 silly audit   '@babel/template': [ '7.26.9' ],
200 silly audit   '@babel/traverse': [ '7.26.9' ],
200 silly audit   '@babel/types': [ '7.26.9' ],
200 silly audit   '@emnapi/runtime': [ '1.3.1' ],
200 silly audit   '@emotion/is-prop-valid': [ '0.8.8', '1.2.2' ],
200 silly audit   '@emotion/memoize': [ '0.7.4', '0.8.1' ],
200 silly audit   '@emotion/unitless': [ '0.8.1' ],
200 silly audit   '@eslint-community/eslint-utils': [ '4.4.1' ],
200 silly audit   'eslint-visitor-keys': [ '3.4.3', '2.1.0' ],
200 silly audit   '@eslint-community/regexpp': [ '4.12.1' ],
200 silly audit   '@eslint/eslintrc': [ '2.1.4' ],
200 silly audit   globals: [ '13.24.0', '11.12.0' ],
200 silly audit   'type-fest': [ '0.20.2', '0.6.0' ],
200 silly audit   '@eslint/js': [ '8.57.1' ],
200 silly audit   '@hapi/address': [ '2.1.4' ],
200 silly audit   '@hapi/bourne': [ '1.3.2' ],
200 silly audit   '@hapi/hoek': [ '8.5.1' ],
200 silly audit   '@hapi/joi': [ '15.1.1' ],
200 silly audit   '@hapi/topo': [ '3.1.6' ],
200 silly audit   '@humanwhocodes/config-array': [ '0.13.0' ],
200 silly audit   '@humanwhocodes/module-importer': [ '1.0.1' ],
200 silly audit   '@humanwhocodes/object-schema': [ '2.0.3' ],
200 silly audit   '@img/sharp-darwin-arm64': [ '0.33.5' ],
200 silly audit   '@img/sharp-darwin-x64': [ '0.33.5' ],
200 silly audit   '@img/sharp-libvips-darwin-arm64': [ '1.0.4' ],
200 silly audit   '@img/sharp-libvips-darwin-x64': [ '1.0.4' ],
200 silly audit   '@img/sharp-libvips-linux-arm': [ '1.0.5' ],
200 silly audit   '@img/sharp-libvips-linux-arm64': [ '1.0.4' ],
200 silly audit   '@img/sharp-libvips-linux-s390x': [ '1.0.4' ],
200 silly audit   '@img/sharp-libvips-linux-x64': [ '1.0.4' ],
200 silly audit   '@img/sharp-libvips-linuxmusl-arm64': [ '1.0.4' ],
200 silly audit   '@img/sharp-libvips-linuxmusl-x64': [ '1.0.4' ],
200 silly audit   '@img/sharp-linux-arm': [ '0.33.5' ],
200 silly audit   '@img/sharp-linux-arm64': [ '0.33.5' ],
200 silly audit   '@img/sharp-linux-s390x': [ '0.33.5' ],
200 silly audit   '@img/sharp-linux-x64': [ '0.33.5' ],
200 silly audit   '@img/sharp-linuxmusl-arm64': [ '0.33.5' ],
200 silly audit   '@img/sharp-linuxmusl-x64': [ '0.33.5' ],
200 silly audit   '@img/sharp-wasm32': [ '0.33.5' ],
200 silly audit   '@img/sharp-win32-ia32': [ '0.33.5' ],
200 silly audit   '@img/sharp-win32-x64': [ '0.33.5' ],
200 silly audit   '@jridgewell/gen-mapping': [ '0.3.8' ],
200 silly audit   '@jridgewell/resolve-uri': [ '3.1.0' ],
200 silly audit   '@jridgewell/set-array': [ '1.2.1' ],
200 silly audit   '@jridgewell/sourcemap-codec': [ '1.4.15' ],
200 silly audit   '@jridgewell/trace-mapping': [ '0.3.25' ],
200 silly audit   '@next/env': [ '15.1.7' ],
200 silly audit   '@next/swc-darwin-arm64': [ '15.1.7' ],
200 silly audit   '@next/swc-darwin-x64': [ '15.1.7' ],
200 silly audit   '@next/swc-linux-arm64-gnu': [ '15.1.7' ],
200 silly audit   '@next/swc-linux-arm64-musl': [ '15.1.7' ],
200 silly audit   '@next/swc-linux-x64-gnu': [ '15.1.7' ],
200 silly audit   '@next/swc-linux-x64-musl': [ '15.1.7' ],
200 silly audit   '@next/swc-win32-arm64-msvc': [ '15.1.7' ],
200 silly audit   '@next/swc-win32-x64-msvc': [ '15.1.7' ],
200 silly audit   '@nicolo-ribaudo/eslint-scope-5-internals': [ '5.1.1-v1' ],
200 silly audit   '@nodelib/fs.scandir': [ '2.1.5' ],
200 silly audit   '@nodelib/fs.stat': [ '2.0.5' ],
200 silly audit   '@nodelib/fs.walk': [ '1.2.8' ],
200 silly audit   '@rtsao/scc': [ '1.1.0' ],
200 silly audit   '@samverschueren/stream-to-observable': [ '0.3.1' ],
200 silly audit   '@swc/counter': [ '0.1.3' ],
200 silly audit   '@swc/helpers': [ '0.5.15' ],
200 silly audit   '@types/glob': [ '7.2.0' ],
200 silly audit   '@types/hoist-non-react-statics': [ '3.3.1' ],
200 silly audit   '@types/json-schema': [ '7.0.15' ],
200 silly audit   '@types/json5': [ '0.0.29' ],
200 silly audit   '@types/minimatch': [ '5.1.2' ],
200 silly audit   '@types/node': [ '20.2.1' ],
200 silly audit   '@types/normalize-package-data': [ '2.4.1' ],
200 silly audit   '@types/prop-types': [ '15.7.5' ],
200 silly audit   '@types/react': [ '18.2.6' ],
200 silly audit   '@types/scheduler': [ '0.16.3' ],
200 silly audit   '@types/source-list-map': [ '0.1.6' ],
200 silly audit   '@types/styled-components': [ '5.1.34' ],
200 silly audit   '@types/stylis': [ '4.2.5' ],
200 silly audit   '@types/tapable': [ '1.0.12' ],
200 silly audit   '@types/uglify-js': [ '3.17.5' ],
200 silly audit   '@types/webpack': [ '4.41.40' ],
200 silly audit   '@types/webpack-sources': [ '3.2.3' ],
200 silly audit   'source-map': [ '0.7.4', '0.5.7', '0.6.1' ],
200 silly audit   '@ungap/structured-clone': [ '1.3.0' ],
200 silly audit   '@webassemblyjs/ast': [ '1.9.0' ],
200 silly audit   '@webassemblyjs/floating-point-hex-parser': [ '1.9.0' ],
200 silly audit   '@webassemblyjs/helper-api-error': [ '1.9.0' ],
200 silly audit   '@webassemblyjs/helper-buffer': [ '1.9.0' ],
200 silly audit   '@webassemblyjs/helper-code-frame': [ '1.9.0' ],
200 silly audit   '@webassemblyjs/helper-fsm': [ '1.9.0' ],
200 silly audit   '@webassemblyjs/helper-module-context': [ '1.9.0' ],
200 silly audit   '@webassemblyjs/helper-wasm-bytecode': [ '1.9.0' ],
200 silly audit   '@webassemblyjs/helper-wasm-section': [ '1.9.0' ],
200 silly audit   '@webassemblyjs/ieee754': [ '1.9.0' ],
200 silly audit   '@webassemblyjs/leb128': [ '1.9.0' ],
200 silly audit   '@webassemblyjs/utf8': [ '1.9.0' ],
200 silly audit   '@webassemblyjs/wasm-edit': [ '1.9.0' ],
200 silly audit   '@webassemblyjs/wasm-gen': [ '1.9.0' ],
200 silly audit   '@webassemblyjs/wasm-opt': [ '1.9.0' ],
200 silly audit   '@webassemblyjs/wasm-parser': [ '1.9.0' ],
200 silly audit   '@webassemblyjs/wast-parser': [ '1.9.0' ],
200 silly audit   '@webassemblyjs/wast-printer': [ '1.9.0' ],
200 silly audit   '@xtuc/ieee754': [ '1.2.0' ],
200 silly audit   '@xtuc/long': [ '4.2.2' ],
200 silly audit   acorn: [ '8.14.0', '6.4.2' ],
200 silly audit   'acorn-jsx': [ '5.3.2' ],
200 silly audit   'aggregate-error': [ '3.1.0' ],
200 silly audit   'indent-string': [ '4.0.0', '3.2.0' ],
200 silly audit   ajv: [ '6.12.6' ],
200 silly audit   'ajv-errors': [ '1.0.1' ],
200 silly audit   'ajv-keywords': [ '3.5.2' ],
200 silly audit   'ansi-escapes': [ '3.2.0' ],
200 silly audit   'ansi-regex': [ '2.1.1', '3.0.1', '5.0.1' ],
200 silly audit   'ansi-styles': [ '4.3.0', '3.2.1', '2.2.1' ],
200 silly audit   'any-observable': [ '0.3.0' ],
200 silly audit   anymatch: [ '3.1.3', '2.0.0' ],
200 silly audit   aproba: [ '1.2.0' ],
200 silly audit   argparse: [ '2.0.1', '1.0.10' ],
200 silly audit   'arr-diff': [ '4.0.0' ],
200 silly audit   'arr-flatten': [ '1.1.0' ],
200 silly audit   'arr-union': [ '3.1.0' ],
200 silly audit   'array-buffer-byte-length': [ '1.0.2' ],
200 silly audit   'array-includes': [ '3.1.8' ],
200 silly audit   'array-union': [ '2.1.0', '1.0.2' ],
200 silly audit   'array-uniq': [ '1.0.3' ],
200 silly audit   'array-unique': [ '0.3.2' ],
200 silly audit   'array.prototype.findlastindex': [ '1.2.5' ],
200 silly audit   'array.prototype.flat': [ '1.3.3' ],
200 silly audit   'array.prototype.flatmap': [ '1.3.3' ],
200 silly audit   'arraybuffer.prototype.slice': [ '1.0.4' ],
200 silly audit   'asn1.js': [ '4.10.1' ],
200 silly audit   'bn.js': [ '4.12.1', '5.2.1' ],
200 silly audit   assert: [ '1.5.1' ],
200 silly audit   inherits: [ '2.0.3', '2.0.4' ],
200 silly audit   util: [ '0.10.4', '0.11.1' ],
200 silly audit   'assign-symbols': [ '1.0.0' ],
200 silly audit   'async-each': [ '1.0.6' ],
200 silly audit   'async-function': [ '1.0.0' ],
200 silly audit   atob: [ '2.1.2' ],
200 silly audit   'available-typed-arrays': [ '1.0.7' ],
200 silly audit   'babel-extract-comments': [ '1.0.0' ],
200 silly audit   'babel-plugin-styled-components': [ '2.1.4' ],
200 silly audit   'babel-plugin-syntax-object-rest-spread': [ '6.13.0' ],
200 silly audit   'babel-plugin-transform-object-rest-spread': [ '6.26.0' ],
200 silly audit   'babel-runtime': [ '6.26.0' ],
200 silly audit   'regenerator-runtime': [ '0.11.1', '0.13.11' ],
200 silly audit   babylon: [ '6.18.0' ],
200 silly audit   'balanced-match': [ '1.0.2' ],
200 silly audit   base: [ '0.11.2' ],
200 silly audit   'define-property': [ '1.0.0', '0.2.5', '2.0.2' ],
200 silly audit   'is-descriptor': [ '1.0.3', '0.1.7' ],
200 silly audit   'base64-js': [ '1.5.1' ],
200 silly audit   'big.js': [ '5.2.2' ],
200 silly audit   'binary-extensions': [ '2.3.0', '1.13.1' ],
200 silly audit   bindings: [ '1.5.0' ],
200 silly audit   bluebird: [ '3.7.2' ],
200 silly audit   'brace-expansion': [ '1.1.11' ],
200 silly audit   braces: [ '3.0.3', '2.3.2' ],
200 silly audit   brorand: [ '1.1.0' ],
200 silly audit   'browserify-aes': [ '1.2.0' ],
200 silly audit   'browserify-cipher': [ '1.0.1' ],
200 silly audit   'browserify-des': [ '1.0.2' ],
200 silly audit   'browserify-rsa': [ '4.1.1' ],
200 silly audit   'browserify-sign': [ '4.2.3' ],
200 silly audit   'browserify-zlib': [ '0.2.0' ],
200 silly audit   browserslist: [ '4.24.4' ],
200 silly audit   buffer: [ '4.9.2' ],
200 silly audit   'buffer-from': [ '1.1.2' ],
200 silly audit   'buffer-xor': [ '1.0.3' ],
200 silly audit   isarray: [ '1.0.0', '2.0.5' ],
200 silly audit   'builtin-status-codes': [ '3.0.0' ],
200 silly audit   busboy: [ '1.6.0' ],
200 silly audit   cacache: [ '12.0.4' ],
200 silly audit   rimraf: [ '2.7.1', '3.0.2' ],
200 silly audit   'cache-base': [ '1.0.1' ],
200 silly audit   'call-bind': [ '1.0.8' ],
200 silly audit   'call-bind-apply-helpers': [ '1.0.2' ],
200 silly audit   'call-bound': [ '1.0.3' ],
200 silly audit   'caller-callsite': [ '2.0.0' ],
200 silly audit   callsites: [ '2.0.0', '3.1.0' ],
200 silly audit   'caller-path': [ '2.0.0' ],
200 silly audit   camelize: [ '1.0.1' ],
200 silly audit   'caniuse-lite': [ '1.0.30001700' ],
200 silly audit   chalk: [ '4.1.2', '2.4.2', '1.1.3' ],
200 silly audit   chokidar: [ '3.6.0', '2.1.8' ],
200 silly audit   'glob-parent': [ '5.1.2', '6.0.2', '3.1.0' ],
200 silly audit   chownr: [ '1.1.4' ],
200 silly audit   'chrome-trace-event': [ '1.0.4' ],
200 silly audit   'ci-info': [ '2.0.0' ],
200 silly audit   'cipher-base': [ '1.0.6' ],
200 silly audit   'class-utils': [ '0.3.6' ],
200 silly audit   'clean-stack': [ '2.2.0' ],
200 silly audit   'clean-webpack-plugin': [ '3.0.0' ],
200 silly audit   del: [ '4.1.1', '5.1.0' ],
200 silly audit   globby: [ '6.1.0', '10.0.2' ],
200 silly audit   pify: [ '2.3.0', '4.0.1' ],
200 silly audit   'p-map': [ '2.1.0', '3.0.0' ],
200 silly audit   'cli-cursor': [ '2.1.0' ],
200 silly audit   'cli-truncate': [ '0.2.1' ],
200 silly audit   'client-only': [ '0.0.1' ],
200 silly audit   'code-point-at': [ '1.1.0' ],
200 silly audit   'codewonders-helpers': [ '1.1.0' ],
200 silly audit   'collection-visit': [ '1.0.0' ],
200 silly audit   color: [ '4.2.3' ],
200 silly audit   'color-convert': [ '2.0.1', '1.9.3' ],
200 silly audit   'color-name': [ '1.1.4', '1.1.3' ],
200 silly audit   'color-string': [ '1.9.1' ],
200 silly audit   commander: [ '2.20.3' ],
200 silly audit   'common-tags': [ '1.8.2' ],
200 silly audit   commondir: [ '1.0.1' ],
200 silly audit   'component-emitter': [ '1.3.1' ],
200 silly audit   'concat-map': [ '0.0.1' ],
200 silly audit   'concat-stream': [ '1.6.2' ],
200 silly audit   'confusing-browser-globals': [ '1.0.11' ],
200 silly audit   'console-browserify': [ '1.2.0' ],
200 silly audit   'constants-browserify': [ '1.0.0' ],
200 silly audit   'convert-source-map': [ '2.0.0' ],
200 silly audit   'copy-concurrently': [ '1.0.5' ],
200 silly audit   'copy-descriptor': [ '0.1.1' ],
200 silly audit   'core-js': [ '2.6.12' ],
200 silly audit   'core-util-is': [ '1.0.3' ],
200 silly audit   cosmiconfig: [ '5.2.1' ],
200 silly audit   'import-fresh': [ '2.0.0', '3.3.1' ],
200 silly audit   'js-yaml': [ '3.14.1', '4.1.0' ],
200 silly audit   'resolve-from': [ '3.0.0', '4.0.0' ],
200 silly audit   'create-ecdh': [ '4.0.4' ],
200 silly audit   'create-hash': [ '1.2.0' ],
200 silly audit   'create-hmac': [ '1.1.7' ],
200 silly audit   'cross-spawn': [ '7.0.6', '6.0.6' ],
200 silly audit   'crypto-browserify': [ '3.12.1' ],
200 silly audit   'css-color-keywords': [ '1.0.0' ],
200 silly audit   'css-to-react-native': [ '3.2.0' ],
200 silly audit   csstype: [ '3.1.3' ],
200 silly audit   cyclist: [ '1.0.2' ],
200 silly audit   'damerau-levenshtein': [ '1.0.8' ],
200 silly audit   'data-view-buffer': [ '1.0.2' ],
200 silly audit   'data-view-byte-length': [ '1.0.2' ],
200 silly audit   'data-view-byte-offset': [ '1.0.1' ],
200 silly audit   'date-fns': [ '1.30.1' ],
200 silly audit   debug: [ '4.3.4', '3.2.7', '2.6.9' ],
200 silly audit   'decode-uri-component': [ '0.2.2' ],
200 silly audit   dedent: [ '0.7.0' ],
200 silly audit   'deep-is': [ '0.1.4' ],
200 silly audit   'define-data-property': [ '1.1.4' ],
200 silly audit   'define-properties': [ '1.2.1' ],
200 silly audit   'des.js': [ '1.1.0' ],
200 silly audit   'detect-libc': [ '2.0.3' ],
200 silly audit   'diffie-hellman': [ '5.0.3' ],
200 silly audit   'dir-glob': [ '3.0.1' ],
200 silly audit   doctrine: [ '2.1.0', '3.0.0' ],
200 silly audit   'dom-helpers': [ '3.4.0' ],
200 silly audit   'domain-browser': [ '1.2.0' ],
200 silly audit   'dunder-proto': [ '1.0.1' ],
200 silly audit   duplexify: [ '3.7.1' ],
200 silly audit   'electron-to-chromium': [ '1.5.104' ],
200 silly audit   'elegant-spinner': [ '1.0.1' ],
200 silly audit   elliptic: [ '6.6.1' ],
200 silly audit   'emailjs-com': [ '3.2.0' ],
200 silly audit   'emoji-regex': [ '9.2.2' ],
200 silly audit   'emojis-list': [ '3.0.0' ],
200 silly audit   'end-of-stream': [ '1.4.4' ],
200 silly audit   'enhanced-resolve': [ '4.5.0' ],
200 silly audit   'memory-fs': [ '0.5.0', '0.4.1' ],
200 silly audit   errno: [ '0.1.8' ],
200 silly audit   'error-ex': [ '1.3.2' ],
200 silly audit   'es-abstract': [ '1.23.9' ],
200 silly audit   'es-define-property': [ '1.0.1' ],
200 silly audit   'es-errors': [ '1.3.0' ],
200 silly audit   'es-object-atoms': [ '1.1.1' ],
200 silly audit   'es-set-tostringtag': [ '2.1.0' ],
200 silly audit   'es-shim-unscopables': [ '1.1.0' ],
200 silly audit   'es-to-primitive': [ '1.3.0' ],
200 silly audit   escalade: [ '3.2.0' ],
200 silly audit   'escape-string-regexp': [ '4.0.0', '1.0.5' ],
200 silly audit   'eslint-config-airbnb-base': [ '15.0.0' ],
200 silly audit   'eslint-import-resolver-node': [ '0.3.9' ],
200 silly audit   'eslint-module-utils': [ '2.12.0' ],
200 silly audit   resolve: [ '1.22.10', '2.0.0-next.5' ],
200 silly audit   'eslint-scope': [ '5.1.1', '4.0.3', '7.2.2' ],
200 silly audit   estraverse: [ '4.3.0', '5.3.0' ],
200 silly audit   'strip-ansi': [ '3.0.1', '4.0.0', '6.0.1' ],
200 silly audit   espree: [ '9.6.1' ],
200 silly audit   esprima: [ '4.0.1' ],
200 silly audit   esquery: [ '1.5.0' ],
200 silly audit   esrecurse: [ '4.3.0' ],
200 silly audit   esutils: [ '2.0.3' ],
200 silly audit   events: [ '3.3.0' ],
200 silly audit   evp_bytestokey: [ '1.0.3' ],
200 silly audit   execa: [ '1.0.0', '2.1.0' ],
200 silly audit   'path-key': [ '2.0.1', '3.1.1' ],
200 silly audit   semver: [ '5.7.2', '6.3.1', '7.7.1' ],
200 silly audit   'shebang-command': [ '1.2.0', '2.0.0' ],
200 silly audit   'shebang-regex': [ '1.0.0', '3.0.0' ],
200 silly audit   which: [ '1.3.1', '2.0.2' ],
200 silly audit   'expand-brackets': [ '2.1.4' ],
200 silly audit   ms: [ '2.0.0', '2.1.2' ],
200 silly audit   'extend-shallow': [ '2.0.1', '3.0.2' ],
200 silly audit   extglob: [ '2.0.4' ],
200 silly audit   'fast-deep-equal': [ '3.1.3' ],
200 silly audit   'fast-glob': [ '3.2.12' ],
200 silly audit   'fast-json-stable-stringify': [ '2.1.0' ],
200 silly audit   'fast-levenshtein': [ '2.0.6' ],
200 silly audit   fastq: [ '1.15.0' ],
200 silly audit   'figgy-pudding': [ '3.5.2' ],
200 silly audit   figures: [ '1.7.0', '2.0.0' ],
200 silly audit   'file-entry-cache': [ '6.0.1' ],
200 silly audit   'file-uri-to-path': [ '1.0.0' ],
200 silly audit   'fill-range': [ '7.1.1', '4.0.0' ],
200 silly audit   'find-cache-dir': [ '2.1.0' ],
200 silly audit   'find-up': [ '3.0.0', '5.0.0', '4.1.0' ],
200 silly audit   'locate-path': [ '3.0.0', '6.0.0', '5.0.0' ],
200 silly audit   'p-limit': [ '2.3.0', '3.1.0' ],
200 silly audit   'p-locate': [ '3.0.0', '5.0.0', '4.1.0' ],
200 silly audit   'path-exists': [ '3.0.0', '4.0.0' ],
200 silly audit   'pkg-dir': [ '3.0.0', '4.2.0' ],
200 silly audit   'flat-cache': [ '3.2.0' ],
200 silly audit   flatted: [ '3.3.3' ],
200 silly audit   'flush-write-stream': [ '1.1.1' ],
200 silly audit   'for-each': [ '0.3.3' ],
200 silly audit   'for-in': [ '1.0.2' ],
200 silly audit   'fragment-cache': [ '0.2.1' ],
200 silly audit   'framer-motion': [ '10.12.12' ],
200 silly audit   from2: [ '2.3.0' ],
200 silly audit   'fs-extra': [ '4.0.3' ],
200 silly audit   'fs-write-stream-atomic': [ '1.0.10' ],
200 silly audit   'fs.realpath': [ '1.0.0' ],
200 silly audit   fsevents: [ '2.3.3', '1.2.13' ],
200 silly audit   'function-bind': [ '1.1.2' ],
200 silly audit   'function.prototype.name': [ '1.1.8' ],
200 silly audit   'functions-have-names': [ '1.2.3' ],
200 silly audit   gensync: [ '1.0.0-beta.2' ],
200 silly audit   'get-intrinsic': [ '1.3.0' ],
200 silly audit   'get-own-enumerable-property-symbols': [ '3.0.2' ],
200 silly audit   'get-proto': [ '1.0.1' ],
200 silly audit   'get-stdin': [ '7.0.0' ],
200 silly audit   'get-stream': [ '4.1.0', '5.2.0' ],
200 silly audit   'get-symbol-description': [ '1.1.0' ],
200 silly audit   'get-value': [ '2.0.6' ],
200 silly audit   glob: [ '7.2.3' ],
200 silly audit   globalthis: [ '1.0.4' ],
200 silly audit   gopd: [ '1.2.0' ],
200 silly audit   'graceful-fs': [ '4.2.11' ],
200 silly audit   graphemer: [ '1.4.0' ],
200 silly audit   'has-ansi': [ '2.0.0' ],
200 silly audit   'has-bigints': [ '1.0.2' ],
200 silly audit   'has-flag': [ '4.0.0', '3.0.0' ],
200 silly audit   'has-property-descriptors': [ '1.0.2' ],
200 silly audit   'has-proto': [ '1.2.0' ],
200 silly audit   'has-symbols': [ '1.1.0' ],
200 silly audit   'has-tostringtag': [ '1.0.2' ],
200 silly audit   'has-value': [ '1.0.0', '0.3.1' ],
200 silly audit   'has-values': [ '1.0.0', '0.1.4' ],
200 silly audit   'is-number': [ '3.0.0', '7.0.0' ],
200 silly audit   'kind-of': [ '3.2.2', '4.0.0', '6.0.3' ],
200 silly audit   'hash-base': [ '3.0.5' ],
200 silly audit   'hash.js': [ '1.1.7' ],
200 silly audit   hasown: [ '2.0.2' ],
200 silly audit   'hmac-drbg': [ '1.0.1' ],
200 silly audit   'hoist-non-react-statics': [ '3.3.2' ],
200 silly audit   'hosted-git-info': [ '2.8.9' ],
200 silly audit   'https-browserify': [ '1.0.0' ],
200 silly audit   husky: [ '3.1.0' ],
200 silly audit   'supports-color': [ '5.5.0', '2.0.0', '7.2.0' ],
200 silly audit   ieee754: [ '1.2.1' ],
200 silly audit   iferr: [ '0.1.5' ],
200 silly audit   ignore: [ '5.3.2' ],
200 silly audit   imurmurhash: [ '0.1.4' ],
200 silly audit   'infer-owner': [ '1.0.4' ],
200 silly audit   inflight: [ '1.0.6' ],
200 silly audit   'internal-slot': [ '1.1.0' ],
200 silly audit   'is-accessor-descriptor': [ '1.0.1' ],
200 silly audit   'is-array-buffer': [ '3.0.5' ],
200 silly audit   'is-arrayish': [ '0.2.1', '0.3.2' ],
200 silly audit   'is-async-function': [ '2.1.1' ],
200 silly audit   'is-bigint': [ '1.1.0' ],
200 silly audit   'is-binary-path': [ '2.1.0', '1.0.1' ],
200 silly audit   'is-boolean-object': [ '1.2.2' ],
200 silly audit   'is-buffer': [ '1.1.6' ],
200 silly audit   'is-callable': [ '1.2.7' ],
200 silly audit   'is-core-module': [ '2.16.1' ],
200 silly audit   'is-data-descriptor': [ '1.0.1' ],
200 silly audit   'is-data-view': [ '1.0.2' ],
200 silly audit   'is-date-object': [ '1.1.0' ],
200 silly audit   'is-directory': [ '0.3.1' ],
200 silly audit   'is-extendable': [ '0.1.1', '1.0.1' ],
200 silly audit   'is-extglob': [ '2.1.1' ],
200 silly audit   'is-finalizationregistry': [ '1.1.1' ],
200 silly audit   'is-fullwidth-code-point': [ '1.0.0', '2.0.0' ],
200 silly audit   'is-generator-function': [ '1.1.0' ],
200 silly audit   'is-glob': [ '4.0.3', '3.1.0' ],
200 silly audit   'is-map': [ '2.0.3' ],
200 silly audit   'is-number-object': [ '1.1.1' ],
200 silly audit   'is-obj': [ '1.0.1' ],
200 silly audit   'is-observable': [ '1.1.0' ],
200 silly audit   'is-path-cwd': [ '2.2.0' ],
200 silly audit   'is-path-in-cwd': [ '2.1.0' ],
200 silly audit   'is-path-inside': [ '2.1.0', '3.0.3' ],
200 silly audit   'is-plain-object': [ '2.0.4' ],
200 silly audit   'is-promise': [ '2.2.2' ],
200 silly audit   'is-regex': [ '1.2.1' ],
200 silly audit   'is-regexp': [ '1.0.0' ],
200 silly audit   'is-set': [ '2.0.3' ],
200 silly audit   'is-shared-array-buffer': [ '1.0.4' ],
200 silly audit   'is-stream': [ '1.1.0', '2.0.1' ],
200 silly audit   'is-string': [ '1.1.1' ],
200 silly audit   'is-symbol': [ '1.1.1' ],
200 silly audit   'is-typed-array': [ '1.1.15' ],
200 silly audit   'is-weakmap': [ '2.0.2' ],
200 silly audit   'is-weakref': [ '1.1.1' ],
200 silly audit   'is-weakset': [ '2.0.4' ],
200 silly audit   'is-windows': [ '1.0.2' ],
200 silly audit   'is-wsl': [ '1.1.0' ],
200 silly audit   isexe: [ '2.0.0' ],
200 silly audit   isobject: [ '3.0.1', '2.1.0' ],
200 silly audit   'js-tokens': [ '4.0.0' ],
200 silly audit   jsesc: [ '3.1.0' ],
200 silly audit   'json-buffer': [ '3.0.1' ],
200 silly audit   'json-parse-better-errors': [ '1.0.2' ],
200 silly audit   'json-parse-even-better-errors': [ '2.3.1' ],
200 silly audit   'json-schema-traverse': [ '0.4.1' ],
200 silly audit   'json-stable-stringify': [ '1.2.1' ],
200 silly audit   'json-stable-stringify-without-jsonify': [ '1.0.1' ],
200 silly audit   json5: [ '2.2.3', '1.0.2' ],
200 silly audit   jsonfile: [ '4.0.0' ],
200 silly audit   jsonify: [ '0.0.1' ],
200 silly audit   keyv: [ '4.5.4' ],
200 silly audit   levn: [ '0.4.1' ],
200 silly audit   'lines-and-columns': [ '1.2.4' ],
200 silly audit   'lint-staged': [ '9.5.0' ],
200 silly audit   'mimic-fn': [ '2.1.0', '1.2.0' ],
200 silly audit   'npm-run-path': [ '3.1.0', '2.0.2' ],
200 silly audit   onetime: [ '5.1.2', '2.0.1' ],
200 silly audit   'p-finally': [ '2.0.1', '1.0.0' ],
200 silly audit   listr: [ '0.14.3' ],
200 silly audit   'listr-silent-renderer': [ '1.1.1' ],
200 silly audit   'listr-update-renderer': [ '0.5.0' ],
200 silly audit   'log-symbols': [ '1.0.2', '3.0.0' ],
200 silly audit   'listr-verbose-renderer': [ '0.5.0' ],
200 silly audit   'loader-runner': [ '2.4.0' ],
200 silly audit   'loader-utils': [ '2.0.4', '1.4.2' ],
200 silly audit   lodash: [ '4.17.21' ],
200 silly audit   'lodash._reinterpolate': [ '3.0.0' ],
200 silly audit   'lodash.merge': [ '4.6.2' ],
200 silly audit   'lodash.template': [ '4.5.0' ],
200 silly audit   'lodash.templatesettings': [ '4.2.0' ],
200 silly audit   'log-update': [ '2.3.0' ],
200 silly audit   'loose-envify': [ '1.4.0' ],
200 silly audit   'lru-cache': [ '5.1.1' ],
200 silly audit   'make-dir': [ '2.1.0' ],
200 silly audit   'map-cache': [ '0.2.2' ],
200 silly audit   'map-visit': [ '1.0.0' ],
200 silly audit   'math-intrinsics': [ '1.1.0' ],
200 silly audit   'md5.js': [ '1.3.5' ],
200 silly audit   'merge-stream': [ '2.0.0' ],
200 silly audit   merge2: [ '1.4.1' ],
200 silly audit   micromatch: [ '4.0.8', '3.1.10' ],
200 silly audit   'miller-rabin': [ '4.0.1' ],
200 silly audit   'mime-db': [ '1.52.0' ],
200 silly audit   'mime-types': [ '2.1.35' ],
200 silly audit   'minimalistic-assert': [ '1.0.1' ],
200 silly audit   'minimalistic-crypto-utils': [ '1.0.1' ],
200 silly audit   minimatch: [ '3.1.2' ],
200 silly audit   minimist: [ '1.2.8' ],
200 silly audit   mississippi: [ '3.0.0' ],
200 silly audit   'mixin-deep': [ '1.3.2' ],
200 silly audit   mkdirp: [ '0.5.6' ],
200 silly audit   'move-concurrently': [ '1.0.1' ],
200 silly audit   nan: [ '2.22.1' ],
200 silly audit   nanoid: [ '3.3.8' ],
200 silly audit   nanomatch: [ '1.2.13' ],
200 silly audit   'natural-compare': [ '1.4.0' ],
200 silly audit   'neo-async': [ '2.6.2' ],
200 silly audit   next: [ '15.1.7' ],
200 silly audit   'next-page-transitions': [ '1.0.0-beta.2' ],
200 silly audit   'next-pwa': [ '2.0.2' ],
200 silly audit   'nice-try': [ '1.0.5' ],
200 silly audit   'node-libs-browser': [ '2.2.1' ],
200 silly audit   punycode: [ '1.4.1', '2.3.0' ],
200 silly audit   'node-releases': [ '2.0.19' ],
200 silly audit   'normalize-package-data': [ '2.5.0' ],
200 silly audit   'normalize-path': [ '3.0.0', '2.1.1' ],
200 silly audit   'number-is-nan': [ '1.0.1' ],
200 silly audit   'object-assign': [ '4.1.1' ],
200 silly audit   'object-copy': [ '0.1.0' ],
200 silly audit   'object-inspect': [ '1.13.4' ],
200 silly audit   'object-keys': [ '1.1.1' ],
200 silly audit   'object-visit': [ '1.0.1' ],
200 silly audit   'object.assign': [ '4.1.7' ],
200 silly audit   'object.fromentries': [ '2.0.8' ],
200 silly audit   'object.groupby': [ '1.0.3' ],
200 silly audit   'object.pick': [ '1.3.0' ],
200 silly audit   'object.values': [ '1.2.1' ],
200 silly audit   once: [ '1.4.0' ],
200 silly audit   'opencollective-postinstall': [ '2.0.3' ],
200 silly audit   optionator: [ '0.9.4' ],
200 silly audit   'os-browserify': [ '0.3.0' ],
200 silly audit   'own-keys': [ '1.0.1' ],
200 silly audit   'p-try': [ '2.2.0' ],
200 silly audit   pako: [ '1.0.11' ],
200 silly audit   'parallel-transform': [ '1.2.0' ],
200 silly audit   'parent-module': [ '1.0.1' ],
200 silly audit   'parse-asn1': [ '5.1.7' ],
200 silly audit   'parse-json': [ '4.0.0', '5.2.0' ],
200 silly audit   pascalcase: [ '0.1.1' ],
200 silly audit   'path-browserify': [ '0.0.1' ],
200 silly audit   'path-dirname': [ '1.0.2' ],
200 silly audit   'path-is-absolute': [ '1.0.1' ],
200 silly audit   'path-is-inside': [ '1.0.2' ],
200 silly audit   'path-parse': [ '1.0.7' ],
200 silly audit   'path-type': [ '4.0.0' ],
200 silly audit   pbkdf2: [ '3.1.2' ],
200 silly audit   picocolors: [ '1.1.1' ],
200 silly audit   picomatch: [ '2.3.1' ],
200 silly audit   pinkie: [ '2.0.4' ],
200 silly audit   'pinkie-promise': [ '2.0.1' ],
200 silly audit   'please-upgrade-node': [ '3.2.0' ],
200 silly audit   'posix-character-classes': [ '0.1.1' ],
200 silly audit   'possible-typed-array-names': [ '1.1.0' ],
200 silly audit   postcss: [ '8.4.31', '8.4.49' ],
200 silly audit   'postcss-value-parser': [ '4.2.0' ],
200 silly audit   'prelude-ls': [ '1.2.1' ],
200 silly audit   'pretty-bytes': [ '5.6.0' ],
200 silly audit   process: [ '0.11.10' ],
200 silly audit   'process-nextick-args': [ '2.0.1' ],
200 silly audit   'promise-inflight': [ '1.0.1' ],
200 silly audit   'prop-types': [ '15.8.1' ],
200 silly audit   prr: [ '1.0.1' ],
200 silly audit   'public-encrypt': [ '4.0.3' ],
200 silly audit   pump: [ '3.0.0', '2.0.1' ],
200 silly audit   pumpify: [ '1.5.1' ],
200 silly audit   qs: [ '6.14.0' ],
200 silly audit   'querystring-es3': [ '0.2.1' ],
200 silly audit   'queue-microtask': [ '1.2.3' ],
200 silly audit   randombytes: [ '2.1.0' ],
200 silly audit   randomfill: [ '1.0.4' ],
200 silly audit   react: [ '18.2.0' ],
200 silly audit   'react-dom': [ '18.2.0' ],
200 silly audit   'react-fast-compare': [ '2.0.4' ],
200 silly audit   'react-helmet': [ '5.2.1' ],
200 silly audit   'react-is': [ '16.13.1' ],
200 silly audit   'react-lifecycles-compat': [ '3.0.4' ],
200 silly audit   'react-side-effect': [ '1.2.0' ],
200 silly audit   'react-transition-group': [ '2.9.0' ],
200 silly audit   'read-pkg': [ '5.2.0' ],
200 silly audit   'readable-stream': [ '2.3.8' ],
200 silly audit   'safe-buffer': [ '5.1.2', '5.2.1' ],
200 silly audit   string_decoder: [ '1.1.1', '1.3.0' ],
200 silly audit   readdirp: [ '3.6.0', '2.2.1' ],
200 silly audit   'reflect.getprototypeof': [ '1.0.10' ],
200 silly audit   'regex-not': [ '1.0.2' ],
200 silly audit   'regexp.prototype.flags': [ '1.5.4' ],
200 silly audit   'remove-trailing-separator': [ '1.1.0' ],
200 silly audit   'repeat-element': [ '1.1.4' ],
200 silly audit   'repeat-string': [ '1.6.1' ],
200 silly audit   'replace-in-file-webpack-plugin': [ '1.0.6' ],
200 silly audit   'resolve-url': [ '0.2.1' ],
200 silly audit   'restore-cursor': [ '2.0.0' ],
200 silly audit   ret: [ '0.1.15' ],
200 silly audit   reusify: [ '1.0.4' ],
200 silly audit   ripemd160: [ '2.0.2' ],
200 silly audit   'run-node': [ '1.0.0' ],
200 silly audit   'run-parallel': [ '1.2.0' ],
200 silly audit   'run-queue': [ '1.0.3' ],
200 silly audit   rxjs: [ '6.6.7' ],
200 silly audit   tslib: [ '1.14.1', '2.6.2', '2.8.1' ],
200 silly audit   'safe-array-concat': [ '1.1.3' ],
200 silly audit   'safe-push-apply': [ '1.0.0' ],
200 silly audit   'safe-regex': [ '1.1.0' ],
200 silly audit   'safe-regex-test': [ '1.1.0' ],
200 silly audit   scheduler: [ '0.23.0' ],
200 silly audit   'schema-utils': [ '1.0.0', '3.3.0' ],
200 silly audit   scoutbar: [ '1.2.3' ],
200 silly audit   'semver-compare': [ '1.0.0' ],
200 silly audit   'serialize-javascript': [ '4.0.0' ],
200 silly audit   'set-function-length': [ '1.2.2' ],
200 silly audit   'set-function-name': [ '2.0.2' ],
200 silly audit   'set-proto': [ '1.0.0' ],
200 silly audit   'set-value': [ '2.0.1' ],
200 silly audit   setimmediate: [ '1.0.5' ],
200 silly audit   'sha.js': [ '2.4.11' ],
200 silly audit   shallowequal: [ '1.1.0' ],
200 silly audit   sharp: [ '0.33.5' ],
200 silly audit   'side-channel': [ '1.1.0' ],
200 silly audit   'side-channel-list': [ '1.0.0' ],
200 silly audit   'side-channel-map': [ '1.0.1' ],
200 silly audit   'side-channel-weakmap': [ '1.0.2' ],
200 silly audit   'signal-exit': [ '3.0.7' ],
200 silly audit   'simple-swizzle': [ '0.2.2' ],
200 silly audit   slash: [ '3.0.0' ],
200 silly audit   'slice-ansi': [ '0.0.4' ],
200 silly audit   snapdragon: [ '0.8.2' ],
200 silly audit   'snapdragon-node': [ '2.1.1' ],
200 silly audit   'snapdragon-util': [ '3.0.1' ],
200 silly audit   'source-list-map': [ '2.0.1' ],
200 silly audit   'source-map-js': [ '1.2.1' ],
200 silly audit   'source-map-resolve': [ '0.5.3' ],
200 silly audit   'source-map-support': [ '0.5.21' ],
200 silly audit   'source-map-url': [ '0.4.1' ],
200 silly audit   'spdx-correct': [ '3.2.0' ],
200 silly audit   'spdx-exceptions': [ '2.3.0' ],
200 silly audit   'spdx-expression-parse': [ '3.0.1' ],
200 silly audit   'spdx-license-ids': [ '3.0.13' ],
200 silly audit   'split-string': [ '3.1.0' ],
200 silly audit   'sprintf-js': [ '1.0.3' ],
200 silly audit   ssri: [ '6.0.2' ],
200 silly audit   'static-extend': [ '0.1.2' ],
200 silly audit   'stream-browserify': [ '2.0.2' ],
200 silly audit   'stream-each': [ '1.2.3' ],
200 silly audit   'stream-http': [ '2.8.3' ],
200 silly audit   'stream-shift': [ '1.0.3' ],
200 silly audit   streamsearch: [ '1.1.0' ],
200 silly audit   'string-argv': [ '0.3.2' ],
200 silly audit   'string-width': [ '1.0.2', '2.1.1' ],
200 silly audit   'string.prototype.trim': [ '1.2.10' ],
200 silly audit   'string.prototype.trimend': [ '1.0.9' ],
200 silly audit   'string.prototype.trimstart': [ '1.0.8' ],
200 silly audit   'stringify-object': [ '3.3.0' ],
200 silly audit   'strip-bom': [ '3.0.0' ],
200 silly audit   'strip-comments': [ '1.0.2' ],
200 silly audit   'strip-eof': [ '1.0.0' ],
200 silly audit   'strip-final-newline': [ '2.0.0' ],
200 silly audit   'strip-json-comments': [ '3.1.1' ],
200 silly audit   'styled-components': [ '6.1.15' ],
200 silly audit   'styled-jsx': [ '5.1.6' ],
200 silly audit   stylis: [ '4.3.2' ],
200 silly audit   'supports-preserve-symlinks-flag': [ '1.0.0' ],
200 silly audit   'symbol-observable': [ '1.2.0' ],
200 silly audit   tapable: [ '1.1.3' ],
200 silly audit   terser: [ '4.8.1' ],
200 silly audit   'terser-webpack-plugin': [ '1.4.6' ],
200 silly audit   'text-table': [ '0.2.0' ],
200 silly audit   through2: [ '2.0.5' ],
200 silly audit   'timers-browserify': [ '2.0.12' ],
200 silly audit   'to-arraybuffer': [ '1.0.1' ],
200 silly audit   'to-object-path': [ '0.3.0' ],
200 silly audit   'to-regex': [ '3.0.2' ],
200 silly audit   'to-regex-range': [ '5.0.1', '2.1.1' ],
200 silly audit   'tsconfig-paths': [ '3.15.0' ],
200 silly audit   'tty-browserify': [ '0.0.0' ],
200 silly audit   'type-check': [ '0.4.0' ],
200 silly audit   'typed-array-buffer': [ '1.0.3' ],
200 silly audit   'typed-array-byte-length': [ '1.0.3' ],
200 silly audit   'typed-array-byte-offset': [ '1.0.4' ],
200 silly audit   'typed-array-length': [ '1.0.7' ],
200 silly audit   typedarray: [ '0.0.6' ],
200 silly audit   typescript: [ '5.0.4' ],
200 silly audit   'unbox-primitive': [ '1.1.0' ],
200 silly audit   'union-value': [ '1.0.1' ],
200 silly audit   'unique-filename': [ '1.1.1' ],
200 silly audit   'unique-slug': [ '2.0.2' ],
200 silly audit   universalify: [ '0.1.2' ],
200 silly audit   'unset-value': [ '1.0.0' ],
200 silly audit   upath: [ '1.2.0' ],
200 silly audit   'update-browserslist-db': [ '1.1.2' ],
200 silly audit   'uri-js': [ '4.4.1' ],
200 silly audit   urix: [ '0.1.0' ],
200 silly audit   url: [ '0.11.4' ],
200 silly audit   'url-loader': [ '4.1.1' ],
200 silly audit   use: [ '3.1.1' ],
200 silly audit   'util-deprecate': [ '1.0.2' ],
200 silly audit   'validate-npm-package-license': [ '3.0.4' ],
200 silly audit   'vm-browserify': [ '1.1.2' ],
200 silly audit   watchpack: [ '1.7.5' ],
200 silly audit   'watchpack-chokidar2': [ '2.0.1' ],
200 silly audit   webpack: [ '4.47.0' ],
200 silly audit   'webpack-sources': [ '1.4.3' ],
200 silly audit   'which-boxed-primitive': [ '1.1.1' ],
200 silly audit   'which-builtin-type': [ '1.2.1' ],
200 silly audit   'which-collection': [ '1.0.2' ],
200 silly audit   'which-typed-array': [ '1.1.18' ],
200 silly audit   'word-wrap': [ '1.2.5' ],
200 silly audit   'workbox-background-sync': [ '4.3.1' ],
200 silly audit   'workbox-broadcast-update': [ '4.3.1' ],
200 silly audit   'workbox-build': [ '4.3.1' ],
200 silly audit   'workbox-cacheable-response': [ '4.3.1' ],
200 silly audit   'workbox-core': [ '4.3.1' ],
200 silly audit   'workbox-expiration': [ '4.3.1' ],
200 silly audit   'workbox-google-analytics': [ '4.3.1' ],
200 silly audit   'workbox-navigation-preload': [ '4.3.1' ],
200 silly audit   'workbox-precaching': [ '4.3.1' ],
200 silly audit   'workbox-range-requests': [ '4.3.1' ],
200 silly audit   'workbox-routing': [ '4.3.1' ],
200 silly audit   'workbox-strategies': [ '4.3.1' ],
200 silly audit   'workbox-streams': [ '4.3.1' ],
200 silly audit   'workbox-sw': [ '4.3.1' ],
200 silly audit   'workbox-webpack-plugin': [ '4.3.1' ],
200 silly audit   'workbox-window': [ '4.3.1' ],
200 silly audit   'worker-farm': [ '1.7.0' ],
200 silly audit   'wrap-ansi': [ '3.0.1' ],
200 silly audit   wrappy: [ '1.0.2' ],
200 silly audit   xtend: [ '4.0.2' ],
200 silly audit   y18n: [ '4.0.3' ],
200 silly audit   yallist: [ '3.1.1' ],
200 silly audit   'yocto-queue': [ '0.1.0' ],
200 silly audit   '@babel/eslint-parser': [ '7.26.8' ],
200 silly audit   eslint: [ '8.57.1' ],
200 silly audit   'eslint-config-airbnb': [ '19.0.4' ],
200 silly audit   'eslint-config-prettier': [ '10.0.2' ],
200 silly audit   'eslint-plugin-import': [ '2.31.0' ],
200 silly audit   'eslint-plugin-jsx-a11y': [ '6.10.2' ],
200 silly audit   'eslint-plugin-prettier': [ '5.2.3' ],
200 silly audit   'eslint-plugin-react': [ '7.37.4' ],
200 silly audit   'eslint-plugin-react-hooks': [ '4.6.2' ],
200 silly audit   prettier: [ '3.5.2' ],
200 silly audit   'aria-query': [ '5.3.2' ],
200 silly audit   'ast-types-flow': [ '0.0.8' ],
200 silly audit   'axe-core': [ '4.10.2' ],
200 silly audit   'axobject-query': [ '4.1.0' ],
200 silly audit   'jsx-ast-utils': [ '3.3.5' ],
200 silly audit   'language-tags': [ '1.0.9' ],
200 silly audit   'string.prototype.includes': [ '2.0.1' ],
200 silly audit   'prettier-linter-helpers': [ '1.0.0' ],
200 silly audit   synckit: [ '0.9.2' ],
200 silly audit   'array.prototype.findlast': [ '1.2.5' ],
200 silly audit   'array.prototype.tosorted': [ '1.1.4' ],
200 silly audit   'es-iterator-helpers': [ '1.2.1' ],
200 silly audit   'object.entries': [ '1.1.8' ],
200 silly audit   'string.prototype.matchall': [ '4.0.12' ],
200 silly audit   'string.prototype.repeat': [ '1.0.0' ],
200 silly audit   'iterator.prototype': [ '1.1.5' ],
200 silly audit   'language-subtag-registry': [ '0.3.23' ],
200 silly audit   'fast-diff': [ '1.3.0' ],
200 silly audit   '@pkgr/core': [ '0.1.1' ]
200 silly audit }
201 verbose reify failed optional dependency C:\Users\HP\Desktop\portfolio projects\PORTFOLIO SITE\node_modules\fsevents
202 silly reify mark deleted [
202 silly reify   'C:\\Users\\HP\\Desktop\\portfolio projects\\PORTFOLIO SITE\\node_modules\\fsevents'
202 silly reify ]
203 verbose reify failed optional dependency C:\Users\HP\Desktop\portfolio projects\PORTFOLIO SITE\node_modules\@next\swc-win32-arm64-msvc
204 silly reify mark deleted [
204 silly reify   'C:\\Users\\HP\\Desktop\\portfolio projects\\PORTFOLIO SITE\\node_modules\\@next\\swc-win32-arm64-msvc'
204 silly reify ]
205 verbose reify failed optional dependency C:\Users\HP\Desktop\portfolio projects\PORTFOLIO SITE\node_modules\@next\swc-linux-x64-musl
206 silly reify mark deleted [
206 silly reify   'C:\\Users\\HP\\Desktop\\portfolio projects\\PORTFOLIO SITE\\node_modules\\@next\\swc-linux-x64-musl'
206 silly reify ]
207 verbose reify failed optional dependency C:\Users\HP\Desktop\portfolio projects\PORTFOLIO SITE\node_modules\@next\swc-linux-x64-gnu
208 silly reify mark deleted [
208 silly reify   'C:\\Users\\HP\\Desktop\\portfolio projects\\PORTFOLIO SITE\\node_modules\\@next\\swc-linux-x64-gnu'
208 silly reify ]
209 verbose reify failed optional dependency C:\Users\HP\Desktop\portfolio projects\PORTFOLIO SITE\node_modules\@next\swc-linux-arm64-musl
210 silly reify mark deleted [
210 silly reify   'C:\\Users\\HP\\Desktop\\portfolio projects\\PORTFOLIO SITE\\node_modules\\@next\\swc-linux-arm64-musl'
210 silly reify ]
211 verbose reify failed optional dependency C:\Users\HP\Desktop\portfolio projects\PORTFOLIO SITE\node_modules\@next\swc-linux-arm64-gnu
212 silly reify mark deleted [
212 silly reify   'C:\\Users\\HP\\Desktop\\portfolio projects\\PORTFOLIO SITE\\node_modules\\@next\\swc-linux-arm64-gnu'
212 silly reify ]
213 verbose reify failed optional dependency C:\Users\HP\Desktop\portfolio projects\PORTFOLIO SITE\node_modules\@next\swc-darwin-x64
214 silly reify mark deleted [
214 silly reify   'C:\\Users\\HP\\Desktop\\portfolio projects\\PORTFOLIO SITE\\node_modules\\@next\\swc-darwin-x64'
214 silly reify ]
215 verbose reify failed optional dependency C:\Users\HP\Desktop\portfolio projects\PORTFOLIO SITE\node_modules\@next\swc-darwin-arm64
216 silly reify mark deleted [
216 silly reify   'C:\\Users\\HP\\Desktop\\portfolio projects\\PORTFOLIO SITE\\node_modules\\@next\\swc-darwin-arm64'
216 silly reify ]
217 verbose reify failed optional dependency C:\Users\HP\Desktop\portfolio projects\PORTFOLIO SITE\node_modules\@img\sharp-win32-ia32
218 silly reify mark deleted [
218 silly reify   'C:\\Users\\HP\\Desktop\\portfolio projects\\PORTFOLIO SITE\\node_modules\\@img\\sharp-win32-ia32'
218 silly reify ]
219 verbose reify failed optional dependency C:\Users\HP\Desktop\portfolio projects\PORTFOLIO SITE\node_modules\@img\sharp-wasm32
220 silly reify mark deleted [
220 silly reify   'C:\\Users\\HP\\Desktop\\portfolio projects\\PORTFOLIO SITE\\node_modules\\@img\\sharp-wasm32'
220 silly reify ]
221 verbose reify failed optional dependency C:\Users\HP\Desktop\portfolio projects\PORTFOLIO SITE\node_modules\@emnapi\runtime
222 silly reify mark deleted [
222 silly reify   'C:\\Users\\HP\\Desktop\\portfolio projects\\PORTFOLIO SITE\\node_modules\\@emnapi\\runtime'
222 silly reify ]
223 verbose reify failed optional dependency C:\Users\HP\Desktop\portfolio projects\PORTFOLIO SITE\node_modules\@img\sharp-linuxmusl-x64
224 silly reify mark deleted [
224 silly reify   'C:\\Users\\HP\\Desktop\\portfolio projects\\PORTFOLIO SITE\\node_modules\\@img\\sharp-linuxmusl-x64'
224 silly reify ]
225 verbose reify failed optional dependency C:\Users\HP\Desktop\portfolio projects\PORTFOLIO SITE\node_modules\@img\sharp-linuxmusl-arm64
226 silly reify mark deleted [
226 silly reify   'C:\\Users\\HP\\Desktop\\portfolio projects\\PORTFOLIO SITE\\node_modules\\@img\\sharp-linuxmusl-arm64'
226 silly reify ]
227 verbose reify failed optional dependency C:\Users\HP\Desktop\portfolio projects\PORTFOLIO SITE\node_modules\@img\sharp-linux-x64
228 silly reify mark deleted [
228 silly reify   'C:\\Users\\HP\\Desktop\\portfolio projects\\PORTFOLIO SITE\\node_modules\\@img\\sharp-linux-x64'
228 silly reify ]
229 verbose reify failed optional dependency C:\Users\HP\Desktop\portfolio projects\PORTFOLIO SITE\node_modules\@img\sharp-linux-s390x
230 silly reify mark deleted [
230 silly reify   'C:\\Users\\HP\\Desktop\\portfolio projects\\PORTFOLIO SITE\\node_modules\\@img\\sharp-linux-s390x'
230 silly reify ]
231 verbose reify failed optional dependency C:\Users\HP\Desktop\portfolio projects\PORTFOLIO SITE\node_modules\@img\sharp-linux-arm64
232 silly reify mark deleted [
232 silly reify   'C:\\Users\\HP\\Desktop\\portfolio projects\\PORTFOLIO SITE\\node_modules\\@img\\sharp-linux-arm64'
232 silly reify ]
233 verbose reify failed optional dependency C:\Users\HP\Desktop\portfolio projects\PORTFOLIO SITE\node_modules\@img\sharp-linux-arm
234 silly reify mark deleted [
234 silly reify   'C:\\Users\\HP\\Desktop\\portfolio projects\\PORTFOLIO SITE\\node_modules\\@img\\sharp-linux-arm'
234 silly reify ]
235 verbose reify failed optional dependency C:\Users\HP\Desktop\portfolio projects\PORTFOLIO SITE\node_modules\@img\sharp-libvips-linuxmusl-x64
236 silly reify mark deleted [
236 silly reify   'C:\\Users\\HP\\Desktop\\portfolio projects\\PORTFOLIO SITE\\node_modules\\@img\\sharp-libvips-linuxmusl-x64'
236 silly reify ]
237 verbose reify failed optional dependency C:\Users\HP\Desktop\portfolio projects\PORTFOLIO SITE\node_modules\@img\sharp-libvips-linuxmusl-arm64
238 silly reify mark deleted [
238 silly reify   'C:\\Users\\HP\\Desktop\\portfolio projects\\PORTFOLIO SITE\\node_modules\\@img\\sharp-libvips-linuxmusl-arm64'
238 silly reify ]
239 verbose reify failed optional dependency C:\Users\HP\Desktop\portfolio projects\PORTFOLIO SITE\node_modules\@img\sharp-libvips-linux-x64
240 silly reify mark deleted [
240 silly reify   'C:\\Users\\HP\\Desktop\\portfolio projects\\PORTFOLIO SITE\\node_modules\\@img\\sharp-libvips-linux-x64'
240 silly reify ]
241 verbose reify failed optional dependency C:\Users\HP\Desktop\portfolio projects\PORTFOLIO SITE\node_modules\@img\sharp-libvips-linux-s390x
242 silly reify mark deleted [
242 silly reify   'C:\\Users\\HP\\Desktop\\portfolio projects\\PORTFOLIO SITE\\node_modules\\@img\\sharp-libvips-linux-s390x'
242 silly reify ]
243 verbose reify failed optional dependency C:\Users\HP\Desktop\portfolio projects\PORTFOLIO SITE\node_modules\@img\sharp-libvips-linux-arm64
244 silly reify mark deleted [
244 silly reify   'C:\\Users\\HP\\Desktop\\portfolio projects\\PORTFOLIO SITE\\node_modules\\@img\\sharp-libvips-linux-arm64'
244 silly reify ]
245 verbose reify failed optional dependency C:\Users\HP\Desktop\portfolio projects\PORTFOLIO SITE\node_modules\@img\sharp-libvips-linux-arm
246 silly reify mark deleted [
246 silly reify   'C:\\Users\\HP\\Desktop\\portfolio projects\\PORTFOLIO SITE\\node_modules\\@img\\sharp-libvips-linux-arm'
246 silly reify ]
247 verbose reify failed optional dependency C:\Users\HP\Desktop\portfolio projects\PORTFOLIO SITE\node_modules\@img\sharp-libvips-darwin-x64
248 silly reify mark deleted [
248 silly reify   'C:\\Users\\HP\\Desktop\\portfolio projects\\PORTFOLIO SITE\\node_modules\\@img\\sharp-libvips-darwin-x64'
248 silly reify ]
249 verbose reify failed optional dependency C:\Users\HP\Desktop\portfolio projects\PORTFOLIO SITE\node_modules\@img\sharp-libvips-darwin-arm64
250 silly reify mark deleted [
250 silly reify   'C:\\Users\\HP\\Desktop\\portfolio projects\\PORTFOLIO SITE\\node_modules\\@img\\sharp-libvips-darwin-arm64'
250 silly reify ]
251 verbose reify failed optional dependency C:\Users\HP\Desktop\portfolio projects\PORTFOLIO SITE\node_modules\@img\sharp-darwin-x64
252 silly reify mark deleted [
252 silly reify   'C:\\Users\\HP\\Desktop\\portfolio projects\\PORTFOLIO SITE\\node_modules\\@img\\sharp-darwin-x64'
252 silly reify ]
253 verbose reify failed optional dependency C:\Users\HP\Desktop\portfolio projects\PORTFOLIO SITE\node_modules\@img\sharp-darwin-arm64
254 silly reify mark deleted [
254 silly reify   'C:\\Users\\HP\\Desktop\\portfolio projects\\PORTFOLIO SITE\\node_modules\\@img\\sharp-darwin-arm64'
254 silly reify ]
255 verbose reify failed optional dependency C:\Users\HP\Desktop\portfolio projects\PORTFOLIO SITE\node_modules\watchpack-chokidar2\node_modules\fsevents
256 silly reify mark deleted [
256 silly reify   'C:\\Users\\HP\\Desktop\\portfolio projects\\PORTFOLIO SITE\\node_modules\\watchpack-chokidar2\\node_modules\\fsevents'
256 silly reify ]
257 verbose reify failed optional dependency C:\Users\HP\Desktop\portfolio projects\PORTFOLIO SITE\node_modules\bindings
258 silly reify mark deleted [
258 silly reify   'C:\\Users\\HP\\Desktop\\portfolio projects\\PORTFOLIO SITE\\node_modules\\bindings'
258 silly reify ]
259 verbose reify failed optional dependency C:\Users\HP\Desktop\portfolio projects\PORTFOLIO SITE\node_modules\nan
260 silly reify mark deleted [
260 silly reify   'C:\\Users\\HP\\Desktop\\portfolio projects\\PORTFOLIO SITE\\node_modules\\nan'
260 silly reify ]
261 verbose reify failed optional dependency C:\Users\HP\Desktop\portfolio projects\PORTFOLIO SITE\node_modules\file-uri-to-path
262 silly reify mark deleted [
262 silly reify   'C:\\Users\\HP\\Desktop\\portfolio projects\\PORTFOLIO SITE\\node_modules\\file-uri-to-path'
262 silly reify ]
263 http cache fast-diff@https://registry.npmjs.org/fast-diff/-/fast-diff-1.3.0.tgz 0ms (cache hit)
264 http cache @pkgr/core@https://registry.npmjs.org/@pkgr/core/-/core-0.1.1.tgz 0ms (cache hit)
265 http cache iterator.prototype@https://registry.npmjs.org/iterator.prototype/-/iterator.prototype-1.1.5.tgz 0ms (cache hit)
266 http cache string.prototype.repeat@https://registry.npmjs.org/string.prototype.repeat/-/string.prototype.repeat-1.0.0.tgz 0ms (cache hit)
267 http cache es-iterator-helpers@https://registry.npmjs.org/es-iterator-helpers/-/es-iterator-helpers-1.2.1.tgz 1ms (cache hit)
268 http cache array.prototype.findlast@https://registry.npmjs.org/array.prototype.findlast/-/array.prototype.findlast-1.2.5.tgz 0ms (cache hit)
269 http cache prettier-linter-helpers@https://registry.npmjs.org/prettier-linter-helpers/-/prettier-linter-helpers-1.0.0.tgz 1ms (cache hit)
270 http cache synckit@https://registry.npmjs.org/synckit/-/synckit-0.9.2.tgz 0ms (cache hit)
271 http cache string.prototype.includes@https://registry.npmjs.org/string.prototype.includes/-/string.prototype.includes-2.0.1.tgz 1ms (cache hit)
272 http cache prettier@https://registry.npmjs.org/prettier/-/prettier-3.5.2.tgz 0ms (cache hit)
273 http cache eslint-plugin-prettier@https://registry.npmjs.org/eslint-plugin-prettier/-/eslint-plugin-prettier-5.2.3.tgz 0ms (cache hit)
274 http cache nan@https://registry.npmjs.org/nan/-/nan-2.22.1.tgz 0ms (cache hit)
275 http cache file-uri-to-path@https://registry.npmjs.org/file-uri-to-path/-/file-uri-to-path-1.0.0.tgz 0ms (cache hit)
276 http cache bindings@https://registry.npmjs.org/bindings/-/bindings-1.5.0.tgz 0ms (cache hit)
277 http cache string.prototype.matchall@https://registry.npmjs.org/string.prototype.matchall/-/string.prototype.matchall-4.0.12.tgz 0ms (cache hit)
278 http cache object.entries@https://registry.npmjs.org/object.entries/-/object.entries-1.1.8.tgz 0ms (cache hit)
279 http cache @emnapi/runtime@https://registry.npmjs.org/@emnapi/runtime/-/runtime-1.3.1.tgz 0ms (cache hit)
280 http cache language-tags@https://registry.npmjs.org/language-tags/-/language-tags-1.0.9.tgz 0ms (cache hit)
281 http cache language-subtag-registry@https://registry.npmjs.org/language-subtag-registry/-/language-subtag-registry-0.3.23.tgz 0ms (cache hit)
282 http cache jsx-ast-utils@https://registry.npmjs.org/jsx-ast-utils/-/jsx-ast-utils-3.3.5.tgz 0ms (cache hit)
283 http cache eslint-plugin-react@https://registry.npmjs.org/eslint-plugin-react/-/eslint-plugin-react-7.37.4.tgz 0ms (cache hit)
284 http cache eslint-plugin-jsx-a11y@https://registry.npmjs.org/eslint-plugin-jsx-a11y/-/eslint-plugin-jsx-a11y-6.10.2.tgz 0ms (cache hit)
285 http cache eslint-config-prettier@https://registry.npmjs.org/eslint-config-prettier/-/eslint-config-prettier-10.0.2.tgz 0ms (cache hit)
286 http cache axobject-query@https://registry.npmjs.org/axobject-query/-/axobject-query-4.1.0.tgz 0ms (cache hit)
287 http cache axe-core@https://registry.npmjs.org/axe-core/-/axe-core-4.10.2.tgz 0ms (cache hit)
288 http cache ast-types-flow@https://registry.npmjs.org/ast-types-flow/-/ast-types-flow-0.0.8.tgz 0ms (cache hit)
289 http cache array.prototype.tosorted@https://registry.npmjs.org/array.prototype.tosorted/-/array.prototype.tosorted-1.1.4.tgz 0ms (cache hit)
290 http cache aria-query@https://registry.npmjs.org/aria-query/-/aria-query-5.3.2.tgz 0ms (cache hit)
291 http cache resolve@https://registry.npmjs.org/resolve/-/resolve-2.0.0-next.5.tgz 0ms (cache hit)
292 silly tarball no local data for @pkgr/core@https://registry.npmjs.org/@pkgr/core/-/core-0.1.1.tgz. Extracting by manifest.
293 silly tarball no local data for iterator.prototype@https://registry.npmjs.org/iterator.prototype/-/iterator.prototype-1.1.5.tgz. Extracting by manifest.
294 silly tarball no local data for string.prototype.repeat@https://registry.npmjs.org/string.prototype.repeat/-/string.prototype.repeat-1.0.0.tgz. Extracting by manifest.
295 silly tarball no local data for es-iterator-helpers@https://registry.npmjs.org/es-iterator-helpers/-/es-iterator-helpers-1.2.1.tgz. Extracting by manifest.
296 silly tarball no local data for array.prototype.findlast@https://registry.npmjs.org/array.prototype.findlast/-/array.prototype.findlast-1.2.5.tgz. Extracting by manifest.
297 silly tarball no local data for synckit@https://registry.npmjs.org/synckit/-/synckit-0.9.2.tgz. Extracting by manifest.
298 silly tarball no local data for string.prototype.includes@https://registry.npmjs.org/string.prototype.includes/-/string.prototype.includes-2.0.1.tgz. Extracting by manifest.
299 silly tarball no local data for eslint-plugin-prettier@https://registry.npmjs.org/eslint-plugin-prettier/-/eslint-plugin-prettier-5.2.3.tgz. Extracting by manifest.
300 silly tarball no local data for string.prototype.matchall@https://registry.npmjs.org/string.prototype.matchall/-/string.prototype.matchall-4.0.12.tgz. Extracting by manifest.
301 silly tarball no local data for object.entries@https://registry.npmjs.org/object.entries/-/object.entries-1.1.8.tgz. Extracting by manifest.
302 silly tarball no local data for language-tags@https://registry.npmjs.org/language-tags/-/language-tags-1.0.9.tgz. Extracting by manifest.
303 silly tarball no local data for language-subtag-registry@https://registry.npmjs.org/language-subtag-registry/-/language-subtag-registry-0.3.23.tgz. Extracting by manifest.
304 silly tarball no local data for jsx-ast-utils@https://registry.npmjs.org/jsx-ast-utils/-/jsx-ast-utils-3.3.5.tgz. Extracting by manifest.
305 silly tarball no local data for eslint-plugin-react@https://registry.npmjs.org/eslint-plugin-react/-/eslint-plugin-react-7.37.4.tgz. Extracting by manifest.
306 silly tarball no local data for eslint-plugin-jsx-a11y@https://registry.npmjs.org/eslint-plugin-jsx-a11y/-/eslint-plugin-jsx-a11y-6.10.2.tgz. Extracting by manifest.
307 silly tarball no local data for eslint-config-prettier@https://registry.npmjs.org/eslint-config-prettier/-/eslint-config-prettier-10.0.2.tgz. Extracting by manifest.
308 silly tarball no local data for axobject-query@https://registry.npmjs.org/axobject-query/-/axobject-query-4.1.0.tgz. Extracting by manifest.
309 silly tarball no local data for axe-core@https://registry.npmjs.org/axe-core/-/axe-core-4.10.2.tgz. Extracting by manifest.
310 silly tarball no local data for ast-types-flow@https://registry.npmjs.org/ast-types-flow/-/ast-types-flow-0.0.8.tgz. Extracting by manifest.
311 silly tarball no local data for array.prototype.tosorted@https://registry.npmjs.org/array.prototype.tosorted/-/array.prototype.tosorted-1.1.4.tgz. Extracting by manifest.
312 silly tarball no local data for aria-query@https://registry.npmjs.org/aria-query/-/aria-query-5.3.2.tgz. Extracting by manifest.
313 silly tarball no local data for resolve@https://registry.npmjs.org/resolve/-/resolve-2.0.0-next.5.tgz. Extracting by manifest.
314 http fetch POST 200 https://registry.npmjs.org/-/npm/v1/security/advisories/bulk 414ms
315 silly audit report {
315 silly audit report   braces: [
315 silly audit report     {
315 silly audit report       id: 1098094,
315 silly audit report       url: 'https://github.com/advisories/GHSA-grv7-fg5c-xmjg',
315 silly audit report       title: 'Uncontrolled resource consumption in braces',
315 silly audit report       severity: 'high',
315 silly audit report       vulnerable_versions: '<3.0.3',
315 silly audit report       cwe: [Array],
315 silly audit report       cvss: [Object]
315 silly audit report     }
315 silly audit report   ],
315 silly audit report   'lodash.template': [
315 silly audit report     {
315 silly audit report       id: 1096993,
315 silly audit report       url: 'https://github.com/advisories/GHSA-35jh-r3h4-6jhm',
315 silly audit report       title: 'Command Injection in lodash',
315 silly audit report       severity: 'high',
315 silly audit report       vulnerable_versions: '<=4.5.0',
315 silly audit report       cwe: [Array],
315 silly audit report       cvss: [Object]
315 silly audit report     }
315 silly audit report   ],
315 silly audit report   micromatch: [
315 silly audit report     {
315 silly audit report       id: 1098681,
315 silly audit report       url: 'https://github.com/advisories/GHSA-952p-6rrq-rcjv',
315 silly audit report       title: 'Regular Expression Denial of Service (ReDoS) in micromatch',
315 silly audit report       severity: 'moderate',
315 silly audit report       vulnerable_versions: '<4.0.8',
315 silly audit report       cwe: [Array],
315 silly audit report       cvss: [Object]
315 silly audit report     }
315 silly audit report   ],
315 silly audit report   'serialize-javascript': [
315 silly audit report     {
315 silly audit report       id: 1102339,
315 silly audit report       url: 'https://github.com/advisories/GHSA-76p7-773f-r4q5',
315 silly audit report       title: 'Cross-site Scripting (XSS) in serialize-javascript',
315 silly audit report       severity: 'moderate',
315 silly audit report       vulnerable_versions: '<6.0.2',
315 silly audit report       cwe: [Array],
315 silly audit report       cvss: [Object]
315 silly audit report     }
315 silly audit report   ]
315 silly audit report }
316 silly packumentCache corgi:https://registry.npmjs.org/braces cache-miss
317 silly packumentCache corgi:https://registry.npmjs.org/lodash.template cache-miss
318 silly packumentCache corgi:https://registry.npmjs.org/micromatch cache-miss
319 silly packumentCache corgi:https://registry.npmjs.org/serialize-javascript cache-miss
320 http fetch GET 200 https://registry.npmjs.org/iterator.prototype/-/iterator.prototype-1.1.5.tgz 450ms (cache miss)
321 http fetch GET 200 https://registry.npmjs.org/@pkgr/core/-/core-0.1.1.tgz 524ms (cache miss)
322 http cache https://registry.npmjs.org/micromatch 359ms (cache hit)
323 silly packumentCache corgi:https://registry.npmjs.org/micromatch set size:71776 disposed:false
324 http cache https://registry.npmjs.org/braces 373ms (cache hit)
325 silly packumentCache corgi:https://registry.npmjs.org/braces set size:35919 disposed:false
326 http cache https://registry.npmjs.org/serialize-javascript 385ms (cache hit)
327 silly packumentCache corgi:https://registry.npmjs.org/serialize-javascript set size:31981 disposed:false
328 http cache https://registry.npmjs.org/lodash.template 394ms (cache hit)
329 silly packumentCache corgi:https://registry.npmjs.org/lodash.template set size:28308 disposed:false
330 silly packumentCache corgi:https://registry.npmjs.org/chokidar cache-miss
331 http cache https://registry.npmjs.org/chokidar 79ms (cache hit)
332 silly packumentCache corgi:https://registry.npmjs.org/chokidar set size:118541 disposed:false
333 silly packumentCache corgi:https://registry.npmjs.org/workbox-build cache-miss
334 http cache https://registry.npmjs.org/workbox-build 2464ms (cache hit)
335 silly packumentCache corgi:https://registry.npmjs.org/workbox-build set size:191087 disposed:false
336 silly packumentCache corgi:https://registry.npmjs.org/anymatch cache-miss
337 silly packumentCache corgi:https://registry.npmjs.org/readdirp cache-miss
338 silly packumentCache corgi:https://registry.npmjs.org/webpack cache-miss
339 http fetch GET 200 https://registry.npmjs.org/ast-types-flow/-/ast-types-flow-0.0.8.tgz 3502ms (cache miss)
340 http cache https://registry.npmjs.org/anymatch 880ms (cache hit)
341 silly packumentCache corgi:https://registry.npmjs.org/anymatch set size:18345 disposed:false
342 http cache https://registry.npmjs.org/readdirp 880ms (cache hit)
343 silly packumentCache corgi:https://registry.npmjs.org/readdirp set size:46202 disposed:false
344 http cache https://registry.npmjs.org/webpack 883ms (cache hit)
345 silly packumentCache corgi:https://registry.npmjs.org/webpack set size:1907135 disposed:false
346 silly packumentCache corgi:https://registry.npmjs.org/terser-webpack-plugin cache-miss
347 http fetch GET 200 https://registry.npmjs.org/language-tags/-/language-tags-1.0.9.tgz 4431ms (cache miss)
348 http fetch GET 200 https://registry.npmjs.org/eslint-plugin-prettier/-/eslint-plugin-prettier-5.2.3.tgz 4452ms (cache miss)
349 http cache https://registry.npmjs.org/terser-webpack-plugin 705ms (cache hit)
350 silly packumentCache corgi:https://registry.npmjs.org/terser-webpack-plugin set size:195673 disposed:false
351 silly packumentCache corgi:https://registry.npmjs.org/watchpack-chokidar2 cache-miss
352 http fetch GET 200 https://registry.npmjs.org/synckit/-/synckit-0.9.2.tgz 5363ms (cache miss)
353 http fetch GET 200 https://registry.npmjs.org/eslint-config-prettier/-/eslint-config-prettier-10.0.2.tgz 5528ms (cache miss)
354 http fetch GET 200 https://registry.npmjs.org/string.prototype.repeat/-/string.prototype.repeat-1.0.0.tgz 5610ms (cache miss)
355 http cache https://registry.npmjs.org/watchpack-chokidar2 838ms (cache hit)
356 silly packumentCache corgi:https://registry.npmjs.org/watchpack-chokidar2 set size:3110 disposed:false
357 silly packumentCache corgi:https://registry.npmjs.org/workbox-webpack-plugin cache-miss
358 http fetch GET 200 https://registry.npmjs.org/array.prototype.tosorted/-/array.prototype.tosorted-1.1.4.tgz 5956ms (cache miss)
359 http fetch GET 200 https://registry.npmjs.org/array.prototype.findlast/-/array.prototype.findlast-1.2.5.tgz 6507ms (cache miss)
360 http fetch GET 200 https://registry.npmjs.org/string.prototype.matchall/-/string.prototype.matchall-4.0.12.tgz 6696ms (cache miss)
361 http cache https://registry.npmjs.org/workbox-webpack-plugin 825ms (cache hit)
362 silly packumentCache corgi:https://registry.npmjs.org/workbox-webpack-plugin set size:134541 disposed:false
363 http fetch GET 200 https://registry.npmjs.org/string.prototype.includes/-/string.prototype.includes-2.0.1.tgz 6761ms (cache miss)
364 http fetch GET 200 https://registry.npmjs.org/object.entries/-/object.entries-1.1.8.tgz 6792ms (cache miss)
365 silly packumentCache corgi:https://registry.npmjs.org/clean-webpack-plugin cache-miss
366 silly packumentCache corgi:https://registry.npmjs.org/next-pwa cache-miss
367 silly packumentCache corgi:https://registry.npmjs.org/url-loader cache-miss
368 http cache https://registry.npmjs.org/clean-webpack-plugin 292ms (cache hit)
369 silly packumentCache corgi:https://registry.npmjs.org/clean-webpack-plugin set size:28829 disposed:false
370 http cache https://registry.npmjs.org/next-pwa 306ms (cache hit)
371 silly packumentCache corgi:https://registry.npmjs.org/next-pwa set size:188954 disposed:false
372 http cache https://registry.npmjs.org/url-loader 375ms (cache hit)
373 silly packumentCache corgi:https://registry.npmjs.org/url-loader set size:42145 disposed:false
374 silly packumentCache corgi:https://registry.npmjs.org/watchpack cache-miss
375 http cache https://registry.npmjs.org/watchpack 161ms (cache hit)
376 silly packumentCache corgi:https://registry.npmjs.org/watchpack set size:73343 disposed:false
377 http fetch GET 200 https://registry.npmjs.org/language-subtag-registry/-/language-subtag-registry-0.3.23.tgz 8106ms (cache miss)
378 http fetch GET 200 https://registry.npmjs.org/axe-core/-/axe-core-4.10.2.tgz 11928ms (cache miss)
379 http fetch GET 200 https://registry.npmjs.org/jsx-ast-utils/-/jsx-ast-utils-3.3.5.tgz 14553ms (cache miss)
380 http fetch GET 200 https://registry.npmjs.org/resolve/-/resolve-2.0.0-next.5.tgz 14608ms (cache miss)
381 http fetch GET 200 https://registry.npmjs.org/axobject-query/-/axobject-query-4.1.0.tgz 15095ms (cache miss)
382 http fetch GET 200 https://registry.npmjs.org/es-iterator-helpers/-/es-iterator-helpers-1.2.1.tgz 15324ms (cache miss)
383 http fetch GET 200 https://registry.npmjs.org/aria-query/-/aria-query-5.3.2.tgz 15508ms (cache miss)
384 http fetch GET 200 https://registry.npmjs.org/eslint-plugin-jsx-a11y/-/eslint-plugin-jsx-a11y-6.10.2.tgz 16051ms (cache miss)
385 http fetch GET 200 https://registry.npmjs.org/eslint-plugin-react/-/eslint-plugin-react-7.37.4.tgz 20390ms (cache miss)
386 silly ADD node_modules/@pkgr/core
387 silly ADD node_modules/fast-diff
388 silly ADD node_modules/iterator.prototype
389 silly ADD node_modules/string.prototype.repeat
390 silly ADD node_modules/es-iterator-helpers
391 silly ADD node_modules/array.prototype.findlast
392 silly ADD node_modules/synckit
393 silly ADD node_modules/prettier-linter-helpers
394 silly ADD node_modules/string.prototype.includes
395 silly ADD node_modules/prettier
396 silly ADD node_modules/eslint-plugin-prettier
397 silly ADD
398 silly ADD
399 silly ADD
400 silly ADD
401 silly ADD
402 silly ADD
403 silly ADD
404 silly ADD
405 silly ADD
406 silly ADD
407 silly ADD
408 silly ADD
409 silly ADD
410 silly ADD
411 silly ADD
412 silly ADD
413 silly ADD
414 silly ADD
415 silly ADD
416 silly ADD
417 silly ADD
418 silly ADD
419 silly ADD
420 silly ADD
421 silly ADD
422 silly ADD
423 silly ADD
424 silly ADD
425 silly ADD
426 silly ADD
427 silly ADD
428 silly CHANGE node_modules/string.prototype.matchall
429 silly REMOVE node_modules/stop-iteration-iterator
430 silly REMOVE node_modules/object.hasown
431 silly CHANGE node_modules/object.entries
432 silly REMOVE node_modules/object-is
433 silly CHANGE node_modules/language-tags
434 silly CHANGE node_modules/language-subtag-registry
435 silly CHANGE node_modules/jsx-ast-utils
436 silly REMOVE node_modules/is-arguments
437 silly REMOVE node_modules/has
438 silly CHANGE node_modules/eslint-plugin-react
439 silly CHANGE node_modules/eslint-plugin-react/node_modules/resolve
440 silly CHANGE node_modules/eslint-plugin-jsx-a11y
441 silly CHANGE node_modules/eslint-config-prettier
442 silly REMOVE node_modules/es-get-iterator
443 silly REMOVE node_modules/deep-equal
444 silly CHANGE node_modules/axobject-query
445 silly CHANGE node_modules/axe-core
446 silly CHANGE node_modules/ast-types-flow
447 silly CHANGE node_modules/array.prototype.tosorted
448 silly CHANGE node_modules/aria-query
449 verbose cwd C:\Users\HP\Desktop\portfolio projects\PORTFOLIO SITE
450 verbose os Windows_NT 10.0.19045
451 verbose node v21.6.1
452 verbose npm  v10.9.1
453 verbose exit 0
454 info ok
