0 verbose cli C:\Program Files\nodejs\node.exe C:\Users\HP\AppData\Roaming\npm\node_modules\npm\bin\npm-cli.js
1 info using npm@10.9.1
2 info using node@v21.6.1
3 silly config load:file:C:\Users\HP\AppData\Roaming\npm\node_modules\npm\npmrc
4 silly config load:file:C:\Users\HP\Desktop\portfolio projects\PORTFOLIO SITE\.npmrc
5 silly config load:file:C:\Users\HP\.npmrc
6 silly config load:file:C:\Users\HP\AppData\Roaming\npm\etc\npmrc
7 verbose title npm exec eslint .
8 verbose argv "exec" "--" "eslint" "."
9 verbose logfile logs-max:10 dir:C:\Users\HP\Desktop\portfolio projects\PORTFOLIO SITE\clean\_logs\2025-02-25T07_54_41_660Z-
10 verbose logfile C:\Users\HP\Desktop\portfolio projects\PORTFOLIO SITE\clean\_logs\2025-02-25T07_54_41_660Z-debug-0.log
11 silly logfile start cleaning logs, removing 3 files
12 silly logfile error removing log file C:\Users\HP\Desktop\portfolio projects\PORTFOLIO SITE\clean\_logs\2025-02-25T07_08_22_634Z-debug-0.log [Error: EPERM: operation not permitted, lstat 'C:\Users\HP\Desktop\portfolio projects\PORTFOLIO SITE\clean\_logs\2025-02-25T07_08_22_634Z-debug-0.log'] {
12 silly logfile   errno: -4048,
12 silly logfile   code: 'EPERM',
12 silly logfile   syscall: 'lstat',
12 silly logfile   path: 'C:\\Users\\HP\\Desktop\\portfolio projects\\PORTFOLIO SITE\\clean\\_logs\\2025-02-25T07_08_22_634Z-debug-0.log'
12 silly logfile }
13 silly logfile done cleaning log files
14 verbose cwd C:\Users\HP\Desktop\portfolio projects\PORTFOLIO SITE
15 verbose os Windows_NT 10.0.19045
16 verbose node v21.6.1
17 verbose npm  v10.9.1
18 verbose exit 2
19 verbose code 2
