0 verbose cli C:\Program Files\nodejs\node.exe C:\Users\HP\AppData\Roaming\npm\node_modules\npm\bin\npm-cli.js
1 info using npm@10.9.1
2 info using node@v21.6.1
3 silly config load:file:C:\Users\HP\AppData\Roaming\npm\node_modules\npm\npmrc
4 silly config load:file:c:\Users\HP\Desktop\portfolio projects\PORTFOLIO SITE\.npmrc
5 silly config load:file:C:\Users\HP\.npmrc
6 silly config load:file:C:\Users\HP\AppData\Roaming\npm\etc\npmrc
7 verbose title npm view framer-motion description dist-tags.latest homepage version time
8 verbose argv "view" "--json" "--" "framer-motion" "description" "dist-tags.latest" "homepage" "version" "time"
9 verbose logfile logs-max:10 dir:c:\Users\HP\Desktop\portfolio projects\PORTFOLIO SITE\clean\_logs\2025-02-25T04_54_05_451Z-
10 verbose logfile c:\Users\HP\Desktop\portfolio projects\PORTFOLIO SITE\clean\_logs\2025-02-25T04_54_05_451Z-debug-0.log
11 silly logfile start cleaning logs, removing 2 files
12 http fetch GET https://registry.npmjs.org/framer-motion attempt 1 failed with ENOTFOUND
13 silly logfile done cleaning log files
14 http fetch GET https://registry.npmjs.org/framer-motion attempt 2 failed with ENOTFOUND
15 http fetch GET https://registry.npmjs.org/framer-motion attempt 3 failed with ENOTFOUND
16 verbose type system
17 verbose stack FetchError: request to https://registry.npmjs.org/framer-motion failed, reason: getaddrinfo ENOTFOUND registry.npmjs.org
17 verbose stack     at ClientRequest.<anonymous> (C:\Users\HP\AppData\Roaming\npm\node_modules\npm\node_modules\minipass-fetch\lib\index.js:130:14)
17 verbose stack     at ClientRequest.emit (node:events:519:28)
17 verbose stack     at _destroy (node:_http_client:872:13)
17 verbose stack     at onSocketNT (node:_http_client:892:5)
17 verbose stack     at process.processTicksAndRejections (node:internal/process/task_queues:83:21)
18 error code ENOTFOUND
19 error syscall getaddrinfo
20 error errno ENOTFOUND
21 error network request to https://registry.npmjs.org/framer-motion failed, reason: getaddrinfo ENOTFOUND registry.npmjs.org
22 error network This is a problem related to network connectivity.
22 error network In most cases you are behind a proxy or have bad network settings.
22 error network
22 error network If you are behind a proxy, please make sure that the
22 error network 'proxy' config is set properly.  See: 'npm help config'
23 verbose cwd c:\Users\HP\Desktop\portfolio projects\PORTFOLIO SITE
24 verbose os Windows_NT 10.0.19045
25 verbose node v21.6.1
26 verbose npm  v10.9.1
27 verbose exit 1
28 verbose code 1
29 error A complete log of this run can be found in: c:\Users\HP\Desktop\portfolio projects\PORTFOLIO SITE\clean\_logs\2025-02-25T04_54_05_451Z-debug-0.log
