0 verbose cli C:\Program Files\nodejs\node.exe C:\Users\HP\AppData\Roaming\npm\node_modules\npm\bin\npm-cli.js
1 info using npm@10.9.1
2 info using node@v21.6.1
3 silly config load:file:C:\Users\HP\AppData\Roaming\npm\node_modules\npm\npmrc
4 silly config load:file:C:\Users\HP\Desktop\portfolio projects\PORTFOLIO SITE\.npmrc
5 silly config load:file:C:\Users\HP\.npmrc
6 silly config load:file:C:\Users\HP\AppData\Roaming\npm\etc\npmrc
7 verbose title npm install
8 verbose argv "install"
9 verbose logfile logs-max:10 dir:C:\Users\HP\Desktop\portfolio projects\PORTFOLIO SITE\clean\_logs\2025-02-25T08_00_29_545Z-
10 verbose logfile C:\Users\HP\Desktop\portfolio projects\PORTFOLIO SITE\clean\_logs\2025-02-25T08_00_29_545Z-debug-0.log
11 silly logfile start cleaning logs, removing 2 files
12 silly packumentCache heap:2197815296 maxSize:549453824 maxEntrySize:274726912
13 silly logfile done cleaning log files
14 silly idealTree buildDeps
15 silly fetch manifest eslint@^7.32.0 || ^8.2.0
16 silly packumentCache full:https://registry.npmjs.org/eslint cache-miss
17 http fetch GET 200 https://registry.npmjs.org/eslint 1370ms (cache updated)
18 silly packumentCache full:https://registry.npmjs.org/eslint set size:undefined disposed:false
19 silly fetch manifest eslint-plugin-react-hooks@^4.3.0
20 silly packumentCache full:https://registry.npmjs.org/eslint-plugin-react-hooks cache-miss
21 http fetch GET 200 https://registry.npmjs.org/eslint-plugin-react-hooks 1909ms (cache updated)
22 silly packumentCache full:https://registry.npmjs.org/eslint-plugin-react-hooks set size:undefined disposed:false
23 verbose stack Error: could not resolve
23 verbose stack     at PlaceDep.failPeerConflict (C:\Users\HP\AppData\Roaming\npm\node_modules\npm\node_modules\@npmcli\arborist\lib\place-dep.js:503:25)
23 verbose stack     at new PlaceDep (C:\Users\HP\AppData\Roaming\npm\node_modules\npm\node_modules\@npmcli\arborist\lib\place-dep.js:157:21)
23 verbose stack     at #buildDepStep (C:\Users\HP\AppData\Roaming\npm\node_modules\npm\node_modules\@npmcli\arborist\lib\arborist\build-ideal-tree.js:920:18)
23 verbose stack     at async Arborist.buildIdealTree (C:\Users\HP\AppData\Roaming\npm\node_modules\npm\node_modules\@npmcli\arborist\lib\arborist\build-ideal-tree.js:181:7)
23 verbose stack     at async Promise.all (index 1)
23 verbose stack     at async Arborist.reify (C:\Users\HP\AppData\Roaming\npm\node_modules\npm\node_modules\@npmcli\arborist\lib\arborist\reify.js:131:5)
23 verbose stack     at async Install.exec (C:\Users\HP\AppData\Roaming\npm\node_modules\npm\lib\commands\install.js:150:5)
23 verbose stack     at async Npm.exec (C:\Users\HP\AppData\Roaming\npm\node_modules\npm\lib\npm.js:207:9)
23 verbose stack     at async module.exports (C:\Users\HP\AppData\Roaming\npm\node_modules\npm\lib\cli\entry.js:74:5)
24 error code ERESOLVE
25 error ERESOLVE could not resolve
26 error
27 error While resolving: eslint-config-airbnb@19.0.4
27 error Found: eslint@9.21.0[2m[22m
27 error [2mnode_modules/eslint[22m
27 error   [34mdev[39m eslint@"^9.21.0" from the root project
27 error   [95mpeer[39m eslint@"^7.5.0 || ^8.0.0 || ^9.0.0" from @babel/eslint-parser@7.26.8[2m[22m
27 error   [2mnode_modules/@babel/eslint-parser[22m
27 error     [34mdev[39m @babel/eslint-parser@"^7.26.8" from the root project
27 error   4 more (@eslint-community/eslint-utils, ...)
27 error
27 error Could not resolve dependency:
27 error [95mpeer[39m eslint@"^7.32.0 || ^8.2.0" from eslint-config-airbnb@19.0.4[2m[22m
27 error [2mnode_modules/eslint-config-airbnb[22m
27 error   [34mdev[39m eslint-config-airbnb@"^19.0.4" from the root project
27 error
27 error Conflicting peer dependency: eslint@8.57.1[2m[22m
27 error [2mnode_modules/eslint[22m
27 error   [95mpeer[39m eslint@"^7.32.0 || ^8.2.0" from eslint-config-airbnb@19.0.4[2m[22m
27 error   [2mnode_modules/eslint-config-airbnb[22m
27 error     [34mdev[39m eslint-config-airbnb@"^19.0.4" from the root project
27 error
27 error Fix the upstream dependency conflict, or retry
27 error this command with --force or --legacy-peer-deps
27 error to accept an incorrect (and potentially broken) dependency resolution.
28 error
28 error
28 error For a full report see:
28 error C:\Users\HP\Desktop\portfolio projects\PORTFOLIO SITE\clean\_logs\2025-02-25T08_00_29_545Z-eresolve-report.txt
29 silly unfinished npm timer reify 1740470432559
30 silly unfinished npm timer reify:loadTrees 1740470432561
31 silly unfinished npm timer idealTree:buildDeps 1740470433508
32 silly unfinished npm timer idealTree:node_modules/eslint-config-airbnb 1740470433513
33 verbose cwd C:\Users\HP\Desktop\portfolio projects\PORTFOLIO SITE
34 verbose os Windows_NT 10.0.19045
35 verbose node v21.6.1
36 verbose npm  v10.9.1
37 verbose exit 1
38 verbose code 1
39 error A complete log of this run can be found in: C:\Users\HP\Desktop\portfolio projects\PORTFOLIO SITE\clean\_logs\2025-02-25T08_00_29_545Z-debug-0.log
